#
# A fatal error has been detected by the Java Runtime Environment:
#
#  EXCEPTION_UNCAUGHT_CXX_EXCEPTION (0xe06d7363) at pc=0x00007ffc4ef7a839, pid=5008, tid=1580
#
# JRE version: Java(TM) SE Runtime Environment (17.0+35) (build 17+35-LTS-2724)
# Java VM: Java HotSpot(TM) 64-Bit Server VM (17+35-LTS-2724, mixed mode, sharing, tiered, compressed oops, compressed class ptrs, g1 gc, windows-amd64)
# Problematic frame:
# C  [KERNELBASE.dll+0x3a839]
#
# No core dump will be written. Minidumps are not enabled by default on client versions of Windows
#
# If you would like to submit a bug report, please visit:
#   https://bugreport.java.com/bugreport/crash.jsp
# The crash happened outside the Java Virtual Machine in native code.
# See problematic frame for where to report the bug.
#

---------------  S U M M A R Y ------------

Command Line: -javaagent:C:\Users\Family\AppData\Local\JetBrains\Toolbox\apps\IDEA-C\ch-0\213.7172.25\lib\idea_rt.jar=56169:C:\Users\Family\AppData\Local\JetBrains\Toolbox\apps\IDEA-C\ch-0\213.7172.25\bin -Dfile.encoding=UTF-8 kvb.engine.EngineMainKt

Host: Intel(R) Core(TM) i7-7700K CPU @ 4.20GHz, 8 cores, 15G,  Windows 10 , 64 bit Build 18362 (10.0.18362.329)
Time: Wed Mar 23 16:11:39 2022 AUS Eastern Summer Time elapsed time: 0.902167 seconds (0d 0h 0m 0s)

---------------  T H R E A D  ---------------

Current thread (0x00000225ee6e6d30):  JavaThread "main" [_thread_in_native, id=1580, stack(0x000000b8dbf00000,0x000000b8dc000000)]

Stack: [0x000000b8dbf00000,0x000000b8dc000000],  sp=0x000000b8dbffd8b0,  free space=1014k
Native frames: (J=compiled Java code, j=interpreted, Vv=VM code, C=native code)
C  [KERNELBASE.dll+0x3a839]
C  [VCRUNTIME140.dll+0x6480]
C  [VkLayer_khronos_validation.dll+0x954d2f]

Java frames: (J=compiled Java code, j=interpreted, Vv=VM code)
j  kvb.vulkan.VK_VERSION_1_0Kt.createShaderModule(JJJJJ)I+0
j  kvb.vulkan.DeviceCommands.createShaderModule-NOnf3xU(JLkvb/vulkan/AllocationCallbacks;J)I+21
j  kvb.vkwrapper.handle.Device.createShaderModule-hJ7D3QE(J)Lkvb/vkwrapper/handle/ShaderModule;+47
j  kvb.vkwrapper.handle.Device.createShaderModule(JJ)Lkvb/vkwrapper/handle/ShaderModule;+103
j  kvb.vkwrapper.handle.Device.createShaderModule(Lkvb/core/memory/direct/DirectByteBuffer;)Lkvb/vkwrapper/handle/ShaderModule;+17
j  kvb.vkwrapper.shader.ShaderCreation$createFromFile$1.invoke(Lkvb/core/memory/direct/DirectByteBuffer;)Lkvb/vkwrapper/handle/ShaderModule;+11
j  kvb.vkwrapper.shader.ShaderCreation$createFromFile$1.invoke(Ljava/lang/Object;)Ljava/lang/Object;+5
j  kvb.core.FileUtils.readFullyAndFree(Ljava/lang/String;Lkotlin/jvm/functions/Function1;)Ljava/lang/Object;+57
j  kvb.vkwrapper.shader.ShaderCreation.createFromFile-Iq0YtX0(Lkvb/vkwrapper/handle/Device;Ljava/lang/String;ILjava/lang/String;)Lkvb/vkwrapper/shader/Shader;+38
j  kvb.vkwrapper.shader.ShaderCreation.createFromFile-Iq0YtX0$default(Lkvb/vkwrapper/shader/ShaderCreation;Lkvb/vkwrapper/handle/Device;Ljava/lang/String;ILjava/lang/String;ILjava/lang/Object;)Lkvb/vkwrapper/shader/Shader;+18
j  kvb.vkwrapper.shader.ShaderDirectory.<init>(Ljava/lang/String;Lkvb/vkwrapper/handle/Device;)V+167
j  kvb.engine.gui.GuiGraphics.<clinit>()V+23
v  ~StubRoutines::call_stub
j  kvb.engine.gui.type.TextBase.align()V+154
j  kvb.engine.gui.Base.alignCycle()V+8
j  kvb.engine.gui.Base.alignCycle()V+44
j  kvb.engine.gui.Base.alignCycle()V+44
j  kvb.engine.gui.Gui.update(Lkvb/window/Window;)V+56
j  kvb.engine.Engine.update()V+12
j  kvb.engine.Engine.run()V+6
j  kvb.engine.EngineMainKt.run()V+70
j  kvb.engine.EngineMainKt.main()V+0
j  kvb.engine.EngineMainKt.main([Ljava/lang/String;)V+0
v  ~StubRoutines::call_stub

siginfo: EXCEPTION_UNCAUGHT_CXX_EXCEPTION (0xe06d7363), ExceptionInformation=0x0000000019930520 0x000000b8dbffda10 0x00007ffc120afb68 0x00007ffc10850000 


Register to memory mapping:

RIP=0x00007ffc4ef7a839 KERNELBASE.dll
RAX=0x000000b8dbffd538 is pointing into the stack for thread: 0x00000225ee6e6d30
RBX=0x00007ffc120afb68 VkLayer_khronos_validation.dll
RCX=0x0 is NULL
RDX=0x000000b8dbffd538 is pointing into the stack for thread: 0x00000225ee6e6d30
RSP=0x000000b8dbffd8b0 is pointing into the stack for thread: 0x00000225ee6e6d30
RBP=0x000000b8dbffdb88 is pointing into the stack for thread: 0x00000225ee6e6d30
RSI=0x000000b8dbffda10 is pointing into the stack for thread: 0x00000225ee6e6d30
RDI=0x0000000019930520 is an unknown value
R8 =0x00007ffc2a741b00 msvcp140.dll
R9 =0x0000000000000010 is an unknown value
R10=0x00007ffc51ac083d ntdll.dll
R11=0x000000000000000f is an unknown value
R12=0x000002259165103f points into unknown readable memory: 10
R13=0x0000022591651068 points into unknown readable memory: 0x3035342e6474732e | 2e 73 74 64 2e 34 35 30
R14=0x0000022593819e30 points into unknown readable memory: 0x0000022593715bc0 | c0 5b 71 93 25 02 00 00
R15=0x0 is NULL


Registers:
RAX=0x000000b8dbffd538, RBX=0x00007ffc120afb68, RCX=0x0000000000000000, RDX=0x000000b8dbffd538
RSP=0x000000b8dbffd8b0, RBP=0x000000b8dbffdb88, RSI=0x000000b8dbffda10, RDI=0x0000000019930520
R8 =0x00007ffc2a741b00, R9 =0x0000000000000010, R10=0x00007ffc51ac083d, R11=0x000000000000000f
R12=0x000002259165103f, R13=0x0000022591651068, R14=0x0000022593819e30, R15=0x0000000000000000
RIP=0x00007ffc4ef7a839, EFLAGS=0x0000000000000202

Top of Stack: (sp=0x000000b8dbffd8b0)
0x000000b8dbffd8b0:   000000b800343000 00007ffc120afb68
0x000000b8dbffd8c0:   000000b8dbffda10 000000000000000f
0x000000b8dbffd8d0:   00000001e06d7363 0000000000000000
0x000000b8dbffd8e0:   00007ffc4ef7a839 000000b800000004
0x000000b8dbffd8f0:   0000000019930520 000000b8dbffda10
0x000000b8dbffd900:   00007ffc120afb68 00007ffc10850000
0x000000b8dbffd910:   0000022591651068 000002259165103f
0x000000b8dbffd920:   000000b8dbffda10 000000b8dbffdb88
0x000000b8dbffd930:   000000b8dbffd9b0 00007ffc51a9f49f
0x000000b8dbffd940:   0000000019930520 0000000000000000
0x000000b8dbffd950:   00000225932bc9a8 00007ffc51ad35d0
0x000000b8dbffd960:   00007ffc1216b000 00007ffc10850000
0x000000b8dbffd970:   0000ad9230bae6db 00007ffc4ef61edb
0x000000b8dbffd980:   00007ffc120afb68 00007ffc39346480
0x000000b8dbffd990:   0000c6e236e50500 00000225ec560000
0x000000b8dbffd9a0:   0000000000000006 00007ffc4ecd9f46 

Instructions: (pc=0x00007ffc4ef7a839)
0x00007ffc4ef7a739:   fe ff ff 4c 8d 05 a5 51 20 00 33 d2 8d 4a 02 e8
0x00007ffc4ef7a749:   b3 17 02 00 48 8b f8 48 89 44 24 58 e9 ef fd ff
0x00007ffc4ef7a759:   ff 45 33 c0 49 8b d7 48 83 c9 ff e8 37 f0 02 00
0x00007ffc4ef7a769:   e9 09 ff ff ff 48 8b 0d c3 0f 23 00 e8 06 f2 ff
0x00007ffc4ef7a779:   ff 48 8b cf e8 4e a2 fe ff e9 f9 fe ff ff 49 8b
0x00007ffc4ef7a789:   ce e8 41 a2 fe ff e9 f5 fe ff ff 48 8b ce e8 34
0x00007ffc4ef7a799:   a2 fe ff e9 f1 fe ff ff cc cc cc cc cc cc cc cc
0x00007ffc4ef7a7a9:   cc cc cc cc cc cc cc 65 48 8b 04 25 30 00 00 00
0x00007ffc4ef7a7b9:   8b 40 68 c3 cc cc cc cc cc cc cc cc cc cc cc cc
0x00007ffc4ef7a7c9:   cc cc cc cc cc cc cc 48 81 ec d8 00 00 00 48 8b
0x00007ffc4ef7a7d9:   05 52 e6 22 00 48 33 c4 48 89 84 24 c0 00 00 00
0x00007ffc4ef7a7e9:   48 83 64 24 28 00 48 8d 05 da ff ff ff 83 e2 01
0x00007ffc4ef7a7f9:   89 4c 24 20 89 54 24 24 48 89 44 24 30 4d 85 c9
0x00007ffc4ef7a809:   74 4b b8 0f 00 00 00 48 8d 4c 24 40 44 3b c0 49
0x00007ffc4ef7a819:   8b d1 44 0f 47 c0 44 89 44 24 38 49 c1 e0 03 e8
0x00007ffc4ef7a829:   ca 4c 05 00 48 8d 4c 24 20 48 ff 15 ef c3 16 00
0x00007ffc4ef7a839:   0f 1f 44 00 00 48 8b 8c 24 c0 00 00 00 48 33 cc
0x00007ffc4ef7a849:   e8 c2 ee 04 00 48 81 c4 d8 00 00 00 c3 83 64 24
0x00007ffc4ef7a859:   38 00 eb d0 cc cc cc cc cc cc cc 48 89 5c 24 08
0x00007ffc4ef7a869:   48 89 74 24 10 57 48 83 ec 20 8b da 48 8b f9 e8
0x00007ffc4ef7a879:   f3 d6 ff ff 33 f6 85 c0 0f 84 01 87 06 00 85 db
0x00007ffc4ef7a889:   0f 84 f9 86 06 00 44 8d 4e 02 ba 09 10 00 20 4c
0x00007ffc4ef7a899:   8d 44 24 40 48 8b cf e8 7b b5 ff ff 85 c0 0f 84
0x00007ffc4ef7a8a9:   db 86 06 00 39 5c 24 40 0f 85 d1 86 06 00 0f b7
0x00007ffc4ef7a8b9:   c3 48 8b 5c 24 30 48 8b 74 24 38 48 83 c4 20 5f
0x00007ffc4ef7a8c9:   c3 cc cc cc cc cc cc 48 89 5c 24 08 48 89 74 24
0x00007ffc4ef7a8d9:   10 57 48 83 ec 40 48 8b c2 48 8b f1 48 8b c8 33
0x00007ffc4ef7a8e9:   d2 49 8b d9 41 8b f8 e8 5b 6c ff ff 48 8b d0 48
0x00007ffc4ef7a8f9:   85 db 0f 85 bb 86 06 00 48 8b 44 24 78 44 8b c7
0x00007ffc4ef7a909:   44 8b 4c 24 70 48 8b ce 48 89 44 24 38 8d 43 01
0x00007ffc4ef7a919:   89 44 24 30 89 44 24 28 89 44 24 20 e8 16 00 00
0x00007ffc4ef7a929:   00 48 8b 5c 24 50 48 8b 74 24 58 48 83 c4 40 5f 


Stack slot to memory mapping:
stack at sp + 0 slots: 0x000000b800343000 is an unknown value
stack at sp + 1 slots: 0x00007ffc120afb68 VkLayer_khronos_validation.dll
stack at sp + 2 slots: 0x000000b8dbffda10 is pointing into the stack for thread: 0x00000225ee6e6d30
stack at sp + 3 slots: 0x000000000000000f is an unknown value
stack at sp + 4 slots: 0x00000001e06d7363 is an unknown value
stack at sp + 5 slots: 0x0 is NULL
stack at sp + 6 slots: 0x00007ffc4ef7a839 KERNELBASE.dll
stack at sp + 7 slots: 0x000000b800000004 is an unknown value


---------------  P R O C E S S  ---------------

Threads class SMR info:
_java_thread_list=0x0000022592158130, length=13, elements={
0x00000225ee6e6d30, 0x00000225914ed7f0, 0x00000225914ef670, 0x00000225915010e0,
0x0000022591501c90, 0x0000022591504750, 0x0000022591505100, 0x0000022591509390,
0x0000022591512da0, 0x0000022591515ba0, 0x00000225914da980, 0x000002259221ca90,
0x000002259221cf60
}

Java Threads: ( => current thread )
=>0x00000225ee6e6d30 JavaThread "main" [_thread_in_native, id=1580, stack(0x000000b8dbf00000,0x000000b8dc000000)]
  0x00000225914ed7f0 JavaThread "Reference Handler" daemon [_thread_blocked, id=3908, stack(0x000000b8dc600000,0x000000b8dc700000)]
  0x00000225914ef670 JavaThread "Finalizer" daemon [_thread_blocked, id=9228, stack(0x000000b8dc700000,0x000000b8dc800000)]
  0x00000225915010e0 JavaThread "Signal Dispatcher" daemon [_thread_blocked, id=15644, stack(0x000000b8dc800000,0x000000b8dc900000)]
  0x0000022591501c90 JavaThread "Attach Listener" daemon [_thread_blocked, id=6228, stack(0x000000b8dc900000,0x000000b8dca00000)]
  0x0000022591504750 JavaThread "Service Thread" daemon [_thread_blocked, id=4080, stack(0x000000b8dca00000,0x000000b8dcb00000)]
  0x0000022591505100 JavaThread "Monitor Deflation Thread" daemon [_thread_blocked, id=8588, stack(0x000000b8dcb00000,0x000000b8dcc00000)]
  0x0000022591509390 JavaThread "C2 CompilerThread0" daemon [_thread_blocked, id=3508, stack(0x000000b8dcc00000,0x000000b8dcd00000)]
  0x0000022591512da0 JavaThread "C1 CompilerThread0" daemon [_thread_blocked, id=2908, stack(0x000000b8dcd00000,0x000000b8dce00000)]
  0x0000022591515ba0 JavaThread "Sweeper thread" daemon [_thread_blocked, id=6348, stack(0x000000b8dce00000,0x000000b8dcf00000)]
  0x00000225914da980 JavaThread "Common-Cleaner" daemon [_thread_blocked, id=15808, stack(0x000000b8dcf00000,0x000000b8dd000000)]
  0x000002259221ca90 JavaThread "Monitor Ctrl-Break" daemon [_thread_in_native, id=16340, stack(0x000000b8dd000000,0x000000b8dd100000)]
  0x000002259221cf60 JavaThread "Notification Thread" daemon [_thread_blocked, id=1244, stack(0x000000b8dd100000,0x000000b8dd200000)]

Other Threads:
  0x00000225914ea800 VMThread "VM Thread" [stack: 0x000000b8dc500000,0x000000b8dc600000] [id=15704]
  0x0000022592163ce0 WatcherThread [stack: 0x000000b8dd200000,0x000000b8dd300000] [id=14760]
  0x00000225ee735ae0 GCTaskThread "GC Thread#0" [stack: 0x000000b8dc000000,0x000000b8dc100000] [id=6788]
  0x00000225ee747980 ConcurrentGCThread "G1 Main Marker" [stack: 0x000000b8dc100000,0x000000b8dc200000] [id=9608]
  0x00000225ee748b30 ConcurrentGCThread "G1 Conc#0" [stack: 0x000000b8dc200000,0x000000b8dc300000] [id=15984]
  0x00000225ee79f6b0 ConcurrentGCThread "G1 Refine#0" [stack: 0x000000b8dc300000,0x000000b8dc400000] [id=6432]
  0x00000225ee7a00d0 ConcurrentGCThread "G1 Service" [stack: 0x000000b8dc400000,0x000000b8dc500000] [id=10712]

Threads with active compile tasks:

VM state: not at safepoint (normal execution)

VM Mutex/Monitor currently owned by a thread: None

Heap address: 0x0000000700a00000, size: 4086 MB, Compressed Oops mode: Zero based, Oop shift amount: 3

CDS archive(s) mapped at: [0x0000000800000000-0x0000000800bc0000-0x0000000800bc0000), size 12320768, SharedBaseAddress: 0x0000000800000000, ArchiveRelocationMode: 0.
Compressed class space mapped at: 0x0000000800c00000-0x0000000840c00000, reserved size: 1073741824
Narrow klass base: 0x0000000800000000, Narrow klass shift: 0, Narrow klass range: 0x100000000

GC Precious Log:
 CPUs: 8 total, 8 available
 Memory: 16341M
 Large Page Support: Disabled
 NUMA Support: Disabled
 Compressed Oops: Enabled (Zero based)
 Heap Region Size: 2M
 Heap Min Capacity: 8M
 Heap Initial Capacity: 256M
 Heap Max Capacity: 4086M
 Pre-touch: Disabled
 Parallel Workers: 8
 Concurrent Workers: 2
 Concurrent Refinement Workers: 8
 Periodic GC: Disabled

Heap:
 garbage-first heap   total 262144K, used 12288K [0x0000000700a00000, 0x0000000800000000)
  region size 2048K, 8 young (16384K), 0 survivors (0K)
 Metaspace       used 4935K, committed 5056K, reserved 1056768K
  class space    used 333K, committed 384K, reserved 1048576K

Heap Regions: E=young(eden), S=young(survivor), O=old, HS=humongous(starts), HC=humongous(continues), CS=collection set, F=free, OA=open archive, CA=closed archive, TAMS=top-at-mark-start (previous, next)
|   0|0x0000000700a00000, 0x0000000700a00000, 0x0000000700c00000|  0%| F|  |TAMS 0x0000000700a00000, 0x0000000700a00000| Untracked 
|   1|0x0000000700c00000, 0x0000000700c00000, 0x0000000700e00000|  0%| F|  |TAMS 0x0000000700c00000, 0x0000000700c00000| Untracked 
|   2|0x0000000700e00000, 0x0000000700e00000, 0x0000000701000000|  0%| F|  |TAMS 0x0000000700e00000, 0x0000000700e00000| Untracked 
|   3|0x0000000701000000, 0x0000000701000000, 0x0000000701200000|  0%| F|  |TAMS 0x0000000701000000, 0x0000000701000000| Untracked 
|   4|0x0000000701200000, 0x0000000701200000, 0x0000000701400000|  0%| F|  |TAMS 0x0000000701200000, 0x0000000701200000| Untracked 
|   5|0x0000000701400000, 0x0000000701400000, 0x0000000701600000|  0%| F|  |TAMS 0x0000000701400000, 0x0000000701400000| Untracked 
|   6|0x0000000701600000, 0x0000000701600000, 0x0000000701800000|  0%| F|  |TAMS 0x0000000701600000, 0x0000000701600000| Untracked 
|   7|0x0000000701800000, 0x0000000701800000, 0x0000000701a00000|  0%| F|  |TAMS 0x0000000701800000, 0x0000000701800000| Untracked 
|   8|0x0000000701a00000, 0x0000000701a00000, 0x0000000701c00000|  0%| F|  |TAMS 0x0000000701a00000, 0x0000000701a00000| Untracked 
|   9|0x0000000701c00000, 0x0000000701c00000, 0x0000000701e00000|  0%| F|  |TAMS 0x0000000701c00000, 0x0000000701c00000| Untracked 
|  10|0x0000000701e00000, 0x0000000701e00000, 0x0000000702000000|  0%| F|  |TAMS 0x0000000701e00000, 0x0000000701e00000| Untracked 
|  11|0x0000000702000000, 0x0000000702000000, 0x0000000702200000|  0%| F|  |TAMS 0x0000000702000000, 0x0000000702000000| Untracked 
|  12|0x0000000702200000, 0x0000000702200000, 0x0000000702400000|  0%| F|  |TAMS 0x0000000702200000, 0x0000000702200000| Untracked 
|  13|0x0000000702400000, 0x0000000702400000, 0x0000000702600000|  0%| F|  |TAMS 0x0000000702400000, 0x0000000702400000| Untracked 
|  14|0x0000000702600000, 0x0000000702600000, 0x0000000702800000|  0%| F|  |TAMS 0x0000000702600000, 0x0000000702600000| Untracked 
|  15|0x0000000702800000, 0x0000000702800000, 0x0000000702a00000|  0%| F|  |TAMS 0x0000000702800000, 0x0000000702800000| Untracked 
|  16|0x0000000702a00000, 0x0000000702a00000, 0x0000000702c00000|  0%| F|  |TAMS 0x0000000702a00000, 0x0000000702a00000| Untracked 
|  17|0x0000000702c00000, 0x0000000702c00000, 0x0000000702e00000|  0%| F|  |TAMS 0x0000000702c00000, 0x0000000702c00000| Untracked 
|  18|0x0000000702e00000, 0x0000000702e00000, 0x0000000703000000|  0%| F|  |TAMS 0x0000000702e00000, 0x0000000702e00000| Untracked 
|  19|0x0000000703000000, 0x0000000703000000, 0x0000000703200000|  0%| F|  |TAMS 0x0000000703000000, 0x0000000703000000| Untracked 
|  20|0x0000000703200000, 0x0000000703200000, 0x0000000703400000|  0%| F|  |TAMS 0x0000000703200000, 0x0000000703200000| Untracked 
|  21|0x0000000703400000, 0x0000000703400000, 0x0000000703600000|  0%| F|  |TAMS 0x0000000703400000, 0x0000000703400000| Untracked 
|  22|0x0000000703600000, 0x0000000703600000, 0x0000000703800000|  0%| F|  |TAMS 0x0000000703600000, 0x0000000703600000| Untracked 
|  23|0x0000000703800000, 0x0000000703800000, 0x0000000703a00000|  0%| F|  |TAMS 0x0000000703800000, 0x0000000703800000| Untracked 
|  24|0x0000000703a00000, 0x0000000703a00000, 0x0000000703c00000|  0%| F|  |TAMS 0x0000000703a00000, 0x0000000703a00000| Untracked 
|  25|0x0000000703c00000, 0x0000000703c00000, 0x0000000703e00000|  0%| F|  |TAMS 0x0000000703c00000, 0x0000000703c00000| Untracked 
|  26|0x0000000703e00000, 0x0000000703e00000, 0x0000000704000000|  0%| F|  |TAMS 0x0000000703e00000, 0x0000000703e00000| Untracked 
|  27|0x0000000704000000, 0x0000000704000000, 0x0000000704200000|  0%| F|  |TAMS 0x0000000704000000, 0x0000000704000000| Untracked 
|  28|0x0000000704200000, 0x0000000704200000, 0x0000000704400000|  0%| F|  |TAMS 0x0000000704200000, 0x0000000704200000| Untracked 
|  29|0x0000000704400000, 0x0000000704400000, 0x0000000704600000|  0%| F|  |TAMS 0x0000000704400000, 0x0000000704400000| Untracked 
|  30|0x0000000704600000, 0x0000000704600000, 0x0000000704800000|  0%| F|  |TAMS 0x0000000704600000, 0x0000000704600000| Untracked 
|  31|0x0000000704800000, 0x0000000704800000, 0x0000000704a00000|  0%| F|  |TAMS 0x0000000704800000, 0x0000000704800000| Untracked 
|  32|0x0000000704a00000, 0x0000000704a00000, 0x0000000704c00000|  0%| F|  |TAMS 0x0000000704a00000, 0x0000000704a00000| Untracked 
|  33|0x0000000704c00000, 0x0000000704c00000, 0x0000000704e00000|  0%| F|  |TAMS 0x0000000704c00000, 0x0000000704c00000| Untracked 
|  34|0x0000000704e00000, 0x0000000704e00000, 0x0000000705000000|  0%| F|  |TAMS 0x0000000704e00000, 0x0000000704e00000| Untracked 
|  35|0x0000000705000000, 0x0000000705000000, 0x0000000705200000|  0%| F|  |TAMS 0x0000000705000000, 0x0000000705000000| Untracked 
|  36|0x0000000705200000, 0x0000000705200000, 0x0000000705400000|  0%| F|  |TAMS 0x0000000705200000, 0x0000000705200000| Untracked 
|  37|0x0000000705400000, 0x0000000705400000, 0x0000000705600000|  0%| F|  |TAMS 0x0000000705400000, 0x0000000705400000| Untracked 
|  38|0x0000000705600000, 0x0000000705600000, 0x0000000705800000|  0%| F|  |TAMS 0x0000000705600000, 0x0000000705600000| Untracked 
|  39|0x0000000705800000, 0x0000000705800000, 0x0000000705a00000|  0%| F|  |TAMS 0x0000000705800000, 0x0000000705800000| Untracked 
|  40|0x0000000705a00000, 0x0000000705a00000, 0x0000000705c00000|  0%| F|  |TAMS 0x0000000705a00000, 0x0000000705a00000| Untracked 
|  41|0x0000000705c00000, 0x0000000705c00000, 0x0000000705e00000|  0%| F|  |TAMS 0x0000000705c00000, 0x0000000705c00000| Untracked 
|  42|0x0000000705e00000, 0x0000000705e00000, 0x0000000706000000|  0%| F|  |TAMS 0x0000000705e00000, 0x0000000705e00000| Untracked 
|  43|0x0000000706000000, 0x0000000706000000, 0x0000000706200000|  0%| F|  |TAMS 0x0000000706000000, 0x0000000706000000| Untracked 
|  44|0x0000000706200000, 0x0000000706200000, 0x0000000706400000|  0%| F|  |TAMS 0x0000000706200000, 0x0000000706200000| Untracked 
|  45|0x0000000706400000, 0x0000000706400000, 0x0000000706600000|  0%| F|  |TAMS 0x0000000706400000, 0x0000000706400000| Untracked 
|  46|0x0000000706600000, 0x0000000706600000, 0x0000000706800000|  0%| F|  |TAMS 0x0000000706600000, 0x0000000706600000| Untracked 
|  47|0x0000000706800000, 0x0000000706800000, 0x0000000706a00000|  0%| F|  |TAMS 0x0000000706800000, 0x0000000706800000| Untracked 
|  48|0x0000000706a00000, 0x0000000706a00000, 0x0000000706c00000|  0%| F|  |TAMS 0x0000000706a00000, 0x0000000706a00000| Untracked 
|  49|0x0000000706c00000, 0x0000000706c00000, 0x0000000706e00000|  0%| F|  |TAMS 0x0000000706c00000, 0x0000000706c00000| Untracked 
|  50|0x0000000706e00000, 0x0000000706e00000, 0x0000000707000000|  0%| F|  |TAMS 0x0000000706e00000, 0x0000000706e00000| Untracked 
|  51|0x0000000707000000, 0x0000000707000000, 0x0000000707200000|  0%| F|  |TAMS 0x0000000707000000, 0x0000000707000000| Untracked 
|  52|0x0000000707200000, 0x0000000707200000, 0x0000000707400000|  0%| F|  |TAMS 0x0000000707200000, 0x0000000707200000| Untracked 
|  53|0x0000000707400000, 0x0000000707400000, 0x0000000707600000|  0%| F|  |TAMS 0x0000000707400000, 0x0000000707400000| Untracked 
|  54|0x0000000707600000, 0x0000000707600000, 0x0000000707800000|  0%| F|  |TAMS 0x0000000707600000, 0x0000000707600000| Untracked 
|  55|0x0000000707800000, 0x0000000707800000, 0x0000000707a00000|  0%| F|  |TAMS 0x0000000707800000, 0x0000000707800000| Untracked 
|  56|0x0000000707a00000, 0x0000000707a00000, 0x0000000707c00000|  0%| F|  |TAMS 0x0000000707a00000, 0x0000000707a00000| Untracked 
|  57|0x0000000707c00000, 0x0000000707c00000, 0x0000000707e00000|  0%| F|  |TAMS 0x0000000707c00000, 0x0000000707c00000| Untracked 
|  58|0x0000000707e00000, 0x0000000707e00000, 0x0000000708000000|  0%| F|  |TAMS 0x0000000707e00000, 0x0000000707e00000| Untracked 
|  59|0x0000000708000000, 0x0000000708000000, 0x0000000708200000|  0%| F|  |TAMS 0x0000000708000000, 0x0000000708000000| Untracked 
|  60|0x0000000708200000, 0x0000000708200000, 0x0000000708400000|  0%| F|  |TAMS 0x0000000708200000, 0x0000000708200000| Untracked 
|  61|0x0000000708400000, 0x0000000708400000, 0x0000000708600000|  0%| F|  |TAMS 0x0000000708400000, 0x0000000708400000| Untracked 
|  62|0x0000000708600000, 0x0000000708600000, 0x0000000708800000|  0%| F|  |TAMS 0x0000000708600000, 0x0000000708600000| Untracked 
|  63|0x0000000708800000, 0x0000000708800000, 0x0000000708a00000|  0%| F|  |TAMS 0x0000000708800000, 0x0000000708800000| Untracked 
|  64|0x0000000708a00000, 0x0000000708a00000, 0x0000000708c00000|  0%| F|  |TAMS 0x0000000708a00000, 0x0000000708a00000| Untracked 
|  65|0x0000000708c00000, 0x0000000708c00000, 0x0000000708e00000|  0%| F|  |TAMS 0x0000000708c00000, 0x0000000708c00000| Untracked 
|  66|0x0000000708e00000, 0x0000000708e00000, 0x0000000709000000|  0%| F|  |TAMS 0x0000000708e00000, 0x0000000708e00000| Untracked 
|  67|0x0000000709000000, 0x0000000709000000, 0x0000000709200000|  0%| F|  |TAMS 0x0000000709000000, 0x0000000709000000| Untracked 
|  68|0x0000000709200000, 0x0000000709200000, 0x0000000709400000|  0%| F|  |TAMS 0x0000000709200000, 0x0000000709200000| Untracked 
|  69|0x0000000709400000, 0x0000000709400000, 0x0000000709600000|  0%| F|  |TAMS 0x0000000709400000, 0x0000000709400000| Untracked 
|  70|0x0000000709600000, 0x0000000709600000, 0x0000000709800000|  0%| F|  |TAMS 0x0000000709600000, 0x0000000709600000| Untracked 
|  71|0x0000000709800000, 0x0000000709800000, 0x0000000709a00000|  0%| F|  |TAMS 0x0000000709800000, 0x0000000709800000| Untracked 
|  72|0x0000000709a00000, 0x0000000709a00000, 0x0000000709c00000|  0%| F|  |TAMS 0x0000000709a00000, 0x0000000709a00000| Untracked 
|  73|0x0000000709c00000, 0x0000000709c00000, 0x0000000709e00000|  0%| F|  |TAMS 0x0000000709c00000, 0x0000000709c00000| Untracked 
|  74|0x0000000709e00000, 0x0000000709e00000, 0x000000070a000000|  0%| F|  |TAMS 0x0000000709e00000, 0x0000000709e00000| Untracked 
|  75|0x000000070a000000, 0x000000070a000000, 0x000000070a200000|  0%| F|  |TAMS 0x000000070a000000, 0x000000070a000000| Untracked 
|  76|0x000000070a200000, 0x000000070a200000, 0x000000070a400000|  0%| F|  |TAMS 0x000000070a200000, 0x000000070a200000| Untracked 
|  77|0x000000070a400000, 0x000000070a400000, 0x000000070a600000|  0%| F|  |TAMS 0x000000070a400000, 0x000000070a400000| Untracked 
|  78|0x000000070a600000, 0x000000070a600000, 0x000000070a800000|  0%| F|  |TAMS 0x000000070a600000, 0x000000070a600000| Untracked 
|  79|0x000000070a800000, 0x000000070a800000, 0x000000070aa00000|  0%| F|  |TAMS 0x000000070a800000, 0x000000070a800000| Untracked 
|  80|0x000000070aa00000, 0x000000070aa00000, 0x000000070ac00000|  0%| F|  |TAMS 0x000000070aa00000, 0x000000070aa00000| Untracked 
|  81|0x000000070ac00000, 0x000000070ac00000, 0x000000070ae00000|  0%| F|  |TAMS 0x000000070ac00000, 0x000000070ac00000| Untracked 
|  82|0x000000070ae00000, 0x000000070ae00000, 0x000000070b000000|  0%| F|  |TAMS 0x000000070ae00000, 0x000000070ae00000| Untracked 
|  83|0x000000070b000000, 0x000000070b000000, 0x000000070b200000|  0%| F|  |TAMS 0x000000070b000000, 0x000000070b000000| Untracked 
|  84|0x000000070b200000, 0x000000070b200000, 0x000000070b400000|  0%| F|  |TAMS 0x000000070b200000, 0x000000070b200000| Untracked 
|  85|0x000000070b400000, 0x000000070b400000, 0x000000070b600000|  0%| F|  |TAMS 0x000000070b400000, 0x000000070b400000| Untracked 
|  86|0x000000070b600000, 0x000000070b600000, 0x000000070b800000|  0%| F|  |TAMS 0x000000070b600000, 0x000000070b600000| Untracked 
|  87|0x000000070b800000, 0x000000070b800000, 0x000000070ba00000|  0%| F|  |TAMS 0x000000070b800000, 0x000000070b800000| Untracked 
|  88|0x000000070ba00000, 0x000000070ba00000, 0x000000070bc00000|  0%| F|  |TAMS 0x000000070ba00000, 0x000000070ba00000| Untracked 
|  89|0x000000070bc00000, 0x000000070bc00000, 0x000000070be00000|  0%| F|  |TAMS 0x000000070bc00000, 0x000000070bc00000| Untracked 
|  90|0x000000070be00000, 0x000000070be00000, 0x000000070c000000|  0%| F|  |TAMS 0x000000070be00000, 0x000000070be00000| Untracked 
|  91|0x000000070c000000, 0x000000070c000000, 0x000000070c200000|  0%| F|  |TAMS 0x000000070c000000, 0x000000070c000000| Untracked 
|  92|0x000000070c200000, 0x000000070c200000, 0x000000070c400000|  0%| F|  |TAMS 0x000000070c200000, 0x000000070c200000| Untracked 
|  93|0x000000070c400000, 0x000000070c400000, 0x000000070c600000|  0%| F|  |TAMS 0x000000070c400000, 0x000000070c400000| Untracked 
|  94|0x000000070c600000, 0x000000070c600000, 0x000000070c800000|  0%| F|  |TAMS 0x000000070c600000, 0x000000070c600000| Untracked 
|  95|0x000000070c800000, 0x000000070c800000, 0x000000070ca00000|  0%| F|  |TAMS 0x000000070c800000, 0x000000070c800000| Untracked 
|  96|0x000000070ca00000, 0x000000070ca00000, 0x000000070cc00000|  0%| F|  |TAMS 0x000000070ca00000, 0x000000070ca00000| Untracked 
|  97|0x000000070cc00000, 0x000000070cc00000, 0x000000070ce00000|  0%| F|  |TAMS 0x000000070cc00000, 0x000000070cc00000| Untracked 
|  98|0x000000070ce00000, 0x000000070ce00000, 0x000000070d000000|  0%| F|  |TAMS 0x000000070ce00000, 0x000000070ce00000| Untracked 
|  99|0x000000070d000000, 0x000000070d000000, 0x000000070d200000|  0%| F|  |TAMS 0x000000070d000000, 0x000000070d000000| Untracked 
| 100|0x000000070d200000, 0x000000070d200000, 0x000000070d400000|  0%| F|  |TAMS 0x000000070d200000, 0x000000070d200000| Untracked 
| 101|0x000000070d400000, 0x000000070d400000, 0x000000070d600000|  0%| F|  |TAMS 0x000000070d400000, 0x000000070d400000| Untracked 
| 102|0x000000070d600000, 0x000000070d600000, 0x000000070d800000|  0%| F|  |TAMS 0x000000070d600000, 0x000000070d600000| Untracked 
| 103|0x000000070d800000, 0x000000070d800000, 0x000000070da00000|  0%| F|  |TAMS 0x000000070d800000, 0x000000070d800000| Untracked 
| 104|0x000000070da00000, 0x000000070da00000, 0x000000070dc00000|  0%| F|  |TAMS 0x000000070da00000, 0x000000070da00000| Untracked 
| 105|0x000000070dc00000, 0x000000070dc00000, 0x000000070de00000|  0%| F|  |TAMS 0x000000070dc00000, 0x000000070dc00000| Untracked 
| 106|0x000000070de00000, 0x000000070de00000, 0x000000070e000000|  0%| F|  |TAMS 0x000000070de00000, 0x000000070de00000| Untracked 
| 107|0x000000070e000000, 0x000000070e000000, 0x000000070e200000|  0%| F|  |TAMS 0x000000070e000000, 0x000000070e000000| Untracked 
| 108|0x000000070e200000, 0x000000070e200000, 0x000000070e400000|  0%| F|  |TAMS 0x000000070e200000, 0x000000070e200000| Untracked 
| 109|0x000000070e400000, 0x000000070e400000, 0x000000070e600000|  0%| F|  |TAMS 0x000000070e400000, 0x000000070e400000| Untracked 
| 110|0x000000070e600000, 0x000000070e600000, 0x000000070e800000|  0%| F|  |TAMS 0x000000070e600000, 0x000000070e600000| Untracked 
| 111|0x000000070e800000, 0x000000070e800000, 0x000000070ea00000|  0%| F|  |TAMS 0x000000070e800000, 0x000000070e800000| Untracked 
| 112|0x000000070ea00000, 0x000000070ea00000, 0x000000070ec00000|  0%| F|  |TAMS 0x000000070ea00000, 0x000000070ea00000| Untracked 
| 113|0x000000070ec00000, 0x000000070ec00000, 0x000000070ee00000|  0%| F|  |TAMS 0x000000070ec00000, 0x000000070ec00000| Untracked 
| 114|0x000000070ee00000, 0x000000070ee00000, 0x000000070f000000|  0%| F|  |TAMS 0x000000070ee00000, 0x000000070ee00000| Untracked 
| 115|0x000000070f000000, 0x000000070f000000, 0x000000070f200000|  0%| F|  |TAMS 0x000000070f000000, 0x000000070f000000| Untracked 
| 116|0x000000070f200000, 0x000000070f200000, 0x000000070f400000|  0%| F|  |TAMS 0x000000070f200000, 0x000000070f200000| Untracked 
| 117|0x000000070f400000, 0x000000070f400000, 0x000000070f600000|  0%| F|  |TAMS 0x000000070f400000, 0x000000070f400000| Untracked 
| 118|0x000000070f600000, 0x000000070f600000, 0x000000070f800000|  0%| F|  |TAMS 0x000000070f600000, 0x000000070f600000| Untracked 
| 119|0x000000070f800000, 0x000000070f800000, 0x000000070fa00000|  0%| F|  |TAMS 0x000000070f800000, 0x000000070f800000| Untracked 
| 120|0x000000070fa00000, 0x000000070fa712b8, 0x000000070fc00000| 22%| E|  |TAMS 0x000000070fa00000, 0x000000070fa00000| Complete 
| 121|0x000000070fc00000, 0x000000070fe00000, 0x000000070fe00000|100%| E|CS|TAMS 0x000000070fc00000, 0x000000070fc00000| Complete 
| 122|0x000000070fe00000, 0x0000000710000000, 0x0000000710000000|100%| E|  |TAMS 0x000000070fe00000, 0x000000070fe00000| Complete 
| 123|0x0000000710000000, 0x0000000710200000, 0x0000000710200000|100%| E|CS|TAMS 0x0000000710000000, 0x0000000710000000| Complete 
| 124|0x0000000710200000, 0x0000000710400000, 0x0000000710400000|100%| E|CS|TAMS 0x0000000710200000, 0x0000000710200000| Complete 
| 125|0x0000000710400000, 0x0000000710600000, 0x0000000710600000|100%| E|CS|TAMS 0x0000000710400000, 0x0000000710400000| Complete 
| 126|0x0000000710600000, 0x0000000710800000, 0x0000000710800000|100%| E|CS|TAMS 0x0000000710600000, 0x0000000710600000| Complete 
| 127|0x0000000710800000, 0x0000000710a00000, 0x0000000710a00000|100%| E|CS|TAMS 0x0000000710800000, 0x0000000710800000| Complete 

Card table byte_map: [0x00000225f6a20000,0x00000225f7220000] _byte_map_base: 0x00000225f321b000

Marking Bits (Prev, Next): (CMBitMap*) 0x00000225ee737100, (CMBitMap*) 0x00000225ee737140
 Prev Bits: [0x00000225f7a20000, 0x00000225fb9f8000)
 Next Bits: [0x00000225fba00000, 0x00000225ff9d8000)

Polling page: 0x00000225ec6b0000

Metaspace:

Usage:
  Non-class:      4.49 MB used.
      Class:    333.17 KB used.
       Both:      4.82 MB used.

Virtual space:
  Non-class space:        8.00 MB reserved,       4.56 MB ( 57%) committed,  1 nodes.
      Class space:        1.00 GB reserved,     384.00 KB ( <1%) committed,  1 nodes.
             Both:        1.01 GB reserved,       4.94 MB ( <1%) committed. 

Chunk freelists:
   Non-Class:  704.00 KB
       Class:  3.50 MB
        Both:  4.19 MB

MaxMetaspaceSize: unlimited
CompressedClassSpaceSize: 1.00 GB
Initial GC threshold: 21.00 MB
Current GC threshold: 21.00 MB
CDS: on
MetaspaceReclaimPolicy: balanced
 - commit_granule_bytes: 65536.
 - commit_granule_words: 8192.
 - virtual_space_node_default_size: 1048576.
 - enlarge_chunks_in_place: 1.
 - new_chunks_are_fully_committed: 0.
 - uncommit_free_chunks: 1.
 - use_allocation_guard: 0.
 - handle_deallocations: 1.


Internal statistics:

num_allocs_failed_limit: 0.
num_arena_births: 52.
num_arena_deaths: 0.
num_vsnodes_births: 2.
num_vsnodes_deaths: 0.
num_space_committed: 79.
num_space_uncommitted: 0.
num_chunks_returned_to_freelist: 0.
num_chunks_taken_from_freelist: 193.
num_chunk_merges: 0.
num_chunk_splits: 148.
num_chunks_enlarged: 121.
num_purges: 0.
num_inconsistent_stats: 0.

CodeHeap 'non-profiled nmethods': size=120000Kb used=200Kb max_used=200Kb free=119799Kb
 bounds [0x0000022587ad0000, 0x0000022587d40000, 0x000002258f000000]
CodeHeap 'profiled nmethods': size=120000Kb used=900Kb max_used=900Kb free=119099Kb
 bounds [0x00000225805a0000, 0x0000022580810000, 0x0000022587ad0000]
CodeHeap 'non-nmethods': size=5760Kb used=1230Kb max_used=1245Kb free=4529Kb
 bounds [0x0000022580000000, 0x0000022580270000, 0x00000225805a0000]
 total_blobs=1115 nmethods=578 adapters=450
 compilation: enabled
              stopped_count=0, restarted_count=0
 full_count=0

Compilation events (20 events):
Event: 0.888 Thread 0x0000022591512da0 nmethod 568 0x000002258067f310 code [0x000002258067f4a0, 0x000002258067f598]
Event: 0.888 Thread 0x0000022591512da0  570       1       kvb.engine.gui.font.ParagraphBuilder$TempLine::getAdvanceWidth (5 bytes)
Event: 0.888 Thread 0x0000022591512da0 nmethod 570 0x0000022587b00d10 code [0x0000022587b00ea0, 0x0000022587b00f78]
Event: 0.888 Thread 0x0000022591512da0  569       1       kvb.engine.gui.font.BinaryChar::getAdvanceWidth (5 bytes)
Event: 0.888 Thread 0x0000022591512da0 nmethod 569 0x0000022587b01010 code [0x0000022587b011a0, 0x0000022587b01278]
Event: 0.888 Thread 0x0000022591512da0  571       1       kvb.engine.gui.font.ParagraphBuilder$TempLine::setWidth (6 bytes)
Event: 0.888 Thread 0x0000022591512da0 nmethod 571 0x0000022587b01310 code [0x0000022587b014a0, 0x0000022587b01578]
Event: 0.888 Thread 0x0000022591512da0  572       1       kvb.engine.gui.font.ParagraphBuilder$TempLine::setIndex (6 bytes)
Event: 0.888 Thread 0x0000022591509390 nmethod 565 0x0000022587b01610 code [0x0000022587b01780, 0x0000022587b017f8]
Event: 0.888 Thread 0x0000022591512da0 nmethod 572 0x0000022587b01910 code [0x0000022587b01aa0, 0x0000022587b01b78]
Event: 0.888 Thread 0x0000022591512da0  573       1       kvb.engine.gui.font.ParagraphBuilder$TempLine::setCharIndex (6 bytes)
Event: 0.888 Thread 0x0000022591512da0 nmethod 573 0x0000022587b01c10 code [0x0000022587b01da0, 0x0000022587b01e78]
Event: 0.890 Thread 0x0000022591512da0  575       3       jdk.internal.org.objectweb.asm.ByteVector::putInt (74 bytes)
Event: 0.890 Thread 0x0000022591512da0 nmethod 575 0x000002258067f610 code [0x000002258067f7c0, 0x000002258067fa28]
Event: 0.890 Thread 0x0000022591512da0  576       3       java.lang.reflect.Modifier::isProtected (12 bytes)
Event: 0.890 Thread 0x0000022591512da0 nmethod 576 0x000002258067fb90 code [0x000002258067fd20, 0x000002258067fe78]
Event: 0.890 Thread 0x0000022591512da0  577       3       java.lang.invoke.MethodType$ConcurrentWeakInternSet$WeakEntry::<init> (15 bytes)
Event: 0.890 Thread 0x0000022591512da0 nmethod 577 0x000002258067ff10 code [0x00000225806800e0, 0x0000022580680508]
Event: 0.891 Thread 0x0000022591512da0  578       3       java.lang.String::encodeUTF8 (141 bytes)
Event: 0.892 Thread 0x0000022591512da0 nmethod 578 0x0000022580680690 code [0x00000225806808a0, 0x0000022580680ec8]

GC Heap History (0 events):
No events

Deoptimization events (20 events):
Event: 0.624 Thread 0x00000225ee6e6d30 DEOPT PACKING pc=0x00000225805dbbbe sp=0x000000b8dbffb280
Event: 0.624 Thread 0x00000225ee6e6d30 DEOPT UNPACKING pc=0x0000022580052b43 sp=0x000000b8dbffa6f8 mode 0
Event: 0.628 Thread 0x00000225ee6e6d30 DEOPT PACKING pc=0x00000225805e2dfe sp=0x000000b8dbffcf60
Event: 0.628 Thread 0x00000225ee6e6d30 DEOPT UNPACKING pc=0x0000022580052b43 sp=0x000000b8dbffc3d0 mode 0
Event: 0.885 Thread 0x00000225ee6e6d30 Uncommon trap: trap_request=0xffffffde fr.pc=0x0000022587adc280 relative=0x00000000000004a0
Event: 0.885 Thread 0x00000225ee6e6d30 Uncommon trap: reason=class_check action=maybe_recompile pc=0x0000022587adc280 method=java.util.HashMap.putVal(ILjava/lang/Object;Ljava/lang/Object;ZZ)Ljava/lang/Object; @ 253 c2
Event: 0.885 Thread 0x00000225ee6e6d30 DEOPT PACKING pc=0x0000022587adc280 sp=0x000000b8dbffe2d0
Event: 0.885 Thread 0x00000225ee6e6d30 DEOPT UNPACKING pc=0x00000225800523a3 sp=0x000000b8dbffe280 mode 2
Event: 0.885 Thread 0x00000225ee6e6d30 Uncommon trap: trap_request=0xffffffde fr.pc=0x0000022587adc280 relative=0x00000000000004a0
Event: 0.885 Thread 0x00000225ee6e6d30 Uncommon trap: reason=class_check action=maybe_recompile pc=0x0000022587adc280 method=java.util.HashMap.putVal(ILjava/lang/Object;Ljava/lang/Object;ZZ)Ljava/lang/Object; @ 253 c2
Event: 0.885 Thread 0x00000225ee6e6d30 DEOPT PACKING pc=0x0000022587adc280 sp=0x000000b8dbffe2d0
Event: 0.885 Thread 0x00000225ee6e6d30 DEOPT UNPACKING pc=0x00000225800523a3 sp=0x000000b8dbffe280 mode 2
Event: 0.885 Thread 0x00000225ee6e6d30 Uncommon trap: trap_request=0xffffffde fr.pc=0x0000022587adc280 relative=0x00000000000004a0
Event: 0.885 Thread 0x00000225ee6e6d30 Uncommon trap: reason=class_check action=maybe_recompile pc=0x0000022587adc280 method=java.util.HashMap.putVal(ILjava/lang/Object;Ljava/lang/Object;ZZ)Ljava/lang/Object; @ 253 c2
Event: 0.885 Thread 0x00000225ee6e6d30 DEOPT PACKING pc=0x0000022587adc280 sp=0x000000b8dbffe2d0
Event: 0.885 Thread 0x00000225ee6e6d30 DEOPT UNPACKING pc=0x00000225800523a3 sp=0x000000b8dbffe280 mode 2
Event: 0.885 Thread 0x00000225ee6e6d30 Uncommon trap: trap_request=0xffffffde fr.pc=0x0000022587adc280 relative=0x00000000000004a0
Event: 0.885 Thread 0x00000225ee6e6d30 Uncommon trap: reason=class_check action=maybe_recompile pc=0x0000022587adc280 method=java.util.HashMap.putVal(ILjava/lang/Object;Ljava/lang/Object;ZZ)Ljava/lang/Object; @ 253 c2
Event: 0.885 Thread 0x00000225ee6e6d30 DEOPT PACKING pc=0x0000022587adc280 sp=0x000000b8dbffe2d0
Event: 0.886 Thread 0x00000225ee6e6d30 DEOPT UNPACKING pc=0x00000225800523a3 sp=0x000000b8dbffe280 mode 2

Classes unloaded (0 events):
No events

Classes redefined (0 events):
No events

Internal exceptions (11 events):
Event: 0.076 Thread 0x000002259221ca90 Exception <a 'java/lang/NoSuchMethodError'{0x0000000710675640}: 'java.lang.Object java.lang.invoke.DirectMethodHandle$Holder.invokeStaticInit(java.lang.Object)'> (0x0000000710675640) 
thrown [t:\workspace\open\src\hotspot\share\interpreter\linkResolver.cpp, line 766]
Event: 0.080 Thread 0x000002259221ca90 Exception <a 'java/lang/NoSuchMethodError'{0x0000000710683300}: 'void java.lang.invoke.DirectMethodHandle$Holder.invokeStatic(java.lang.Object, java.lang.Object)'> (0x0000000710683300) 
thrown [t:\workspace\open\src\hotspot\share\interpreter\linkResolver.cpp, line 766]
Event: 0.091 Thread 0x00000225ee6e6d30 Exception <a 'sun/nio/fs/WindowsException'{0x00000007107d55b8}> (0x00000007107d55b8) 
thrown [t:\workspace\open\src\hotspot\share\prims\jni.cpp, line 516]
Event: 0.093 Thread 0x00000225ee6e6d30 Exception <a 'java/lang/NoSuchMethodError'{0x00000007107d9038}: 'void java.lang.invoke.DirectMethodHandle$Holder.invokeVirtual(java.lang.Object, java.lang.Object)'> (0x00000007107d9038) 
thrown [t:\workspace\open\src\hotspot\share\interpreter\linkResolver.cpp, line 766]
Event: 0.093 Thread 0x00000225ee6e6d30 Exception <a 'java/lang/NoSuchMethodError'{0x00000007107e1878}: 'void java.lang.invoke.DirectMethodHandle$Holder.invokeStatic(java.lang.Object, java.lang.Object, java.lang.Object)'> (0x00000007107e1878) 
thrown [t:\workspace\open\src\hotspot\share\interpreter\linkResolver.cpp, line 766]
Event: 0.094 Thread 0x00000225ee6e6d30 Exception <a 'java/lang/NoSuchMethodError'{0x00000007107e5020}: 'void java.lang.invoke.DirectMethodHandle$Holder.invokeStaticInit(java.lang.Object, java.lang.Object, java.lang.Object)'> (0x00000007107e5020) 
thrown [t:\workspace\open\src\hotspot\share\interpreter\linkResolver.cpp, line 766]
Event: 0.127 Thread 0x00000225ee6e6d30 Exception <a 'java/lang/NoSuchMethodError'{0x00000007104d8de8}: 'void java.lang.invoke.DirectMethodHandle$Holder.invokeStatic(java.lang.Object, long)'> (0x00000007104d8de8) 
thrown [t:\workspace\open\src\hotspot\share\interpreter\linkResolver.cpp, line 766]
Event: 0.128 Thread 0x00000225ee6e6d30 Exception <a 'java/lang/NoSuchMethodError'{0x00000007104de298}: 'java.lang.Object java.lang.invoke.DirectMethodHandle$Holder.newInvokeSpecial(java.lang.Object, long)'> (0x00000007104de298) 
thrown [t:\workspace\open\src\hotspot\share\interpreter\linkResolver.cpp, line 766]
Event: 0.130 Thread 0x00000225ee6e6d30 Exception <a 'java/lang/NoSuchMethodError'{0x00000007104e9880}: 'java.lang.Object java.lang.invoke.DirectMethodHandle$Holder.invokeStaticInit(java.lang.Object, java.lang.Object, long, java.lang.Object)'> (0x00000007104e9880) 
thrown [t:\workspace\open\src\hotspot\share\interpreter\linkResolver.cpp, line 766]
Event: 0.131 Thread 0x00000225ee6e6d30 Exception <a 'java/lang/NoSuchMethodError'{0x00000007104efc10}: 'java.lang.Object java.lang.invoke.DirectMethodHandle$Holder.newInvokeSpecial(java.lang.Object, java.lang.Object, long)'> (0x00000007104efc10) 
thrown [t:\workspace\open\src\hotspot\share\interpreter\linkResolver.cpp, line 766]
Event: 0.131 Thread 0x00000225ee6e6d30 Exception <a 'java/lang/NoSuchMethodError'{0x00000007104f3780}: 'java.lang.Object java.lang.invoke.Invokers$Holder.linkToTargetMethod(java.lang.Object, long, java.lang.Object)'> (0x00000007104f3780) 
thrown [t:\workspace\open\src\hotspot\share\interpreter\linkResolver.cpp, line 766]

VM Operations (6 events):
Event: 0.041 Executing VM operation: HandshakeAllThreads
Event: 0.041 Executing VM operation: HandshakeAllThreads done
Event: 0.075 Executing VM operation: HandshakeAllThreads
Event: 0.075 Executing VM operation: HandshakeAllThreads done
Event: 0.124 Executing VM operation: HandshakeAllThreads
Event: 0.124 Executing VM operation: HandshakeAllThreads done

Events (20 events):
Event: 0.619 loading class sun/nio/cs/UTF_16LE$Decoder
Event: 0.619 loading class sun/nio/cs/UnicodeDecoder
Event: 0.619 loading class sun/nio/cs/UnicodeDecoder done
Event: 0.619 loading class sun/nio/cs/UTF_16LE$Decoder done
Event: 0.619 loading class sun/nio/cs/Surrogate$Parser
Event: 0.619 loading class sun/nio/cs/Surrogate$Parser done
Event: 0.619 loading class sun/nio/cs/Surrogate
Event: 0.619 loading class sun/nio/cs/Surrogate done
Event: 0.889 loading class java/util/stream/StreamSpliterators$WrappingSpliterator
Event: 0.889 loading class java/util/stream/StreamSpliterators$AbstractWrappingSpliterator
Event: 0.889 loading class java/util/stream/StreamSpliterators$AbstractWrappingSpliterator done
Event: 0.889 loading class java/util/stream/StreamSpliterators$WrappingSpliterator done
Event: 0.889 loading class java/util/stream/SpinedBuffer
Event: 0.889 loading class java/util/stream/AbstractSpinedBuffer
Event: 0.890 loading class java/util/stream/AbstractSpinedBuffer done
Event: 0.890 loading class java/util/stream/SpinedBuffer done
Event: 0.890 loading class java/util/stream/StreamSpliterators
Event: 0.890 loading class java/util/stream/StreamSpliterators done
Event: 0.890 loading class java/util/function/BooleanSupplier
Event: 0.890 loading class java/util/function/BooleanSupplier done


Dynamic libraries:
0x00007ff773f80000 - 0x00007ff773f90000 	C:\Program Files\Java\jdk-17\bin\java.exe
0x00007ffc51a80000 - 0x00007ffc51c70000 	C:\WINDOWS\SYSTEM32\ntdll.dll
0x00007ffc50230000 - 0x00007ffc502e2000 	C:\WINDOWS\System32\KERNEL32.DLL
0x00007ffc4ef40000 - 0x00007ffc4f1e3000 	C:\WINDOWS\System32\KERNELBASE.dll
0x00007ffc4ecc0000 - 0x00007ffc4edba000 	C:\WINDOWS\System32\ucrtbase.dll
0x00007ffc39360000 - 0x00007ffc39378000 	C:\Program Files\Java\jdk-17\bin\jli.dll
0x00007ffc39340000 - 0x00007ffc3935a000 	C:\Program Files\Java\jdk-17\bin\VCRUNTIME140.dll
0x00007ffc4fc80000 - 0x00007ffc4fd23000 	C:\WINDOWS\System32\ADVAPI32.dll
0x00007ffc4ffe0000 - 0x00007ffc5007e000 	C:\WINDOWS\System32\msvcrt.dll
0x00007ffc50a20000 - 0x00007ffc50ab7000 	C:\WINDOWS\System32\sechost.dll
0x00007ffc4fb30000 - 0x00007ffc4fc50000 	C:\WINDOWS\System32\RPCRT4.dll
0x00007ffc50760000 - 0x00007ffc508f4000 	C:\WINDOWS\System32\USER32.dll
0x00007ffc4edc0000 - 0x00007ffc4ede1000 	C:\WINDOWS\System32\win32u.dll
0x00007ffc3fc80000 - 0x00007ffc3ff05000 	C:\WINDOWS\WinSxS\amd64_microsoft.windows.common-controls_6595b64144ccf1df_6.0.18362.657_none_e6c5b579130e3898\COMCTL32.dll
0x00007ffc514a0000 - 0x00007ffc514c6000 	C:\WINDOWS\System32\GDI32.dll
0x00007ffc4eaf0000 - 0x00007ffc4ec84000 	C:\WINDOWS\System32\gdi32full.dll
0x00007ffc51640000 - 0x00007ffc51976000 	C:\WINDOWS\System32\combase.dll
0x00007ffc4f1f0000 - 0x00007ffc4f28e000 	C:\WINDOWS\System32\msvcp_win.dll
0x00007ffc4ea10000 - 0x00007ffc4ea90000 	C:\WINDOWS\System32\bcryptPrimitives.dll
0x00007ffc49760000 - 0x00007ffc4976a000 	C:\WINDOWS\SYSTEM32\VERSION.dll
0x00007ffc4fc50000 - 0x00007ffc4fc7e000 	C:\WINDOWS\System32\IMM32.DLL
0x00007ffc4b5b0000 - 0x00007ffc4b5bc000 	C:\Program Files\Java\jdk-17\bin\vcruntime140_1.dll
0x00007ffc2a730000 - 0x00007ffc2a7bd000 	C:\Program Files\Java\jdk-17\bin\msvcp140.dll
0x00007ffc25c80000 - 0x00007ffc2683e000 	C:\Program Files\Java\jdk-17\bin\server\jvm.dll
0x00007ffc51a30000 - 0x00007ffc51a38000 	C:\WINDOWS\System32\PSAPI.DLL
0x00007ffc400b0000 - 0x00007ffc400b9000 	C:\WINDOWS\SYSTEM32\WSOCK32.dll
0x00007ffc4b280000 - 0x00007ffc4b2a4000 	C:\WINDOWS\SYSTEM32\WINMM.dll
0x00007ffc51530000 - 0x00007ffc5159f000 	C:\WINDOWS\System32\WS2_32.dll
0x00007ffc4b250000 - 0x00007ffc4b27d000 	C:\WINDOWS\SYSTEM32\WINMMBASE.dll
0x00007ffc4f290000 - 0x00007ffc4f2da000 	C:\WINDOWS\System32\cfgmgr32.dll
0x00007ffc4e9f0000 - 0x00007ffc4ea01000 	C:\WINDOWS\System32\kernel.appcore.dll
0x00007ffc47be0000 - 0x00007ffc47bea000 	C:\Program Files\Java\jdk-17\bin\jimage.dll
0x00007ffc3e010000 - 0x00007ffc3e204000 	C:\WINDOWS\SYSTEM32\DBGHELP.DLL
0x00007ffc36e80000 - 0x00007ffc36eaa000 	C:\WINDOWS\SYSTEM32\dbgcore.DLL
0x00007ffc4b5f0000 - 0x00007ffc4b5fe000 	C:\Program Files\Java\jdk-17\bin\instrument.dll
0x00007ffc2a700000 - 0x00007ffc2a725000 	C:\Program Files\Java\jdk-17\bin\java.dll
0x00007ffc25ba0000 - 0x00007ffc25c76000 	C:\Program Files\Java\jdk-17\bin\svml.dll
0x00007ffc50ad0000 - 0x00007ffc511b5000 	C:\WINDOWS\System32\SHELL32.dll
0x00007ffc50970000 - 0x00007ffc50a19000 	C:\WINDOWS\System32\shcore.dll
0x00007ffc4f2e0000 - 0x00007ffc4fa5f000 	C:\WINDOWS\System32\windows.storage.dll
0x00007ffc4e980000 - 0x00007ffc4e99f000 	C:\WINDOWS\System32\profapi.dll
0x00007ffc4e9a0000 - 0x00007ffc4e9ea000 	C:\WINDOWS\System32\powrprof.dll
0x00007ffc4e950000 - 0x00007ffc4e960000 	C:\WINDOWS\System32\UMPDC.dll
0x00007ffc51300000 - 0x00007ffc51352000 	C:\WINDOWS\System32\shlwapi.dll
0x00007ffc4fa60000 - 0x00007ffc4fa77000 	C:\WINDOWS\System32\cryptsp.dll
0x00007ffc30460000 - 0x00007ffc30478000 	C:\Program Files\Java\jdk-17\bin\zip.dll
0x00007ffc32390000 - 0x00007ffc323a9000 	C:\Program Files\Java\jdk-17\bin\net.dll
0x00007ffc40eb0000 - 0x00007ffc40fa0000 	C:\WINDOWS\SYSTEM32\WINHTTP.dll
0x00007ffc4e1c0000 - 0x00007ffc4e227000 	C:\WINDOWS\system32\mswsock.dll
0x00007ffc32370000 - 0x00007ffc32385000 	C:\Program Files\Java\jdk-17\bin\nio.dll
0x00007ffc4ad00000 - 0x00007ffc4ad1a000 	C:\Users\Family\AppData\Local\JetBrains\Toolbox\apps\IDEA-C\ch-0\213.7172.25\bin\breakgen64.dll
0x00000000707c0000 - 0x00000000707d4000 	C:\Users\Family\Desktop\IDEA Projects\cloned\Kotlin-Vulkan-Bindings\natives\windows\debug_utils.dll
0x000000006dd00000 - 0x000000006dd14000 	C:\Users\Family\Desktop\IDEA Projects\cloned\Kotlin-Vulkan-Bindings\natives\windows\file_utils.dll
0x0000000064940000 - 0x0000000064955000 	C:\Program Files\mingw-w64\x86_64-8.1.0-posix-seh-rt_v6-rev0\mingw64\bin\libwinpthread-1.dll
0x0000000061840000 - 0x000000006186f000 	C:\Users\Family\Desktop\IDEA Projects\cloned\Kotlin-Vulkan-Bindings\natives\windows\image_reading.dll
0x0000000061440000 - 0x000000006145a000 	C:\Program Files\mingw-w64\x86_64-8.1.0-posix-seh-rt_v6-rev0\mingw64\bin\libgcc_s_seh-1.dll
0x000000006acc0000 - 0x000000006acdb000 	C:\Users\Family\Desktop\IDEA Projects\cloned\Kotlin-Vulkan-Bindings\natives\windows\vk_commands.dll
0x00000000625c0000 - 0x00000000625d4000 	C:\Users\Family\Desktop\IDEA Projects\cloned\Kotlin-Vulkan-Bindings\natives\windows\winapi.dll
0x00007ffc2ce90000 - 0x00007ffc2cff1000 	C:\WINDOWS\SYSTEM32\vulkan-1.dll
0x00007ffc4d630000 - 0x00007ffc4d71b000 	C:\WINDOWS\system32\dxgi.dll
0x00007ffc4d5a0000 - 0x00007ffc4d5c0000 	C:\WINDOWS\SYSTEM32\dxcore.dll
0x00007ffc4ccb0000 - 0x00007ffc4cd49000 	C:\WINDOWS\system32\uxtheme.dll
0x00007ffc51360000 - 0x00007ffc51495000 	C:\WINDOWS\System32\MSCTF.dll
0x00007ffc4fd30000 - 0x00007ffc4fdf4000 	C:\WINDOWS\System32\OLEAUT32.dll
0x00007ffc12450000 - 0x00007ffc15477000 	C:\WINDOWS\System32\DriverStore\FileRepository\nvgbdi.inf_amd64_ecd61a280da83a79\nvoglv64.dll
0x00007ffc502f0000 - 0x00007ffc50760000 	C:\WINDOWS\System32\SETUPAPI.dll
0x00007ffc4ec90000 - 0x00007ffc4ecb6000 	C:\WINDOWS\System32\bcrypt.dll
0x00007ffc4fe00000 - 0x00007ffc4ff56000 	C:\WINDOWS\System32\ole32.dll
0x00007ffc4abd0000 - 0x00007ffc4abe3000 	C:\WINDOWS\SYSTEM32\WTSAPI32.dll
0x00007ffc4e390000 - 0x00007ffc4e39c000 	C:\WINDOWS\SYSTEM32\CRYPTBASE.DLL
0x00007ffc4e960000 - 0x00007ffc4e972000 	C:\WINDOWS\System32\msasn1.dll
0x00007ffc49730000 - 0x00007ffc4975f000 	C:\WINDOWS\SYSTEM32\cryptnet.dll
0x00007ffc4edf0000 - 0x00007ffc4ef39000 	C:\WINDOWS\System32\CRYPT32.dll
0x00007ffc47e70000 - 0x00007ffc47fa4000 	C:\WINDOWS\SYSTEM32\drvstore.dll
0x00007ffc4e770000 - 0x00007ffc4e79a000 	C:\WINDOWS\SYSTEM32\devobj.dll
0x00007ffc4e420000 - 0x00007ffc4e449000 	C:\WINDOWS\SYSTEM32\wldp.dll
0x00007ffc4ea90000 - 0x00007ffc4eaec000 	C:\WINDOWS\System32\WINTRUST.dll
0x00007ffc4d990000 - 0x00007ffc4d9c1000 	C:\WINDOWS\SYSTEM32\ntmarta.dll
0x00007ffc10850000 - 0x00007ffc12447000 	C:\VulkanSDK\1.3.204.0\Bin\VkLayer_khronos_validation.dll
0x00007ffc20c00000 - 0x00007ffc20ec5000 	C:\WINDOWS\system32\nvspcap64.dll
0x00007ffc4d0d0000 - 0x00007ffc4d0fd000 	C:\WINDOWS\SYSTEM32\dwmapi.dll
0x00007ffc41e50000 - 0x00007ffc425b8000 	C:\WINDOWS\SYSTEM32\nvapi64.dll
0x00007ffc515a0000 - 0x00007ffc515bd000 	C:\WINDOWS\System32\imagehlp.dll
0x00007ffc4dcd0000 - 0x00007ffc4dd03000 	C:\WINDOWS\system32\rsaenh.dll
0x00007ffc4d550000 - 0x00007ffc4d572000 	C:\WINDOWS\SYSTEM32\gpapi.dll
0x00007ffc322c0000 - 0x00007ffc3236e000 	C:\WINDOWS\System32\DriverStore\FileRepository\nvgbdi.inf_amd64_ecd61a280da83a79\NvCamera\NvCameraAllowlisting64.dll
0x00007ffc22e40000 - 0x00007ffc22f96000 	C:\WINDOWS\SYSTEM32\opengl32.dll
0x00007ffc3bb70000 - 0x00007ffc3bb9c000 	C:\WINDOWS\SYSTEM32\GLU32.dll
0x00007ffc4de40000 - 0x00007ffc4de9c000 	C:\WINDOWS\SYSTEM32\WINSTA.dll
0x00007ffc44420000 - 0x00007ffc444be000 	C:\WINDOWS\System32\TextInputFramework.dll
0x00007ffc4c900000 - 0x00007ffc4c9d4000 	C:\WINDOWS\System32\CoreMessaging.dll
0x00007ffc4a120000 - 0x00007ffc4a44a000 	C:\WINDOWS\System32\CoreUIComponents.dll
0x00007ffc4a770000 - 0x00007ffc4a8c3000 	C:\WINDOWS\SYSTEM32\wintypes.dll
0x00007ffc42cc0000 - 0x00007ffc42f66000 	C:\WINDOWS\System32\iertutil.dll

dbghelp: loaded successfully - version: 4.0.5 - missing functions: none
symbol engine: initialized successfully - sym options: 0x614 - pdb path: .;C:\Program Files\Java\jdk-17\bin;C:\WINDOWS\SYSTEM32;C:\WINDOWS\WinSxS\amd64_microsoft.windows.common-controls_6595b64144ccf1df_6.0.18362.657_none_e6c5b579130e3898;C:\Program Files\Java\jdk-17\bin\server;C:\Users\Family\AppData\Local\JetBrains\Toolbox\apps\IDEA-C\ch-0\213.7172.25\bin;C:\Users\Family\Desktop\IDEA Projects\cloned\Kotlin-Vulkan-Bindings\natives\windows;C:\Program Files\mingw-w64\x86_64-8.1.0-posix-seh-rt_v6-rev0\mingw64\bin;C:\WINDOWS\System32\DriverStore\FileRepository\nvgbdi.inf_amd64_ecd61a280da83a79;C:\VulkanSDK\1.3.204.0\Bin;C:\WINDOWS\System32\DriverStore\FileRepository\nvgbdi.inf_amd64_ecd61a280da83a79\NvCamera

VM Arguments:
jvm_args: -javaagent:C:\Users\Family\AppData\Local\JetBrains\Toolbox\apps\IDEA-C\ch-0\213.7172.25\lib\idea_rt.jar=56169:C:\Users\Family\AppData\Local\JetBrains\Toolbox\apps\IDEA-C\ch-0\213.7172.25\bin -Dfile.encoding=UTF-8 
java_command: kvb.engine.EngineMainKt
java_class_path (initial): C:\Users\Family\Desktop\IDEA Projects\cloned\Kotlin-Vulkan-Bindings\module-app\build\classes\kotlin\main;C:\Users\Family\Desktop\IDEA Projects\cloned\Kotlin-Vulkan-Bindings\module-core\build\classes\kotlin\main;C:\Users\Family\Desktop\IDEA Projects\cloned\Kotlin-Vulkan-Bindings\module-vulkan\build\classes\kotlin\main;C:\Users\Family\Desktop\IDEA Projects\cloned\Kotlin-Vulkan-Bindings\module-vkwrapper\build\classes\kotlin\main;C:\Users\Family\Desktop\IDEA Projects\cloned\Kotlin-Vulkan-Bindings\module-window\build\classes\kotlin\main;C:\Users\Family\.gradle\caches\modules-2\files-2.1\org.jetbrains.kotlin\kotlin-stdlib-jdk8\1.6.10\e80fe6ac3c3573a80305f5ec43f86b829e8ab53d\kotlin-stdlib-jdk8-1.6.10.jar;C:\Users\Family\.gradle\caches\modules-2\files-2.1\org.jetbrains.kotlin\kotlin-stdlib-jdk7\1.6.10\e1c380673654a089c4f0c9f83d0ddfdc1efdb498\kotlin-stdlib-jdk7-1.6.10.jar;C:\Users\Family\.gradle\caches\modules-2\files-2.1\org.jetbrains.kotlin\kotlin-stdlib\1.6.10\b8af3fe6f1ca88526914929add63cf5e7c5049af\kotlin-stdlib-1.6.10.jar;C:\Users\Family\.gradle\caches\modules-2\files-2.1\org.jetbrains\annotations\13.0\919f0dfe192fb4e063e7dacadee7f8bb9a2672a9\annotations-13.0.jar;C:\Users\Family\.gradle\caches\modules-2\files-2.1\org.jetbrains.kotlin\kotlin-stdlib-common\1.6.10\c118700e3a33c8a0d9adc920e9dec0831171925\kotlin-stdlib-common-1.6.10.jar
Launcher Type: SUN_STANDARD

[Global flags]
     intx CICompilerCount                          = 4                                         {product} {ergonomic}
     uint ConcGCThreads                            = 2                                         {product} {ergonomic}
     uint G1ConcRefinementThreads                  = 8                                         {product} {ergonomic}
   size_t G1HeapRegionSize                         = 2097152                                   {product} {ergonomic}
    uintx GCDrainStackTargetSize                   = 64                                        {product} {ergonomic}
   size_t InitialHeapSize                          = 268435456                                 {product} {ergonomic}
   size_t MarkStackSize                            = 4194304                                   {product} {ergonomic}
   size_t MaxHeapSize                              = 4284481536                                {product} {ergonomic}
   size_t MaxNewSize                               = 2569011200                                {product} {ergonomic}
   size_t MinHeapDeltaBytes                        = 2097152                                   {product} {ergonomic}
   size_t MinHeapSize                              = 8388608                                   {product} {ergonomic}
    uintx NonNMethodCodeHeapSize                   = 5839372                                {pd product} {ergonomic}
    uintx NonProfiledCodeHeapSize                  = 122909434                              {pd product} {ergonomic}
    uintx ProfiledCodeHeapSize                     = 122909434                              {pd product} {ergonomic}
    uintx ReservedCodeCacheSize                    = 251658240                              {pd product} {ergonomic}
     bool SegmentedCodeCache                       = true                                      {product} {ergonomic}
   size_t SoftMaxHeapSize                          = 4284481536                             {manageable} {ergonomic}
     bool UseCompressedClassPointers               = true                           {product lp64_product} {ergonomic}
     bool UseCompressedOops                        = true                           {product lp64_product} {ergonomic}
     bool UseG1GC                                  = true                                      {product} {ergonomic}
     bool UseLargePagesIndividualAllocation        = false                                  {pd product} {ergonomic}

Logging:
Log output configuration:
 #0: stdout all=warning uptime,level,tags
 #1: stderr all=off uptime,level,tags

Environment Variables:
JAVA_HOME=C:\Program Files\Java\jdk-17
PATH=C:\VulkanSDK\1.3.204.0\Bin;C:\Program Files\Alacritty\;C:\Program Files (x86)\Razer\ChromaBroadcast\bin;C:\Program Files\Razer\ChromaBroadcast\bin;C:\Program Files\Java\jdk-17\bin;C:\Program Files (x86)\Intel\iCLS Client\;C:\Program Files\Intel\iCLS Client\;C:\Program Files (x86)\Razer Chroma SDK\bin;C:\Program Files\Razer Chroma SDK\bin;C:\Windows\system32;C:\Windows;C:\Windows\System32\Wbem;C:\Windows\System32\WindowsPowerShell\v1.0\;C:\Windows\system32\config\systemprofile\AppData\Local\Microsoft\WindowsApps;C:\Program Files (x86)\Intel\Intel(R) Management Engine Components\DAL;C:\Program Files\Intel\Intel(R) Management Engine Components\DAL;C:\Program Files (x86)\Intel\Intel(R) Management Engine Components\IPT;C:\Program Files\Intel\Intel(R) Management Engine Components\IPT;C:\Program Files\Common Files\Autodesk Shared\;C:\Program Files (x86)\Autodesk\Backburner\;C:\WINDOWS\system32;C:\WINDOWS;C:\WINDOWS\System32\Wbem;C:\WINDOWS\System32\WindowsPowerShell\v1.0\;C:\Program Files\Apache Software Foundation\apache-maven-3.5.0\bin;C:\Program Files\dotnet\;C:\Program Files (x86)\NVIDIA Corporation\PhysX\Common;C:\WINDOWS\System32\OpenSSH\;C:\Program Files\Dart\dart-sdk\bin;C:\Program Files\NVIDIA Corporation\NVIDIA NvDLISR;C:\Program Files\WorldPainter;C:\WINDOWS\system32;C:\WINDOWS;C:\WINDOWS\System32\Wbem;C:\WINDOWS\System32\WindowsPowerShell\v1.0\;C:\WINDOWS\System32\OpenSSH\;C:\WINDOWS\system32\config\systemprofile\AppData\Local\Microsoft\WindowsApps;C:\Program Files (x86)\Brackets\command;C:\Program Files\kotlinc\bin;C:\Program Files\NASM;C:\Program Files\PuTTY\;C:\Program Files\Git\cmd;C:\Program Files\CMake\cmake-3.21.1-windows-x86_64\bin;%GRADLE_USER_HOME%\bin;C:\Library\Developer\Toolchains\unknown-Asserts-development.xctoolchain\usr\bin;C:\Library\Swift-development\bin;C:\Library\icu-67\usr\bin;C:\Users\Family\.cargo\bin;C:\Users\Family\AppData\Local\Microsoft\WindowsApps;C:\Users\Family\AppData\Roaming\Dashlane\6.1907.0.17833\bin\Firefox_Extension\{44271
USERNAME=Family
OS=Windows_NT
PROCESSOR_IDENTIFIER=Intel64 Family 6 Model 158 Stepping 9, GenuineIntel



---------------  S Y S T E M  ---------------

OS:
 Windows 10 , 64 bit Build 18362 (10.0.18362.329)
OS uptime: 0 days 0:39 hours

CPU: total 8 (initial active 8) (4 cores per cpu, 2 threads per core) family 6 model 158 stepping 9 microcode 0x8e, cx8, cmov, fxsr, ht, mmx, 3dnowpref, sse, sse2, sse3, ssse3, sse4.1, sse4.2, popcnt, lzcnt, tsc, tscinvbit, avx, avx2, aes, erms, clmul, bmi1, bmi2, rtm, adx, fma, vzeroupper, clflush, clflushopt

Memory: 4k page, system-wide physical 16341M (7208M free)
TotalPageFile size 18773M (AvailPageFile size 6775M)
current process WorkingSet (physical memory assigned to process): 110M, peak: 110M
current process commit charge ("private bytes"): 428M, peak: 429M

vm_info: Java HotSpot(TM) 64-Bit Server VM (17+35-LTS-2724) for windows-amd64 JRE (17+35-LTS-2724), built on Aug  5 2021 23:28:28 by "mach5one" with MS VC++ 16.8 (VS2019)

END.
