#
# A fatal error has been detected by the Java Runtime Environment:
#
#  EXCEPTION_ACCESS_VIOLATION (0xc0000005) at pc=0x00007ffaca73ed00, pid=17412, tid=10104
#
# JRE version: Java(TM) SE Runtime Environment (17.0+35) (build 17+35-LTS-2724)
# Java VM: Java HotSpot(TM) 64-Bit Server VM (17+35-LTS-2724, mixed mode, sharing, tiered, compressed oops, compressed class ptrs, g1 gc, windows-amd64)
# Problematic frame:
# C  [VkLayer_khronos_validation.dll+0x6aed00]
#
# No core dump will be written. Minidumps are not enabled by default on client versions of Windows
#
# If you would like to submit a bug report, please visit:
#   https://bugreport.java.com/bugreport/crash.jsp
# The crash happened outside the Java Virtual Machine in native code.
# See problematic frame for where to report the bug.
#

---------------  S U M M A R Y ------------

Command Line: -javaagent:C:\Users\Family\AppData\Local\JetBrains\Toolbox\apps\IDEA-C\ch-0\213.6777.52\lib\idea_rt.jar=50951:C:\Users\Family\AppData\Local\JetBrains\Toolbox\apps\IDEA-C\ch-0\213.6777.52\bin -Dfile.encoding=UTF-8 kvb.fontcreator.FontCreatorMainKt

Host: Intel(R) Core(TM) i7-7700K CPU @ 4.20GHz, 8 cores, 15G,  Windows 10 , 64 bit Build 18362 (10.0.18362.329)
Time: Tue Feb 15 19:24:28 2022 AUS Eastern Summer Time elapsed time: 1.317420 seconds (0d 0h 0m 1s)

---------------  T H R E A D  ---------------

Current thread (0x0000023afcbd79a0):  JavaThread "main" [_thread_in_native, id=10104, stack(0x0000009fda500000,0x0000009fda600000)]

Stack: [0x0000009fda500000,0x0000009fda600000],  sp=0x0000009fda5fbbc8,  free space=1006k
Native frames: (J=compiled Java code, j=interpreted, Vv=VM code, C=native code)
C  [VkLayer_khronos_validation.dll+0x6aed00]

Java frames: (J=compiled Java code, j=interpreted, Vv=VM code)
j  kvb.vulkan.Commands.createGraphicsPipelines(JJJIJJJ)I+0
j  kvb.vulkan.DeviceCommands.createGraphicsPipelines-npOuSH0(Lkvb/vulkan/PipelineCacheH;ILkvb/vulkan/GraphicsPipelineCreateInfo$Buffer;Lkvb/vulkan/AllocationCallbacks;Lkvb/core/memory/direct/DirectLongBuffer;)I+60
j  kvb.vkwrapper.handle.Device.createGraphicsPipeline-A9qLjWE(JLkvb/vkwrapper/handle/PipelineLayout;Ljava/util/Map;Lkvb/core/memory/MemStack;)Lkvb/vkwrapper/handle/Pipeline;+56
j  kvb.vkwrapper.handle.Device.createGraphicsPipeline-A9qLjWE$default(Lkvb/vkwrapper/handle/Device;JLkvb/vkwrapper/handle/PipelineLayout;Ljava/util/Map;Lkvb/core/memory/MemStack;ILjava/lang/Object;)Lkvb/vkwrapper/handle/Pipeline;+33
j  kvb.vkwrapper.builder.GraphicsPipelineBuilder.build()Lkvb/vkwrapper/handle/Pipeline;+389
j  kvb.vkwrapper.handle.Device.buildGraphicsPipeline(Lkvb/core/memory/MemStack;Lkotlin/jvm/functions/Function1;)Lkvb/vkwrapper/handle/Pipeline;+32
j  kvb.vkwrapper.handle.Device.buildGraphicsPipeline$default(Lkvb/vkwrapper/handle/Device;Lkvb/core/memory/MemStack;Lkotlin/jvm/functions/Function1;ILjava/lang/Object;)Lkvb/vkwrapper/handle/Pipeline;+16
j  kvb.fontcreator.FontCreator.<clinit>()V+584
v  ~StubRoutines::call_stub
j  kvb.fontcreator.FontCreatorMainKt.main()V+6
j  kvb.fontcreator.FontCreatorMainKt.main([Ljava/lang/String;)V+0
v  ~StubRoutines::call_stub

siginfo: EXCEPTION_ACCESS_VIOLATION (0xc0000005), reading address 0x0000000000000000


Register to memory mapping:

RIP=0x00007ffaca73ed00 VkLayer_khronos_validation.dll
RAX=0x0 is NULL
RBX=0x0 is NULL
RCX=0x0000000000000100 is an unknown value
RDX=0x0 is NULL
RSP=0x0000009fda5fbbc8 is pointing into the stack for thread: 0x0000023afcbd79a0
RBP=0x00007ffacaae2f20 VkLayer_khronos_validation.dll
RSI=0x0000009fda5fc208 is pointing into the stack for thread: 0x0000023afcbd79a0
RDI=0x0000023aa6c7ea70 points into unknown readable memory: 0x00007ffacac157c0 | c0 57 c1 ca fa 7f 00 00
R8 =0x0000000000000100 is an unknown value
R9 =0x0000009fda5fd410 is pointing into the stack for thread: 0x0000023afcbd79a0
R10=0x0 is NULL
R11=0x00007ffb191915d1 VCRUNTIME140.dll
R12=0x0000000000000018 is an unknown value
R13=0x0 is NULL
R14=0x0000009fda5fd410 is pointing into the stack for thread: 0x0000023afcbd79a0
R15=0x0000023aa6c7ea70 points into unknown readable memory: 0x00007ffacac157c0 | c0 57 c1 ca fa 7f 00 00


Registers:
RAX=0x0000000000000000, RBX=0x0000000000000000, RCX=0x0000000000000100, RDX=0x0000000000000000
RSP=0x0000009fda5fbbc8, RBP=0x00007ffacaae2f20, RSI=0x0000009fda5fc208, RDI=0x0000023aa6c7ea70
R8 =0x0000000000000100, R9 =0x0000009fda5fd410, R10=0x0000000000000000, R11=0x00007ffb191915d1
R12=0x0000000000000018, R13=0x0000000000000000, R14=0x0000009fda5fd410, R15=0x0000023aa6c7ea70
RIP=0x00007ffaca73ed00, EFLAGS=0x0000000000010206

Top of Stack: (sp=0x0000009fda5fbbc8)
0x0000009fda5fbbc8:   00007ffaca6a2973 0000009fda5fd410
0x0000009fda5fbbd8:   00007ffaca254d0a 0000023aa6d0c530
0x0000009fda5fbbe8:   0000000000000000 0000000000000000
0x0000009fda5fbbf8:   0000000000000000 fffffffffffffffe
0x0000009fda5fbc08:   00007ffafaaaaf0f fffffffffffffffe
0x0000009fda5fbc18:   0000023aa0efcb00 0000000000000033
0x0000009fda5fbc28:   00007ffacab7c140 0000009fda5fd410
0x0000009fda5fbc38:   0000f8f6ee46bf13 0000023aa0efcb00
0x0000009fda5fbc48:   0000000000000002 0000000000000000
0x0000009fda5fbc58:   0000009fda5fbd70 0000000000000060
0x0000009fda5fbc68:   00007ffaca68f430 0000000000000060
0x0000009fda5fbc78:   0000000000000002 0000000000000030
0x0000009fda5fbc88:   0000000000000000 0000000000000000
0x0000009fda5fbc98:   0000000000002778 0000000000000000
0x0000009fda5fbca8:   00007ffb1db8305d 0000009fda5fbd38
0x0000009fda5fbcb8:   0000023afcbd79a0 0000023a00000000 

Instructions: (pc=0x00007ffaca73ed00)
0x00007ffaca73ec00:   48 8b 4d df 48 ff c0 48 3d 00 10 00 00 72 3c f6
0x00007ffaca73ec10:   c1 1f 74 07 ff 15 96 7b 31 00 cc 48 8b 41 f8 48
0x00007ffaca73ec20:   3b c1 72 07 ff 15 86 7b 31 00 cc 48 2b c8 48 83
0x00007ffaca73ec30:   f9 08 73 07 ff 15 76 7b 31 00 cc 48 83 f9 27 76
0x00007ffaca73ec40:   07 ff 15 69 7b 31 00 cc 48 8b c8 e8 1c eb 23 00
0x00007ffaca73ec50:   48 8b 45 17 48 c7 45 f7 0f 00 00 00 4c 89 6d ef
0x00007ffaca73ec60:   44 88 6d df 48 83 f8 10 72 50 48 8b 4d ff 48 ff
0x00007ffaca73ec70:   c0 48 3d 00 10 00 00 72 3c f6 c1 1f 74 07 ff 15
0x00007ffaca73ec80:   2c 7b 31 00 cc 48 8b 41 f8 48 3b c1 72 07 ff 15
0x00007ffaca73ec90:   1c 7b 31 00 cc 48 2b c8 48 83 f9 08 73 07 ff 15
0x00007ffaca73eca0:   0c 7b 31 00 cc 48 83 f9 27 76 07 ff 15 ff 7a 31
0x00007ffaca73ecb0:   00 cc 48 8b c8 e8 b2 ea 23 00 48 8b 4d 1f 48 33
0x00007ffaca73ecc0:   cc e8 0a f5 23 00 48 8b 9c 24 38 01 00 00 48 81
0x00007ffaca73ecd0:   c4 f0 00 00 00 41 5f 41 5e 41 5d 41 5c 5f 5e 5d
0x00007ffaca73ece0:   c3 cc cc cc cc cc cc cc cc cc cc cc cc cc cc cc
0x00007ffaca73ecf0:   33 c0 4c 63 c1 4c 8b d2 85 c9 78 7f 0f 1f 40 00
0x00007ffaca73ed00:   42 0f b6 14 10 84 d2 74 70 49 3b c0 74 74 8d 4a
0x00007ffaca73ed10:   f6 80 f9 74 76 5b 0f b6 ca 80 e1 e0 80 f9 c0 75
0x00007ffaca73ed20:   08 41 b9 01 00 00 00 eb 21 0f b6 ca 80 e1 f0 80
0x00007ffaca73ed30:   f9 e0 75 08 41 b9 02 00 00 00 eb 0e 80 e2 f8 80
0x00007ffaca73ed40:   fa f0 75 38 41 b9 03 00 00 00 33 d2 0f 1f 40 00
0x00007ffaca73ed50:   49 3b c0 7d 1c 48 ff c0 49 3b c0 74 25 42 0f b6
0x00007ffaca73ed60:   0c 10 80 e1 c0 80 f9 80 75 12 ff c2 41 3b d1 7c
0x00007ffaca73ed70:   df 48 ff c0 49 3b c0 7e 87 33 c0 c3 b8 02 00 00
0x00007ffaca73ed80:   00 c3 b8 01 00 00 00 c3 cc cc cc cc cc cc cc cc
0x00007ffaca73ed90:   4c 8b dc 53 56 41 55 48 83 ec 60 48 8b 05 de 67
0x00007ffaca73eda0:   09 01 48 33 c4 48 89 44 24 40 45 33 c0 49 89 7b
0x00007ffaca73edb0:   18 48 8b da 4d 89 73 e0 4d 89 7b d8 49 c7 43 c0
0x00007ffaca73edc0:   0f 00 00 00 4d 89 43 b8 45 88 43 a8 44 38 01 74
0x00007ffaca73edd0:   0e 49 83 c8 ff 49 ff c0 42 80 3c 01 00 75 f6 48
0x00007ffaca73ede0:   8b d1 48 8d 4c 24 20 e8 a4 8f b1 ff 48 8b 1b 4c
0x00007ffaca73edf0:   8b 6c 24 38 4c 8b fb 4c 8b 74 24 30 48 8b 74 24 


Stack slot to memory mapping:
stack at sp + 0 slots: 0x00007ffaca6a2973 VkLayer_khronos_validation.dll
stack at sp + 1 slots: 0x0000009fda5fd410 is pointing into the stack for thread: 0x0000023afcbd79a0
stack at sp + 2 slots: 0x00007ffaca254d0a VkLayer_khronos_validation.dll
stack at sp + 3 slots: 0x0000023aa6d0c530 points into unknown readable memory: 0x0000023afcbd79a0 | a0 79 bd fc 3a 02 00 00
stack at sp + 4 slots: 0x0 is NULL
stack at sp + 5 slots: 0x0 is NULL
stack at sp + 6 slots: 0x0 is NULL
stack at sp + 7 slots: 0xfffffffffffffffe is an unknown value


---------------  P R O C E S S  ---------------

Threads class SMR info:
_java_thread_list=0x0000023affd77cf0, length=13, elements={
0x0000023afcbd79a0, 0x0000023aff21a410, 0x0000023aff21cca0, 0x0000023aff22f550,
0x0000023aff231f20, 0x0000023aff2328d0, 0x0000023aff233a20, 0x0000023aff234f50,
0x0000023aff2429a0, 0x0000023affc20090, 0x0000023aff2057f0, 0x0000023affdc6c80,
0x0000023affdc7150
}

Java Threads: ( => current thread )
=>0x0000023afcbd79a0 JavaThread "main" [_thread_in_native, id=10104, stack(0x0000009fda500000,0x0000009fda600000)]
  0x0000023aff21a410 JavaThread "Reference Handler" daemon [_thread_blocked, id=18540, stack(0x0000009fdac00000,0x0000009fdad00000)]
  0x0000023aff21cca0 JavaThread "Finalizer" daemon [_thread_blocked, id=10272, stack(0x0000009fdad00000,0x0000009fdae00000)]
  0x0000023aff22f550 JavaThread "Signal Dispatcher" daemon [_thread_blocked, id=4504, stack(0x0000009fdae00000,0x0000009fdaf00000)]
  0x0000023aff231f20 JavaThread "Attach Listener" daemon [_thread_blocked, id=2712, stack(0x0000009fdaf00000,0x0000009fdb000000)]
  0x0000023aff2328d0 JavaThread "Service Thread" daemon [_thread_blocked, id=3936, stack(0x0000009fdb000000,0x0000009fdb100000)]
  0x0000023aff233a20 JavaThread "Monitor Deflation Thread" daemon [_thread_blocked, id=2652, stack(0x0000009fdb100000,0x0000009fdb200000)]
  0x0000023aff234f50 JavaThread "C2 CompilerThread0" daemon [_thread_blocked, id=14604, stack(0x0000009fdb200000,0x0000009fdb300000)]
  0x0000023aff2429a0 JavaThread "C1 CompilerThread0" daemon [_thread_blocked, id=17456, stack(0x0000009fdb300000,0x0000009fdb400000)]
  0x0000023affc20090 JavaThread "Sweeper thread" daemon [_thread_blocked, id=7524, stack(0x0000009fdb400000,0x0000009fdb500000)]
  0x0000023aff2057f0 JavaThread "Common-Cleaner" daemon [_thread_blocked, id=12112, stack(0x0000009fdb500000,0x0000009fdb600000)]
  0x0000023affdc6c80 JavaThread "Monitor Ctrl-Break" daemon [_thread_in_native, id=4856, stack(0x0000009fdb600000,0x0000009fdb700000)]
  0x0000023affdc7150 JavaThread "Notification Thread" daemon [_thread_blocked, id=2784, stack(0x0000009fdb700000,0x0000009fdb800000)]

Other Threads:
  0x0000023aff2153d0 VMThread "VM Thread" [stack: 0x0000009fdab00000,0x0000009fdac00000] [id=208]
  0x0000023affdc7aa0 WatcherThread [stack: 0x0000009fdb800000,0x0000009fdb900000] [id=19096]
  0x0000023afcc263d0 GCTaskThread "GC Thread#0" [stack: 0x0000009fda600000,0x0000009fda700000] [id=3464]
  0x0000023afcc38270 ConcurrentGCThread "G1 Main Marker" [stack: 0x0000009fda700000,0x0000009fda800000] [id=3976]
  0x0000023afcc3a430 ConcurrentGCThread "G1 Conc#0" [stack: 0x0000009fda800000,0x0000009fda900000] [id=18896]
  0x0000023aff0e30e0 ConcurrentGCThread "G1 Refine#0" [stack: 0x0000009fda900000,0x0000009fdaa00000] [id=8672]
  0x0000023aff0e3b00 ConcurrentGCThread "G1 Service" [stack: 0x0000009fdaa00000,0x0000009fdab00000] [id=9060]

Threads with active compile tasks:

VM state: not at safepoint (normal execution)

VM Mutex/Monitor currently owned by a thread: None

Heap address: 0x0000000700a00000, size: 4086 MB, Compressed Oops mode: Zero based, Oop shift amount: 3

CDS archive(s) mapped at: [0x0000000800000000-0x0000000800bc0000-0x0000000800bc0000), size 12320768, SharedBaseAddress: 0x0000000800000000, ArchiveRelocationMode: 0.
Compressed class space mapped at: 0x0000000800c00000-0x0000000840c00000, reserved size: 1073741824
Narrow klass base: 0x0000000800000000, Narrow klass shift: 0, Narrow klass range: 0x100000000

GC Precious Log:
 CPUs: 8 total, 8 available
 Memory: 16341M
 Large Page Support: Disabled
 NUMA Support: Disabled
 Compressed Oops: Enabled (Zero based)
 Heap Region Size: 2M
 Heap Min Capacity: 8M
 Heap Initial Capacity: 256M
 Heap Max Capacity: 4086M
 Pre-touch: Disabled
 Parallel Workers: 8
 Concurrent Workers: 2
 Concurrent Refinement Workers: 8
 Periodic GC: Disabled

Heap:
 garbage-first heap   total 262144K, used 14336K [0x0000000700a00000, 0x0000000800000000)
  region size 2048K, 9 young (18432K), 0 survivors (0K)
 Metaspace       used 5542K, committed 5696K, reserved 1056768K
  class space    used 374K, committed 448K, reserved 1048576K

Heap Regions: E=young(eden), S=young(survivor), O=old, HS=humongous(starts), HC=humongous(continues), CS=collection set, F=free, OA=open archive, CA=closed archive, TAMS=top-at-mark-start (previous, next)
|   0|0x0000000700a00000, 0x0000000700a00000, 0x0000000700c00000|  0%| F|  |TAMS 0x0000000700a00000, 0x0000000700a00000| Untracked 
|   1|0x0000000700c00000, 0x0000000700c00000, 0x0000000700e00000|  0%| F|  |TAMS 0x0000000700c00000, 0x0000000700c00000| Untracked 
|   2|0x0000000700e00000, 0x0000000700e00000, 0x0000000701000000|  0%| F|  |TAMS 0x0000000700e00000, 0x0000000700e00000| Untracked 
|   3|0x0000000701000000, 0x0000000701000000, 0x0000000701200000|  0%| F|  |TAMS 0x0000000701000000, 0x0000000701000000| Untracked 
|   4|0x0000000701200000, 0x0000000701200000, 0x0000000701400000|  0%| F|  |TAMS 0x0000000701200000, 0x0000000701200000| Untracked 
|   5|0x0000000701400000, 0x0000000701400000, 0x0000000701600000|  0%| F|  |TAMS 0x0000000701400000, 0x0000000701400000| Untracked 
|   6|0x0000000701600000, 0x0000000701600000, 0x0000000701800000|  0%| F|  |TAMS 0x0000000701600000, 0x0000000701600000| Untracked 
|   7|0x0000000701800000, 0x0000000701800000, 0x0000000701a00000|  0%| F|  |TAMS 0x0000000701800000, 0x0000000701800000| Untracked 
|   8|0x0000000701a00000, 0x0000000701a00000, 0x0000000701c00000|  0%| F|  |TAMS 0x0000000701a00000, 0x0000000701a00000| Untracked 
|   9|0x0000000701c00000, 0x0000000701c00000, 0x0000000701e00000|  0%| F|  |TAMS 0x0000000701c00000, 0x0000000701c00000| Untracked 
|  10|0x0000000701e00000, 0x0000000701e00000, 0x0000000702000000|  0%| F|  |TAMS 0x0000000701e00000, 0x0000000701e00000| Untracked 
|  11|0x0000000702000000, 0x0000000702000000, 0x0000000702200000|  0%| F|  |TAMS 0x0000000702000000, 0x0000000702000000| Untracked 
|  12|0x0000000702200000, 0x0000000702200000, 0x0000000702400000|  0%| F|  |TAMS 0x0000000702200000, 0x0000000702200000| Untracked 
|  13|0x0000000702400000, 0x0000000702400000, 0x0000000702600000|  0%| F|  |TAMS 0x0000000702400000, 0x0000000702400000| Untracked 
|  14|0x0000000702600000, 0x0000000702600000, 0x0000000702800000|  0%| F|  |TAMS 0x0000000702600000, 0x0000000702600000| Untracked 
|  15|0x0000000702800000, 0x0000000702800000, 0x0000000702a00000|  0%| F|  |TAMS 0x0000000702800000, 0x0000000702800000| Untracked 
|  16|0x0000000702a00000, 0x0000000702a00000, 0x0000000702c00000|  0%| F|  |TAMS 0x0000000702a00000, 0x0000000702a00000| Untracked 
|  17|0x0000000702c00000, 0x0000000702c00000, 0x0000000702e00000|  0%| F|  |TAMS 0x0000000702c00000, 0x0000000702c00000| Untracked 
|  18|0x0000000702e00000, 0x0000000702e00000, 0x0000000703000000|  0%| F|  |TAMS 0x0000000702e00000, 0x0000000702e00000| Untracked 
|  19|0x0000000703000000, 0x0000000703000000, 0x0000000703200000|  0%| F|  |TAMS 0x0000000703000000, 0x0000000703000000| Untracked 
|  20|0x0000000703200000, 0x0000000703200000, 0x0000000703400000|  0%| F|  |TAMS 0x0000000703200000, 0x0000000703200000| Untracked 
|  21|0x0000000703400000, 0x0000000703400000, 0x0000000703600000|  0%| F|  |TAMS 0x0000000703400000, 0x0000000703400000| Untracked 
|  22|0x0000000703600000, 0x0000000703600000, 0x0000000703800000|  0%| F|  |TAMS 0x0000000703600000, 0x0000000703600000| Untracked 
|  23|0x0000000703800000, 0x0000000703800000, 0x0000000703a00000|  0%| F|  |TAMS 0x0000000703800000, 0x0000000703800000| Untracked 
|  24|0x0000000703a00000, 0x0000000703a00000, 0x0000000703c00000|  0%| F|  |TAMS 0x0000000703a00000, 0x0000000703a00000| Untracked 
|  25|0x0000000703c00000, 0x0000000703c00000, 0x0000000703e00000|  0%| F|  |TAMS 0x0000000703c00000, 0x0000000703c00000| Untracked 
|  26|0x0000000703e00000, 0x0000000703e00000, 0x0000000704000000|  0%| F|  |TAMS 0x0000000703e00000, 0x0000000703e00000| Untracked 
|  27|0x0000000704000000, 0x0000000704000000, 0x0000000704200000|  0%| F|  |TAMS 0x0000000704000000, 0x0000000704000000| Untracked 
|  28|0x0000000704200000, 0x0000000704200000, 0x0000000704400000|  0%| F|  |TAMS 0x0000000704200000, 0x0000000704200000| Untracked 
|  29|0x0000000704400000, 0x0000000704400000, 0x0000000704600000|  0%| F|  |TAMS 0x0000000704400000, 0x0000000704400000| Untracked 
|  30|0x0000000704600000, 0x0000000704600000, 0x0000000704800000|  0%| F|  |TAMS 0x0000000704600000, 0x0000000704600000| Untracked 
|  31|0x0000000704800000, 0x0000000704800000, 0x0000000704a00000|  0%| F|  |TAMS 0x0000000704800000, 0x0000000704800000| Untracked 
|  32|0x0000000704a00000, 0x0000000704a00000, 0x0000000704c00000|  0%| F|  |TAMS 0x0000000704a00000, 0x0000000704a00000| Untracked 
|  33|0x0000000704c00000, 0x0000000704c00000, 0x0000000704e00000|  0%| F|  |TAMS 0x0000000704c00000, 0x0000000704c00000| Untracked 
|  34|0x0000000704e00000, 0x0000000704e00000, 0x0000000705000000|  0%| F|  |TAMS 0x0000000704e00000, 0x0000000704e00000| Untracked 
|  35|0x0000000705000000, 0x0000000705000000, 0x0000000705200000|  0%| F|  |TAMS 0x0000000705000000, 0x0000000705000000| Untracked 
|  36|0x0000000705200000, 0x0000000705200000, 0x0000000705400000|  0%| F|  |TAMS 0x0000000705200000, 0x0000000705200000| Untracked 
|  37|0x0000000705400000, 0x0000000705400000, 0x0000000705600000|  0%| F|  |TAMS 0x0000000705400000, 0x0000000705400000| Untracked 
|  38|0x0000000705600000, 0x0000000705600000, 0x0000000705800000|  0%| F|  |TAMS 0x0000000705600000, 0x0000000705600000| Untracked 
|  39|0x0000000705800000, 0x0000000705800000, 0x0000000705a00000|  0%| F|  |TAMS 0x0000000705800000, 0x0000000705800000| Untracked 
|  40|0x0000000705a00000, 0x0000000705a00000, 0x0000000705c00000|  0%| F|  |TAMS 0x0000000705a00000, 0x0000000705a00000| Untracked 
|  41|0x0000000705c00000, 0x0000000705c00000, 0x0000000705e00000|  0%| F|  |TAMS 0x0000000705c00000, 0x0000000705c00000| Untracked 
|  42|0x0000000705e00000, 0x0000000705e00000, 0x0000000706000000|  0%| F|  |TAMS 0x0000000705e00000, 0x0000000705e00000| Untracked 
|  43|0x0000000706000000, 0x0000000706000000, 0x0000000706200000|  0%| F|  |TAMS 0x0000000706000000, 0x0000000706000000| Untracked 
|  44|0x0000000706200000, 0x0000000706200000, 0x0000000706400000|  0%| F|  |TAMS 0x0000000706200000, 0x0000000706200000| Untracked 
|  45|0x0000000706400000, 0x0000000706400000, 0x0000000706600000|  0%| F|  |TAMS 0x0000000706400000, 0x0000000706400000| Untracked 
|  46|0x0000000706600000, 0x0000000706600000, 0x0000000706800000|  0%| F|  |TAMS 0x0000000706600000, 0x0000000706600000| Untracked 
|  47|0x0000000706800000, 0x0000000706800000, 0x0000000706a00000|  0%| F|  |TAMS 0x0000000706800000, 0x0000000706800000| Untracked 
|  48|0x0000000706a00000, 0x0000000706a00000, 0x0000000706c00000|  0%| F|  |TAMS 0x0000000706a00000, 0x0000000706a00000| Untracked 
|  49|0x0000000706c00000, 0x0000000706c00000, 0x0000000706e00000|  0%| F|  |TAMS 0x0000000706c00000, 0x0000000706c00000| Untracked 
|  50|0x0000000706e00000, 0x0000000706e00000, 0x0000000707000000|  0%| F|  |TAMS 0x0000000706e00000, 0x0000000706e00000| Untracked 
|  51|0x0000000707000000, 0x0000000707000000, 0x0000000707200000|  0%| F|  |TAMS 0x0000000707000000, 0x0000000707000000| Untracked 
|  52|0x0000000707200000, 0x0000000707200000, 0x0000000707400000|  0%| F|  |TAMS 0x0000000707200000, 0x0000000707200000| Untracked 
|  53|0x0000000707400000, 0x0000000707400000, 0x0000000707600000|  0%| F|  |TAMS 0x0000000707400000, 0x0000000707400000| Untracked 
|  54|0x0000000707600000, 0x0000000707600000, 0x0000000707800000|  0%| F|  |TAMS 0x0000000707600000, 0x0000000707600000| Untracked 
|  55|0x0000000707800000, 0x0000000707800000, 0x0000000707a00000|  0%| F|  |TAMS 0x0000000707800000, 0x0000000707800000| Untracked 
|  56|0x0000000707a00000, 0x0000000707a00000, 0x0000000707c00000|  0%| F|  |TAMS 0x0000000707a00000, 0x0000000707a00000| Untracked 
|  57|0x0000000707c00000, 0x0000000707c00000, 0x0000000707e00000|  0%| F|  |TAMS 0x0000000707c00000, 0x0000000707c00000| Untracked 
|  58|0x0000000707e00000, 0x0000000707e00000, 0x0000000708000000|  0%| F|  |TAMS 0x0000000707e00000, 0x0000000707e00000| Untracked 
|  59|0x0000000708000000, 0x0000000708000000, 0x0000000708200000|  0%| F|  |TAMS 0x0000000708000000, 0x0000000708000000| Untracked 
|  60|0x0000000708200000, 0x0000000708200000, 0x0000000708400000|  0%| F|  |TAMS 0x0000000708200000, 0x0000000708200000| Untracked 
|  61|0x0000000708400000, 0x0000000708400000, 0x0000000708600000|  0%| F|  |TAMS 0x0000000708400000, 0x0000000708400000| Untracked 
|  62|0x0000000708600000, 0x0000000708600000, 0x0000000708800000|  0%| F|  |TAMS 0x0000000708600000, 0x0000000708600000| Untracked 
|  63|0x0000000708800000, 0x0000000708800000, 0x0000000708a00000|  0%| F|  |TAMS 0x0000000708800000, 0x0000000708800000| Untracked 
|  64|0x0000000708a00000, 0x0000000708a00000, 0x0000000708c00000|  0%| F|  |TAMS 0x0000000708a00000, 0x0000000708a00000| Untracked 
|  65|0x0000000708c00000, 0x0000000708c00000, 0x0000000708e00000|  0%| F|  |TAMS 0x0000000708c00000, 0x0000000708c00000| Untracked 
|  66|0x0000000708e00000, 0x0000000708e00000, 0x0000000709000000|  0%| F|  |TAMS 0x0000000708e00000, 0x0000000708e00000| Untracked 
|  67|0x0000000709000000, 0x0000000709000000, 0x0000000709200000|  0%| F|  |TAMS 0x0000000709000000, 0x0000000709000000| Untracked 
|  68|0x0000000709200000, 0x0000000709200000, 0x0000000709400000|  0%| F|  |TAMS 0x0000000709200000, 0x0000000709200000| Untracked 
|  69|0x0000000709400000, 0x0000000709400000, 0x0000000709600000|  0%| F|  |TAMS 0x0000000709400000, 0x0000000709400000| Untracked 
|  70|0x0000000709600000, 0x0000000709600000, 0x0000000709800000|  0%| F|  |TAMS 0x0000000709600000, 0x0000000709600000| Untracked 
|  71|0x0000000709800000, 0x0000000709800000, 0x0000000709a00000|  0%| F|  |TAMS 0x0000000709800000, 0x0000000709800000| Untracked 
|  72|0x0000000709a00000, 0x0000000709a00000, 0x0000000709c00000|  0%| F|  |TAMS 0x0000000709a00000, 0x0000000709a00000| Untracked 
|  73|0x0000000709c00000, 0x0000000709c00000, 0x0000000709e00000|  0%| F|  |TAMS 0x0000000709c00000, 0x0000000709c00000| Untracked 
|  74|0x0000000709e00000, 0x0000000709e00000, 0x000000070a000000|  0%| F|  |TAMS 0x0000000709e00000, 0x0000000709e00000| Untracked 
|  75|0x000000070a000000, 0x000000070a000000, 0x000000070a200000|  0%| F|  |TAMS 0x000000070a000000, 0x000000070a000000| Untracked 
|  76|0x000000070a200000, 0x000000070a200000, 0x000000070a400000|  0%| F|  |TAMS 0x000000070a200000, 0x000000070a200000| Untracked 
|  77|0x000000070a400000, 0x000000070a400000, 0x000000070a600000|  0%| F|  |TAMS 0x000000070a400000, 0x000000070a400000| Untracked 
|  78|0x000000070a600000, 0x000000070a600000, 0x000000070a800000|  0%| F|  |TAMS 0x000000070a600000, 0x000000070a600000| Untracked 
|  79|0x000000070a800000, 0x000000070a800000, 0x000000070aa00000|  0%| F|  |TAMS 0x000000070a800000, 0x000000070a800000| Untracked 
|  80|0x000000070aa00000, 0x000000070aa00000, 0x000000070ac00000|  0%| F|  |TAMS 0x000000070aa00000, 0x000000070aa00000| Untracked 
|  81|0x000000070ac00000, 0x000000070ac00000, 0x000000070ae00000|  0%| F|  |TAMS 0x000000070ac00000, 0x000000070ac00000| Untracked 
|  82|0x000000070ae00000, 0x000000070ae00000, 0x000000070b000000|  0%| F|  |TAMS 0x000000070ae00000, 0x000000070ae00000| Untracked 
|  83|0x000000070b000000, 0x000000070b000000, 0x000000070b200000|  0%| F|  |TAMS 0x000000070b000000, 0x000000070b000000| Untracked 
|  84|0x000000070b200000, 0x000000070b200000, 0x000000070b400000|  0%| F|  |TAMS 0x000000070b200000, 0x000000070b200000| Untracked 
|  85|0x000000070b400000, 0x000000070b400000, 0x000000070b600000|  0%| F|  |TAMS 0x000000070b400000, 0x000000070b400000| Untracked 
|  86|0x000000070b600000, 0x000000070b600000, 0x000000070b800000|  0%| F|  |TAMS 0x000000070b600000, 0x000000070b600000| Untracked 
|  87|0x000000070b800000, 0x000000070b800000, 0x000000070ba00000|  0%| F|  |TAMS 0x000000070b800000, 0x000000070b800000| Untracked 
|  88|0x000000070ba00000, 0x000000070ba00000, 0x000000070bc00000|  0%| F|  |TAMS 0x000000070ba00000, 0x000000070ba00000| Untracked 
|  89|0x000000070bc00000, 0x000000070bc00000, 0x000000070be00000|  0%| F|  |TAMS 0x000000070bc00000, 0x000000070bc00000| Untracked 
|  90|0x000000070be00000, 0x000000070be00000, 0x000000070c000000|  0%| F|  |TAMS 0x000000070be00000, 0x000000070be00000| Untracked 
|  91|0x000000070c000000, 0x000000070c000000, 0x000000070c200000|  0%| F|  |TAMS 0x000000070c000000, 0x000000070c000000| Untracked 
|  92|0x000000070c200000, 0x000000070c200000, 0x000000070c400000|  0%| F|  |TAMS 0x000000070c200000, 0x000000070c200000| Untracked 
|  93|0x000000070c400000, 0x000000070c400000, 0x000000070c600000|  0%| F|  |TAMS 0x000000070c400000, 0x000000070c400000| Untracked 
|  94|0x000000070c600000, 0x000000070c600000, 0x000000070c800000|  0%| F|  |TAMS 0x000000070c600000, 0x000000070c600000| Untracked 
|  95|0x000000070c800000, 0x000000070c800000, 0x000000070ca00000|  0%| F|  |TAMS 0x000000070c800000, 0x000000070c800000| Untracked 
|  96|0x000000070ca00000, 0x000000070ca00000, 0x000000070cc00000|  0%| F|  |TAMS 0x000000070ca00000, 0x000000070ca00000| Untracked 
|  97|0x000000070cc00000, 0x000000070cc00000, 0x000000070ce00000|  0%| F|  |TAMS 0x000000070cc00000, 0x000000070cc00000| Untracked 
|  98|0x000000070ce00000, 0x000000070ce00000, 0x000000070d000000|  0%| F|  |TAMS 0x000000070ce00000, 0x000000070ce00000| Untracked 
|  99|0x000000070d000000, 0x000000070d000000, 0x000000070d200000|  0%| F|  |TAMS 0x000000070d000000, 0x000000070d000000| Untracked 
| 100|0x000000070d200000, 0x000000070d200000, 0x000000070d400000|  0%| F|  |TAMS 0x000000070d200000, 0x000000070d200000| Untracked 
| 101|0x000000070d400000, 0x000000070d400000, 0x000000070d600000|  0%| F|  |TAMS 0x000000070d400000, 0x000000070d400000| Untracked 
| 102|0x000000070d600000, 0x000000070d600000, 0x000000070d800000|  0%| F|  |TAMS 0x000000070d600000, 0x000000070d600000| Untracked 
| 103|0x000000070d800000, 0x000000070d800000, 0x000000070da00000|  0%| F|  |TAMS 0x000000070d800000, 0x000000070d800000| Untracked 
| 104|0x000000070da00000, 0x000000070da00000, 0x000000070dc00000|  0%| F|  |TAMS 0x000000070da00000, 0x000000070da00000| Untracked 
| 105|0x000000070dc00000, 0x000000070dc00000, 0x000000070de00000|  0%| F|  |TAMS 0x000000070dc00000, 0x000000070dc00000| Untracked 
| 106|0x000000070de00000, 0x000000070de00000, 0x000000070e000000|  0%| F|  |TAMS 0x000000070de00000, 0x000000070de00000| Untracked 
| 107|0x000000070e000000, 0x000000070e000000, 0x000000070e200000|  0%| F|  |TAMS 0x000000070e000000, 0x000000070e000000| Untracked 
| 108|0x000000070e200000, 0x000000070e200000, 0x000000070e400000|  0%| F|  |TAMS 0x000000070e200000, 0x000000070e200000| Untracked 
| 109|0x000000070e400000, 0x000000070e400000, 0x000000070e600000|  0%| F|  |TAMS 0x000000070e400000, 0x000000070e400000| Untracked 
| 110|0x000000070e600000, 0x000000070e600000, 0x000000070e800000|  0%| F|  |TAMS 0x000000070e600000, 0x000000070e600000| Untracked 
| 111|0x000000070e800000, 0x000000070e800000, 0x000000070ea00000|  0%| F|  |TAMS 0x000000070e800000, 0x000000070e800000| Untracked 
| 112|0x000000070ea00000, 0x000000070ea00000, 0x000000070ec00000|  0%| F|  |TAMS 0x000000070ea00000, 0x000000070ea00000| Untracked 
| 113|0x000000070ec00000, 0x000000070ec00000, 0x000000070ee00000|  0%| F|  |TAMS 0x000000070ec00000, 0x000000070ec00000| Untracked 
| 114|0x000000070ee00000, 0x000000070ee00000, 0x000000070f000000|  0%| F|  |TAMS 0x000000070ee00000, 0x000000070ee00000| Untracked 
| 115|0x000000070f000000, 0x000000070f000000, 0x000000070f200000|  0%| F|  |TAMS 0x000000070f000000, 0x000000070f000000| Untracked 
| 116|0x000000070f200000, 0x000000070f200000, 0x000000070f400000|  0%| F|  |TAMS 0x000000070f200000, 0x000000070f200000| Untracked 
| 117|0x000000070f400000, 0x000000070f400000, 0x000000070f600000|  0%| F|  |TAMS 0x000000070f400000, 0x000000070f400000| Untracked 
| 118|0x000000070f600000, 0x000000070f600000, 0x000000070f800000|  0%| F|  |TAMS 0x000000070f600000, 0x000000070f600000| Untracked 
| 119|0x000000070f800000, 0x000000070f8712e8, 0x000000070fa00000| 22%| E|  |TAMS 0x000000070f800000, 0x000000070f800000| Complete 
| 120|0x000000070fa00000, 0x000000070fc00000, 0x000000070fc00000|100%| E|CS|TAMS 0x000000070fa00000, 0x000000070fa00000| Complete 
| 121|0x000000070fc00000, 0x000000070fe00000, 0x000000070fe00000|100%| E|CS|TAMS 0x000000070fc00000, 0x000000070fc00000| Complete 
| 122|0x000000070fe00000, 0x0000000710000000, 0x0000000710000000|100%| E|CS|TAMS 0x000000070fe00000, 0x000000070fe00000| Complete 
| 123|0x0000000710000000, 0x0000000710200000, 0x0000000710200000|100%| E|CS|TAMS 0x0000000710000000, 0x0000000710000000| Complete 
| 124|0x0000000710200000, 0x0000000710400000, 0x0000000710400000|100%| E|CS|TAMS 0x0000000710200000, 0x0000000710200000| Complete 
| 125|0x0000000710400000, 0x0000000710600000, 0x0000000710600000|100%| E|CS|TAMS 0x0000000710400000, 0x0000000710400000| Complete 
| 126|0x0000000710600000, 0x0000000710800000, 0x0000000710800000|100%| E|  |TAMS 0x0000000710600000, 0x0000000710600000| Complete 
| 127|0x0000000710800000, 0x0000000710a00000, 0x0000000710a00000|100%| E|CS|TAMS 0x0000000710800000, 0x0000000710800000| Complete 

Card table byte_map: [0x0000023afd7d0000,0x0000023afdfd0000] _byte_map_base: 0x0000023af9fcb000

Marking Bits (Prev, Next): (CMBitMap*) 0x0000023afcc279f0, (CMBitMap*) 0x0000023afcc27a30
 Prev Bits: [0x0000023a96730000, 0x0000023a9a708000)
 Next Bits: [0x0000023a9a710000, 0x0000023a9e6e8000)

Polling page: 0x0000023afaaa0000

Metaspace:

Usage:
  Non-class:      5.05 MB used.
      Class:    374.63 KB used.
       Both:      5.41 MB used.

Virtual space:
  Non-class space:        8.00 MB reserved,       5.13 MB ( 64%) committed,  1 nodes.
      Class space:        1.00 GB reserved,     448.00 KB ( <1%) committed,  1 nodes.
             Both:        1.01 GB reserved,       5.56 MB ( <1%) committed. 

Chunk freelists:
   Non-Class:  448.00 KB
       Class:  3.50 MB
        Both:  3.94 MB

MaxMetaspaceSize: unlimited
CompressedClassSpaceSize: 1.00 GB
Initial GC threshold: 21.00 MB
Current GC threshold: 21.00 MB
CDS: on
MetaspaceReclaimPolicy: balanced
 - commit_granule_bytes: 65536.
 - commit_granule_words: 8192.
 - virtual_space_node_default_size: 1048576.
 - enlarge_chunks_in_place: 1.
 - new_chunks_are_fully_committed: 0.
 - uncommit_free_chunks: 1.
 - use_allocation_guard: 0.
 - handle_deallocations: 1.


Internal statistics:

num_allocs_failed_limit: 0.
num_arena_births: 54.
num_arena_deaths: 0.
num_vsnodes_births: 2.
num_vsnodes_deaths: 0.
num_space_committed: 89.
num_space_uncommitted: 0.
num_chunks_returned_to_freelist: 0.
num_chunks_taken_from_freelist: 203.
num_chunk_merges: 0.
num_chunk_splits: 159.
num_chunks_enlarged: 129.
num_purges: 0.
num_inconsistent_stats: 0.

CodeHeap 'non-profiled nmethods': size=120000Kb used=205Kb max_used=205Kb free=119794Kb
 bounds [0x0000023a8f200000, 0x0000023a8f470000, 0x0000023a96730000]
CodeHeap 'profiled nmethods': size=120000Kb used=1042Kb max_used=1042Kb free=118957Kb
 bounds [0x0000023a87cd0000, 0x0000023a87f40000, 0x0000023a8f200000]
CodeHeap 'non-nmethods': size=5760Kb used=1271Kb max_used=1273Kb free=4488Kb
 bounds [0x0000023a87730000, 0x0000023a879a0000, 0x0000023a87cd0000]
 total_blobs=1204 nmethods=615 adapters=502
 compilation: enabled
              stopped_count=0, restarted_count=0
 full_count=0

Compilation events (20 events):
Event: 1.278 Thread 0x0000023aff2429a0  605       3       sun.misc.Unsafe::getInt (8 bytes)
Event: 1.278 Thread 0x0000023aff2429a0 nmethod 605 0x0000023a87dcc110 code [0x0000023a87dcc2a0, 0x0000023a87dcc418]
Event: 1.285 Thread 0x0000023aff2429a0  606       3       java.lang.ClassLoader::preDefineClass (118 bytes)
Event: 1.286 Thread 0x0000023aff2429a0 nmethod 606 0x0000023a87dcc510 code [0x0000023a87dcc880, 0x0000023a87dcdb18]
Event: 1.286 Thread 0x0000023aff2429a0  607       3       java.lang.ClassLoader::checkCerts (121 bytes)
Event: 1.286 Thread 0x0000023aff2429a0 nmethod 607 0x0000023a87dce210 code [0x0000023a87dce500, 0x0000023a87dcf328]
Event: 1.287 Thread 0x0000023aff2429a0  608       3       java.lang.ClassLoader::defineClassSourceLocation (28 bytes)
Event: 1.287 Thread 0x0000023aff2429a0 nmethod 608 0x0000023a87dcf890 code [0x0000023a87dcfa60, 0x0000023a87dcfde8]
Event: 1.287 Thread 0x0000023aff2429a0  609   !   3       java.lang.ClassLoader::addClass (27 bytes)
Event: 1.287 Thread 0x0000023aff2429a0 nmethod 609 0x0000023a87dcff90 code [0x0000023a87dd0160, 0x0000023a87dd0748]
Event: 1.287 Thread 0x0000023aff2429a0  610       3       java.lang.ClassLoader::postDefineClass (39 bytes)
Event: 1.287 Thread 0x0000023aff2429a0 nmethod 610 0x0000023a87dd0a90 code [0x0000023a87dd0c80, 0x0000023a87dd0f98]
Event: 1.287 Thread 0x0000023aff2429a0  611       3       java.lang.ClassLoader::getNamedPackage (73 bytes)
Event: 1.287 Thread 0x0000023aff2429a0 nmethod 611 0x0000023a87dd1110 code [0x0000023a87dd1300, 0x0000023a87dd1868]
Event: 1.287 Thread 0x0000023aff2429a0  612       3       jdk.internal.loader.BuiltinClassLoader::getAndVerifyPackage (113 bytes)
Event: 1.288 Thread 0x0000023aff2429a0 nmethod 612 0x0000023a87dd1a90 code [0x0000023a87dd1e00, 0x0000023a87dd2f68]
Event: 1.288 Thread 0x0000023aff2429a0  613       3       java.lang.ClassLoader::getDefinedPackage (36 bytes)
Event: 1.288 Thread 0x0000023aff2429a0 nmethod 613 0x0000023a87dd3590 code [0x0000023a87dd3780, 0x0000023a87dd3d08]
Event: 1.288 Thread 0x0000023aff2429a0  614       3       java.lang.ClassLoader::defineClass (43 bytes)
Event: 1.288 Thread 0x0000023aff2429a0 nmethod 614 0x0000023a87dd3f10 code [0x0000023a87dd4100, 0x0000023a87dd4618]

GC Heap History (0 events):
No events

Deoptimization events (20 events):
Event: 0.955 Thread 0x0000023afcbd79a0 DEOPT PACKING pc=0x0000023a87d0b77e sp=0x0000009fda5fcd80
Event: 0.955 Thread 0x0000023afcbd79a0 DEOPT UNPACKING pc=0x0000023a87782b43 sp=0x0000009fda5fc1f0 mode 0
Event: 1.111 Thread 0x0000023aff231f20 Uncommon trap: trap_request=0xffffff45 fr.pc=0x0000023a8f2144e8 relative=0x00000000000003c8
Event: 1.111 Thread 0x0000023aff231f20 Uncommon trap: reason=unstable_if action=reinterpret pc=0x0000023a8f2144e8 method=java.lang.StringLatin1.indexOf([BI[BII)I @ 91 c2
Event: 1.111 Thread 0x0000023aff231f20 DEOPT PACKING pc=0x0000023a8f2144e8 sp=0x0000009fdaffe320
Event: 1.111 Thread 0x0000023aff231f20 DEOPT UNPACKING pc=0x0000023a877823a3 sp=0x0000009fdaffe280 mode 2
Event: 1.113 Thread 0x0000023afcbd79a0 DEOPT PACKING pc=0x0000023a87da3be5 sp=0x0000009fda5fcae0
Event: 1.113 Thread 0x0000023afcbd79a0 DEOPT UNPACKING pc=0x0000023a87782b43 sp=0x0000009fda5fbf30 mode 0
Event: 1.117 Thread 0x0000023afcbd79a0 DEOPT PACKING pc=0x0000023a87da3c43 sp=0x0000009fda5fcb80
Event: 1.117 Thread 0x0000023afcbd79a0 DEOPT UNPACKING pc=0x0000023a87782b43 sp=0x0000009fda5fbfd0 mode 0
Event: 1.121 Thread 0x0000023afcbd79a0 DEOPT PACKING pc=0x0000023a87da3c43 sp=0x0000009fda5fb7a0
Event: 1.121 Thread 0x0000023afcbd79a0 DEOPT UNPACKING pc=0x0000023a87782b43 sp=0x0000009fda5fabf0 mode 0
Event: 1.123 Thread 0x0000023afcbd79a0 DEOPT PACKING pc=0x0000023a87da3be5 sp=0x0000009fda5f85d0
Event: 1.123 Thread 0x0000023afcbd79a0 DEOPT UNPACKING pc=0x0000023a87782b43 sp=0x0000009fda5f7a20 mode 0
Event: 1.124 Thread 0x0000023afcbd79a0 DEOPT PACKING pc=0x0000023a87da3be5 sp=0x0000009fda5f8810
Event: 1.124 Thread 0x0000023afcbd79a0 DEOPT UNPACKING pc=0x0000023a87782b43 sp=0x0000009fda5f7c60 mode 0
Event: 1.125 Thread 0x0000023afcbd79a0 DEOPT PACKING pc=0x0000023a87da3be5 sp=0x0000009fda5fc780
Event: 1.125 Thread 0x0000023afcbd79a0 DEOPT UNPACKING pc=0x0000023a87782b43 sp=0x0000009fda5fbbd0 mode 0
Event: 1.129 Thread 0x0000023afcbd79a0 DEOPT PACKING pc=0x0000023a87da3be5 sp=0x0000009fda5fcfb0
Event: 1.129 Thread 0x0000023afcbd79a0 DEOPT UNPACKING pc=0x0000023a87782b43 sp=0x0000009fda5fc400 mode 0

Classes unloaded (0 events):
No events

Classes redefined (0 events):
No events

Internal exceptions (11 events):
Event: 0.063 Thread 0x0000023affdc6c80 Exception <a 'java/lang/NoSuchMethodError'{0x0000000710675640}: 'java.lang.Object java.lang.invoke.DirectMethodHandle$Holder.invokeStaticInit(java.lang.Object)'> (0x0000000710675640) 
thrown [t:\workspace\open\src\hotspot\share\interpreter\linkResolver.cpp, line 766]
Event: 0.068 Thread 0x0000023affdc6c80 Exception <a 'java/lang/NoSuchMethodError'{0x0000000710683300}: 'void java.lang.invoke.DirectMethodHandle$Holder.invokeStatic(java.lang.Object, java.lang.Object)'> (0x0000000710683300) 
thrown [t:\workspace\open\src\hotspot\share\interpreter\linkResolver.cpp, line 766]
Event: 0.103 Thread 0x0000023afcbd79a0 Exception <a 'sun/nio/fs/WindowsException'{0x0000000710303e28}> (0x0000000710303e28) 
thrown [t:\workspace\open\src\hotspot\share\prims\jni.cpp, line 516]
Event: 0.105 Thread 0x0000023afcbd79a0 Exception <a 'java/lang/NoSuchMethodError'{0x00000007103078e8}: 'void java.lang.invoke.DirectMethodHandle$Holder.invokeVirtual(java.lang.Object, java.lang.Object)'> (0x00000007103078e8) 
thrown [t:\workspace\open\src\hotspot\share\interpreter\linkResolver.cpp, line 766]
Event: 0.105 Thread 0x0000023afcbd79a0 Exception <a 'java/lang/NoSuchMethodError'{0x0000000710310128}: 'void java.lang.invoke.DirectMethodHandle$Holder.invokeStatic(java.lang.Object, java.lang.Object, java.lang.Object)'> (0x0000000710310128) 
thrown [t:\workspace\open\src\hotspot\share\interpreter\linkResolver.cpp, line 766]
Event: 0.106 Thread 0x0000023afcbd79a0 Exception <a 'java/lang/NoSuchMethodError'{0x00000007103138d0}: 'void java.lang.invoke.DirectMethodHandle$Holder.invokeStaticInit(java.lang.Object, java.lang.Object, java.lang.Object)'> (0x00000007103138d0) 
thrown [t:\workspace\open\src\hotspot\share\interpreter\linkResolver.cpp, line 766]
Event: 0.131 Thread 0x0000023afcbd79a0 Exception <a 'java/lang/NoSuchMethodError'{0x00000007103d52f8}: 'void java.lang.invoke.DirectMethodHandle$Holder.invokeStatic(java.lang.Object, long)'> (0x00000007103d52f8) 
thrown [t:\workspace\open\src\hotspot\share\interpreter\linkResolver.cpp, line 766]
Event: 0.132 Thread 0x0000023afcbd79a0 Exception <a 'java/lang/NoSuchMethodError'{0x00000007103da7a8}: 'java.lang.Object java.lang.invoke.DirectMethodHandle$Holder.newInvokeSpecial(java.lang.Object, long)'> (0x00000007103da7a8) 
thrown [t:\workspace\open\src\hotspot\share\interpreter\linkResolver.cpp, line 766]
Event: 0.133 Thread 0x0000023afcbd79a0 Exception <a 'java/lang/NoSuchMethodError'{0x00000007103e5d20}: 'java.lang.Object java.lang.invoke.DirectMethodHandle$Holder.invokeStaticInit(java.lang.Object, java.lang.Object, long, java.lang.Object)'> (0x00000007103e5d20) 
thrown [t:\workspace\open\src\hotspot\share\interpreter\linkResolver.cpp, line 766]
Event: 0.133 Thread 0x0000023afcbd79a0 Exception <a 'java/lang/NoSuchMethodError'{0x00000007103ec0b0}: 'java.lang.Object java.lang.invoke.DirectMethodHandle$Holder.newInvokeSpecial(java.lang.Object, java.lang.Object, long)'> (0x00000007103ec0b0) 
thrown [t:\workspace\open\src\hotspot\share\interpreter\linkResolver.cpp, line 766]
Event: 0.134 Thread 0x0000023afcbd79a0 Exception <a 'java/lang/NoSuchMethodError'{0x00000007103efc20}: 'java.lang.Object java.lang.invoke.Invokers$Holder.linkToTargetMethod(java.lang.Object, long, java.lang.Object)'> (0x00000007103efc20) 
thrown [t:\workspace\open\src\hotspot\share\interpreter\linkResolver.cpp, line 766]

VM Operations (8 events):
Event: 0.034 Executing VM operation: HandshakeAllThreads
Event: 0.034 Executing VM operation: HandshakeAllThreads done
Event: 0.062 Executing VM operation: HandshakeAllThreads
Event: 0.062 Executing VM operation: HandshakeAllThreads done
Event: 0.129 Executing VM operation: HandshakeAllThreads
Event: 0.129 Executing VM operation: HandshakeAllThreads done
Event: 1.129 Executing VM operation: Cleanup
Event: 1.129 Executing VM operation: Cleanup done

Events (20 events):
Event: 1.114 loading class sun/util/resources/TimeZoneNames
Event: 1.114 loading class sun/util/resources/TimeZoneNames done
Event: 1.114 loading class sun/util/resources/TimeZoneNames_en
Event: 1.114 loading class sun/util/resources/TimeZoneNames_en done
Event: 1.158 loading class java/util/LinkedHashMap$LinkedValues
Event: 1.158 loading class java/util/LinkedHashMap$LinkedValues done
Event: 1.160 loading class java/util/LinkedHashMap$LinkedValueIterator
Event: 1.160 loading class java/util/LinkedHashMap$LinkedValueIterator done
Event: 1.164 loading class java/util/stream/StreamSpliterators$WrappingSpliterator
Event: 1.164 loading class java/util/stream/StreamSpliterators$AbstractWrappingSpliterator
Event: 1.164 loading class java/util/stream/StreamSpliterators$AbstractWrappingSpliterator done
Event: 1.164 loading class java/util/stream/StreamSpliterators$WrappingSpliterator done
Event: 1.164 loading class java/util/stream/SpinedBuffer
Event: 1.164 loading class java/util/stream/AbstractSpinedBuffer
Event: 1.164 loading class java/util/stream/AbstractSpinedBuffer done
Event: 1.164 loading class java/util/stream/SpinedBuffer done
Event: 1.165 loading class java/util/stream/StreamSpliterators
Event: 1.165 loading class java/util/stream/StreamSpliterators done
Event: 1.165 loading class java/util/function/BooleanSupplier
Event: 1.165 loading class java/util/function/BooleanSupplier done


Dynamic libraries:
0x00007ff679420000 - 0x00007ff679430000 	C:\Program Files\Java\jdk-17\bin\java.exe
0x00007ffb1ff40000 - 0x00007ffb20130000 	C:\WINDOWS\SYSTEM32\ntdll.dll
0x00007ffb1ef30000 - 0x00007ffb1efe2000 	C:\WINDOWS\System32\KERNEL32.DLL
0x00007ffb1db20000 - 0x00007ffb1ddc3000 	C:\WINDOWS\System32\KERNELBASE.dll
0x00007ffb1da20000 - 0x00007ffb1db1a000 	C:\WINDOWS\System32\ucrtbase.dll
0x00007ffb19a80000 - 0x00007ffb19a98000 	C:\Program Files\Java\jdk-17\bin\jli.dll
0x00007ffb19190000 - 0x00007ffb191aa000 	C:\Program Files\Java\jdk-17\bin\VCRUNTIME140.dll
0x00007ffb1fce0000 - 0x00007ffb1fd83000 	C:\WINDOWS\System32\ADVAPI32.dll
0x00007ffb1fad0000 - 0x00007ffb1fb6e000 	C:\WINDOWS\System32\msvcrt.dll
0x00007ffb1fe60000 - 0x00007ffb1fef7000 	C:\WINDOWS\System32\sechost.dll
0x00007ffb1ed60000 - 0x00007ffb1ee80000 	C:\WINDOWS\System32\RPCRT4.dll
0x00007ffb1f150000 - 0x00007ffb1f2e4000 	C:\WINDOWS\System32\USER32.dll
0x00007ffb0e790000 - 0x00007ffb0ea15000 	C:\WINDOWS\WinSxS\amd64_microsoft.windows.common-controls_6595b64144ccf1df_6.0.18362.657_none_e6c5b579130e3898\COMCTL32.dll
0x00007ffb1d040000 - 0x00007ffb1d061000 	C:\WINDOWS\System32\win32u.dll
0x00007ffb1f3f0000 - 0x00007ffb1f726000 	C:\WINDOWS\System32\combase.dll
0x00007ffb1f0a0000 - 0x00007ffb1f0c6000 	C:\WINDOWS\System32\GDI32.dll
0x00007ffb1de50000 - 0x00007ffb1dfe4000 	C:\WINDOWS\System32\gdi32full.dll
0x00007ffb1ddd0000 - 0x00007ffb1de50000 	C:\WINDOWS\System32\bcryptPrimitives.dll
0x00007ffb1cfa0000 - 0x00007ffb1d03e000 	C:\WINDOWS\System32\msvcp_win.dll
0x00007ffb17b80000 - 0x00007ffb17b8a000 	C:\WINDOWS\SYSTEM32\VERSION.dll
0x00007ffb1eef0000 - 0x00007ffb1ef1e000 	C:\WINDOWS\System32\IMM32.DLL
0x00007ffb19a70000 - 0x00007ffb19a7c000 	C:\Program Files\Java\jdk-17\bin\vcruntime140_1.dll
0x00007ffafaaa0000 - 0x00007ffafab2d000 	C:\Program Files\Java\jdk-17\bin\msvcp140.dll
0x00007ffaceb50000 - 0x00007ffacf70e000 	C:\Program Files\Java\jdk-17\bin\server\jvm.dll
0x00007ffb1ef20000 - 0x00007ffb1ef28000 	C:\WINDOWS\System32\PSAPI.DLL
0x00007ffb19560000 - 0x00007ffb19584000 	C:\WINDOWS\SYSTEM32\WINMM.dll
0x00007ffb0d7e0000 - 0x00007ffb0d7e9000 	C:\WINDOWS\SYSTEM32\WSOCK32.dll
0x00007ffb1f380000 - 0x00007ffb1f3ef000 	C:\WINDOWS\System32\WS2_32.dll
0x00007ffb193f0000 - 0x00007ffb1941d000 	C:\WINDOWS\SYSTEM32\WINMMBASE.dll
0x00007ffb1cf50000 - 0x00007ffb1cf9a000 	C:\WINDOWS\System32\cfgmgr32.dll
0x00007ffb1ce40000 - 0x00007ffb1ce51000 	C:\WINDOWS\System32\kernel.appcore.dll
0x00007ffb19180000 - 0x00007ffb1918a000 	C:\Program Files\Java\jdk-17\bin\jimage.dll
0x00007ffb0bcc0000 - 0x00007ffb0beb4000 	C:\WINDOWS\SYSTEM32\DBGHELP.DLL
0x00007ffb04910000 - 0x00007ffb0493a000 	C:\WINDOWS\SYSTEM32\dbgcore.DLL
0x00007ffb19b30000 - 0x00007ffb19b3e000 	C:\Program Files\Java\jdk-17\bin\instrument.dll
0x00007ffb15ec0000 - 0x00007ffb15ee5000 	C:\Program Files\Java\jdk-17\bin\java.dll
0x00007ffaf31e0000 - 0x00007ffaf32b6000 	C:\Program Files\Java\jdk-17\bin\svml.dll
0x00007ffb1e530000 - 0x00007ffb1ec15000 	C:\WINDOWS\System32\SHELL32.dll
0x00007ffb1eff0000 - 0x00007ffb1f099000 	C:\WINDOWS\System32\shcore.dll
0x00007ffb1d2a0000 - 0x00007ffb1da1f000 	C:\WINDOWS\System32\windows.storage.dll
0x00007ffb1ce60000 - 0x00007ffb1ce7f000 	C:\WINDOWS\System32\profapi.dll
0x00007ffb1ce80000 - 0x00007ffb1ceca000 	C:\WINDOWS\System32\powrprof.dll
0x00007ffb1ce10000 - 0x00007ffb1ce20000 	C:\WINDOWS\System32\UMPDC.dll
0x00007ffb1f750000 - 0x00007ffb1f7a2000 	C:\WINDOWS\System32\shlwapi.dll
0x00007ffb1ced0000 - 0x00007ffb1cee7000 	C:\WINDOWS\System32\cryptsp.dll
0x00007ffb06cc0000 - 0x00007ffb06cd8000 	C:\Program Files\Java\jdk-17\bin\zip.dll
0x00007ffb190a0000 - 0x00007ffb190b9000 	C:\Program Files\Java\jdk-17\bin\net.dll
0x00007ffb0ea20000 - 0x00007ffb0eb10000 	C:\WINDOWS\SYSTEM32\WINHTTP.dll
0x00007ffb1c680000 - 0x00007ffb1c6e7000 	C:\WINDOWS\system32\mswsock.dll
0x00007ffb15ea0000 - 0x00007ffb15eb5000 	C:\Program Files\Java\jdk-17\bin\nio.dll
0x00007ffb19b00000 - 0x00007ffb19b1a000 	C:\Users\Family\AppData\Local\JetBrains\Toolbox\apps\IDEA-C\ch-0\213.6777.52\bin\breakgen64.dll
0x00000000707c0000 - 0x00000000707d4000 	C:\Users\Family\Desktop\IDEA Projects\cloned\Kotlin-Vulkan-Bindings\natives\windows\debug_utils.dll
0x000000006dd00000 - 0x000000006dd14000 	C:\Users\Family\Desktop\IDEA Projects\cloned\Kotlin-Vulkan-Bindings\natives\windows\file_utils.dll
0x0000000061840000 - 0x000000006186f000 	C:\Users\Family\Desktop\IDEA Projects\cloned\Kotlin-Vulkan-Bindings\natives\windows\image_reading.dll
0x0000000061440000 - 0x000000006145a000 	C:\Program Files\mingw-w64\x86_64-8.1.0-posix-seh-rt_v6-rev0\mingw64\bin\libgcc_s_seh-1.dll
0x0000000064940000 - 0x0000000064955000 	C:\Program Files\mingw-w64\x86_64-8.1.0-posix-seh-rt_v6-rev0\mingw64\bin\libwinpthread-1.dll
0x000000006acc0000 - 0x000000006ace1000 	C:\Users\Family\Desktop\IDEA Projects\cloned\Kotlin-Vulkan-Bindings\natives\windows\vk_commands.dll
0x00000000625c0000 - 0x00000000625d5000 	C:\Users\Family\Desktop\IDEA Projects\cloned\Kotlin-Vulkan-Bindings\natives\windows\winapi.dll
0x00007ffb1b170000 - 0x00007ffb1b209000 	C:\WINDOWS\system32\uxtheme.dll
0x00007ffb1ec20000 - 0x00007ffb1ed55000 	C:\WINDOWS\System32\MSCTF.dll
0x00007ffb1e460000 - 0x00007ffb1e524000 	C:\WINDOWS\System32\OLEAUT32.dll
0x00007ffaf3c30000 - 0x00007ffaf3d91000 	C:\WINDOWS\SYSTEM32\vulkan-1.dll
0x00007ffb1baf0000 - 0x00007ffb1bbdb000 	C:\WINDOWS\system32\dxgi.dll
0x00007ffb1ba60000 - 0x00007ffb1ba80000 	C:\WINDOWS\SYSTEM32\dxcore.dll
0x00007ffacbb20000 - 0x00007ffaceb47000 	C:\WINDOWS\System32\DriverStore\FileRepository\nvgbdi.inf_amd64_ecd61a280da83a79\nvoglv64.dll
0x00007ffb1dff0000 - 0x00007ffb1e460000 	C:\WINDOWS\System32\SETUPAPI.dll
0x00007ffb1d120000 - 0x00007ffb1d146000 	C:\WINDOWS\System32\bcrypt.dll
0x00007ffb1f960000 - 0x00007ffb1fab6000 	C:\WINDOWS\System32\ole32.dll
0x00007ffb19100000 - 0x00007ffb19113000 	C:\WINDOWS\SYSTEM32\WTSAPI32.dll
0x00007ffb1c850000 - 0x00007ffb1c85c000 	C:\WINDOWS\SYSTEM32\CRYPTBASE.DLL
0x00007ffb1ce20000 - 0x00007ffb1ce32000 	C:\WINDOWS\System32\msasn1.dll
0x00007ffb17380000 - 0x00007ffb173af000 	C:\WINDOWS\SYSTEM32\cryptnet.dll
0x00007ffb1d150000 - 0x00007ffb1d299000 	C:\WINDOWS\System32\CRYPT32.dll
0x00007ffb164a0000 - 0x00007ffb165d4000 	C:\WINDOWS\SYSTEM32\drvstore.dll
0x00007ffb1cc10000 - 0x00007ffb1cc3a000 	C:\WINDOWS\SYSTEM32\devobj.dll
0x00007ffb1c8e0000 - 0x00007ffb1c909000 	C:\WINDOWS\SYSTEM32\wldp.dll
0x00007ffb1cef0000 - 0x00007ffb1cf4c000 	C:\WINDOWS\System32\WINTRUST.dll
0x00007ffb1be50000 - 0x00007ffb1be81000 	C:\WINDOWS\SYSTEM32\ntmarta.dll
0x00007ffaca090000 - 0x00007ffacbb13000 	C:\VulkanSDK\1.2.198.1\Bin\VkLayer_khronos_validation.dll
0x00007ffb09660000 - 0x00007ffb096a9000 	C:\Program Files (x86)\Overwolf\0.190.0.13\ow-graphics-vulkan.dll
0x00007ffb0d3a0000 - 0x00007ffb0d3d9000 	C:\Users\Family\AppData\Local\Overwolf\Extensions\ncfplpkmiejjaklknfnkgcpapnhkggmlcppckhcb\187.0.3\obs\data\obs-plugins\win-capture\ow-graphics-hook64.dll
0x00007ffaf37e0000 - 0x00007ffaf3c2e000 	C:\Program Files (x86)\Overwolf\0.190.0.13\owclient.dll
0x00007ffaedbe0000 - 0x00007ffaedea5000 	C:\WINDOWS\system32\nvspcap64.dll
0x00007ffb1b590000 - 0x00007ffb1b5bd000 	C:\WINDOWS\SYSTEM32\dwmapi.dll
0x00007ffb10190000 - 0x00007ffb108f8000 	C:\WINDOWS\SYSTEM32\nvapi64.dll
0x00007ffb1f730000 - 0x00007ffb1f74d000 	C:\WINDOWS\System32\imagehlp.dll
0x00007ffb1c190000 - 0x00007ffb1c1c3000 	C:\WINDOWS\system32\rsaenh.dll
0x00007ffb1ba10000 - 0x00007ffb1ba32000 	C:\WINDOWS\SYSTEM32\gpapi.dll
0x00007ffb09230000 - 0x00007ffb092de000 	C:\WINDOWS\System32\DriverStore\FileRepository\nvgbdi.inf_amd64_ecd61a280da83a79\NvCamera\NvCameraAllowlisting64.dll
0x00007ffaf4590000 - 0x00007ffaf46e6000 	C:\WINDOWS\SYSTEM32\opengl32.dll
0x00007ffaf4560000 - 0x00007ffaf458c000 	C:\WINDOWS\SYSTEM32\GLU32.dll
0x00007ffb1c300000 - 0x00007ffb1c35c000 	C:\WINDOWS\SYSTEM32\WINSTA.dll

dbghelp: loaded successfully - version: 4.0.5 - missing functions: none
symbol engine: initialized successfully - sym options: 0x614 - pdb path: .;C:\Program Files\Java\jdk-17\bin;C:\WINDOWS\SYSTEM32;C:\WINDOWS\WinSxS\amd64_microsoft.windows.common-controls_6595b64144ccf1df_6.0.18362.657_none_e6c5b579130e3898;C:\Program Files\Java\jdk-17\bin\server;C:\Users\Family\AppData\Local\JetBrains\Toolbox\apps\IDEA-C\ch-0\213.6777.52\bin;C:\Users\Family\Desktop\IDEA Projects\cloned\Kotlin-Vulkan-Bindings\natives\windows;C:\Program Files\mingw-w64\x86_64-8.1.0-posix-seh-rt_v6-rev0\mingw64\bin;C:\WINDOWS\System32\DriverStore\FileRepository\nvgbdi.inf_amd64_ecd61a280da83a79;C:\VulkanSDK\1.2.198.1\Bin;C:\Program Files (x86)\Overwolf\0.190.0.13;C:\Users\Family\AppData\Local\Overwolf\Extensions\ncfplpkmiejjaklknfnkgcpapnhkggmlcppckhcb\187.0.3\obs\data\obs-plugins\win-capture;C:\WINDOWS\System32\DriverStore\FileRepository\nvgbdi.inf_amd64_ecd61a280da83a79\NvCamera

VM Arguments:
jvm_args: -javaagent:C:\Users\Family\AppData\Local\JetBrains\Toolbox\apps\IDEA-C\ch-0\213.6777.52\lib\idea_rt.jar=50951:C:\Users\Family\AppData\Local\JetBrains\Toolbox\apps\IDEA-C\ch-0\213.6777.52\bin -Dfile.encoding=UTF-8 
java_command: kvb.fontcreator.FontCreatorMainKt
java_class_path (initial): C:\Users\Family\Desktop\IDEA Projects\cloned\Kotlin-Vulkan-Bindings\module-app\build\classes\kotlin\main;C:\Users\Family\Desktop\IDEA Projects\cloned\Kotlin-Vulkan-Bindings\module-core\build\classes\kotlin\main;C:\Users\Family\Desktop\IDEA Projects\cloned\Kotlin-Vulkan-Bindings\module-vulkan\build\classes\kotlin\main;C:\Users\Family\Desktop\IDEA Projects\cloned\Kotlin-Vulkan-Bindings\module-vkwrapper\build\classes\kotlin\main;C:\Users\Family\Desktop\IDEA Projects\cloned\Kotlin-Vulkan-Bindings\module-window\build\classes\kotlin\main;C:\Users\Family\.gradle\caches\modules-2\files-2.1\org.jetbrains.kotlin\kotlin-stdlib-jdk8\1.6.10\e80fe6ac3c3573a80305f5ec43f86b829e8ab53d\kotlin-stdlib-jdk8-1.6.10.jar;C:\Users\Family\.gradle\caches\modules-2\files-2.1\org.jetbrains.kotlin\kotlin-stdlib-jdk7\1.6.10\e1c380673654a089c4f0c9f83d0ddfdc1efdb498\kotlin-stdlib-jdk7-1.6.10.jar;C:\Users\Family\.gradle\caches\modules-2\files-2.1\org.jetbrains.kotlin\kotlin-stdlib\1.6.10\b8af3fe6f1ca88526914929add63cf5e7c5049af\kotlin-stdlib-1.6.10.jar;C:\Users\Family\.gradle\caches\modules-2\files-2.1\org.jetbrains\annotations\13.0\919f0dfe192fb4e063e7dacadee7f8bb9a2672a9\annotations-13.0.jar;C:\Users\Family\.gradle\caches\modules-2\files-2.1\org.jetbrains.kotlin\kotlin-stdlib-common\1.6.10\c118700e3a33c8a0d9adc920e9dec0831171925\kotlin-stdlib-common-1.6.10.jar
Launcher Type: SUN_STANDARD

[Global flags]
     intx CICompilerCount                          = 4                                         {product} {ergonomic}
     uint ConcGCThreads                            = 2                                         {product} {ergonomic}
     uint G1ConcRefinementThreads                  = 8                                         {product} {ergonomic}
   size_t G1HeapRegionSize                         = 2097152                                   {product} {ergonomic}
    uintx GCDrainStackTargetSize                   = 64                                        {product} {ergonomic}
   size_t InitialHeapSize                          = 268435456                                 {product} {ergonomic}
   size_t MarkStackSize                            = 4194304                                   {product} {ergonomic}
   size_t MaxHeapSize                              = 4284481536                                {product} {ergonomic}
   size_t MaxNewSize                               = 2569011200                                {product} {ergonomic}
   size_t MinHeapDeltaBytes                        = 2097152                                   {product} {ergonomic}
   size_t MinHeapSize                              = 8388608                                   {product} {ergonomic}
    uintx NonNMethodCodeHeapSize                   = 5839372                                {pd product} {ergonomic}
    uintx NonProfiledCodeHeapSize                  = 122909434                              {pd product} {ergonomic}
    uintx ProfiledCodeHeapSize                     = 122909434                              {pd product} {ergonomic}
    uintx ReservedCodeCacheSize                    = 251658240                              {pd product} {ergonomic}
     bool SegmentedCodeCache                       = true                                      {product} {ergonomic}
   size_t SoftMaxHeapSize                          = 4284481536                             {manageable} {ergonomic}
     bool UseCompressedClassPointers               = true                           {product lp64_product} {ergonomic}
     bool UseCompressedOops                        = true                           {product lp64_product} {ergonomic}
     bool UseG1GC                                  = true                                      {product} {ergonomic}
     bool UseLargePagesIndividualAllocation        = false                                  {pd product} {ergonomic}

Logging:
Log output configuration:
 #0: stdout all=warning uptime,level,tags
 #1: stderr all=off uptime,level,tags

Environment Variables:
JAVA_HOME=C:\Program Files\Java\jdk-17
PATH=C:\VulkanSDK\1.2.198.1\Bin;C:\Program Files\Alacritty\;C:\Program Files (x86)\Razer\ChromaBroadcast\bin;C:\Program Files\Razer\ChromaBroadcast\bin;C:\Program Files\Java\jdk-17\bin;C:\Program Files (x86)\Intel\iCLS Client\;C:\Program Files\Intel\iCLS Client\;C:\Program Files (x86)\Razer Chroma SDK\bin;C:\Program Files\Razer Chroma SDK\bin;C:\Windows\system32;C:\Windows;C:\Windows\System32\Wbem;C:\Windows\System32\WindowsPowerShell\v1.0\;C:\Windows\system32\config\systemprofile\AppData\Local\Microsoft\WindowsApps;C:\Program Files (x86)\Intel\Intel(R) Management Engine Components\DAL;C:\Program Files\Intel\Intel(R) Management Engine Components\DAL;C:\Program Files (x86)\Intel\Intel(R) Management Engine Components\IPT;C:\Program Files\Intel\Intel(R) Management Engine Components\IPT;C:\Program Files\Common Files\Autodesk Shared\;C:\Program Files (x86)\Autodesk\Backburner\;C:\WINDOWS\system32;C:\WINDOWS;C:\WINDOWS\System32\Wbem;C:\WINDOWS\System32\WindowsPowerShell\v1.0\;C:\Program Files\Apache Software Foundation\apache-maven-3.5.0\bin;C:\Program Files\dotnet\;C:\Program Files (x86)\NVIDIA Corporation\PhysX\Common;C:\WINDOWS\System32\OpenSSH\;C:\Program Files\Dart\dart-sdk\bin;C:\Program Files\NVIDIA Corporation\NVIDIA NvDLISR;C:\Program Files\WorldPainter;C:\WINDOWS\system32;C:\WINDOWS;C:\WINDOWS\System32\Wbem;C:\WINDOWS\System32\WindowsPowerShell\v1.0\;C:\WINDOWS\System32\OpenSSH\;C:\WINDOWS\system32\config\systemprofile\AppData\Local\Microsoft\WindowsApps;C:\Program Files (x86)\Brackets\command;C:\Program Files\kotlinc\bin;C:\Program Files\NASM;C:\Program Files\PuTTY\;C:\Program Files\Git\cmd;C:\Program Files\CMake\cmake-3.21.1-windows-x86_64\bin;%GRADLE_USER_HOME%\bin;C:\Library\Developer\Toolchains\unknown-Asserts-development.xctoolchain\usr\bin;C:\Library\Swift-development\bin;C:\Library\icu-67\usr\bin;C:\Users\Family\.cargo\bin;C:\Users\Family\AppData\Local\Microsoft\WindowsApps;C:\Users\Family\AppData\Roaming\Dashlane\6.1907.0.17833\bin\Firefox_Extension\{44271
USERNAME=Family
OS=Windows_NT
PROCESSOR_IDENTIFIER=Intel64 Family 6 Model 158 Stepping 9, GenuineIntel



---------------  S Y S T E M  ---------------

OS:
 Windows 10 , 64 bit Build 18362 (10.0.18362.329)
OS uptime: 0 days 0:50 hours

CPU: total 8 (initial active 8) (4 cores per cpu, 2 threads per core) family 6 model 158 stepping 9 microcode 0x8e, cx8, cmov, fxsr, ht, mmx, 3dnowpref, sse, sse2, sse3, ssse3, sse4.1, sse4.2, popcnt, lzcnt, tsc, tscinvbit, avx, avx2, aes, erms, clmul, bmi1, bmi2, rtm, adx, fma, vzeroupper, clflush, clflushopt

Memory: 4k page, system-wide physical 16341M (6270M free)
TotalPageFile size 18773M (AvailPageFile size 5269M)
current process WorkingSet (physical memory assigned to process): 129M, peak: 129M
current process commit charge ("private bytes"): 479M, peak: 479M

vm_info: Java HotSpot(TM) 64-Bit Server VM (17+35-LTS-2724) for windows-amd64 JRE (17+35-LTS-2724), built on Aug  5 2021 23:28:28 by "mach5one" with MS VC++ 16.8 (VS2019)

END.
