#
# A fatal error has been detected by the Java Runtime Environment:
#
#  EXCEPTION_UNCAUGHT_CXX_EXCEPTION (0xe06d7363) at pc=0x00007ffefee4a839, pid=4696, tid=15328
#
# JRE version: Java(TM) SE Runtime Environment (17.0+35) (build 17+35-LTS-2724)
# Java VM: Java HotSpot(TM) 64-Bit Server VM (17+35-LTS-2724, mixed mode, sharing, tiered, compressed oops, compressed class ptrs, g1 gc, windows-amd64)
# Problematic frame:
# C  [KERNELBASE.dll+0x3a839]
#
# No core dump will be written. Minidumps are not enabled by default on client versions of Windows
#
# If you would like to submit a bug report, please visit:
#   https://bugreport.java.com/bugreport/crash.jsp
# The crash happened outside the Java Virtual Machine in native code.
# See problematic frame for where to report the bug.
#

---------------  S U M M A R Y ------------

Command Line: -javaagent:C:\Users\Family\AppData\Local\JetBrains\Toolbox\apps\IDEA-C\ch-0\213.6777.52\lib\idea_rt.jar=50254:C:\Users\Family\AppData\Local\JetBrains\Toolbox\apps\IDEA-C\ch-0\213.6777.52\bin -Dfile.encoding=UTF-8 kvb.app.AppMainKt

Host: Intel(R) Core(TM) i7-7700K CPU @ 4.20GHz, 8 cores, 15G,  Windows 10 , 64 bit Build 18362 (10.0.18362.329)
Time: Sun Jan 30 08:29:54 2022 AUS Eastern Summer Time elapsed time: 0.799324 seconds (0d 0h 0m 0s)

---------------  T H R E A D  ---------------

Current thread (0x000002c084937920):  JavaThread "main" [_thread_in_native, id=15328, stack(0x000000c191600000,0x000000c191700000)]

Stack: [0x000000c191600000,0x000000c191700000],  sp=0x000000c1916fd1e0,  free space=1012k
Native frames: (J=compiled Java code, j=interpreted, Vv=VM code, C=native code)
C  [KERNELBASE.dll+0x3a839]
C  [VCRUNTIME140.dll+0x6480]
C  [VkLayer_khronos_validation.dll+0x8ee93f]

Java frames: (J=compiled Java code, j=interpreted, Vv=VM code)
j  kvb.vulkan.Commands.createShaderModule(JJJJJ)I+0
j  kvb.vulkan.DeviceCommands.createShaderModule-NOnf3xU(JLkvb/vulkan/AllocationCallbacks;J)I+27
j  kvb.vkwrapper.handle.Device.createShaderModule-p1Wig-Q(JLkvb/core/memory/MemStack;)Lkvb/vkwrapper/handle/ShaderModule;+41
j  kvb.vkwrapper.handle.Device.createShaderModule(JJLkvb/core/memory/MemStack;)Lkvb/vkwrapper/handle/ShaderModule;+100
j  kvb.vkwrapper.handle.Device.createShaderModule$default(Lkvb/vkwrapper/handle/Device;JJLkvb/core/memory/MemStack;ILjava/lang/Object;)Lkvb/vkwrapper/handle/ShaderModule;+20
j  kvb.vkwrapper.handle.Device.createShaderModule(Lkvb/core/memory/direct/DirectByteBuffer;)Lkvb/vkwrapper/handle/ShaderModule;+20
j  kvb.vkwrapper.pipeline.ShaderCreation$createFromFile$1.invoke(Lkvb/core/memory/direct/DirectByteBuffer;)Lkvb/vkwrapper/handle/ShaderModule;+11
j  kvb.vkwrapper.pipeline.ShaderCreation$createFromFile$1.invoke(Ljava/lang/Object;)Ljava/lang/Object;+5
j  kvb.core.FileUtils.readFullyAndFree(Ljava/lang/String;Lkvb/core/memory/MemStack;Lkotlin/jvm/functions/Function1;)Ljava/lang/Object;+51
j  kvb.core.FileUtils.readFullyAndFree$default(Lkvb/core/FileUtils;Ljava/lang/String;Lkvb/core/memory/MemStack;Lkotlin/jvm/functions/Function1;ILjava/lang/Object;)Ljava/lang/Object;+18
j  kvb.vkwrapper.pipeline.ShaderCreation.createFromFile-Iq0YtX0(Lkvb/vkwrapper/handle/Device;Ljava/lang/String;ILjava/lang/String;)Lkvb/vkwrapper/pipeline/Shader;+41
j  kvb.vkwrapper.pipeline.ShaderCreation.createFromFile-Iq0YtX0$default(Lkvb/vkwrapper/pipeline/ShaderCreation;Lkvb/vkwrapper/handle/Device;Ljava/lang/String;ILjava/lang/String;ILjava/lang/Object;)Lkvb/vkwrapper/pipeline/Shader;+18
j  kvb.vkwrapper.pipeline.ShaderDirectory.<init>(Ljava/lang/String;Lkvb/vkwrapper/handle/Device;)V+167
j  kvb.app.VkContextBuilder.build()Lkvb/app/VkContext;+725
j  kvb.app.demo.Demo1.<clinit>()V+36
v  ~StubRoutines::call_stub
j  kvb.app.demo.Demo2.<clinit>()V+42
v  ~StubRoutines::call_stub
j  kvb.app.AppMainKt.main()V+6
j  kvb.app.AppMainKt.main([Ljava/lang/String;)V+0
v  ~StubRoutines::call_stub

siginfo: EXCEPTION_UNCAUGHT_CXX_EXCEPTION (0xe06d7363), ExceptionInformation=0x0000000019930520 0x000000c1916fd340 0x00007ffec157b3b8 0x00007ffebfe60000 


Register to memory mapping:

RIP=0x00007ffefee4a839 KERNELBASE.dll
RAX=0x000000c100000000 is an unknown value
RBX=0x00007ffec157b3b8 VkLayer_khronos_validation.dll
RCX=0x00000000000001d0 is an unknown value
RDX=0x00007fff00000000 SETUPAPI.dll
RSP=0x000000c1916fd1e0 is pointing into the stack for thread: 0x000002c084937920
RBP=0x000000c1916fd4b8 is pointing into the stack for thread: 0x000002c084937920
RSI=0x000000c1916fd340 is pointing into the stack for thread: 0x000002c084937920
RDI=0x0000000019930520 is an unknown value
R8 =0x000000c1916fce18 is pointing into the stack for thread: 0x000002c084937920
R9 =0x0 is NULL
R10=0x000000c1916fce18 is pointing into the stack for thread: 0x000002c084937920
R11=0x000000c1916fcc50 is pointing into the stack for thread: 0x000002c084937920
R12=0x000002c0a8c0c03f points into unknown readable memory: 10
R13=0x000002c0a8c0c068 points into unknown readable memory: 0x0000000100000001 | 01 00 00 00 01 00 00 00
R14=0x000002c0aea3beb0 points into unknown readable memory: 0x000002c0aea3aa20 | 20 aa a3 ae c0 02 00 00
R15=0x0 is NULL


Registers:
RAX=0x000000c100000000, RBX=0x00007ffec157b3b8, RCX=0x00000000000001d0, RDX=0x00007fff00000000
RSP=0x000000c1916fd1e0, RBP=0x000000c1916fd4b8, RSI=0x000000c1916fd340, RDI=0x0000000019930520
R8 =0x000000c1916fce18, R9 =0x0000000000000000, R10=0x000000c1916fce18, R11=0x000000c1916fcc50
R12=0x000002c0a8c0c03f, R13=0x000002c0a8c0c068, R14=0x000002c0aea3beb0, R15=0x0000000000000000
RIP=0x00007ffefee4a839, EFLAGS=0x0000000000000206

Top of Stack: (sp=0x000000c1916fd1e0)
0x000000c1916fd1e0:   0000000000000000 00007ffec157b3b8
0x000000c1916fd1f0:   000000c1916fd340 0000000000000057
0x000000c1916fd200:   00000001e06d7363 0000000000000000
0x000000c1916fd210:   00007ffefee4a839 00007fff00000004
0x000000c1916fd220:   0000000019930520 000000c1916fd340
0x000000c1916fd230:   00007ffec157b3b8 00007ffebfe60000
0x000000c1916fd240:   000002c0a8c0c068 000002c0a8c0c03f
0x000000c1916fd250:   000000c1916fd340 000000c1916fd4b8
0x000000c1916fd260:   000000c1916fd2e0 00007fff01e9f49f
0x000000c1916fd270:   0000000019930520 000002c000000000
0x000000c1916fd280:   000002c0ae97c0f8 00007fff01ed35d0
0x000000c1916fd290:   00007ffec1635000 00007ffebfe60000
0x000000c1916fd2a0:   0000a33e3c6a2d6b 00007ffefee31edb
0x000000c1916fd2b0:   00007ffec157b3b8 00007ffeeda96480
0x000000c1916fd2c0:   0000ddfd060e502b 00007fff01ebfc11
0x000000c1916fd2d0:   0000000000000006 00007ffeffd39f46 

Instructions: (pc=0x00007ffefee4a839)
0x00007ffefee4a739:   fe ff ff 4c 8d 05 a5 51 20 00 33 d2 8d 4a 02 e8
0x00007ffefee4a749:   b3 17 02 00 48 8b f8 48 89 44 24 58 e9 ef fd ff
0x00007ffefee4a759:   ff 45 33 c0 49 8b d7 48 83 c9 ff e8 37 f0 02 00
0x00007ffefee4a769:   e9 09 ff ff ff 48 8b 0d c3 0f 23 00 e8 06 f2 ff
0x00007ffefee4a779:   ff 48 8b cf e8 4e a2 fe ff e9 f9 fe ff ff 49 8b
0x00007ffefee4a789:   ce e8 41 a2 fe ff e9 f5 fe ff ff 48 8b ce e8 34
0x00007ffefee4a799:   a2 fe ff e9 f1 fe ff ff cc cc cc cc cc cc cc cc
0x00007ffefee4a7a9:   cc cc cc cc cc cc cc 65 48 8b 04 25 30 00 00 00
0x00007ffefee4a7b9:   8b 40 68 c3 cc cc cc cc cc cc cc cc cc cc cc cc
0x00007ffefee4a7c9:   cc cc cc cc cc cc cc 48 81 ec d8 00 00 00 48 8b
0x00007ffefee4a7d9:   05 52 e6 22 00 48 33 c4 48 89 84 24 c0 00 00 00
0x00007ffefee4a7e9:   48 83 64 24 28 00 48 8d 05 da ff ff ff 83 e2 01
0x00007ffefee4a7f9:   89 4c 24 20 89 54 24 24 48 89 44 24 30 4d 85 c9
0x00007ffefee4a809:   74 4b b8 0f 00 00 00 48 8d 4c 24 40 44 3b c0 49
0x00007ffefee4a819:   8b d1 44 0f 47 c0 44 89 44 24 38 49 c1 e0 03 e8
0x00007ffefee4a829:   ca 4c 05 00 48 8d 4c 24 20 48 ff 15 ef c3 16 00
0x00007ffefee4a839:   0f 1f 44 00 00 48 8b 8c 24 c0 00 00 00 48 33 cc
0x00007ffefee4a849:   e8 c2 ee 04 00 48 81 c4 d8 00 00 00 c3 83 64 24
0x00007ffefee4a859:   38 00 eb d0 cc cc cc cc cc cc cc 48 89 5c 24 08
0x00007ffefee4a869:   48 89 74 24 10 57 48 83 ec 20 8b da 48 8b f9 e8
0x00007ffefee4a879:   f3 d6 ff ff 33 f6 85 c0 0f 84 01 87 06 00 85 db
0x00007ffefee4a889:   0f 84 f9 86 06 00 44 8d 4e 02 ba 09 10 00 20 4c
0x00007ffefee4a899:   8d 44 24 40 48 8b cf e8 7b b5 ff ff 85 c0 0f 84
0x00007ffefee4a8a9:   db 86 06 00 39 5c 24 40 0f 85 d1 86 06 00 0f b7
0x00007ffefee4a8b9:   c3 48 8b 5c 24 30 48 8b 74 24 38 48 83 c4 20 5f
0x00007ffefee4a8c9:   c3 cc cc cc cc cc cc 48 89 5c 24 08 48 89 74 24
0x00007ffefee4a8d9:   10 57 48 83 ec 40 48 8b c2 48 8b f1 48 8b c8 33
0x00007ffefee4a8e9:   d2 49 8b d9 41 8b f8 e8 5b 6c ff ff 48 8b d0 48
0x00007ffefee4a8f9:   85 db 0f 85 bb 86 06 00 48 8b 44 24 78 44 8b c7
0x00007ffefee4a909:   44 8b 4c 24 70 48 8b ce 48 89 44 24 38 8d 43 01
0x00007ffefee4a919:   89 44 24 30 89 44 24 28 89 44 24 20 e8 16 00 00
0x00007ffefee4a929:   00 48 8b 5c 24 50 48 8b 74 24 58 48 83 c4 40 5f 


Stack slot to memory mapping:
stack at sp + 0 slots: 0x0 is NULL
stack at sp + 1 slots: 0x00007ffec157b3b8 VkLayer_khronos_validation.dll
stack at sp + 2 slots: 0x000000c1916fd340 is pointing into the stack for thread: 0x000002c084937920
stack at sp + 3 slots: 0x0000000000000057 is an unknown value
stack at sp + 4 slots: 0x00000001e06d7363 is an unknown value
stack at sp + 5 slots: 0x0 is NULL
stack at sp + 6 slots: 0x00007ffefee4a839 KERNELBASE.dll
stack at sp + 7 slots: 0x00007fff00000004 SETUPAPI.dll


---------------  P R O C E S S  ---------------

Threads class SMR info:
_java_thread_list=0x000002c0a814af80, length=13, elements={
0x000002c084937920, 0x000002c0a766a360, 0x000002c0a766c980, 0x000002c0a767de70,
0x000002c0a7680930, 0x000002c0a7683ac0, 0x000002c0a7688480, 0x000002c0a768a8b0,
0x000002c0a768b1b0, 0x000002c0a768f2c0, 0x000002c0a80df350, 0x000002c0a819ef70,
0x000002c0a819f440
}

Java Threads: ( => current thread )
=>0x000002c084937920 JavaThread "main" [_thread_in_native, id=15328, stack(0x000000c191600000,0x000000c191700000)]
  0x000002c0a766a360 JavaThread "Reference Handler" daemon [_thread_blocked, id=1344, stack(0x000000c191d00000,0x000000c191e00000)]
  0x000002c0a766c980 JavaThread "Finalizer" daemon [_thread_blocked, id=15608, stack(0x000000c191e00000,0x000000c191f00000)]
  0x000002c0a767de70 JavaThread "Signal Dispatcher" daemon [_thread_blocked, id=15260, stack(0x000000c191f00000,0x000000c192000000)]
  0x000002c0a7680930 JavaThread "Attach Listener" daemon [_thread_blocked, id=15428, stack(0x000000c192000000,0x000000c192100000)]
  0x000002c0a7683ac0 JavaThread "Service Thread" daemon [_thread_blocked, id=15540, stack(0x000000c192100000,0x000000c192200000)]
  0x000002c0a7688480 JavaThread "Monitor Deflation Thread" daemon [_thread_blocked, id=4336, stack(0x000000c192200000,0x000000c192300000)]
  0x000002c0a768a8b0 JavaThread "C2 CompilerThread0" daemon [_thread_blocked, id=12372, stack(0x000000c192300000,0x000000c192400000)]
  0x000002c0a768b1b0 JavaThread "C1 CompilerThread0" daemon [_thread_blocked, id=14624, stack(0x000000c192400000,0x000000c192500000)]
  0x000002c0a768f2c0 JavaThread "Sweeper thread" daemon [_thread_blocked, id=4592, stack(0x000000c192500000,0x000000c192600000)]
  0x000002c0a80df350 JavaThread "Common-Cleaner" daemon [_thread_blocked, id=13396, stack(0x000000c192600000,0x000000c192700000)]
  0x000002c0a819ef70 JavaThread "Monitor Ctrl-Break" daemon [_thread_in_native, id=1868, stack(0x000000c192700000,0x000000c192800000)]
  0x000002c0a819f440 JavaThread "Notification Thread" daemon [_thread_blocked, id=14020, stack(0x000000c192800000,0x000000c192900000)]

Other Threads:
  0x000002c0a7665310 VMThread "VM Thread" [stack: 0x000000c191c00000,0x000000c191d00000] [id=10116]
  0x000002c0849388d0 WatcherThread [stack: 0x000000c192900000,0x000000c192a00000] [id=13972]
  0x000002c084986350 GCTaskThread "GC Thread#0" [stack: 0x000000c191700000,0x000000c191800000] [id=12436]
  0x000002c0849981f0 ConcurrentGCThread "G1 Main Marker" [stack: 0x000000c191800000,0x000000c191900000] [id=15872]
  0x000002c08499a3b0 ConcurrentGCThread "G1 Conc#0" [stack: 0x000000c191900000,0x000000c191a00000] [id=13936]
  0x000002c0a75334e0 ConcurrentGCThread "G1 Refine#0" [stack: 0x000000c191a00000,0x000000c191b00000] [id=924]
  0x000002c0a7533f00 ConcurrentGCThread "G1 Service" [stack: 0x000000c191b00000,0x000000c191c00000] [id=10952]

Threads with active compile tasks:

VM state: not at safepoint (normal execution)

VM Mutex/Monitor currently owned by a thread: None

Heap address: 0x0000000700a00000, size: 4086 MB, Compressed Oops mode: Zero based, Oop shift amount: 3

CDS archive(s) mapped at: [0x0000000800000000-0x0000000800bc0000-0x0000000800bc0000), size 12320768, SharedBaseAddress: 0x0000000800000000, ArchiveRelocationMode: 0.
Compressed class space mapped at: 0x0000000800c00000-0x0000000840c00000, reserved size: 1073741824
Narrow klass base: 0x0000000800000000, Narrow klass shift: 0, Narrow klass range: 0x100000000

GC Precious Log:
 CPUs: 8 total, 8 available
 Memory: 16341M
 Large Page Support: Disabled
 NUMA Support: Disabled
 Compressed Oops: Enabled (Zero based)
 Heap Region Size: 2M
 Heap Min Capacity: 8M
 Heap Initial Capacity: 256M
 Heap Max Capacity: 4086M
 Pre-touch: Disabled
 Parallel Workers: 8
 Concurrent Workers: 2
 Concurrent Refinement Workers: 8
 Periodic GC: Disabled

Heap:
 garbage-first heap   total 262144K, used 8192K [0x0000000700a00000, 0x0000000800000000)
  region size 2048K, 5 young (10240K), 0 survivors (0K)
 Metaspace       used 3441K, committed 3584K, reserved 1056768K
  class space    used 247K, committed 320K, reserved 1048576K

Heap Regions: E=young(eden), S=young(survivor), O=old, HS=humongous(starts), HC=humongous(continues), CS=collection set, F=free, OA=open archive, CA=closed archive, TAMS=top-at-mark-start (previous, next)
|   0|0x0000000700a00000, 0x0000000700a00000, 0x0000000700c00000|  0%| F|  |TAMS 0x0000000700a00000, 0x0000000700a00000| Untracked 
|   1|0x0000000700c00000, 0x0000000700c00000, 0x0000000700e00000|  0%| F|  |TAMS 0x0000000700c00000, 0x0000000700c00000| Untracked 
|   2|0x0000000700e00000, 0x0000000700e00000, 0x0000000701000000|  0%| F|  |TAMS 0x0000000700e00000, 0x0000000700e00000| Untracked 
|   3|0x0000000701000000, 0x0000000701000000, 0x0000000701200000|  0%| F|  |TAMS 0x0000000701000000, 0x0000000701000000| Untracked 
|   4|0x0000000701200000, 0x0000000701200000, 0x0000000701400000|  0%| F|  |TAMS 0x0000000701200000, 0x0000000701200000| Untracked 
|   5|0x0000000701400000, 0x0000000701400000, 0x0000000701600000|  0%| F|  |TAMS 0x0000000701400000, 0x0000000701400000| Untracked 
|   6|0x0000000701600000, 0x0000000701600000, 0x0000000701800000|  0%| F|  |TAMS 0x0000000701600000, 0x0000000701600000| Untracked 
|   7|0x0000000701800000, 0x0000000701800000, 0x0000000701a00000|  0%| F|  |TAMS 0x0000000701800000, 0x0000000701800000| Untracked 
|   8|0x0000000701a00000, 0x0000000701a00000, 0x0000000701c00000|  0%| F|  |TAMS 0x0000000701a00000, 0x0000000701a00000| Untracked 
|   9|0x0000000701c00000, 0x0000000701c00000, 0x0000000701e00000|  0%| F|  |TAMS 0x0000000701c00000, 0x0000000701c00000| Untracked 
|  10|0x0000000701e00000, 0x0000000701e00000, 0x0000000702000000|  0%| F|  |TAMS 0x0000000701e00000, 0x0000000701e00000| Untracked 
|  11|0x0000000702000000, 0x0000000702000000, 0x0000000702200000|  0%| F|  |TAMS 0x0000000702000000, 0x0000000702000000| Untracked 
|  12|0x0000000702200000, 0x0000000702200000, 0x0000000702400000|  0%| F|  |TAMS 0x0000000702200000, 0x0000000702200000| Untracked 
|  13|0x0000000702400000, 0x0000000702400000, 0x0000000702600000|  0%| F|  |TAMS 0x0000000702400000, 0x0000000702400000| Untracked 
|  14|0x0000000702600000, 0x0000000702600000, 0x0000000702800000|  0%| F|  |TAMS 0x0000000702600000, 0x0000000702600000| Untracked 
|  15|0x0000000702800000, 0x0000000702800000, 0x0000000702a00000|  0%| F|  |TAMS 0x0000000702800000, 0x0000000702800000| Untracked 
|  16|0x0000000702a00000, 0x0000000702a00000, 0x0000000702c00000|  0%| F|  |TAMS 0x0000000702a00000, 0x0000000702a00000| Untracked 
|  17|0x0000000702c00000, 0x0000000702c00000, 0x0000000702e00000|  0%| F|  |TAMS 0x0000000702c00000, 0x0000000702c00000| Untracked 
|  18|0x0000000702e00000, 0x0000000702e00000, 0x0000000703000000|  0%| F|  |TAMS 0x0000000702e00000, 0x0000000702e00000| Untracked 
|  19|0x0000000703000000, 0x0000000703000000, 0x0000000703200000|  0%| F|  |TAMS 0x0000000703000000, 0x0000000703000000| Untracked 
|  20|0x0000000703200000, 0x0000000703200000, 0x0000000703400000|  0%| F|  |TAMS 0x0000000703200000, 0x0000000703200000| Untracked 
|  21|0x0000000703400000, 0x0000000703400000, 0x0000000703600000|  0%| F|  |TAMS 0x0000000703400000, 0x0000000703400000| Untracked 
|  22|0x0000000703600000, 0x0000000703600000, 0x0000000703800000|  0%| F|  |TAMS 0x0000000703600000, 0x0000000703600000| Untracked 
|  23|0x0000000703800000, 0x0000000703800000, 0x0000000703a00000|  0%| F|  |TAMS 0x0000000703800000, 0x0000000703800000| Untracked 
|  24|0x0000000703a00000, 0x0000000703a00000, 0x0000000703c00000|  0%| F|  |TAMS 0x0000000703a00000, 0x0000000703a00000| Untracked 
|  25|0x0000000703c00000, 0x0000000703c00000, 0x0000000703e00000|  0%| F|  |TAMS 0x0000000703c00000, 0x0000000703c00000| Untracked 
|  26|0x0000000703e00000, 0x0000000703e00000, 0x0000000704000000|  0%| F|  |TAMS 0x0000000703e00000, 0x0000000703e00000| Untracked 
|  27|0x0000000704000000, 0x0000000704000000, 0x0000000704200000|  0%| F|  |TAMS 0x0000000704000000, 0x0000000704000000| Untracked 
|  28|0x0000000704200000, 0x0000000704200000, 0x0000000704400000|  0%| F|  |TAMS 0x0000000704200000, 0x0000000704200000| Untracked 
|  29|0x0000000704400000, 0x0000000704400000, 0x0000000704600000|  0%| F|  |TAMS 0x0000000704400000, 0x0000000704400000| Untracked 
|  30|0x0000000704600000, 0x0000000704600000, 0x0000000704800000|  0%| F|  |TAMS 0x0000000704600000, 0x0000000704600000| Untracked 
|  31|0x0000000704800000, 0x0000000704800000, 0x0000000704a00000|  0%| F|  |TAMS 0x0000000704800000, 0x0000000704800000| Untracked 
|  32|0x0000000704a00000, 0x0000000704a00000, 0x0000000704c00000|  0%| F|  |TAMS 0x0000000704a00000, 0x0000000704a00000| Untracked 
|  33|0x0000000704c00000, 0x0000000704c00000, 0x0000000704e00000|  0%| F|  |TAMS 0x0000000704c00000, 0x0000000704c00000| Untracked 
|  34|0x0000000704e00000, 0x0000000704e00000, 0x0000000705000000|  0%| F|  |TAMS 0x0000000704e00000, 0x0000000704e00000| Untracked 
|  35|0x0000000705000000, 0x0000000705000000, 0x0000000705200000|  0%| F|  |TAMS 0x0000000705000000, 0x0000000705000000| Untracked 
|  36|0x0000000705200000, 0x0000000705200000, 0x0000000705400000|  0%| F|  |TAMS 0x0000000705200000, 0x0000000705200000| Untracked 
|  37|0x0000000705400000, 0x0000000705400000, 0x0000000705600000|  0%| F|  |TAMS 0x0000000705400000, 0x0000000705400000| Untracked 
|  38|0x0000000705600000, 0x0000000705600000, 0x0000000705800000|  0%| F|  |TAMS 0x0000000705600000, 0x0000000705600000| Untracked 
|  39|0x0000000705800000, 0x0000000705800000, 0x0000000705a00000|  0%| F|  |TAMS 0x0000000705800000, 0x0000000705800000| Untracked 
|  40|0x0000000705a00000, 0x0000000705a00000, 0x0000000705c00000|  0%| F|  |TAMS 0x0000000705a00000, 0x0000000705a00000| Untracked 
|  41|0x0000000705c00000, 0x0000000705c00000, 0x0000000705e00000|  0%| F|  |TAMS 0x0000000705c00000, 0x0000000705c00000| Untracked 
|  42|0x0000000705e00000, 0x0000000705e00000, 0x0000000706000000|  0%| F|  |TAMS 0x0000000705e00000, 0x0000000705e00000| Untracked 
|  43|0x0000000706000000, 0x0000000706000000, 0x0000000706200000|  0%| F|  |TAMS 0x0000000706000000, 0x0000000706000000| Untracked 
|  44|0x0000000706200000, 0x0000000706200000, 0x0000000706400000|  0%| F|  |TAMS 0x0000000706200000, 0x0000000706200000| Untracked 
|  45|0x0000000706400000, 0x0000000706400000, 0x0000000706600000|  0%| F|  |TAMS 0x0000000706400000, 0x0000000706400000| Untracked 
|  46|0x0000000706600000, 0x0000000706600000, 0x0000000706800000|  0%| F|  |TAMS 0x0000000706600000, 0x0000000706600000| Untracked 
|  47|0x0000000706800000, 0x0000000706800000, 0x0000000706a00000|  0%| F|  |TAMS 0x0000000706800000, 0x0000000706800000| Untracked 
|  48|0x0000000706a00000, 0x0000000706a00000, 0x0000000706c00000|  0%| F|  |TAMS 0x0000000706a00000, 0x0000000706a00000| Untracked 
|  49|0x0000000706c00000, 0x0000000706c00000, 0x0000000706e00000|  0%| F|  |TAMS 0x0000000706c00000, 0x0000000706c00000| Untracked 
|  50|0x0000000706e00000, 0x0000000706e00000, 0x0000000707000000|  0%| F|  |TAMS 0x0000000706e00000, 0x0000000706e00000| Untracked 
|  51|0x0000000707000000, 0x0000000707000000, 0x0000000707200000|  0%| F|  |TAMS 0x0000000707000000, 0x0000000707000000| Untracked 
|  52|0x0000000707200000, 0x0000000707200000, 0x0000000707400000|  0%| F|  |TAMS 0x0000000707200000, 0x0000000707200000| Untracked 
|  53|0x0000000707400000, 0x0000000707400000, 0x0000000707600000|  0%| F|  |TAMS 0x0000000707400000, 0x0000000707400000| Untracked 
|  54|0x0000000707600000, 0x0000000707600000, 0x0000000707800000|  0%| F|  |TAMS 0x0000000707600000, 0x0000000707600000| Untracked 
|  55|0x0000000707800000, 0x0000000707800000, 0x0000000707a00000|  0%| F|  |TAMS 0x0000000707800000, 0x0000000707800000| Untracked 
|  56|0x0000000707a00000, 0x0000000707a00000, 0x0000000707c00000|  0%| F|  |TAMS 0x0000000707a00000, 0x0000000707a00000| Untracked 
|  57|0x0000000707c00000, 0x0000000707c00000, 0x0000000707e00000|  0%| F|  |TAMS 0x0000000707c00000, 0x0000000707c00000| Untracked 
|  58|0x0000000707e00000, 0x0000000707e00000, 0x0000000708000000|  0%| F|  |TAMS 0x0000000707e00000, 0x0000000707e00000| Untracked 
|  59|0x0000000708000000, 0x0000000708000000, 0x0000000708200000|  0%| F|  |TAMS 0x0000000708000000, 0x0000000708000000| Untracked 
|  60|0x0000000708200000, 0x0000000708200000, 0x0000000708400000|  0%| F|  |TAMS 0x0000000708200000, 0x0000000708200000| Untracked 
|  61|0x0000000708400000, 0x0000000708400000, 0x0000000708600000|  0%| F|  |TAMS 0x0000000708400000, 0x0000000708400000| Untracked 
|  62|0x0000000708600000, 0x0000000708600000, 0x0000000708800000|  0%| F|  |TAMS 0x0000000708600000, 0x0000000708600000| Untracked 
|  63|0x0000000708800000, 0x0000000708800000, 0x0000000708a00000|  0%| F|  |TAMS 0x0000000708800000, 0x0000000708800000| Untracked 
|  64|0x0000000708a00000, 0x0000000708a00000, 0x0000000708c00000|  0%| F|  |TAMS 0x0000000708a00000, 0x0000000708a00000| Untracked 
|  65|0x0000000708c00000, 0x0000000708c00000, 0x0000000708e00000|  0%| F|  |TAMS 0x0000000708c00000, 0x0000000708c00000| Untracked 
|  66|0x0000000708e00000, 0x0000000708e00000, 0x0000000709000000|  0%| F|  |TAMS 0x0000000708e00000, 0x0000000708e00000| Untracked 
|  67|0x0000000709000000, 0x0000000709000000, 0x0000000709200000|  0%| F|  |TAMS 0x0000000709000000, 0x0000000709000000| Untracked 
|  68|0x0000000709200000, 0x0000000709200000, 0x0000000709400000|  0%| F|  |TAMS 0x0000000709200000, 0x0000000709200000| Untracked 
|  69|0x0000000709400000, 0x0000000709400000, 0x0000000709600000|  0%| F|  |TAMS 0x0000000709400000, 0x0000000709400000| Untracked 
|  70|0x0000000709600000, 0x0000000709600000, 0x0000000709800000|  0%| F|  |TAMS 0x0000000709600000, 0x0000000709600000| Untracked 
|  71|0x0000000709800000, 0x0000000709800000, 0x0000000709a00000|  0%| F|  |TAMS 0x0000000709800000, 0x0000000709800000| Untracked 
|  72|0x0000000709a00000, 0x0000000709a00000, 0x0000000709c00000|  0%| F|  |TAMS 0x0000000709a00000, 0x0000000709a00000| Untracked 
|  73|0x0000000709c00000, 0x0000000709c00000, 0x0000000709e00000|  0%| F|  |TAMS 0x0000000709c00000, 0x0000000709c00000| Untracked 
|  74|0x0000000709e00000, 0x0000000709e00000, 0x000000070a000000|  0%| F|  |TAMS 0x0000000709e00000, 0x0000000709e00000| Untracked 
|  75|0x000000070a000000, 0x000000070a000000, 0x000000070a200000|  0%| F|  |TAMS 0x000000070a000000, 0x000000070a000000| Untracked 
|  76|0x000000070a200000, 0x000000070a200000, 0x000000070a400000|  0%| F|  |TAMS 0x000000070a200000, 0x000000070a200000| Untracked 
|  77|0x000000070a400000, 0x000000070a400000, 0x000000070a600000|  0%| F|  |TAMS 0x000000070a400000, 0x000000070a400000| Untracked 
|  78|0x000000070a600000, 0x000000070a600000, 0x000000070a800000|  0%| F|  |TAMS 0x000000070a600000, 0x000000070a600000| Untracked 
|  79|0x000000070a800000, 0x000000070a800000, 0x000000070aa00000|  0%| F|  |TAMS 0x000000070a800000, 0x000000070a800000| Untracked 
|  80|0x000000070aa00000, 0x000000070aa00000, 0x000000070ac00000|  0%| F|  |TAMS 0x000000070aa00000, 0x000000070aa00000| Untracked 
|  81|0x000000070ac00000, 0x000000070ac00000, 0x000000070ae00000|  0%| F|  |TAMS 0x000000070ac00000, 0x000000070ac00000| Untracked 
|  82|0x000000070ae00000, 0x000000070ae00000, 0x000000070b000000|  0%| F|  |TAMS 0x000000070ae00000, 0x000000070ae00000| Untracked 
|  83|0x000000070b000000, 0x000000070b000000, 0x000000070b200000|  0%| F|  |TAMS 0x000000070b000000, 0x000000070b000000| Untracked 
|  84|0x000000070b200000, 0x000000070b200000, 0x000000070b400000|  0%| F|  |TAMS 0x000000070b200000, 0x000000070b200000| Untracked 
|  85|0x000000070b400000, 0x000000070b400000, 0x000000070b600000|  0%| F|  |TAMS 0x000000070b400000, 0x000000070b400000| Untracked 
|  86|0x000000070b600000, 0x000000070b600000, 0x000000070b800000|  0%| F|  |TAMS 0x000000070b600000, 0x000000070b600000| Untracked 
|  87|0x000000070b800000, 0x000000070b800000, 0x000000070ba00000|  0%| F|  |TAMS 0x000000070b800000, 0x000000070b800000| Untracked 
|  88|0x000000070ba00000, 0x000000070ba00000, 0x000000070bc00000|  0%| F|  |TAMS 0x000000070ba00000, 0x000000070ba00000| Untracked 
|  89|0x000000070bc00000, 0x000000070bc00000, 0x000000070be00000|  0%| F|  |TAMS 0x000000070bc00000, 0x000000070bc00000| Untracked 
|  90|0x000000070be00000, 0x000000070be00000, 0x000000070c000000|  0%| F|  |TAMS 0x000000070be00000, 0x000000070be00000| Untracked 
|  91|0x000000070c000000, 0x000000070c000000, 0x000000070c200000|  0%| F|  |TAMS 0x000000070c000000, 0x000000070c000000| Untracked 
|  92|0x000000070c200000, 0x000000070c200000, 0x000000070c400000|  0%| F|  |TAMS 0x000000070c200000, 0x000000070c200000| Untracked 
|  93|0x000000070c400000, 0x000000070c400000, 0x000000070c600000|  0%| F|  |TAMS 0x000000070c400000, 0x000000070c400000| Untracked 
|  94|0x000000070c600000, 0x000000070c600000, 0x000000070c800000|  0%| F|  |TAMS 0x000000070c600000, 0x000000070c600000| Untracked 
|  95|0x000000070c800000, 0x000000070c800000, 0x000000070ca00000|  0%| F|  |TAMS 0x000000070c800000, 0x000000070c800000| Untracked 
|  96|0x000000070ca00000, 0x000000070ca00000, 0x000000070cc00000|  0%| F|  |TAMS 0x000000070ca00000, 0x000000070ca00000| Untracked 
|  97|0x000000070cc00000, 0x000000070cc00000, 0x000000070ce00000|  0%| F|  |TAMS 0x000000070cc00000, 0x000000070cc00000| Untracked 
|  98|0x000000070ce00000, 0x000000070ce00000, 0x000000070d000000|  0%| F|  |TAMS 0x000000070ce00000, 0x000000070ce00000| Untracked 
|  99|0x000000070d000000, 0x000000070d000000, 0x000000070d200000|  0%| F|  |TAMS 0x000000070d000000, 0x000000070d000000| Untracked 
| 100|0x000000070d200000, 0x000000070d200000, 0x000000070d400000|  0%| F|  |TAMS 0x000000070d200000, 0x000000070d200000| Untracked 
| 101|0x000000070d400000, 0x000000070d400000, 0x000000070d600000|  0%| F|  |TAMS 0x000000070d400000, 0x000000070d400000| Untracked 
| 102|0x000000070d600000, 0x000000070d600000, 0x000000070d800000|  0%| F|  |TAMS 0x000000070d600000, 0x000000070d600000| Untracked 
| 103|0x000000070d800000, 0x000000070d800000, 0x000000070da00000|  0%| F|  |TAMS 0x000000070d800000, 0x000000070d800000| Untracked 
| 104|0x000000070da00000, 0x000000070da00000, 0x000000070dc00000|  0%| F|  |TAMS 0x000000070da00000, 0x000000070da00000| Untracked 
| 105|0x000000070dc00000, 0x000000070dc00000, 0x000000070de00000|  0%| F|  |TAMS 0x000000070dc00000, 0x000000070dc00000| Untracked 
| 106|0x000000070de00000, 0x000000070de00000, 0x000000070e000000|  0%| F|  |TAMS 0x000000070de00000, 0x000000070de00000| Untracked 
| 107|0x000000070e000000, 0x000000070e000000, 0x000000070e200000|  0%| F|  |TAMS 0x000000070e000000, 0x000000070e000000| Untracked 
| 108|0x000000070e200000, 0x000000070e200000, 0x000000070e400000|  0%| F|  |TAMS 0x000000070e200000, 0x000000070e200000| Untracked 
| 109|0x000000070e400000, 0x000000070e400000, 0x000000070e600000|  0%| F|  |TAMS 0x000000070e400000, 0x000000070e400000| Untracked 
| 110|0x000000070e600000, 0x000000070e600000, 0x000000070e800000|  0%| F|  |TAMS 0x000000070e600000, 0x000000070e600000| Untracked 
| 111|0x000000070e800000, 0x000000070e800000, 0x000000070ea00000|  0%| F|  |TAMS 0x000000070e800000, 0x000000070e800000| Untracked 
| 112|0x000000070ea00000, 0x000000070ea00000, 0x000000070ec00000|  0%| F|  |TAMS 0x000000070ea00000, 0x000000070ea00000| Untracked 
| 113|0x000000070ec00000, 0x000000070ec00000, 0x000000070ee00000|  0%| F|  |TAMS 0x000000070ec00000, 0x000000070ec00000| Untracked 
| 114|0x000000070ee00000, 0x000000070ee00000, 0x000000070f000000|  0%| F|  |TAMS 0x000000070ee00000, 0x000000070ee00000| Untracked 
| 115|0x000000070f000000, 0x000000070f000000, 0x000000070f200000|  0%| F|  |TAMS 0x000000070f000000, 0x000000070f000000| Untracked 
| 116|0x000000070f200000, 0x000000070f200000, 0x000000070f400000|  0%| F|  |TAMS 0x000000070f200000, 0x000000070f200000| Untracked 
| 117|0x000000070f400000, 0x000000070f400000, 0x000000070f600000|  0%| F|  |TAMS 0x000000070f400000, 0x000000070f400000| Untracked 
| 118|0x000000070f600000, 0x000000070f600000, 0x000000070f800000|  0%| F|  |TAMS 0x000000070f600000, 0x000000070f600000| Untracked 
| 119|0x000000070f800000, 0x000000070f800000, 0x000000070fa00000|  0%| F|  |TAMS 0x000000070f800000, 0x000000070f800000| Untracked 
| 120|0x000000070fa00000, 0x000000070fa00000, 0x000000070fc00000|  0%| F|  |TAMS 0x000000070fa00000, 0x000000070fa00000| Untracked 
| 121|0x000000070fc00000, 0x000000070fc00000, 0x000000070fe00000|  0%| F|  |TAMS 0x000000070fc00000, 0x000000070fc00000| Untracked 
| 122|0x000000070fe00000, 0x000000070fe00000, 0x0000000710000000|  0%| F|  |TAMS 0x000000070fe00000, 0x000000070fe00000| Untracked 
| 123|0x0000000710000000, 0x0000000710200000, 0x0000000710200000|100%| E|  |TAMS 0x0000000710000000, 0x0000000710000000| Complete 
| 124|0x0000000710200000, 0x0000000710400000, 0x0000000710400000|100%| E|CS|TAMS 0x0000000710200000, 0x0000000710200000| Complete 
| 125|0x0000000710400000, 0x0000000710600000, 0x0000000710600000|100%| E|CS|TAMS 0x0000000710400000, 0x0000000710400000| Complete 
| 126|0x0000000710600000, 0x0000000710800000, 0x0000000710800000|100%| E|CS|TAMS 0x0000000710600000, 0x0000000710600000| Complete 
| 127|0x0000000710800000, 0x0000000710a00000, 0x0000000710a00000|100%| E|CS|TAMS 0x0000000710800000, 0x0000000710800000| Complete 

Card table byte_map: [0x000002c09bc60000,0x000002c09c460000] _byte_map_base: 0x000002c09845b000

Marking Bits (Prev, Next): (CMBitMap*) 0x000002c084987970, (CMBitMap*) 0x000002c0849879b0
 Prev Bits: [0x000002c09cc60000, 0x000002c0a0c38000)
 Next Bits: [0x000002c0a0c40000, 0x000002c0a4c18000)

Polling page: 0x000002c0828a0000

Metaspace:

Usage:
  Non-class:      3.12 MB used.
      Class:    247.42 KB used.
       Both:      3.36 MB used.

Virtual space:
  Non-class space:        8.00 MB reserved,       3.19 MB ( 40%) committed,  1 nodes.
      Class space:        1.00 GB reserved,     320.00 KB ( <1%) committed,  1 nodes.
             Both:        1.01 GB reserved,       3.50 MB ( <1%) committed. 

Chunk freelists:
   Non-Class:  1.80 MB
       Class:  3.58 MB
        Both:  5.38 MB

MaxMetaspaceSize: unlimited
CompressedClassSpaceSize: 1.00 GB
Initial GC threshold: 21.00 MB
Current GC threshold: 21.00 MB
CDS: on
MetaspaceReclaimPolicy: balanced
 - commit_granule_bytes: 65536.
 - commit_granule_words: 8192.
 - virtual_space_node_default_size: 1048576.
 - enlarge_chunks_in_place: 1.
 - new_chunks_are_fully_committed: 0.
 - uncommit_free_chunks: 1.
 - use_allocation_guard: 0.
 - handle_deallocations: 1.


Internal statistics:

num_allocs_failed_limit: 0.
num_arena_births: 16.
num_arena_deaths: 0.
num_vsnodes_births: 2.
num_vsnodes_deaths: 0.
num_space_committed: 56.
num_space_uncommitted: 0.
num_chunks_returned_to_freelist: 0.
num_chunks_taken_from_freelist: 107.
num_chunk_merges: 0.
num_chunk_splits: 84.
num_chunks_enlarged: 73.
num_purges: 0.
num_inconsistent_stats: 0.

CodeHeap 'non-profiled nmethods': size=120000Kb used=142Kb max_used=142Kb free=119858Kb
 bounds [0x000002c093c00000, 0x000002c093e70000, 0x000002c09b130000]
CodeHeap 'profiled nmethods': size=120000Kb used=749Kb max_used=749Kb free=119250Kb
 bounds [0x000002c08c6d0000, 0x000002c08c940000, 0x000002c093c00000]
CodeHeap 'non-nmethods': size=5760Kb used=1236Kb max_used=1251Kb free=4523Kb
 bounds [0x000002c08c130000, 0x000002c08c3a0000, 0x000002c08c6d0000]
 total_blobs=1002 nmethods=450 adapters=465
 compilation: enabled
              stopped_count=0, restarted_count=0
 full_count=0

Compilation events (20 events):
Event: 0.733 Thread 0x000002c0a768b1b0  440       1       kvb.vulkan.InstanceH::getAddress (5 bytes)
Event: 0.733 Thread 0x000002c0a768b1b0 nmethod 440 0x000002c093c22690 code [0x000002c093c22820, 0x000002c093c228f8]
Event: 0.733 Thread 0x000002c0a768b1b0  441       3       jdk.internal.misc.Unsafe::getInt (7 bytes)
Event: 0.733 Thread 0x000002c0a768b1b0 nmethod 441 0x000002c08c787310 code [0x000002c08c7874a0, 0x000002c08c7875b8]
Event: 0.779 Thread 0x000002c0a768b1b0  443       3       kvb.core.memory.Allocator$DefaultImpls::encodeStringNT (98 bytes)
Event: 0.780 Thread 0x000002c0a768a8b0  445       4       java.lang.StringCoding::hasNegatives (25 bytes)
Event: 0.780 Thread 0x000002c0a768b1b0 nmethod 443 0x000002c08c787690 code [0x000002c08c787ae0, 0x000002c08c789518]
Event: 0.780 Thread 0x000002c0a768b1b0  444       3       java.lang.String::encodeUTF8 (141 bytes)
Event: 0.781 Thread 0x000002c0a768b1b0 nmethod 444 0x000002c08c789f90 code [0x000002c08c78a1a0, 0x000002c08c78a7c8]
Event: 0.782 Thread 0x000002c0a768a8b0 nmethod 445 0x000002c093c22d90 code [0x000002c093c22f00, 0x000002c093c23118]
Event: 0.784 Thread 0x000002c0a768b1b0  446       3       kvb.vulkan.Format::constructor-impl (2 bytes)
Event: 0.784 Thread 0x000002c0a768b1b0 nmethod 446 0x000002c08c78aa10 code [0x000002c08c78aba0, 0x000002c08c78ac98]
Event: 0.784 Thread 0x000002c0a768b1b0  447       1       kvb.core.memory.LinearAllocator::getPointer (5 bytes)
Event: 0.784 Thread 0x000002c0a768b1b0 nmethod 447 0x000002c093c23210 code [0x000002c093c233a0, 0x000002c093c23478]
Event: 0.784 Thread 0x000002c0a768b1b0  448       1       kvb.core.memory.LinearAllocator::setPointer (6 bytes)
Event: 0.784 Thread 0x000002c0a768b1b0 nmethod 448 0x000002c093c23510 code [0x000002c093c236a0, 0x000002c093c23778]
Event: 0.784 Thread 0x000002c0a768b1b0  449       3       kvb.core.memory.Unsafe::getInt (8 bytes)
Event: 0.784 Thread 0x000002c0a768b1b0 nmethod 449 0x000002c08c78ad10 code [0x000002c08c78aec0, 0x000002c08c78b098]
Event: 0.784 Thread 0x000002c0a768b1b0  450       3       sun.misc.Unsafe::getInt (8 bytes)
Event: 0.784 Thread 0x000002c0a768b1b0 nmethod 450 0x000002c08c78b190 code [0x000002c08c78b320, 0x000002c08c78b498]

GC Heap History (0 events):
No events

Deoptimization events (20 events):
Event: 0.075 Thread 0x000002c084937920 DEOPT PACKING pc=0x000002c093c0bb5c sp=0x000000c1916fe800
Event: 0.075 Thread 0x000002c084937920 DEOPT UNPACKING pc=0x000002c08c1823a3 sp=0x000000c1916fe790 mode 2
Event: 0.076 Thread 0x000002c084937920 Uncommon trap: trap_request=0xffffff45 fr.pc=0x000002c093c0be80 relative=0x0000000000000080
Event: 0.076 Thread 0x000002c084937920 Uncommon trap: reason=unstable_if action=reinterpret pc=0x000002c093c0be80 method=java.lang.String.isLatin1()Z @ 10 c2
Event: 0.076 Thread 0x000002c084937920 DEOPT PACKING pc=0x000002c093c0be80 sp=0x000000c1916ff1f0
Event: 0.076 Thread 0x000002c084937920 DEOPT UNPACKING pc=0x000002c08c1823a3 sp=0x000000c1916ff130 mode 2
Event: 0.095 Thread 0x000002c084937920 DEOPT PACKING pc=0x000002c08c6f30e7 sp=0x000000c1916fa1e0
Event: 0.095 Thread 0x000002c084937920 DEOPT UNPACKING pc=0x000002c08c182b43 sp=0x000000c1916f9600 mode 0
Event: 0.120 Thread 0x000002c084937920 DEOPT PACKING pc=0x000002c08c7087e5 sp=0x000000c1916f9aa0
Event: 0.120 Thread 0x000002c084937920 DEOPT UNPACKING pc=0x000002c08c182b43 sp=0x000000c1916f8ef0 mode 0
Event: 0.122 Thread 0x000002c084937920 DEOPT PACKING pc=0x000002c08c7087e5 sp=0x000000c1916f9970
Event: 0.122 Thread 0x000002c084937920 DEOPT UNPACKING pc=0x000002c08c182b43 sp=0x000000c1916f8de8 mode 0
Event: 0.123 Thread 0x000002c084937920 DEOPT PACKING pc=0x000002c08c7087e5 sp=0x000000c1916f9ba0
Event: 0.123 Thread 0x000002c084937920 DEOPT UNPACKING pc=0x000002c08c182b43 sp=0x000000c1916f8ff0 mode 0
Event: 0.126 Thread 0x000002c084937920 DEOPT PACKING pc=0x000002c08c7087e5 sp=0x000000c1916fbc70
Event: 0.126 Thread 0x000002c084937920 DEOPT UNPACKING pc=0x000002c08c182b43 sp=0x000000c1916fb0e8 mode 0
Event: 0.440 Thread 0x000002c084937920 DEOPT PACKING pc=0x000002c08c70953e sp=0x000000c1916fb5f0
Event: 0.440 Thread 0x000002c084937920 DEOPT UNPACKING pc=0x000002c08c182b43 sp=0x000000c1916faa68 mode 0
Event: 0.445 Thread 0x000002c084937920 DEOPT PACKING pc=0x000002c08c710d7e sp=0x000000c1916f3940
Event: 0.445 Thread 0x000002c084937920 DEOPT UNPACKING pc=0x000002c08c182b43 sp=0x000000c1916f2db0 mode 0

Classes unloaded (0 events):
No events

Classes redefined (0 events):
No events

Internal exceptions (6 events):
Event: 0.078 Thread 0x000002c0a819ef70 Exception <a 'java/lang/NoSuchMethodError'{0x00000007106756a8}: 'java.lang.Object java.lang.invoke.DirectMethodHandle$Holder.invokeStaticInit(java.lang.Object)'> (0x00000007106756a8) 
thrown [t:\workspace\open\src\hotspot\share\interpreter\linkResolver.cpp, line 766]
Event: 0.083 Thread 0x000002c0a819ef70 Exception <a 'java/lang/NoSuchMethodError'{0x0000000710683368}: 'void java.lang.invoke.DirectMethodHandle$Holder.invokeStatic(java.lang.Object, java.lang.Object)'> (0x0000000710683368) 
thrown [t:\workspace\open\src\hotspot\share\interpreter\linkResolver.cpp, line 766]
Event: 0.100 Thread 0x000002c084937920 Exception <a 'sun/nio/fs/WindowsException'{0x00000007107d1268}> (0x00000007107d1268) 
thrown [t:\workspace\open\src\hotspot\share\prims\jni.cpp, line 516]
Event: 0.101 Thread 0x000002c084937920 Exception <a 'java/lang/NoSuchMethodError'{0x00000007107d3318}: 'void java.lang.invoke.DirectMethodHandle$Holder.invokeVirtual(java.lang.Object, java.lang.Object)'> (0x00000007107d3318) 
thrown [t:\workspace\open\src\hotspot\share\interpreter\linkResolver.cpp, line 766]
Event: 0.102 Thread 0x000002c084937920 Exception <a 'java/lang/NoSuchMethodError'{0x00000007107dbdb8}: 'void java.lang.invoke.DirectMethodHandle$Holder.invokeStatic(java.lang.Object, java.lang.Object, java.lang.Object)'> (0x00000007107dbdb8) 
thrown [t:\workspace\open\src\hotspot\share\interpreter\linkResolver.cpp, line 766]
Event: 0.103 Thread 0x000002c084937920 Exception <a 'java/lang/NoSuchMethodError'{0x00000007107df560}: 'void java.lang.invoke.DirectMethodHandle$Holder.invokeStaticInit(java.lang.Object, java.lang.Object, java.lang.Object)'> (0x00000007107df560) 
thrown [t:\workspace\open\src\hotspot\share\interpreter\linkResolver.cpp, line 766]

VM Operations (4 events):
Event: 0.045 Executing VM operation: HandshakeAllThreads
Event: 0.045 Executing VM operation: HandshakeAllThreads done
Event: 0.077 Executing VM operation: HandshakeAllThreads
Event: 0.077 Executing VM operation: HandshakeAllThreads done

Events (20 events):
Event: 0.134 loading class sun/nio/cs/Surrogate$Parser
Event: 0.134 loading class sun/nio/cs/Surrogate$Parser done
Event: 0.134 loading class sun/nio/cs/Surrogate
Event: 0.134 loading class sun/nio/cs/Surrogate done
Event: 0.447 loading class java/lang/IndexOutOfBoundsException
Event: 0.447 loading class java/lang/IndexOutOfBoundsException done
Event: 0.475 loading class java/util/Collections$SingletonList
Event: 0.475 loading class java/util/Collections$SingletonList done
Event: 0.682 loading class java/util/stream/StreamSpliterators$WrappingSpliterator
Event: 0.682 loading class java/util/stream/StreamSpliterators$AbstractWrappingSpliterator
Event: 0.682 loading class java/util/stream/StreamSpliterators$AbstractWrappingSpliterator done
Event: 0.682 loading class java/util/stream/StreamSpliterators$WrappingSpliterator done
Event: 0.682 loading class java/util/stream/SpinedBuffer
Event: 0.682 loading class java/util/stream/AbstractSpinedBuffer
Event: 0.682 loading class java/util/stream/AbstractSpinedBuffer done
Event: 0.682 loading class java/util/stream/SpinedBuffer done
Event: 0.683 loading class java/util/stream/StreamSpliterators
Event: 0.683 loading class java/util/stream/StreamSpliterators done
Event: 0.683 loading class java/util/function/BooleanSupplier
Event: 0.683 loading class java/util/function/BooleanSupplier done


Dynamic libraries:
0x00007ff6f0080000 - 0x00007ff6f0090000 	C:\Program Files\Java\jdk-17\bin\java.exe
0x00007fff01e80000 - 0x00007fff02070000 	C:\WINDOWS\SYSTEM32\ntdll.dll
0x00007fff01af0000 - 0x00007fff01ba2000 	C:\WINDOWS\System32\KERNEL32.DLL
0x00007ffefee10000 - 0x00007ffeff0b3000 	C:\WINDOWS\System32\KERNELBASE.dll
0x00007ffeffd20000 - 0x00007ffeffe1a000 	C:\WINDOWS\System32\ucrtbase.dll
0x00007ffef0bc0000 - 0x00007ffef0bd8000 	C:\Program Files\Java\jdk-17\bin\jli.dll
0x00007ffeeda90000 - 0x00007ffeedaaa000 	C:\Program Files\Java\jdk-17\bin\VCRUNTIME140.dll
0x00007fff01d90000 - 0x00007fff01e33000 	C:\WINDOWS\System32\ADVAPI32.dll
0x00007fff00ef0000 - 0x00007fff00f8e000 	C:\WINDOWS\System32\msvcrt.dll
0x00007fff00e50000 - 0x00007fff00ee7000 	C:\WINDOWS\System32\sechost.dll
0x00007fff01bb0000 - 0x00007fff01cd0000 	C:\WINDOWS\System32\RPCRT4.dll
0x00007fff004c0000 - 0x00007fff00654000 	C:\WINDOWS\System32\USER32.dll
0x00007ffef07c0000 - 0x00007ffef0a45000 	C:\WINDOWS\WinSxS\amd64_microsoft.windows.common-controls_6595b64144ccf1df_6.0.18362.657_none_e6c5b579130e3898\COMCTL32.dll
0x00007ffeff130000 - 0x00007ffeff151000 	C:\WINDOWS\System32\win32u.dll
0x00007fff008a0000 - 0x00007fff00bd6000 	C:\WINDOWS\System32\combase.dll
0x00007fff00f90000 - 0x00007fff00fb6000 	C:\WINDOWS\System32\GDI32.dll
0x00007ffeff160000 - 0x00007ffeff2f4000 	C:\WINDOWS\System32\gdi32full.dll
0x00007ffeffbd0000 - 0x00007ffeffc50000 	C:\WINDOWS\System32\bcryptPrimitives.dll
0x00007ffeffc50000 - 0x00007ffeffcee000 	C:\WINDOWS\System32\msvcp_win.dll
0x00007ffef8f10000 - 0x00007ffef8f1a000 	C:\WINDOWS\SYSTEM32\VERSION.dll
0x00007ffefffb0000 - 0x00007ffefffde000 	C:\WINDOWS\System32\IMM32.DLL
0x00007ffeed280000 - 0x00007ffeed28c000 	C:\Program Files\Java\jdk-17\bin\vcruntime140_1.dll
0x00007ffeec740000 - 0x00007ffeec7cd000 	C:\Program Files\Java\jdk-17\bin\msvcp140.dll
0x00007ffec48b0000 - 0x00007ffec546e000 	C:\Program Files\Java\jdk-17\bin\server\jvm.dll
0x00007fff01090000 - 0x00007fff01098000 	C:\WINDOWS\System32\PSAPI.DLL
0x00007ffef1820000 - 0x00007ffef1829000 	C:\WINDOWS\SYSTEM32\WSOCK32.dll
0x00007ffefb680000 - 0x00007ffefb6a4000 	C:\WINDOWS\SYSTEM32\WINMM.dll
0x00007fff01a80000 - 0x00007fff01aef000 	C:\WINDOWS\System32\WS2_32.dll
0x00007ffefb650000 - 0x00007ffefb67d000 	C:\WINDOWS\SYSTEM32\WINMMBASE.dll
0x00007ffeff0e0000 - 0x00007ffeff12a000 	C:\WINDOWS\System32\cfgmgr32.dll
0x00007ffefed60000 - 0x00007ffefed71000 	C:\WINDOWS\System32\kernel.appcore.dll
0x00007ffeec730000 - 0x00007ffeec73a000 	C:\Program Files\Java\jdk-17\bin\jimage.dll
0x00007ffeee6d0000 - 0x00007ffeee8c4000 	C:\WINDOWS\SYSTEM32\DBGHELP.DLL
0x00007ffee8130000 - 0x00007ffee815a000 	C:\WINDOWS\SYSTEM32\dbgcore.DLL
0x00007ffee36b0000 - 0x00007ffee36be000 	C:\Program Files\Java\jdk-17\bin\instrument.dll
0x00007ffeec700000 - 0x00007ffeec725000 	C:\Program Files\Java\jdk-17\bin\java.dll
0x00007ffed5ba0000 - 0x00007ffed5c76000 	C:\Program Files\Java\jdk-17\bin\svml.dll
0x00007fff010a0000 - 0x00007fff01785000 	C:\WINDOWS\System32\SHELL32.dll
0x00007fff00da0000 - 0x00007fff00e49000 	C:\WINDOWS\System32\shcore.dll
0x00007ffeff300000 - 0x00007ffeffa7f000 	C:\WINDOWS\System32\windows.storage.dll
0x00007ffefeda0000 - 0x00007ffefedbf000 	C:\WINDOWS\System32\profapi.dll
0x00007ffefedc0000 - 0x00007ffefee0a000 	C:\WINDOWS\System32\powrprof.dll
0x00007ffefed50000 - 0x00007ffefed60000 	C:\WINDOWS\System32\UMPDC.dll
0x00007fff01d30000 - 0x00007fff01d82000 	C:\WINDOWS\System32\shlwapi.dll
0x00007ffeff0c0000 - 0x00007ffeff0d7000 	C:\WINDOWS\System32\cryptsp.dll
0x00007ffee9620000 - 0x00007ffee9638000 	C:\Program Files\Java\jdk-17\bin\zip.dll
0x00007ffeec6e0000 - 0x00007ffeec6f9000 	C:\Program Files\Java\jdk-17\bin\net.dll
0x00007ffef0ee0000 - 0x00007ffef0fd0000 	C:\WINDOWS\SYSTEM32\WINHTTP.dll
0x00007ffefe5c0000 - 0x00007ffefe627000 	C:\WINDOWS\system32\mswsock.dll
0x00007ffeec680000 - 0x00007ffeec695000 	C:\Program Files\Java\jdk-17\bin\nio.dll
0x00007ffedf1c0000 - 0x00007ffedf1da000 	C:\Users\Family\AppData\Local\JetBrains\Toolbox\apps\IDEA-C\ch-0\213.6777.52\bin\breakgen64.dll
0x00000000707c0000 - 0x00000000707d4000 	C:\Users\Family\Desktop\IDEA Projects\cloned\Kotlin-Vulkan-Bindings\natives\windows\debug_utils.dll
0x000000006dd00000 - 0x000000006dd14000 	C:\Users\Family\Desktop\IDEA Projects\cloned\Kotlin-Vulkan-Bindings\natives\windows\file_utils.dll
0x0000000061840000 - 0x000000006186f000 	C:\Users\Family\Desktop\IDEA Projects\cloned\Kotlin-Vulkan-Bindings\natives\windows\image_reading.dll
0x0000000061440000 - 0x000000006145a000 	C:\Program Files\mingw-w64\x86_64-8.1.0-posix-seh-rt_v6-rev0\mingw64\bin\libgcc_s_seh-1.dll
0x0000000064940000 - 0x0000000064955000 	C:\Program Files\mingw-w64\x86_64-8.1.0-posix-seh-rt_v6-rev0\mingw64\bin\libwinpthread-1.dll
0x000000006acc0000 - 0x000000006ace1000 	C:\Users\Family\Desktop\IDEA Projects\cloned\Kotlin-Vulkan-Bindings\natives\windows\vk_commands.dll
0x00000000625c0000 - 0x00000000625d5000 	C:\Users\Family\Desktop\IDEA Projects\cloned\Kotlin-Vulkan-Bindings\natives\windows\winapi.dll
0x00007ffefd0b0000 - 0x00007ffefd149000 	C:\WINDOWS\system32\uxtheme.dll
0x00007fff01790000 - 0x00007fff018c5000 	C:\WINDOWS\System32\MSCTF.dll
0x00007fff007d0000 - 0x00007fff00894000 	C:\WINDOWS\System32\OLEAUT32.dll
0x00007ffed34f0000 - 0x00007ffed3603000 	C:\WINDOWS\SYSTEM32\vulkan-1.dll
0x00007ffefda30000 - 0x00007ffefdb1b000 	C:\WINDOWS\system32\dxgi.dll
0x00007ffefd9a0000 - 0x00007ffefd9c0000 	C:\WINDOWS\SYSTEM32\dxcore.dll
0x00007ffec18f0000 - 0x00007ffec48af000 	C:\WINDOWS\System32\DriverStore\FileRepository\nvgbdi.inf_amd64_c07d765739e25d0a\nvoglv64.dll
0x00007ffefffe0000 - 0x00007fff00450000 	C:\WINDOWS\System32\SETUPAPI.dll
0x00007ffeffcf0000 - 0x00007ffeffd16000 	C:\WINDOWS\System32\bcrypt.dll
0x00007fff00670000 - 0x00007fff007c6000 	C:\WINDOWS\System32\ole32.dll
0x00007ffefb1f0000 - 0x00007ffefb203000 	C:\WINDOWS\SYSTEM32\WTSAPI32.dll
0x00007ffefe790000 - 0x00007ffefe79c000 	C:\WINDOWS\SYSTEM32\CRYPTBASE.DLL
0x00007ffefed80000 - 0x00007ffefed92000 	C:\WINDOWS\System32\msasn1.dll
0x00007ffef8a30000 - 0x00007ffef8a5f000 	C:\WINDOWS\SYSTEM32\cryptnet.dll
0x00007ffeffa80000 - 0x00007ffeffbc9000 	C:\WINDOWS\System32\CRYPT32.dll
0x00007ffef80f0000 - 0x00007ffef8224000 	C:\WINDOWS\SYSTEM32\drvstore.dll
0x00007ffefeb50000 - 0x00007ffefeb7a000 	C:\WINDOWS\SYSTEM32\devobj.dll
0x00007ffefe820000 - 0x00007ffefe849000 	C:\WINDOWS\SYSTEM32\wldp.dll
0x00007ffeffe20000 - 0x00007ffeffe7c000 	C:\WINDOWS\System32\WINTRUST.dll
0x00007ffefdd90000 - 0x00007ffefddc1000 	C:\WINDOWS\SYSTEM32\ntmarta.dll
0x00007ffebfe60000 - 0x00007ffec18e3000 	C:\VulkanSDK\1.2.198.1\Bin\VkLayer_khronos_validation.dll
0x00007ffed5730000 - 0x00007ffed5779000 	C:\Program Files (x86)\Overwolf\0.188.0.22\ow-graphics-vulkan.dll
0x00007ffedf0a0000 - 0x00007ffedf0d9000 	C:\Users\Family\AppData\Local\Overwolf\Extensions\ncfplpkmiejjaklknfnkgcpapnhkggmlcppckhcb\187.0.3\obs\data\obs-plugins\win-capture\ow-graphics-hook64.dll
0x00007ffebfa00000 - 0x00007ffebfe59000 	C:\Program Files (x86)\Overwolf\0.188.0.22\owclient.dll
0x00007ffecaab0000 - 0x00007ffecad73000 	C:\WINDOWS\system32\nvspcap64.dll
0x00007ffefd6a0000 - 0x00007ffefd6cd000 	C:\WINDOWS\SYSTEM32\dwmapi.dll
0x00007ffef1fc0000 - 0x00007ffef2721000 	C:\WINDOWS\SYSTEM32\nvapi64.dll
0x00007fff01070000 - 0x00007fff0108d000 	C:\WINDOWS\System32\imagehlp.dll
0x00007ffefe0d0000 - 0x00007ffefe103000 	C:\WINDOWS\system32\rsaenh.dll
0x00007ffefd950000 - 0x00007ffefd972000 	C:\WINDOWS\SYSTEM32\gpapi.dll
0x00007ffed3440000 - 0x00007ffed34ee000 	C:\WINDOWS\System32\DriverStore\FileRepository\nvgbdi.inf_amd64_c07d765739e25d0a\NvCamera\NvCameraAllowlisting64.dll
0x00007ffecc520000 - 0x00007ffecc676000 	C:\WINDOWS\SYSTEM32\opengl32.dll
0x00007ffecc920000 - 0x00007ffecc94c000 	C:\WINDOWS\SYSTEM32\GLU32.dll
0x00007ffefe240000 - 0x00007ffefe29c000 	C:\WINDOWS\SYSTEM32\WINSTA.dll

dbghelp: loaded successfully - version: 4.0.5 - missing functions: none
symbol engine: initialized successfully - sym options: 0x614 - pdb path: .;C:\Program Files\Java\jdk-17\bin;C:\WINDOWS\SYSTEM32;C:\WINDOWS\WinSxS\amd64_microsoft.windows.common-controls_6595b64144ccf1df_6.0.18362.657_none_e6c5b579130e3898;C:\Program Files\Java\jdk-17\bin\server;C:\Users\Family\AppData\Local\JetBrains\Toolbox\apps\IDEA-C\ch-0\213.6777.52\bin;C:\Users\Family\Desktop\IDEA Projects\cloned\Kotlin-Vulkan-Bindings\natives\windows;C:\Program Files\mingw-w64\x86_64-8.1.0-posix-seh-rt_v6-rev0\mingw64\bin;C:\WINDOWS\System32\DriverStore\FileRepository\nvgbdi.inf_amd64_c07d765739e25d0a;C:\VulkanSDK\1.2.198.1\Bin;C:\Program Files (x86)\Overwolf\0.188.0.22;C:\Users\Family\AppData\Local\Overwolf\Extensions\ncfplpkmiejjaklknfnkgcpapnhkggmlcppckhcb\187.0.3\obs\data\obs-plugins\win-capture;C:\WINDOWS\System32\DriverStore\FileRepository\nvgbdi.inf_amd64_c07d765739e25d0a\NvCamera

VM Arguments:
jvm_args: -javaagent:C:\Users\Family\AppData\Local\JetBrains\Toolbox\apps\IDEA-C\ch-0\213.6777.52\lib\idea_rt.jar=50254:C:\Users\Family\AppData\Local\JetBrains\Toolbox\apps\IDEA-C\ch-0\213.6777.52\bin -Dfile.encoding=UTF-8 
java_command: kvb.app.AppMainKt
java_class_path (initial): C:\Users\Family\Desktop\IDEA Projects\cloned\Kotlin-Vulkan-Bindings\module-app\build\classes\kotlin\main;C:\Users\Family\Desktop\IDEA Projects\cloned\Kotlin-Vulkan-Bindings\module-core\build\classes\kotlin\main;C:\Users\Family\Desktop\IDEA Projects\cloned\Kotlin-Vulkan-Bindings\module-vulkan\build\classes\kotlin\main;C:\Users\Family\Desktop\IDEA Projects\cloned\Kotlin-Vulkan-Bindings\module-vkwrapper\build\classes\kotlin\main;C:\Users\Family\Desktop\IDEA Projects\cloned\Kotlin-Vulkan-Bindings\module-window\build\classes\kotlin\main;C:\Users\Family\.gradle\caches\modules-2\files-2.1\org.jetbrains.kotlin\kotlin-stdlib-jdk8\1.6.10\e80fe6ac3c3573a80305f5ec43f86b829e8ab53d\kotlin-stdlib-jdk8-1.6.10.jar;C:\Users\Family\.gradle\caches\modules-2\files-2.1\org.jetbrains.kotlin\kotlin-stdlib-jdk7\1.6.10\e1c380673654a089c4f0c9f83d0ddfdc1efdb498\kotlin-stdlib-jdk7-1.6.10.jar;C:\Users\Family\.gradle\caches\modules-2\files-2.1\org.jetbrains.kotlin\kotlin-stdlib\1.6.10\b8af3fe6f1ca88526914929add63cf5e7c5049af\kotlin-stdlib-1.6.10.jar;C:\Users\Family\.gradle\caches\modules-2\files-2.1\org.jetbrains\annotations\13.0\919f0dfe192fb4e063e7dacadee7f8bb9a2672a9\annotations-13.0.jar;C:\Users\Family\.gradle\caches\modules-2\files-2.1\org.jetbrains.kotlin\kotlin-stdlib-common\1.6.10\c118700e3a33c8a0d9adc920e9dec0831171925\kotlin-stdlib-common-1.6.10.jar
Launcher Type: SUN_STANDARD

[Global flags]
     intx CICompilerCount                          = 4                                         {product} {ergonomic}
     uint ConcGCThreads                            = 2                                         {product} {ergonomic}
     uint G1ConcRefinementThreads                  = 8                                         {product} {ergonomic}
   size_t G1HeapRegionSize                         = 2097152                                   {product} {ergonomic}
    uintx GCDrainStackTargetSize                   = 64                                        {product} {ergonomic}
   size_t InitialHeapSize                          = 268435456                                 {product} {ergonomic}
   size_t MarkStackSize                            = 4194304                                   {product} {ergonomic}
   size_t MaxHeapSize                              = 4284481536                                {product} {ergonomic}
   size_t MaxNewSize                               = 2569011200                                {product} {ergonomic}
   size_t MinHeapDeltaBytes                        = 2097152                                   {product} {ergonomic}
   size_t MinHeapSize                              = 8388608                                   {product} {ergonomic}
    uintx NonNMethodCodeHeapSize                   = 5839372                                {pd product} {ergonomic}
    uintx NonProfiledCodeHeapSize                  = 122909434                              {pd product} {ergonomic}
    uintx ProfiledCodeHeapSize                     = 122909434                              {pd product} {ergonomic}
    uintx ReservedCodeCacheSize                    = 251658240                              {pd product} {ergonomic}
     bool SegmentedCodeCache                       = true                                      {product} {ergonomic}
   size_t SoftMaxHeapSize                          = 4284481536                             {manageable} {ergonomic}
     bool UseCompressedClassPointers               = true                           {product lp64_product} {ergonomic}
     bool UseCompressedOops                        = true                           {product lp64_product} {ergonomic}
     bool UseG1GC                                  = true                                      {product} {ergonomic}
     bool UseLargePagesIndividualAllocation        = false                                  {pd product} {ergonomic}

Logging:
Log output configuration:
 #0: stdout all=warning uptime,level,tags
 #1: stderr all=off uptime,level,tags

Environment Variables:
JAVA_HOME=C:\Program Files\Java\jdk-17
PATH=C:\VulkanSDK\1.2.198.1\Bin;C:\Program Files\Alacritty\;C:\Program Files (x86)\Razer\ChromaBroadcast\bin;C:\Program Files\Razer\ChromaBroadcast\bin;C:\Program Files\Java\jdk-17\bin;C:\Program Files (x86)\Intel\iCLS Client\;C:\Program Files\Intel\iCLS Client\;C:\Program Files (x86)\Razer Chroma SDK\bin;C:\Program Files\Razer Chroma SDK\bin;C:\Windows\system32;C:\Windows;C:\Windows\System32\Wbem;C:\Windows\System32\WindowsPowerShell\v1.0\;C:\Windows\system32\config\systemprofile\AppData\Local\Microsoft\WindowsApps;C:\Program Files (x86)\Intel\Intel(R) Management Engine Components\DAL;C:\Program Files\Intel\Intel(R) Management Engine Components\DAL;C:\Program Files (x86)\Intel\Intel(R) Management Engine Components\IPT;C:\Program Files\Intel\Intel(R) Management Engine Components\IPT;C:\Program Files\Common Files\Autodesk Shared\;C:\Program Files (x86)\Autodesk\Backburner\;C:\WINDOWS\system32;C:\WINDOWS;C:\WINDOWS\System32\Wbem;C:\WINDOWS\System32\WindowsPowerShell\v1.0\;C:\Program Files\Apache Software Foundation\apache-maven-3.5.0\bin;C:\Program Files\dotnet\;C:\Program Files (x86)\NVIDIA Corporation\PhysX\Common;C:\WINDOWS\System32\OpenSSH\;C:\Program Files\Dart\dart-sdk\bin;C:\Program Files\NVIDIA Corporation\NVIDIA NvDLISR;C:\Program Files\WorldPainter;C:\WINDOWS\system32;C:\WINDOWS;C:\WINDOWS\System32\Wbem;C:\WINDOWS\System32\WindowsPowerShell\v1.0\;C:\WINDOWS\System32\OpenSSH\;C:\WINDOWS\system32\config\systemprofile\AppData\Local\Microsoft\WindowsApps;C:\Program Files (x86)\Brackets\command;C:\Program Files\kotlinc\bin;C:\Program Files\NASM;C:\Program Files\PuTTY\;C:\Program Files\Git\cmd;C:\Program Files\CMake\cmake-3.21.1-windows-x86_64\bin;%GRADLE_USER_HOME%\bin;C:\Library\Developer\Toolchains\unknown-Asserts-development.xctoolchain\usr\bin;C:\Library\Swift-development\bin;C:\Library\icu-67\usr\bin;C:\Users\Family\.cargo\bin;C:\Users\Family\AppData\Local\Microsoft\WindowsApps;C:\Users\Family\AppData\Roaming\Dashlane\6.1907.0.17833\bin\Firefox_Extension\{44271
USERNAME=Family
OS=Windows_NT
PROCESSOR_IDENTIFIER=Intel64 Family 6 Model 158 Stepping 9, GenuineIntel



---------------  S Y S T E M  ---------------

OS:
 Windows 10 , 64 bit Build 18362 (10.0.18362.329)
OS uptime: 0 days 0:08 hours

CPU: total 8 (initial active 8) (4 cores per cpu, 2 threads per core) family 6 model 158 stepping 9 microcode 0x8e, cx8, cmov, fxsr, ht, mmx, 3dnowpref, sse, sse2, sse3, ssse3, sse4.1, sse4.2, popcnt, lzcnt, tsc, tscinvbit, avx, avx2, aes, erms, clmul, bmi1, bmi2, rtm, adx, fma, vzeroupper, clflush, clflushopt

Memory: 4k page, system-wide physical 16341M (8534M free)
TotalPageFile size 18773M (AvailPageFile size 9210M)
current process WorkingSet (physical memory assigned to process): 122M, peak: 133M
current process commit charge ("private bytes"): 575M, peak: 575M

vm_info: Java HotSpot(TM) 64-Bit Server VM (17+35-LTS-2724) for windows-amd64 JRE (17+35-LTS-2724), built on Aug  5 2021 23:28:28 by "mach5one" with MS VC++ 16.8 (VS2019)

END.
