#
# A fatal error has been detected by the Java Runtime Environment:
#
#  EXCEPTION_ACCESS_VIOLATION (0xc0000005) at pc=0x000001651fcb39f6, pid=5740, tid=16192
#
# JRE version: Java(TM) SE Runtime Environment (17.0+35) (build 17+35-LTS-2724)
# Java VM: Java HotSpot(TM) 64-Bit Server VM (17+35-LTS-2724, mixed mode, sharing, tiered, compressed oops, compressed class ptrs, g1 gc, windows-amd64)
# Problematic frame:
# v  ~StubRoutines::jbyte_disjoint_arraycopy
#
# No core dump will be written. Minidumps are not enabled by default on client versions of Windows
#
# If you would like to submit a bug report, please visit:
#   https://bugreport.java.com/bugreport/crash.jsp
#

---------------  S U M M A R Y ------------

Command Line: -javaagent:C:\Users\Family\AppData\Local\JetBrains\Toolbox\apps\IDEA-C\ch-0\213.6777.52\lib\idea_rt.jar=51217:C:\Users\Family\AppData\Local\JetBrains\Toolbox\apps\IDEA-C\ch-0\213.6777.52\bin -Dfile.encoding=UTF-8 kvb.app.AppMainKt

Host: Intel(R) Core(TM) i7-7700K CPU @ 4.20GHz, 8 cores, 15G,  Windows 10 , 64 bit Build 18362 (10.0.18362.329)
Time: Sun Jan 30 09:03:11 2022 AUS Eastern Summer Time elapsed time: 0.397910 seconds (0d 0h 0m 0s)

---------------  T H R E A D  ---------------

Current thread (0x0000016516cb87f0):  JavaThread "main" [_thread_in_vm, id=16192, stack(0x000000103ce00000,0x000000103cf00000)]

Stack: [0x000000103ce00000,0x000000103cf00000],  sp=0x000000103cefe5f0,  free space=1017k
Native frames: (J=compiled Java code, j=interpreted, Vv=VM code, C=native code)
C  0x000001651fcb39f6

Java frames: (J=compiled Java code, j=interpreted, Vv=VM code)
j  jdk.internal.misc.Unsafe.copyMemory0(Ljava/lang/Object;JLjava/lang/Object;JJ)V+0 java.base@17
j  jdk.internal.misc.Unsafe.copyMemory(Ljava/lang/Object;JLjava/lang/Object;JJ)V+29 java.base@17
j  jdk.internal.misc.Unsafe.copyMemory(JJJ)V+7 java.base@17
j  sun.misc.Unsafe.copyMemory(JJJ)V+7 jdk.unsupported@17
j  kvb.core.memory.Unsafe.copy(JJI)V+8
j  kvb.app.VkContext.loadImageRgba(Ljava/lang/String;)Lkvb/vkwrapper/handle/ImageView;+53
j  kvb.app.demo.Demo2.<clinit>()V+50
v  ~StubRoutines::call_stub
j  kvb.app.AppMainKt.main()V+6
j  kvb.app.AppMainKt.main([Ljava/lang/String;)V+0
v  ~StubRoutines::call_stub

siginfo: EXCEPTION_ACCESS_VIOLATION (0xc0000005), reading address 0xffffffffffffffff


Register to memory mapping:

RIP=0x000001651fcb39f6 is at begin+150 in a stub
StubRoutines::jbyte_disjoint_arraycopy [0x000001651fcb3960, 0x000001651fcb3a3b] (219 bytes)
RAX=0x0000016547579040 points into unknown readable memory: 0x0000000000000000 | 00 00 00 00 00 00 00 00
RBX=0x0000016516cb87f0 is a thread
RCX=0x0000000000100000 is an unknown value
RDX=0xfffffffffffe0008 is an unknown value
RSP=0x000000103cefe5f0 is pointing into the stack for thread: 0x0000016516cb87f0
RBP=0x000000103cefe5f0 is pointing into the stack for thread: 0x0000016516cb87f0
RSI=0xc4f3070000100019 is an unknown value
RDI=0x0000016547579038 points into unknown readable memory: 0xff000000ff000000 | 00 00 00 ff 00 00 00 ff
R8 =0x0000000000100000 is an unknown value
R9 =0x0 is NULL
R10=0x0 is NULL
R11=0x0000000000000102 is an unknown value
R12=0x0 is NULL
R13=0x0000000800b00658 is pointing into metadata
R14=0x0 is NULL
R15=0x0000016516cb87f0 is a thread


Registers:
RAX=0x0000016547579040, RBX=0x0000016516cb87f0, RCX=0x0000000000100000, RDX=0xfffffffffffe0008
RSP=0x000000103cefe5f0, RBP=0x000000103cefe5f0, RSI=0xc4f3070000100019, RDI=0x0000016547579038
R8 =0x0000000000100000, R9 =0x0000000000000000, R10=0x0000000000000000, R11=0x0000000000000102
R12=0x0000000000000000, R13=0x0000000800b00658, R14=0x0000000000000000, R15=0x0000016516cb87f0
RIP=0x000001651fcb39f6, EFLAGS=0x0000000000010282

Top of Stack: (sp=0x000000103cefe5f0)
0x000000103cefe5f0:   0000016547479040 00007ffec50538fc
0x000000103cefe600:   0000000000000007 00007ffec4ec85cd
0x000000103cefe610:   0000016516d7d270 0000000000000007
0x000000103cefe620:   000000103cefe748 000001651fc8d621
0x000000103cefe630:   00000008003fbcf0 000000103cefe6e8
0x000000103cefe640:   0000000000000148 0000000000000189
0x000000103cefe650:   0000000000000000 c4f3070000000021
0x000000103cefe660:   0000000000100000 00007ffec4c2e913
0x000000103cefe670:   000000103cefe6f8 000001651fc894fe
0x000000103cefe680:   000000103cefe6f8 000001651fc894fe
0x000000103cefe690:   c4f3070000000021 0000000000000000
0x000000103cefe6a0:   000000103cefe6a0 0000000000000000
0x000000103cefe6b0:   000000103cefe748 00000008003f97d0
0x000000103cefe6c0:   0000000000000000 00000007108057e8
0x000000103cefe6d0:   00000008003fbcf0 0000000000000000
0x000000103cefe6e0:   000000103cefe708 000000103cefe798 

Instructions: (pc=0x000001651fcb39f6)
0x000001651fcb38f6:   16 17 18 19 1a 1b 1c 1d 1e 1f 20 21 22 23 24 25
0x000001651fcb3906:   26 27 28 29 2a 2b 2c 2d 2e 2f 30 31 32 33 34 35
0x000001651fcb3916:   36 37 38 39 3a 3b 3c 3d 3e 3f 55 48 8b ec 66 0f
0x000001651fcb3926:   ae 39 c9 c3 66 66 66 0f 1f 84 00 00 00 00 00 66
0x000001651fcb3936:   66 66 90 0f 1f 80 00 00 00 00 55 48 8b ec 83 f9
0x000001651fcb3946:   00 0f 85 03 00 00 00 0f ae f8 c9 c3 66 66 0f 1f
0x000001651fcb3956:   84 00 00 00 00 00 66 66 66 90 55 48 8b ec 4c 8b
0x000001651fcb3966:   cf 4c 8b d6 48 8b f9 48 8b f2 49 8b d0 48 8b ca
0x000001651fcb3976:   48 c1 ea 03 48 8d 7c d7 f8 48 8d 74 d6 f8 48 f7
0x000001651fcb3986:   da e9 7c 00 00 00 48 8b 44 d7 08 48 89 44 d6 08
0x000001651fcb3996:   48 ff c2 75 f1 f7 c1 04 00 00 00 74 0e 8b 47 08
0x000001651fcb39a6:   89 46 08 48 83 c7 04 48 83 c6 04 f7 c1 02 00 00
0x000001651fcb39b6:   00 74 10 66 8b 47 08 66 89 46 08 48 83 c7 02 48
0x000001651fcb39c6:   83 c6 02 f7 c1 01 00 00 00 74 06 8a 47 08 88 46
0x000001651fcb39d6:   08 49 8b f9 49 8b f2 48 33 c0 c5 f8 77 c9 c3 66
0x000001651fcb39e6:   66 66 0f 1f 84 00 00 00 00 00 c5 fe 6f 44 d7 c8
0x000001651fcb39f6:   c5 fe 7f 44 d6 c8 c5 fe 6f 4c d7 e8 c5 fe 7f 4c
0x000001651fcb3a06:   d6 e8 48 83 c2 08 7e e2 48 83 ea 04 7f 10 c5 fe
0x000001651fcb3a16:   6f 44 d7 e8 c5 fe 7f 44 d6 e8 48 83 c2 04 c5 fd
0x000001651fcb3a26:   ef c0 c5 f5 ef c9 48 83 ea 04 0f 8c 56 ff ff ff
0x000001651fcb3a36:   e9 60 ff ff ff 0f 1f 44 00 00 55 48 8b ec 48 3b
0x000001651fcb3a46:   d1 4a 8d 04 01 0f 86 13 ff ff ff 48 3b d0 0f 83
0x000001651fcb3a56:   0a ff ff ff 4c 8b cf 4c 8b d6 48 8b f9 48 8b f2
0x000001651fcb3a66:   49 8b d0 48 8b ca 48 c1 ea 03 f7 c1 01 00 00 00
0x000001651fcb3a76:   0f 84 0b 00 00 00 8a 44 0f ff 88 44 0e ff 48 ff
0x000001651fcb3a86:   c9 f7 c1 02 00 00 00 0f 84 0a 00 00 00 66 8b 44
0x000001651fcb3a96:   0f fe 66 89 44 0e fe f7 c1 04 00 00 00 0f 84 4d
0x000001651fcb3aa6:   00 00 00 8b 04 d7 89 04 d6 e9 42 00 00 00 48 8b
0x000001651fcb3ab6:   44 d7 f8 48 89 44 d6 f8 48 ff ca 75 f1 49 8b f9
0x000001651fcb3ac6:   49 8b f2 48 33 c0 c5 f8 77 c9 c3 66 66 66 0f 1f
0x000001651fcb3ad6:   84 00 00 00 00 00 66 66 66 90 c5 fe 6f 44 d7 20
0x000001651fcb3ae6:   c5 fe 7f 44 d6 20 c5 fe 6f 0c d7 c5 fe 7f 0c d6 


Stack slot to memory mapping:
stack at sp + 0 slots: 0x0000016547479040 points into unknown readable memory: 0xff00ff00ff00ff00 | 00 ff 00 ff 00 ff 00 ff
stack at sp + 1 slots: 0x00007ffec50538fc jvm.dll
stack at sp + 2 slots: 0x0000000000000007 is an unknown value
stack at sp + 3 slots: 0x00007ffec4ec85cd jvm.dll
stack at sp + 4 slots: 0x0000016516d7d270 points into unknown readable memory: 0x0000000000000000 | 00 00 00 00 00 00 00 00
stack at sp + 5 slots: 0x0000000000000007 is an unknown value
stack at sp + 6 slots: 0x000000103cefe748 is pointing into the stack for thread: 0x0000016516cb87f0
stack at sp + 7 slots: 0x000001651fc8d621 is at code_begin+993 in an Interpreter codelet
method entry point (kind = native)  [0x000001651fc8d240, 0x000001651fc8dbc0]  2432 bytes

StubRoutines::jbyte_disjoint_arraycopy [0x000001651fcb3960, 0x000001651fcb3a3b] (219 bytes)
[MachCode]
  0x000001651fcb3960: 5548 8bec | 4c8b cf4c | 8bd6 488b | f948 8bf2 | 498b d048 | 8bca 48c1 | ea03 488d | 7cd7 f848 
  0x000001651fcb3980: 8d74 d6f8 | 48f7 dae9 | 7c00 0000 | 488b 44d7 | 0848 8944 | d608 48ff | c275 f1f7 | c104 0000 
  0x000001651fcb39a0: 0074 0e8b | 4708 8946 | 0848 83c7 | 0448 83c6 | 04f7 c102 | 0000 0074 | 1066 8b47 | 0866 8946 
  0x000001651fcb39c0: 0848 83c7 | 0248 83c6 | 02f7 c101 | 0000 0074 | 068a 4708 | 8846 0849 | 8bf9 498b | f248 33c0 
  0x000001651fcb39e0: c5f8 77c9 | c366 6666 | 0f1f 8400 | 0000 0000 | c5fe 6f44 | d7c8 c5fe | 7f44 d6c8 | c5fe 6f4c 
  0x000001651fcb3a00: d7e8 c5fe | 7f4c d6e8 | 4883 c208 | 7ee2 4883 | ea04 7f10 | c5fe 6f44 | d7e8 c5fe | 7f44 d6e8 
  0x000001651fcb3a20: 4883 c204 | c5fd efc0 | c5f5 efc9 | 4883 ea04 | 0f8c 56ff | ffff e960 | 
[/MachCode]

---------------  P R O C E S S  ---------------

Threads class SMR info:
_java_thread_list=0x000001653c559650, length=13, elements={
0x0000016516cb87f0, 0x000001653b98fbb0, 0x000001653b991940, 0x000001653b9a5490,
0x000001653b9a5f50, 0x000001653b9a8820, 0x000001653b9a90e0, 0x000001653b9ad280,
0x000001653b9b5c40, 0x000001653b9cad20, 0x000001653b97d330, 0x000001653c61ddc0,
0x000001653c61e290
}

Java Threads: ( => current thread )
=>0x0000016516cb87f0 JavaThread "main" [_thread_in_vm, id=16192, stack(0x000000103ce00000,0x000000103cf00000)]
  0x000001653b98fbb0 JavaThread "Reference Handler" daemon [_thread_blocked, id=4896, stack(0x000000103d500000,0x000000103d600000)]
  0x000001653b991940 JavaThread "Finalizer" daemon [_thread_blocked, id=16188, stack(0x000000103d600000,0x000000103d700000)]
  0x000001653b9a5490 JavaThread "Signal Dispatcher" daemon [_thread_blocked, id=9416, stack(0x000000103d700000,0x000000103d800000)]
  0x000001653b9a5f50 JavaThread "Attach Listener" daemon [_thread_blocked, id=5304, stack(0x000000103d800000,0x000000103d900000)]
  0x000001653b9a8820 JavaThread "Service Thread" daemon [_thread_blocked, id=4496, stack(0x000000103d900000,0x000000103da00000)]
  0x000001653b9a90e0 JavaThread "Monitor Deflation Thread" daemon [_thread_blocked, id=9688, stack(0x000000103da00000,0x000000103db00000)]
  0x000001653b9ad280 JavaThread "C2 CompilerThread0" daemon [_thread_blocked, id=15536, stack(0x000000103db00000,0x000000103dc00000)]
  0x000001653b9b5c40 JavaThread "C1 CompilerThread0" daemon [_thread_blocked, id=572, stack(0x000000103dc00000,0x000000103dd00000)]
  0x000001653b9cad20 JavaThread "Sweeper thread" daemon [_thread_blocked, id=2160, stack(0x000000103dd00000,0x000000103de00000)]
  0x000001653b97d330 JavaThread "Common-Cleaner" daemon [_thread_blocked, id=2072, stack(0x000000103de00000,0x000000103df00000)]
  0x000001653c61ddc0 JavaThread "Monitor Ctrl-Break" daemon [_thread_in_native, id=1184, stack(0x000000103df00000,0x000000103e000000)]
  0x000001653c61e290 JavaThread "Notification Thread" daemon [_thread_blocked, id=13916, stack(0x000000103e000000,0x000000103e100000)]

Other Threads:
  0x000001653b98c0b0 VMThread "VM Thread" [stack: 0x000000103d400000,0x000000103d500000] [id=16220]
  0x0000016516d25ba0 WatcherThread [stack: 0x000000103e100000,0x000000103e200000] [id=2788]
  0x0000016516d05fe0 GCTaskThread "GC Thread#0" [stack: 0x000000103cf00000,0x000000103d000000] [id=7108]
  0x0000016516d17d90 ConcurrentGCThread "G1 Main Marker" [stack: 0x000000103d000000,0x000000103d100000] [id=15888]
  0x0000016516d1ae70 ConcurrentGCThread "G1 Conc#0" [stack: 0x000000103d100000,0x000000103d200000] [id=6008]
  0x000001653b8530e0 ConcurrentGCThread "G1 Refine#0" [stack: 0x000000103d200000,0x000000103d300000] [id=7848]
  0x000001653b853a10 ConcurrentGCThread "G1 Service" [stack: 0x000000103d300000,0x000000103d400000] [id=1812]

Threads with active compile tasks:

VM state: not at safepoint (normal execution)

VM Mutex/Monitor currently owned by a thread: None

Heap address: 0x0000000700a00000, size: 4086 MB, Compressed Oops mode: Zero based, Oop shift amount: 3

CDS archive(s) mapped at: [0x0000000800000000-0x0000000800bc0000-0x0000000800bc0000), size 12320768, SharedBaseAddress: 0x0000000800000000, ArchiveRelocationMode: 0.
Compressed class space mapped at: 0x0000000800c00000-0x0000000840c00000, reserved size: 1073741824
Narrow klass base: 0x0000000800000000, Narrow klass shift: 0, Narrow klass range: 0x100000000

GC Precious Log:
 CPUs: 8 total, 8 available
 Memory: 16341M
 Large Page Support: Disabled
 NUMA Support: Disabled
 Compressed Oops: Enabled (Zero based)
 Heap Region Size: 2M
 Heap Min Capacity: 8M
 Heap Initial Capacity: 256M
 Heap Max Capacity: 4086M
 Pre-touch: Disabled
 Parallel Workers: 8
 Concurrent Workers: 2
 Concurrent Refinement Workers: 8
 Periodic GC: Disabled

Heap:
 garbage-first heap   total 262144K, used 8192K [0x0000000700a00000, 0x0000000800000000)
  region size 2048K, 5 young (10240K), 0 survivors (0K)
 Metaspace       used 3418K, committed 3520K, reserved 1056768K
  class space    used 246K, committed 320K, reserved 1048576K

Heap Regions: E=young(eden), S=young(survivor), O=old, HS=humongous(starts), HC=humongous(continues), CS=collection set, F=free, OA=open archive, CA=closed archive, TAMS=top-at-mark-start (previous, next)
|   0|0x0000000700a00000, 0x0000000700a00000, 0x0000000700c00000|  0%| F|  |TAMS 0x0000000700a00000, 0x0000000700a00000| Untracked 
|   1|0x0000000700c00000, 0x0000000700c00000, 0x0000000700e00000|  0%| F|  |TAMS 0x0000000700c00000, 0x0000000700c00000| Untracked 
|   2|0x0000000700e00000, 0x0000000700e00000, 0x0000000701000000|  0%| F|  |TAMS 0x0000000700e00000, 0x0000000700e00000| Untracked 
|   3|0x0000000701000000, 0x0000000701000000, 0x0000000701200000|  0%| F|  |TAMS 0x0000000701000000, 0x0000000701000000| Untracked 
|   4|0x0000000701200000, 0x0000000701200000, 0x0000000701400000|  0%| F|  |TAMS 0x0000000701200000, 0x0000000701200000| Untracked 
|   5|0x0000000701400000, 0x0000000701400000, 0x0000000701600000|  0%| F|  |TAMS 0x0000000701400000, 0x0000000701400000| Untracked 
|   6|0x0000000701600000, 0x0000000701600000, 0x0000000701800000|  0%| F|  |TAMS 0x0000000701600000, 0x0000000701600000| Untracked 
|   7|0x0000000701800000, 0x0000000701800000, 0x0000000701a00000|  0%| F|  |TAMS 0x0000000701800000, 0x0000000701800000| Untracked 
|   8|0x0000000701a00000, 0x0000000701a00000, 0x0000000701c00000|  0%| F|  |TAMS 0x0000000701a00000, 0x0000000701a00000| Untracked 
|   9|0x0000000701c00000, 0x0000000701c00000, 0x0000000701e00000|  0%| F|  |TAMS 0x0000000701c00000, 0x0000000701c00000| Untracked 
|  10|0x0000000701e00000, 0x0000000701e00000, 0x0000000702000000|  0%| F|  |TAMS 0x0000000701e00000, 0x0000000701e00000| Untracked 
|  11|0x0000000702000000, 0x0000000702000000, 0x0000000702200000|  0%| F|  |TAMS 0x0000000702000000, 0x0000000702000000| Untracked 
|  12|0x0000000702200000, 0x0000000702200000, 0x0000000702400000|  0%| F|  |TAMS 0x0000000702200000, 0x0000000702200000| Untracked 
|  13|0x0000000702400000, 0x0000000702400000, 0x0000000702600000|  0%| F|  |TAMS 0x0000000702400000, 0x0000000702400000| Untracked 
|  14|0x0000000702600000, 0x0000000702600000, 0x0000000702800000|  0%| F|  |TAMS 0x0000000702600000, 0x0000000702600000| Untracked 
|  15|0x0000000702800000, 0x0000000702800000, 0x0000000702a00000|  0%| F|  |TAMS 0x0000000702800000, 0x0000000702800000| Untracked 
|  16|0x0000000702a00000, 0x0000000702a00000, 0x0000000702c00000|  0%| F|  |TAMS 0x0000000702a00000, 0x0000000702a00000| Untracked 
|  17|0x0000000702c00000, 0x0000000702c00000, 0x0000000702e00000|  0%| F|  |TAMS 0x0000000702c00000, 0x0000000702c00000| Untracked 
|  18|0x0000000702e00000, 0x0000000702e00000, 0x0000000703000000|  0%| F|  |TAMS 0x0000000702e00000, 0x0000000702e00000| Untracked 
|  19|0x0000000703000000, 0x0000000703000000, 0x0000000703200000|  0%| F|  |TAMS 0x0000000703000000, 0x0000000703000000| Untracked 
|  20|0x0000000703200000, 0x0000000703200000, 0x0000000703400000|  0%| F|  |TAMS 0x0000000703200000, 0x0000000703200000| Untracked 
|  21|0x0000000703400000, 0x0000000703400000, 0x0000000703600000|  0%| F|  |TAMS 0x0000000703400000, 0x0000000703400000| Untracked 
|  22|0x0000000703600000, 0x0000000703600000, 0x0000000703800000|  0%| F|  |TAMS 0x0000000703600000, 0x0000000703600000| Untracked 
|  23|0x0000000703800000, 0x0000000703800000, 0x0000000703a00000|  0%| F|  |TAMS 0x0000000703800000, 0x0000000703800000| Untracked 
|  24|0x0000000703a00000, 0x0000000703a00000, 0x0000000703c00000|  0%| F|  |TAMS 0x0000000703a00000, 0x0000000703a00000| Untracked 
|  25|0x0000000703c00000, 0x0000000703c00000, 0x0000000703e00000|  0%| F|  |TAMS 0x0000000703c00000, 0x0000000703c00000| Untracked 
|  26|0x0000000703e00000, 0x0000000703e00000, 0x0000000704000000|  0%| F|  |TAMS 0x0000000703e00000, 0x0000000703e00000| Untracked 
|  27|0x0000000704000000, 0x0000000704000000, 0x0000000704200000|  0%| F|  |TAMS 0x0000000704000000, 0x0000000704000000| Untracked 
|  28|0x0000000704200000, 0x0000000704200000, 0x0000000704400000|  0%| F|  |TAMS 0x0000000704200000, 0x0000000704200000| Untracked 
|  29|0x0000000704400000, 0x0000000704400000, 0x0000000704600000|  0%| F|  |TAMS 0x0000000704400000, 0x0000000704400000| Untracked 
|  30|0x0000000704600000, 0x0000000704600000, 0x0000000704800000|  0%| F|  |TAMS 0x0000000704600000, 0x0000000704600000| Untracked 
|  31|0x0000000704800000, 0x0000000704800000, 0x0000000704a00000|  0%| F|  |TAMS 0x0000000704800000, 0x0000000704800000| Untracked 
|  32|0x0000000704a00000, 0x0000000704a00000, 0x0000000704c00000|  0%| F|  |TAMS 0x0000000704a00000, 0x0000000704a00000| Untracked 
|  33|0x0000000704c00000, 0x0000000704c00000, 0x0000000704e00000|  0%| F|  |TAMS 0x0000000704c00000, 0x0000000704c00000| Untracked 
|  34|0x0000000704e00000, 0x0000000704e00000, 0x0000000705000000|  0%| F|  |TAMS 0x0000000704e00000, 0x0000000704e00000| Untracked 
|  35|0x0000000705000000, 0x0000000705000000, 0x0000000705200000|  0%| F|  |TAMS 0x0000000705000000, 0x0000000705000000| Untracked 
|  36|0x0000000705200000, 0x0000000705200000, 0x0000000705400000|  0%| F|  |TAMS 0x0000000705200000, 0x0000000705200000| Untracked 
|  37|0x0000000705400000, 0x0000000705400000, 0x0000000705600000|  0%| F|  |TAMS 0x0000000705400000, 0x0000000705400000| Untracked 
|  38|0x0000000705600000, 0x0000000705600000, 0x0000000705800000|  0%| F|  |TAMS 0x0000000705600000, 0x0000000705600000| Untracked 
|  39|0x0000000705800000, 0x0000000705800000, 0x0000000705a00000|  0%| F|  |TAMS 0x0000000705800000, 0x0000000705800000| Untracked 
|  40|0x0000000705a00000, 0x0000000705a00000, 0x0000000705c00000|  0%| F|  |TAMS 0x0000000705a00000, 0x0000000705a00000| Untracked 
|  41|0x0000000705c00000, 0x0000000705c00000, 0x0000000705e00000|  0%| F|  |TAMS 0x0000000705c00000, 0x0000000705c00000| Untracked 
|  42|0x0000000705e00000, 0x0000000705e00000, 0x0000000706000000|  0%| F|  |TAMS 0x0000000705e00000, 0x0000000705e00000| Untracked 
|  43|0x0000000706000000, 0x0000000706000000, 0x0000000706200000|  0%| F|  |TAMS 0x0000000706000000, 0x0000000706000000| Untracked 
|  44|0x0000000706200000, 0x0000000706200000, 0x0000000706400000|  0%| F|  |TAMS 0x0000000706200000, 0x0000000706200000| Untracked 
|  45|0x0000000706400000, 0x0000000706400000, 0x0000000706600000|  0%| F|  |TAMS 0x0000000706400000, 0x0000000706400000| Untracked 
|  46|0x0000000706600000, 0x0000000706600000, 0x0000000706800000|  0%| F|  |TAMS 0x0000000706600000, 0x0000000706600000| Untracked 
|  47|0x0000000706800000, 0x0000000706800000, 0x0000000706a00000|  0%| F|  |TAMS 0x0000000706800000, 0x0000000706800000| Untracked 
|  48|0x0000000706a00000, 0x0000000706a00000, 0x0000000706c00000|  0%| F|  |TAMS 0x0000000706a00000, 0x0000000706a00000| Untracked 
|  49|0x0000000706c00000, 0x0000000706c00000, 0x0000000706e00000|  0%| F|  |TAMS 0x0000000706c00000, 0x0000000706c00000| Untracked 
|  50|0x0000000706e00000, 0x0000000706e00000, 0x0000000707000000|  0%| F|  |TAMS 0x0000000706e00000, 0x0000000706e00000| Untracked 
|  51|0x0000000707000000, 0x0000000707000000, 0x0000000707200000|  0%| F|  |TAMS 0x0000000707000000, 0x0000000707000000| Untracked 
|  52|0x0000000707200000, 0x0000000707200000, 0x0000000707400000|  0%| F|  |TAMS 0x0000000707200000, 0x0000000707200000| Untracked 
|  53|0x0000000707400000, 0x0000000707400000, 0x0000000707600000|  0%| F|  |TAMS 0x0000000707400000, 0x0000000707400000| Untracked 
|  54|0x0000000707600000, 0x0000000707600000, 0x0000000707800000|  0%| F|  |TAMS 0x0000000707600000, 0x0000000707600000| Untracked 
|  55|0x0000000707800000, 0x0000000707800000, 0x0000000707a00000|  0%| F|  |TAMS 0x0000000707800000, 0x0000000707800000| Untracked 
|  56|0x0000000707a00000, 0x0000000707a00000, 0x0000000707c00000|  0%| F|  |TAMS 0x0000000707a00000, 0x0000000707a00000| Untracked 
|  57|0x0000000707c00000, 0x0000000707c00000, 0x0000000707e00000|  0%| F|  |TAMS 0x0000000707c00000, 0x0000000707c00000| Untracked 
|  58|0x0000000707e00000, 0x0000000707e00000, 0x0000000708000000|  0%| F|  |TAMS 0x0000000707e00000, 0x0000000707e00000| Untracked 
|  59|0x0000000708000000, 0x0000000708000000, 0x0000000708200000|  0%| F|  |TAMS 0x0000000708000000, 0x0000000708000000| Untracked 
|  60|0x0000000708200000, 0x0000000708200000, 0x0000000708400000|  0%| F|  |TAMS 0x0000000708200000, 0x0000000708200000| Untracked 
|  61|0x0000000708400000, 0x0000000708400000, 0x0000000708600000|  0%| F|  |TAMS 0x0000000708400000, 0x0000000708400000| Untracked 
|  62|0x0000000708600000, 0x0000000708600000, 0x0000000708800000|  0%| F|  |TAMS 0x0000000708600000, 0x0000000708600000| Untracked 
|  63|0x0000000708800000, 0x0000000708800000, 0x0000000708a00000|  0%| F|  |TAMS 0x0000000708800000, 0x0000000708800000| Untracked 
|  64|0x0000000708a00000, 0x0000000708a00000, 0x0000000708c00000|  0%| F|  |TAMS 0x0000000708a00000, 0x0000000708a00000| Untracked 
|  65|0x0000000708c00000, 0x0000000708c00000, 0x0000000708e00000|  0%| F|  |TAMS 0x0000000708c00000, 0x0000000708c00000| Untracked 
|  66|0x0000000708e00000, 0x0000000708e00000, 0x0000000709000000|  0%| F|  |TAMS 0x0000000708e00000, 0x0000000708e00000| Untracked 
|  67|0x0000000709000000, 0x0000000709000000, 0x0000000709200000|  0%| F|  |TAMS 0x0000000709000000, 0x0000000709000000| Untracked 
|  68|0x0000000709200000, 0x0000000709200000, 0x0000000709400000|  0%| F|  |TAMS 0x0000000709200000, 0x0000000709200000| Untracked 
|  69|0x0000000709400000, 0x0000000709400000, 0x0000000709600000|  0%| F|  |TAMS 0x0000000709400000, 0x0000000709400000| Untracked 
|  70|0x0000000709600000, 0x0000000709600000, 0x0000000709800000|  0%| F|  |TAMS 0x0000000709600000, 0x0000000709600000| Untracked 
|  71|0x0000000709800000, 0x0000000709800000, 0x0000000709a00000|  0%| F|  |TAMS 0x0000000709800000, 0x0000000709800000| Untracked 
|  72|0x0000000709a00000, 0x0000000709a00000, 0x0000000709c00000|  0%| F|  |TAMS 0x0000000709a00000, 0x0000000709a00000| Untracked 
|  73|0x0000000709c00000, 0x0000000709c00000, 0x0000000709e00000|  0%| F|  |TAMS 0x0000000709c00000, 0x0000000709c00000| Untracked 
|  74|0x0000000709e00000, 0x0000000709e00000, 0x000000070a000000|  0%| F|  |TAMS 0x0000000709e00000, 0x0000000709e00000| Untracked 
|  75|0x000000070a000000, 0x000000070a000000, 0x000000070a200000|  0%| F|  |TAMS 0x000000070a000000, 0x000000070a000000| Untracked 
|  76|0x000000070a200000, 0x000000070a200000, 0x000000070a400000|  0%| F|  |TAMS 0x000000070a200000, 0x000000070a200000| Untracked 
|  77|0x000000070a400000, 0x000000070a400000, 0x000000070a600000|  0%| F|  |TAMS 0x000000070a400000, 0x000000070a400000| Untracked 
|  78|0x000000070a600000, 0x000000070a600000, 0x000000070a800000|  0%| F|  |TAMS 0x000000070a600000, 0x000000070a600000| Untracked 
|  79|0x000000070a800000, 0x000000070a800000, 0x000000070aa00000|  0%| F|  |TAMS 0x000000070a800000, 0x000000070a800000| Untracked 
|  80|0x000000070aa00000, 0x000000070aa00000, 0x000000070ac00000|  0%| F|  |TAMS 0x000000070aa00000, 0x000000070aa00000| Untracked 
|  81|0x000000070ac00000, 0x000000070ac00000, 0x000000070ae00000|  0%| F|  |TAMS 0x000000070ac00000, 0x000000070ac00000| Untracked 
|  82|0x000000070ae00000, 0x000000070ae00000, 0x000000070b000000|  0%| F|  |TAMS 0x000000070ae00000, 0x000000070ae00000| Untracked 
|  83|0x000000070b000000, 0x000000070b000000, 0x000000070b200000|  0%| F|  |TAMS 0x000000070b000000, 0x000000070b000000| Untracked 
|  84|0x000000070b200000, 0x000000070b200000, 0x000000070b400000|  0%| F|  |TAMS 0x000000070b200000, 0x000000070b200000| Untracked 
|  85|0x000000070b400000, 0x000000070b400000, 0x000000070b600000|  0%| F|  |TAMS 0x000000070b400000, 0x000000070b400000| Untracked 
|  86|0x000000070b600000, 0x000000070b600000, 0x000000070b800000|  0%| F|  |TAMS 0x000000070b600000, 0x000000070b600000| Untracked 
|  87|0x000000070b800000, 0x000000070b800000, 0x000000070ba00000|  0%| F|  |TAMS 0x000000070b800000, 0x000000070b800000| Untracked 
|  88|0x000000070ba00000, 0x000000070ba00000, 0x000000070bc00000|  0%| F|  |TAMS 0x000000070ba00000, 0x000000070ba00000| Untracked 
|  89|0x000000070bc00000, 0x000000070bc00000, 0x000000070be00000|  0%| F|  |TAMS 0x000000070bc00000, 0x000000070bc00000| Untracked 
|  90|0x000000070be00000, 0x000000070be00000, 0x000000070c000000|  0%| F|  |TAMS 0x000000070be00000, 0x000000070be00000| Untracked 
|  91|0x000000070c000000, 0x000000070c000000, 0x000000070c200000|  0%| F|  |TAMS 0x000000070c000000, 0x000000070c000000| Untracked 
|  92|0x000000070c200000, 0x000000070c200000, 0x000000070c400000|  0%| F|  |TAMS 0x000000070c200000, 0x000000070c200000| Untracked 
|  93|0x000000070c400000, 0x000000070c400000, 0x000000070c600000|  0%| F|  |TAMS 0x000000070c400000, 0x000000070c400000| Untracked 
|  94|0x000000070c600000, 0x000000070c600000, 0x000000070c800000|  0%| F|  |TAMS 0x000000070c600000, 0x000000070c600000| Untracked 
|  95|0x000000070c800000, 0x000000070c800000, 0x000000070ca00000|  0%| F|  |TAMS 0x000000070c800000, 0x000000070c800000| Untracked 
|  96|0x000000070ca00000, 0x000000070ca00000, 0x000000070cc00000|  0%| F|  |TAMS 0x000000070ca00000, 0x000000070ca00000| Untracked 
|  97|0x000000070cc00000, 0x000000070cc00000, 0x000000070ce00000|  0%| F|  |TAMS 0x000000070cc00000, 0x000000070cc00000| Untracked 
|  98|0x000000070ce00000, 0x000000070ce00000, 0x000000070d000000|  0%| F|  |TAMS 0x000000070ce00000, 0x000000070ce00000| Untracked 
|  99|0x000000070d000000, 0x000000070d000000, 0x000000070d200000|  0%| F|  |TAMS 0x000000070d000000, 0x000000070d000000| Untracked 
| 100|0x000000070d200000, 0x000000070d200000, 0x000000070d400000|  0%| F|  |TAMS 0x000000070d200000, 0x000000070d200000| Untracked 
| 101|0x000000070d400000, 0x000000070d400000, 0x000000070d600000|  0%| F|  |TAMS 0x000000070d400000, 0x000000070d400000| Untracked 
| 102|0x000000070d600000, 0x000000070d600000, 0x000000070d800000|  0%| F|  |TAMS 0x000000070d600000, 0x000000070d600000| Untracked 
| 103|0x000000070d800000, 0x000000070d800000, 0x000000070da00000|  0%| F|  |TAMS 0x000000070d800000, 0x000000070d800000| Untracked 
| 104|0x000000070da00000, 0x000000070da00000, 0x000000070dc00000|  0%| F|  |TAMS 0x000000070da00000, 0x000000070da00000| Untracked 
| 105|0x000000070dc00000, 0x000000070dc00000, 0x000000070de00000|  0%| F|  |TAMS 0x000000070dc00000, 0x000000070dc00000| Untracked 
| 106|0x000000070de00000, 0x000000070de00000, 0x000000070e000000|  0%| F|  |TAMS 0x000000070de00000, 0x000000070de00000| Untracked 
| 107|0x000000070e000000, 0x000000070e000000, 0x000000070e200000|  0%| F|  |TAMS 0x000000070e000000, 0x000000070e000000| Untracked 
| 108|0x000000070e200000, 0x000000070e200000, 0x000000070e400000|  0%| F|  |TAMS 0x000000070e200000, 0x000000070e200000| Untracked 
| 109|0x000000070e400000, 0x000000070e400000, 0x000000070e600000|  0%| F|  |TAMS 0x000000070e400000, 0x000000070e400000| Untracked 
| 110|0x000000070e600000, 0x000000070e600000, 0x000000070e800000|  0%| F|  |TAMS 0x000000070e600000, 0x000000070e600000| Untracked 
| 111|0x000000070e800000, 0x000000070e800000, 0x000000070ea00000|  0%| F|  |TAMS 0x000000070e800000, 0x000000070e800000| Untracked 
| 112|0x000000070ea00000, 0x000000070ea00000, 0x000000070ec00000|  0%| F|  |TAMS 0x000000070ea00000, 0x000000070ea00000| Untracked 
| 113|0x000000070ec00000, 0x000000070ec00000, 0x000000070ee00000|  0%| F|  |TAMS 0x000000070ec00000, 0x000000070ec00000| Untracked 
| 114|0x000000070ee00000, 0x000000070ee00000, 0x000000070f000000|  0%| F|  |TAMS 0x000000070ee00000, 0x000000070ee00000| Untracked 
| 115|0x000000070f000000, 0x000000070f000000, 0x000000070f200000|  0%| F|  |TAMS 0x000000070f000000, 0x000000070f000000| Untracked 
| 116|0x000000070f200000, 0x000000070f200000, 0x000000070f400000|  0%| F|  |TAMS 0x000000070f200000, 0x000000070f200000| Untracked 
| 117|0x000000070f400000, 0x000000070f400000, 0x000000070f600000|  0%| F|  |TAMS 0x000000070f400000, 0x000000070f400000| Untracked 
| 118|0x000000070f600000, 0x000000070f600000, 0x000000070f800000|  0%| F|  |TAMS 0x000000070f600000, 0x000000070f600000| Untracked 
| 119|0x000000070f800000, 0x000000070f800000, 0x000000070fa00000|  0%| F|  |TAMS 0x000000070f800000, 0x000000070f800000| Untracked 
| 120|0x000000070fa00000, 0x000000070fa00000, 0x000000070fc00000|  0%| F|  |TAMS 0x000000070fa00000, 0x000000070fa00000| Untracked 
| 121|0x000000070fc00000, 0x000000070fc00000, 0x000000070fe00000|  0%| F|  |TAMS 0x000000070fc00000, 0x000000070fc00000| Untracked 
| 122|0x000000070fe00000, 0x000000070fe00000, 0x0000000710000000|  0%| F|  |TAMS 0x000000070fe00000, 0x000000070fe00000| Untracked 
| 123|0x0000000710000000, 0x0000000710200000, 0x0000000710200000|100%| E|  |TAMS 0x0000000710000000, 0x0000000710000000| Complete 
| 124|0x0000000710200000, 0x0000000710400000, 0x0000000710400000|100%| E|CS|TAMS 0x0000000710200000, 0x0000000710200000| Complete 
| 125|0x0000000710400000, 0x0000000710600000, 0x0000000710600000|100%| E|CS|TAMS 0x0000000710400000, 0x0000000710400000| Complete 
| 126|0x0000000710600000, 0x0000000710800000, 0x0000000710800000|100%| E|CS|TAMS 0x0000000710600000, 0x0000000710600000| Complete 
| 127|0x0000000710800000, 0x0000000710a00000, 0x0000000710a00000|100%| E|CS|TAMS 0x0000000710800000, 0x0000000710800000| Complete 

Card table byte_map: [0x000001652fef0000,0x00000165306f0000] _byte_map_base: 0x000001652c6eb000

Marking Bits (Prev, Next): (CMBitMap*) 0x0000016516d07510, (CMBitMap*) 0x0000016516d07550
 Prev Bits: [0x0000016530ef0000, 0x0000016534ec8000)
 Next Bits: [0x0000016534ed0000, 0x0000016538ea8000)

Polling page: 0x0000016516d80000

Metaspace:

Usage:
  Non-class:      3.10 MB used.
      Class:    246.82 KB used.
       Both:      3.34 MB used.

Virtual space:
  Non-class space:        8.00 MB reserved,       3.13 MB ( 39%) committed,  1 nodes.
      Class space:        1.00 GB reserved,     320.00 KB ( <1%) committed,  1 nodes.
             Both:        1.01 GB reserved,       3.44 MB ( <1%) committed. 

Chunk freelists:
   Non-Class:  1.81 MB
       Class:  3.58 MB
        Both:  5.39 MB

MaxMetaspaceSize: unlimited
CompressedClassSpaceSize: 1.00 GB
Initial GC threshold: 21.00 MB
Current GC threshold: 21.00 MB
CDS: on
MetaspaceReclaimPolicy: balanced
 - commit_granule_bytes: 65536.
 - commit_granule_words: 8192.
 - virtual_space_node_default_size: 1048576.
 - enlarge_chunks_in_place: 1.
 - new_chunks_are_fully_committed: 0.
 - uncommit_free_chunks: 1.
 - use_allocation_guard: 0.
 - handle_deallocations: 1.


Internal statistics:

num_allocs_failed_limit: 0.
num_arena_births: 16.
num_arena_deaths: 0.
num_vsnodes_births: 2.
num_vsnodes_deaths: 0.
num_space_committed: 55.
num_space_uncommitted: 0.
num_chunks_returned_to_freelist: 0.
num_chunks_taken_from_freelist: 106.
num_chunk_merges: 0.
num_chunk_splits: 82.
num_chunks_enlarged: 74.
num_purges: 0.
num_inconsistent_stats: 0.

CodeHeap 'non-profiled nmethods': size=120000Kb used=142Kb max_used=142Kb free=119857Kb
 bounds [0x0000016527750000, 0x00000165279c0000, 0x000001652ec80000]
CodeHeap 'profiled nmethods': size=120000Kb used=677Kb max_used=677Kb free=119322Kb
 bounds [0x0000016520220000, 0x0000016520490000, 0x0000016527750000]
CodeHeap 'non-nmethods': size=5760Kb used=1239Kb max_used=1252Kb free=4520Kb
 bounds [0x000001651fc80000, 0x000001651fef0000, 0x0000016520220000]
 total_blobs=975 nmethods=422 adapters=466
 compilation: enabled
              stopped_count=0, restarted_count=0
 full_count=0

Compilation events (20 events):
Event: 0.371 Thread 0x000001653b9b5c40  412       3       java.lang.invoke.MethodType::equals (56 bytes)
Event: 0.371 Thread 0x000001653b9b5c40 nmethod 412 0x00000165202c5a10 code [0x00000165202c5c40, 0x00000165202c67f8]
Event: 0.371 Thread 0x000001653b9b5c40  414       1       java.lang.invoke.MethodHandles$Lookup::lookupClass (5 bytes)
Event: 0.371 Thread 0x000001653b9ad280  415       4       java.util.Objects::requireNonNull (14 bytes)
Event: 0.371 Thread 0x000001653b9b5c40 nmethod 414 0x0000016527772190 code [0x0000016527772320, 0x00000165277723f8]
Event: 0.371 Thread 0x000001653b9b5c40  413       1       java.lang.invoke.MethodType$ConcurrentWeakInternSet$WeakEntry::hashCode (5 bytes)
Event: 0.371 Thread 0x000001653b9b5c40 nmethod 413 0x0000016527772490 code [0x0000016527772620, 0x00000165277726f8]
Event: 0.371 Thread 0x000001653b9ad280 nmethod 415 0x0000016527772790 code [0x0000016527772900, 0x0000016527772978]
Event: 0.372 Thread 0x000001653b9ad280  416       4       java.util.Arrays::copyOfRange (64 bytes)
Event: 0.373 Thread 0x000001653b9ad280 nmethod 416 0x0000016527772a90 code [0x0000016527772c20, 0x0000016527772f38]
Event: 0.373 Thread 0x000001653b9ad280  417       4       java.lang.CharacterDataLatin1::toLowerCase (39 bytes)
Event: 0.373 Thread 0x000001653b9ad280 nmethod 417 0x0000016527773090 code [0x0000016527773200, 0x00000165277732f8]
Event: 0.379 Thread 0x000001653b9ad280  419       4       jdk.internal.misc.Unsafe::putReferenceRelease (9 bytes)
Event: 0.379 Thread 0x000001653b9b5c40  420       3       java.lang.ClassLoader::definePackage (85 bytes)
Event: 0.380 Thread 0x000001653b9ad280 nmethod 419 0x0000016527773810 code [0x0000016527773980, 0x0000016527773ad8]
Event: 0.380 Thread 0x000001653b9b5c40 nmethod 420 0x00000165202c6990 code [0x00000165202c6c60, 0x00000165202c7bb8]
Event: 0.380 Thread 0x000001653b9b5c40  421       3       java.lang.Package::isSealed (26 bytes)
Event: 0.380 Thread 0x000001653b9b5c40 nmethod 421 0x00000165202c8090 code [0x00000165202c8240, 0x00000165202c8558]
Event: 0.380 Thread 0x000001653b9b5c40  422       3       java.lang.ClassLoader::compareCerts (197 bytes)
Event: 0.380 Thread 0x000001653b9b5c40 nmethod 422 0x00000165202c8690 code [0x00000165202c88a0, 0x00000165202c9178]

GC Heap History (0 events):
No events

Deoptimization events (18 events):
Event: 0.075 Thread 0x0000016516cb87f0 Uncommon trap: trap_request=0xffffff45 fr.pc=0x000001652775cf80 relative=0x0000000000000080
Event: 0.075 Thread 0x0000016516cb87f0 Uncommon trap: reason=unstable_if action=reinterpret pc=0x000001652775cf80 method=java.lang.String.isLatin1()Z @ 10 c2
Event: 0.075 Thread 0x0000016516cb87f0 DEOPT PACKING pc=0x000001652775cf80 sp=0x000000103ceff140
Event: 0.075 Thread 0x0000016516cb87f0 DEOPT UNPACKING pc=0x000001651fcd23a3 sp=0x000000103ceff080 mode 2
Event: 0.093 Thread 0x0000016516cb87f0 DEOPT PACKING pc=0x0000016520244c67 sp=0x000000103ceeadd0
Event: 0.093 Thread 0x0000016516cb87f0 DEOPT UNPACKING pc=0x000001651fcd2b43 sp=0x000000103ceea1f0 mode 0
Event: 0.108 Thread 0x0000016516cb87f0 DEOPT PACKING pc=0x0000016520257965 sp=0x000000103cef99f0
Event: 0.108 Thread 0x0000016516cb87f0 DEOPT UNPACKING pc=0x000001651fcd2b43 sp=0x000000103cef8e40 mode 0
Event: 0.110 Thread 0x0000016516cb87f0 DEOPT PACKING pc=0x0000016520257965 sp=0x000000103cef98c0
Event: 0.110 Thread 0x0000016516cb87f0 DEOPT UNPACKING pc=0x000001651fcd2b43 sp=0x000000103cef8d38 mode 0
Event: 0.111 Thread 0x0000016516cb87f0 DEOPT PACKING pc=0x0000016520257965 sp=0x000000103cef9af0
Event: 0.111 Thread 0x0000016516cb87f0 DEOPT UNPACKING pc=0x000001651fcd2b43 sp=0x000000103cef8f40 mode 0
Event: 0.113 Thread 0x0000016516cb87f0 DEOPT PACKING pc=0x0000016520257965 sp=0x000000103cefbb90
Event: 0.113 Thread 0x0000016516cb87f0 DEOPT UNPACKING pc=0x000001651fcd2b43 sp=0x000000103cefafe0 mode 0
Event: 0.215 Thread 0x0000016516cb87f0 DEOPT PACKING pc=0x00000165202590be sp=0x000000103cefced0
Event: 0.215 Thread 0x0000016516cb87f0 DEOPT UNPACKING pc=0x000001651fcd2b43 sp=0x000000103cefc348 mode 0
Event: 0.219 Thread 0x0000016516cb87f0 DEOPT PACKING pc=0x00000165202605fe sp=0x000000103cef3820
Event: 0.219 Thread 0x0000016516cb87f0 DEOPT UNPACKING pc=0x000001651fcd2b43 sp=0x000000103cef2c90 mode 0

Classes unloaded (0 events):
No events

Classes redefined (0 events):
No events

Internal exceptions (6 events):
Event: 0.078 Thread 0x000001653c61ddc0 Exception <a 'java/lang/NoSuchMethodError'{0x00000007106756a8}: 'java.lang.Object java.lang.invoke.DirectMethodHandle$Holder.invokeStaticInit(java.lang.Object)'> (0x00000007106756a8) 
thrown [t:\workspace\open\src\hotspot\share\interpreter\linkResolver.cpp, line 766]
Event: 0.083 Thread 0x000001653c61ddc0 Exception <a 'java/lang/NoSuchMethodError'{0x0000000710683368}: 'void java.lang.invoke.DirectMethodHandle$Holder.invokeStatic(java.lang.Object, java.lang.Object)'> (0x0000000710683368) 
thrown [t:\workspace\open\src\hotspot\share\interpreter\linkResolver.cpp, line 766]
Event: 0.097 Thread 0x0000016516cb87f0 Exception <a 'sun/nio/fs/WindowsException'{0x00000007107d11c0}> (0x00000007107d11c0) 
thrown [t:\workspace\open\src\hotspot\share\prims\jni.cpp, line 516]
Event: 0.098 Thread 0x0000016516cb87f0 Exception <a 'java/lang/NoSuchMethodError'{0x00000007107d3270}: 'void java.lang.invoke.DirectMethodHandle$Holder.invokeVirtual(java.lang.Object, java.lang.Object)'> (0x00000007107d3270) 
thrown [t:\workspace\open\src\hotspot\share\interpreter\linkResolver.cpp, line 766]
Event: 0.099 Thread 0x0000016516cb87f0 Exception <a 'java/lang/NoSuchMethodError'{0x00000007107dbd10}: 'void java.lang.invoke.DirectMethodHandle$Holder.invokeStatic(java.lang.Object, java.lang.Object, java.lang.Object)'> (0x00000007107dbd10) 
thrown [t:\workspace\open\src\hotspot\share\interpreter\linkResolver.cpp, line 766]
Event: 0.099 Thread 0x0000016516cb87f0 Exception <a 'java/lang/NoSuchMethodError'{0x00000007107df4b8}: 'void java.lang.invoke.DirectMethodHandle$Holder.invokeStaticInit(java.lang.Object, java.lang.Object, java.lang.Object)'> (0x00000007107df4b8) 
thrown [t:\workspace\open\src\hotspot\share\interpreter\linkResolver.cpp, line 766]

VM Operations (4 events):
Event: 0.044 Executing VM operation: HandshakeAllThreads
Event: 0.044 Executing VM operation: HandshakeAllThreads done
Event: 0.076 Executing VM operation: HandshakeAllThreads
Event: 0.076 Executing VM operation: HandshakeAllThreads done

Events (20 events):
Event: 0.118 loading class sun/nio/cs/Surrogate$Parser
Event: 0.118 loading class sun/nio/cs/Surrogate$Parser done
Event: 0.118 loading class sun/nio/cs/Surrogate
Event: 0.118 loading class sun/nio/cs/Surrogate done
Event: 0.222 loading class java/lang/IndexOutOfBoundsException
Event: 0.222 loading class java/lang/IndexOutOfBoundsException done
Event: 0.237 loading class java/util/Collections$SingletonList
Event: 0.237 loading class java/util/Collections$SingletonList done
Event: 0.370 loading class java/util/stream/StreamSpliterators$WrappingSpliterator
Event: 0.370 loading class java/util/stream/StreamSpliterators$AbstractWrappingSpliterator
Event: 0.370 loading class java/util/stream/StreamSpliterators$AbstractWrappingSpliterator done
Event: 0.370 loading class java/util/stream/StreamSpliterators$WrappingSpliterator done
Event: 0.370 loading class java/util/stream/SpinedBuffer
Event: 0.370 loading class java/util/stream/AbstractSpinedBuffer
Event: 0.370 loading class java/util/stream/AbstractSpinedBuffer done
Event: 0.370 loading class java/util/stream/SpinedBuffer done
Event: 0.371 loading class java/util/stream/StreamSpliterators
Event: 0.371 loading class java/util/stream/StreamSpliterators done
Event: 0.371 loading class java/util/function/BooleanSupplier
Event: 0.371 loading class java/util/function/BooleanSupplier done


Dynamic libraries:
0x00007ff6f0080000 - 0x00007ff6f0090000 	C:\Program Files\Java\jdk-17\bin\java.exe
0x00007fff01e80000 - 0x00007fff02070000 	C:\WINDOWS\SYSTEM32\ntdll.dll
0x00007fff01af0000 - 0x00007fff01ba2000 	C:\WINDOWS\System32\KERNEL32.DLL
0x00007ffefee10000 - 0x00007ffeff0b3000 	C:\WINDOWS\System32\KERNELBASE.dll
0x00007ffeffd20000 - 0x00007ffeffe1a000 	C:\WINDOWS\System32\ucrtbase.dll
0x00007ffeeda90000 - 0x00007ffeedaaa000 	C:\Program Files\Java\jdk-17\bin\VCRUNTIME140.dll
0x00007ffef0bc0000 - 0x00007ffef0bd8000 	C:\Program Files\Java\jdk-17\bin\jli.dll
0x00007fff01d90000 - 0x00007fff01e33000 	C:\WINDOWS\System32\ADVAPI32.dll
0x00007fff00ef0000 - 0x00007fff00f8e000 	C:\WINDOWS\System32\msvcrt.dll
0x00007fff00e50000 - 0x00007fff00ee7000 	C:\WINDOWS\System32\sechost.dll
0x00007fff01bb0000 - 0x00007fff01cd0000 	C:\WINDOWS\System32\RPCRT4.dll
0x00007fff004c0000 - 0x00007fff00654000 	C:\WINDOWS\System32\USER32.dll
0x00007ffeff130000 - 0x00007ffeff151000 	C:\WINDOWS\System32\win32u.dll
0x00007ffef07c0000 - 0x00007ffef0a45000 	C:\WINDOWS\WinSxS\amd64_microsoft.windows.common-controls_6595b64144ccf1df_6.0.18362.657_none_e6c5b579130e3898\COMCTL32.dll
0x00007fff00f90000 - 0x00007fff00fb6000 	C:\WINDOWS\System32\GDI32.dll
0x00007fff008a0000 - 0x00007fff00bd6000 	C:\WINDOWS\System32\combase.dll
0x00007ffeff160000 - 0x00007ffeff2f4000 	C:\WINDOWS\System32\gdi32full.dll
0x00007ffeffbd0000 - 0x00007ffeffc50000 	C:\WINDOWS\System32\bcryptPrimitives.dll
0x00007ffeffc50000 - 0x00007ffeffcee000 	C:\WINDOWS\System32\msvcp_win.dll
0x00007ffef8f10000 - 0x00007ffef8f1a000 	C:\WINDOWS\SYSTEM32\VERSION.dll
0x00007ffefffb0000 - 0x00007ffefffde000 	C:\WINDOWS\System32\IMM32.DLL
0x00007ffeed280000 - 0x00007ffeed28c000 	C:\Program Files\Java\jdk-17\bin\vcruntime140_1.dll
0x00007ffeec740000 - 0x00007ffeec7cd000 	C:\Program Files\Java\jdk-17\bin\msvcp140.dll
0x00007ffec48b0000 - 0x00007ffec546e000 	C:\Program Files\Java\jdk-17\bin\server\jvm.dll
0x00007fff01090000 - 0x00007fff01098000 	C:\WINDOWS\System32\PSAPI.DLL
0x00007ffefb680000 - 0x00007ffefb6a4000 	C:\WINDOWS\SYSTEM32\WINMM.dll
0x00007ffef1820000 - 0x00007ffef1829000 	C:\WINDOWS\SYSTEM32\WSOCK32.dll
0x00007fff01a80000 - 0x00007fff01aef000 	C:\WINDOWS\System32\WS2_32.dll
0x00007ffefb650000 - 0x00007ffefb67d000 	C:\WINDOWS\SYSTEM32\WINMMBASE.dll
0x00007ffeff0e0000 - 0x00007ffeff12a000 	C:\WINDOWS\System32\cfgmgr32.dll
0x00007ffefed60000 - 0x00007ffefed71000 	C:\WINDOWS\System32\kernel.appcore.dll
0x00007ffeec730000 - 0x00007ffeec73a000 	C:\Program Files\Java\jdk-17\bin\jimage.dll
0x00007ffeee6d0000 - 0x00007ffeee8c4000 	C:\WINDOWS\SYSTEM32\DBGHELP.DLL
0x00007ffee8130000 - 0x00007ffee815a000 	C:\WINDOWS\SYSTEM32\dbgcore.DLL
0x00007ffefb9b0000 - 0x00007ffefb9be000 	C:\Program Files\Java\jdk-17\bin\instrument.dll
0x00007ffeec700000 - 0x00007ffeec725000 	C:\Program Files\Java\jdk-17\bin\java.dll
0x00007ffed5ba0000 - 0x00007ffed5c76000 	C:\Program Files\Java\jdk-17\bin\svml.dll
0x00007fff010a0000 - 0x00007fff01785000 	C:\WINDOWS\System32\SHELL32.dll
0x00007fff00da0000 - 0x00007fff00e49000 	C:\WINDOWS\System32\shcore.dll
0x00007ffeff300000 - 0x00007ffeffa7f000 	C:\WINDOWS\System32\windows.storage.dll
0x00007ffefeda0000 - 0x00007ffefedbf000 	C:\WINDOWS\System32\profapi.dll
0x00007ffefedc0000 - 0x00007ffefee0a000 	C:\WINDOWS\System32\powrprof.dll
0x00007ffefed50000 - 0x00007ffefed60000 	C:\WINDOWS\System32\UMPDC.dll
0x00007fff01d30000 - 0x00007fff01d82000 	C:\WINDOWS\System32\shlwapi.dll
0x00007ffeff0c0000 - 0x00007ffeff0d7000 	C:\WINDOWS\System32\cryptsp.dll
0x00007ffee9620000 - 0x00007ffee9638000 	C:\Program Files\Java\jdk-17\bin\zip.dll
0x00007ffeec6e0000 - 0x00007ffeec6f9000 	C:\Program Files\Java\jdk-17\bin\net.dll
0x00007ffef0ee0000 - 0x00007ffef0fd0000 	C:\WINDOWS\SYSTEM32\WINHTTP.dll
0x00007ffefe5c0000 - 0x00007ffefe627000 	C:\WINDOWS\system32\mswsock.dll
0x00007ffeec680000 - 0x00007ffeec695000 	C:\Program Files\Java\jdk-17\bin\nio.dll
0x00007ffef8350000 - 0x00007ffef836a000 	C:\Users\Family\AppData\Local\JetBrains\Toolbox\apps\IDEA-C\ch-0\213.6777.52\bin\breakgen64.dll
0x00000000707c0000 - 0x00000000707d4000 	C:\Users\Family\Desktop\IDEA Projects\cloned\Kotlin-Vulkan-Bindings\natives\windows\debug_utils.dll
0x000000006dd00000 - 0x000000006dd14000 	C:\Users\Family\Desktop\IDEA Projects\cloned\Kotlin-Vulkan-Bindings\natives\windows\file_utils.dll
0x0000000061840000 - 0x000000006186f000 	C:\Users\Family\Desktop\IDEA Projects\cloned\Kotlin-Vulkan-Bindings\natives\windows\image_reading.dll
0x0000000061440000 - 0x000000006145a000 	C:\Program Files\mingw-w64\x86_64-8.1.0-posix-seh-rt_v6-rev0\mingw64\bin\libgcc_s_seh-1.dll
0x0000000064940000 - 0x0000000064955000 	C:\Program Files\mingw-w64\x86_64-8.1.0-posix-seh-rt_v6-rev0\mingw64\bin\libwinpthread-1.dll
0x000000006acc0000 - 0x000000006ace1000 	C:\Users\Family\Desktop\IDEA Projects\cloned\Kotlin-Vulkan-Bindings\natives\windows\vk_commands.dll
0x00000000625c0000 - 0x00000000625d5000 	C:\Users\Family\Desktop\IDEA Projects\cloned\Kotlin-Vulkan-Bindings\natives\windows\winapi.dll
0x00007ffefd0b0000 - 0x00007ffefd149000 	C:\WINDOWS\system32\uxtheme.dll
0x00007fff01790000 - 0x00007fff018c5000 	C:\WINDOWS\System32\MSCTF.dll
0x00007fff007d0000 - 0x00007fff00894000 	C:\WINDOWS\System32\OLEAUT32.dll
0x00007ffed6ea0000 - 0x00007ffed6fb3000 	C:\WINDOWS\SYSTEM32\vulkan-1.dll
0x00007ffefda30000 - 0x00007ffefdb1b000 	C:\WINDOWS\system32\dxgi.dll
0x00007ffefd9a0000 - 0x00007ffefd9c0000 	C:\WINDOWS\SYSTEM32\dxcore.dll
0x00007ffeb80e0000 - 0x00007ffebb09f000 	C:\WINDOWS\System32\DriverStore\FileRepository\nvgbdi.inf_amd64_c07d765739e25d0a\nvoglv64.dll
0x00007ffefffe0000 - 0x00007fff00450000 	C:\WINDOWS\System32\SETUPAPI.dll
0x00007ffeffcf0000 - 0x00007ffeffd16000 	C:\WINDOWS\System32\bcrypt.dll
0x00007fff00670000 - 0x00007fff007c6000 	C:\WINDOWS\System32\ole32.dll
0x00007ffefb1f0000 - 0x00007ffefb203000 	C:\WINDOWS\SYSTEM32\WTSAPI32.dll
0x00007ffefe790000 - 0x00007ffefe79c000 	C:\WINDOWS\SYSTEM32\CRYPTBASE.DLL
0x00007ffefed80000 - 0x00007ffefed92000 	C:\WINDOWS\System32\msasn1.dll
0x00007ffef8a30000 - 0x00007ffef8a5f000 	C:\WINDOWS\SYSTEM32\cryptnet.dll
0x00007ffeffa80000 - 0x00007ffeffbc9000 	C:\WINDOWS\System32\CRYPT32.dll
0x00007ffef80f0000 - 0x00007ffef8224000 	C:\WINDOWS\SYSTEM32\drvstore.dll
0x00007ffefeb50000 - 0x00007ffefeb7a000 	C:\WINDOWS\SYSTEM32\devobj.dll
0x00007ffefe820000 - 0x00007ffefe849000 	C:\WINDOWS\SYSTEM32\wldp.dll
0x00007ffeffe20000 - 0x00007ffeffe7c000 	C:\WINDOWS\System32\WINTRUST.dll
0x00007ffefdd90000 - 0x00007ffefddc1000 	C:\WINDOWS\SYSTEM32\ntmarta.dll
0x00007ffeb6650000 - 0x00007ffeb80d3000 	C:\VulkanSDK\1.2.198.1\Bin\VkLayer_khronos_validation.dll
0x00007ffee76c0000 - 0x00007ffee7709000 	C:\Program Files (x86)\Overwolf\0.188.0.22\ow-graphics-vulkan.dll
0x00007ffedf1a0000 - 0x00007ffedf1d9000 	C:\Users\Family\AppData\Local\Overwolf\Extensions\ncfplpkmiejjaklknfnkgcpapnhkggmlcppckhcb\187.0.3\obs\data\obs-plugins\win-capture\ow-graphics-hook64.dll
0x00007ffed1b80000 - 0x00007ffed1fd9000 	C:\Program Files (x86)\Overwolf\0.188.0.22\owclient.dll
0x00007ffecaab0000 - 0x00007ffecad73000 	C:\WINDOWS\system32\nvspcap64.dll
0x00007ffefd6a0000 - 0x00007ffefd6cd000 	C:\WINDOWS\SYSTEM32\dwmapi.dll
0x00007ffef1fc0000 - 0x00007ffef2721000 	C:\WINDOWS\SYSTEM32\nvapi64.dll
0x00007fff01070000 - 0x00007fff0108d000 	C:\WINDOWS\System32\imagehlp.dll
0x00007ffefe0d0000 - 0x00007ffefe103000 	C:\WINDOWS\system32\rsaenh.dll
0x00007ffefd950000 - 0x00007ffefd972000 	C:\WINDOWS\SYSTEM32\gpapi.dll
0x00007ffed6df0000 - 0x00007ffed6e9e000 	C:\WINDOWS\System32\DriverStore\FileRepository\nvgbdi.inf_amd64_c07d765739e25d0a\NvCamera\NvCameraAllowlisting64.dll
0x00007ffecc520000 - 0x00007ffecc676000 	C:\WINDOWS\SYSTEM32\opengl32.dll
0x00007ffecc920000 - 0x00007ffecc94c000 	C:\WINDOWS\SYSTEM32\GLU32.dll
0x00007ffefe240000 - 0x00007ffefe29c000 	C:\WINDOWS\SYSTEM32\WINSTA.dll

dbghelp: loaded successfully - version: 4.0.5 - missing functions: none
symbol engine: initialized successfully - sym options: 0x614 - pdb path: .;C:\Program Files\Java\jdk-17\bin;C:\WINDOWS\SYSTEM32;C:\WINDOWS\WinSxS\amd64_microsoft.windows.common-controls_6595b64144ccf1df_6.0.18362.657_none_e6c5b579130e3898;C:\Program Files\Java\jdk-17\bin\server;C:\Users\Family\AppData\Local\JetBrains\Toolbox\apps\IDEA-C\ch-0\213.6777.52\bin;C:\Users\Family\Desktop\IDEA Projects\cloned\Kotlin-Vulkan-Bindings\natives\windows;C:\Program Files\mingw-w64\x86_64-8.1.0-posix-seh-rt_v6-rev0\mingw64\bin;C:\WINDOWS\System32\DriverStore\FileRepository\nvgbdi.inf_amd64_c07d765739e25d0a;C:\VulkanSDK\1.2.198.1\Bin;C:\Program Files (x86)\Overwolf\0.188.0.22;C:\Users\Family\AppData\Local\Overwolf\Extensions\ncfplpkmiejjaklknfnkgcpapnhkggmlcppckhcb\187.0.3\obs\data\obs-plugins\win-capture;C:\WINDOWS\System32\DriverStore\FileRepository\nvgbdi.inf_amd64_c07d765739e25d0a\NvCamera

VM Arguments:
jvm_args: -javaagent:C:\Users\Family\AppData\Local\JetBrains\Toolbox\apps\IDEA-C\ch-0\213.6777.52\lib\idea_rt.jar=51217:C:\Users\Family\AppData\Local\JetBrains\Toolbox\apps\IDEA-C\ch-0\213.6777.52\bin -Dfile.encoding=UTF-8 
java_command: kvb.app.AppMainKt
java_class_path (initial): C:\Users\Family\Desktop\IDEA Projects\cloned\Kotlin-Vulkan-Bindings\module-app\build\classes\kotlin\main;C:\Users\Family\Desktop\IDEA Projects\cloned\Kotlin-Vulkan-Bindings\module-core\build\classes\kotlin\main;C:\Users\Family\Desktop\IDEA Projects\cloned\Kotlin-Vulkan-Bindings\module-vulkan\build\classes\kotlin\main;C:\Users\Family\Desktop\IDEA Projects\cloned\Kotlin-Vulkan-Bindings\module-vkwrapper\build\classes\kotlin\main;C:\Users\Family\Desktop\IDEA Projects\cloned\Kotlin-Vulkan-Bindings\module-window\build\classes\kotlin\main;C:\Users\Family\.gradle\caches\modules-2\files-2.1\org.jetbrains.kotlin\kotlin-stdlib-jdk8\1.6.10\e80fe6ac3c3573a80305f5ec43f86b829e8ab53d\kotlin-stdlib-jdk8-1.6.10.jar;C:\Users\Family\.gradle\caches\modules-2\files-2.1\org.jetbrains.kotlin\kotlin-stdlib-jdk7\1.6.10\e1c380673654a089c4f0c9f83d0ddfdc1efdb498\kotlin-stdlib-jdk7-1.6.10.jar;C:\Users\Family\.gradle\caches\modules-2\files-2.1\org.jetbrains.kotlin\kotlin-stdlib\1.6.10\b8af3fe6f1ca88526914929add63cf5e7c5049af\kotlin-stdlib-1.6.10.jar;C:\Users\Family\.gradle\caches\modules-2\files-2.1\org.jetbrains\annotations\13.0\919f0dfe192fb4e063e7dacadee7f8bb9a2672a9\annotations-13.0.jar;C:\Users\Family\.gradle\caches\modules-2\files-2.1\org.jetbrains.kotlin\kotlin-stdlib-common\1.6.10\c118700e3a33c8a0d9adc920e9dec0831171925\kotlin-stdlib-common-1.6.10.jar
Launcher Type: SUN_STANDARD

[Global flags]
     intx CICompilerCount                          = 4                                         {product} {ergonomic}
     uint ConcGCThreads                            = 2                                         {product} {ergonomic}
     uint G1ConcRefinementThreads                  = 8                                         {product} {ergonomic}
   size_t G1HeapRegionSize                         = 2097152                                   {product} {ergonomic}
    uintx GCDrainStackTargetSize                   = 64                                        {product} {ergonomic}
   size_t InitialHeapSize                          = 268435456                                 {product} {ergonomic}
   size_t MarkStackSize                            = 4194304                                   {product} {ergonomic}
   size_t MaxHeapSize                              = 4284481536                                {product} {ergonomic}
   size_t MaxNewSize                               = 2569011200                                {product} {ergonomic}
   size_t MinHeapDeltaBytes                        = 2097152                                   {product} {ergonomic}
   size_t MinHeapSize                              = 8388608                                   {product} {ergonomic}
    uintx NonNMethodCodeHeapSize                   = 5839372                                {pd product} {ergonomic}
    uintx NonProfiledCodeHeapSize                  = 122909434                              {pd product} {ergonomic}
    uintx ProfiledCodeHeapSize                     = 122909434                              {pd product} {ergonomic}
    uintx ReservedCodeCacheSize                    = 251658240                              {pd product} {ergonomic}
     bool SegmentedCodeCache                       = true                                      {product} {ergonomic}
   size_t SoftMaxHeapSize                          = 4284481536                             {manageable} {ergonomic}
     bool UseCompressedClassPointers               = true                           {product lp64_product} {ergonomic}
     bool UseCompressedOops                        = true                           {product lp64_product} {ergonomic}
     bool UseG1GC                                  = true                                      {product} {ergonomic}
     bool UseLargePagesIndividualAllocation        = false                                  {pd product} {ergonomic}

Logging:
Log output configuration:
 #0: stdout all=warning uptime,level,tags
 #1: stderr all=off uptime,level,tags

Environment Variables:
JAVA_HOME=C:\Program Files\Java\jdk-17
PATH=C:\VulkanSDK\1.2.198.1\Bin;C:\Program Files\Alacritty\;C:\Program Files (x86)\Razer\ChromaBroadcast\bin;C:\Program Files\Razer\ChromaBroadcast\bin;C:\Program Files\Java\jdk-17\bin;C:\Program Files (x86)\Intel\iCLS Client\;C:\Program Files\Intel\iCLS Client\;C:\Program Files (x86)\Razer Chroma SDK\bin;C:\Program Files\Razer Chroma SDK\bin;C:\Windows\system32;C:\Windows;C:\Windows\System32\Wbem;C:\Windows\System32\WindowsPowerShell\v1.0\;C:\Windows\system32\config\systemprofile\AppData\Local\Microsoft\WindowsApps;C:\Program Files (x86)\Intel\Intel(R) Management Engine Components\DAL;C:\Program Files\Intel\Intel(R) Management Engine Components\DAL;C:\Program Files (x86)\Intel\Intel(R) Management Engine Components\IPT;C:\Program Files\Intel\Intel(R) Management Engine Components\IPT;C:\Program Files\Common Files\Autodesk Shared\;C:\Program Files (x86)\Autodesk\Backburner\;C:\WINDOWS\system32;C:\WINDOWS;C:\WINDOWS\System32\Wbem;C:\WINDOWS\System32\WindowsPowerShell\v1.0\;C:\Program Files\Apache Software Foundation\apache-maven-3.5.0\bin;C:\Program Files\dotnet\;C:\Program Files (x86)\NVIDIA Corporation\PhysX\Common;C:\WINDOWS\System32\OpenSSH\;C:\Program Files\Dart\dart-sdk\bin;C:\Program Files\NVIDIA Corporation\NVIDIA NvDLISR;C:\Program Files\WorldPainter;C:\WINDOWS\system32;C:\WINDOWS;C:\WINDOWS\System32\Wbem;C:\WINDOWS\System32\WindowsPowerShell\v1.0\;C:\WINDOWS\System32\OpenSSH\;C:\WINDOWS\system32\config\systemprofile\AppData\Local\Microsoft\WindowsApps;C:\Program Files (x86)\Brackets\command;C:\Program Files\kotlinc\bin;C:\Program Files\NASM;C:\Program Files\PuTTY\;C:\Program Files\Git\cmd;C:\Program Files\CMake\cmake-3.21.1-windows-x86_64\bin;%GRADLE_USER_HOME%\bin;C:\Library\Developer\Toolchains\unknown-Asserts-development.xctoolchain\usr\bin;C:\Library\Swift-development\bin;C:\Library\icu-67\usr\bin;C:\Users\Family\.cargo\bin;C:\Users\Family\AppData\Local\Microsoft\WindowsApps;C:\Users\Family\AppData\Roaming\Dashlane\6.1907.0.17833\bin\Firefox_Extension\{44271
USERNAME=Family
OS=Windows_NT
PROCESSOR_IDENTIFIER=Intel64 Family 6 Model 158 Stepping 9, GenuineIntel



---------------  S Y S T E M  ---------------

OS:
 Windows 10 , 64 bit Build 18362 (10.0.18362.329)
OS uptime: 0 days 0:42 hours

CPU: total 8 (initial active 8) (4 cores per cpu, 2 threads per core) family 6 model 158 stepping 9 microcode 0x8e, cx8, cmov, fxsr, ht, mmx, 3dnowpref, sse, sse2, sse3, ssse3, sse4.1, sse4.2, popcnt, lzcnt, tsc, tscinvbit, avx, avx2, aes, erms, clmul, bmi1, bmi2, rtm, adx, fma, vzeroupper, clflush, clflushopt

Memory: 4k page, system-wide physical 16341M (8566M free)
TotalPageFile size 18773M (AvailPageFile size 8966M)
current process WorkingSet (physical memory assigned to process): 103M, peak: 111M
current process commit charge ("private bytes"): 477M, peak: 478M

vm_info: Java HotSpot(TM) 64-Bit Server VM (17+35-LTS-2724) for windows-amd64 JRE (17+35-LTS-2724), built on Aug  5 2021 23:28:28 by "mach5one" with MS VC++ 16.8 (VS2019)

END.
