#
# A fatal error has been detected by the Java Runtime Environment:
#
#  EXCEPTION_UNCAUGHT_CXX_EXCEPTION (0xe06d7363) at pc=0x00007fff04d0a839, pid=9848, tid=14056
#
# JRE version: Java(TM) SE Runtime Environment (17.0+35) (build 17+35-LTS-2724)
# Java VM: Java HotSpot(TM) 64-Bit Server VM (17+35-LTS-2724, mixed mode, sharing, tiered, compressed oops, compressed class ptrs, g1 gc, windows-amd64)
# Problematic frame:
# C  [KERNELBASE.dll+0x3a839]
#
# No core dump will be written. Minidumps are not enabled by default on client versions of Windows
#
# If you would like to submit a bug report, please visit:
#   https://bugreport.java.com/bugreport/crash.jsp
# The crash happened outside the Java Virtual Machine in native code.
# See problematic frame for where to report the bug.
#

---------------  S U M M A R Y ------------

Command Line: -agentlib:jdwp=transport=dt_socket,address=127.0.0.1:51374,suspend=y,server=n -javaagent:C:\Users\Family\AppData\Local\JetBrains\Toolbox\apps\IDEA-C\ch-0\213.7172.25\plugins\java\lib\rt\debugger-agent.jar -Dfile.encoding=UTF-8 kvb.engine.EngineMainKt

Host: Intel(R) Core(TM) i7-7700K CPU @ 4.20GHz, 8 cores, 15G,  Windows 10 , 64 bit Build 18362 (10.0.18362.329)
Time: Wed Apr  6 18:42:05 2022 AUS Eastern Standard Time elapsed time: 1.021223 seconds (0d 0h 0m 1s)

---------------  T H R E A D  ---------------

Current thread (0x00000231f2e3ad10):  JavaThread "main" [_thread_in_native, id=14056, stack(0x000000549ab00000,0x000000549ac00000)]

Stack: [0x000000549ab00000,0x000000549ac00000],  sp=0x000000549abfdd50,  free space=1015k
Native frames: (J=compiled Java code, j=interpreted, Vv=VM code, C=native code)
C  [KERNELBASE.dll+0x3a839]
C  [VCRUNTIME140.dll+0x6480]
C  [VkLayer_khronos_validation.dll+0x954d2f]

Java frames: (J=compiled Java code, j=interpreted, Vv=VM code)
j  kvb.vulkan.VK_VERSION_1_0Kt.createShaderModule(JJJJJ)I+0
j  kvb.vulkan.DeviceCommands.createShaderModule-NOnf3xU(JLkvb/vulkan/AllocationCallbacks;J)I+21
j  kvb.vkwrapper.handle.Device.createShaderModule-hJ7D3QE(J)Lkvb/vkwrapper/handle/ShaderModule;+47
j  kvb.vkwrapper.handle.Device.createShaderModule(JJ)Lkvb/vkwrapper/handle/ShaderModule;+103
j  kvb.vkwrapper.handle.Device.createShaderModule(Lkvb/core/memory/direct/DirectByteBuffer;)Lkvb/vkwrapper/handle/ShaderModule;+17
j  kvb.vkwrapper.shader.ShaderCreation$createFromFile$1.invoke(Lkvb/core/memory/direct/DirectByteBuffer;)Lkvb/vkwrapper/handle/ShaderModule;+11
j  kvb.vkwrapper.shader.ShaderCreation$createFromFile$1.invoke(Ljava/lang/Object;)Ljava/lang/Object;+5
j  kvb.core.FileUtils.readFullyAndFree(Ljava/lang/String;Lkotlin/jvm/functions/Function1;)Ljava/lang/Object;+57
j  kvb.vkwrapper.shader.ShaderCreation.createFromFile-Iq0YtX0(Lkvb/vkwrapper/handle/Device;Ljava/lang/String;ILjava/lang/String;)Lkvb/vkwrapper/shader/Shader;+38
j  kvb.vkwrapper.shader.ShaderCreation.createFromFile-Iq0YtX0$default(Lkvb/vkwrapper/shader/ShaderCreation;Lkvb/vkwrapper/handle/Device;Ljava/lang/String;ILjava/lang/String;ILjava/lang/Object;)Lkvb/vkwrapper/shader/Shader;+18
j  kvb.vkwrapper.shader.ShaderDirectory.<init>(Ljava/lang/String;Lkvb/vkwrapper/handle/Device;)V+167
j  kvb.engine.gui.GuiGraphics.<clinit>()V+23
v  ~StubRoutines::call_stub
j  kvb.engine.Engine.renderGui()V+0
j  kvb.engine.Engine.run()V+38
j  kvb.engine.EngineMainKt.engine(Lkotlin/jvm/functions/Function1;)V+25
j  kvb.engine.EngineMainKt.run()V+6
j  kvb.engine.EngineMainKt.main()V+0
j  kvb.engine.EngineMainKt.main([Ljava/lang/String;)V+0
v  ~StubRoutines::call_stub

siginfo: EXCEPTION_UNCAUGHT_CXX_EXCEPTION (0xe06d7363), ExceptionInformation=0x0000000019930520 0x000000549abfdeb0 0x00007ffebb05fb68 0x00007ffeb9800000 


Register to memory mapping:

RIP=0x00007fff04d0a839 KERNELBASE.dll
RAX=0x000000549abfd9d8 is pointing into the stack for thread: 0x00000231f2e3ad10
RBX=0x00007ffebb05fb68 VkLayer_khronos_validation.dll
RCX=0x0 is NULL
RDX=0x000000549abfd9d8 is pointing into the stack for thread: 0x00000231f2e3ad10
RSP=0x000000549abfdd50 is pointing into the stack for thread: 0x00000231f2e3ad10
RBP=0x000000549abfe028 is pointing into the stack for thread: 0x00000231f2e3ad10
RSI=0x000000549abfdeb0 is pointing into the stack for thread: 0x00000231f2e3ad10
RDI=0x0000000019930520 is an unknown value
R8 =0x00007ffee5611b00 msvcp140.dll
R9 =0x000000549abfd660 is pointing into the stack for thread: 0x00000231f2e3ad10
R10=0x00007fff07a8083d ntdll.dll
R11=0x000000000000000f is an unknown value
R12=0x00000231ff90603f points into unknown readable memory: 10
R13=0x00000231ff906068 points into unknown readable memory: 0x0000000000000000 | 00 00 00 00 00 00 00 00
R14=0x000002319808e040 points into unknown readable memory: 0x0000023197f71130 | 30 11 f7 97 31 02 00 00
R15=0x0 is NULL


Registers:
RAX=0x000000549abfd9d8, RBX=0x00007ffebb05fb68, RCX=0x0000000000000000, RDX=0x000000549abfd9d8
RSP=0x000000549abfdd50, RBP=0x000000549abfe028, RSI=0x000000549abfdeb0, RDI=0x0000000019930520
R8 =0x00007ffee5611b00, R9 =0x000000549abfd660, R10=0x00007fff07a8083d, R11=0x000000000000000f
R12=0x00000231ff90603f, R13=0x00000231ff906068, R14=0x000002319808e040, R15=0x0000000000000000
RIP=0x00007fff04d0a839, EFLAGS=0x0000000000000206

Top of Stack: (sp=0x000000549abfdd50)
0x000000549abfdd50:   0000005400343000 00007ffebb05fb68
0x000000549abfdd60:   000000549abfdeb0 000000000000000f
0x000000549abfdd70:   00000001e06d7363 0000000000000000
0x000000549abfdd80:   00007fff04d0a839 0000005400000004
0x000000549abfdd90:   0000000019930520 000000549abfdeb0
0x000000549abfdda0:   00007ffebb05fb68 00007ffeb9800000
0x000000549abfddb0:   00000231ff906068 00000231ff90603f
0x000000549abfddc0:   000000549abfdeb0 000000549abfe028
0x000000549abfddd0:   000000549abfde50 00007fff07a5f49f
0x000000549abfdde0:   0000000019930520 0000000000000000
0x000000549abfddf0:   0000023197b13078 00007fff07a935d0
0x000000549abfde00:   00007ffebb11b000 00007ffeb9800000
0x000000549abfde10:   0000aebd5b0db13f 00007fff04cf1edb
0x000000549abfde20:   00007ffebb05fb68 00007ffef58b6480
0x000000549abfde30:   000068dfffac89f9 00000231f0d60000
0x000000549abfde40:   000000000000007f 00007fff04b99f46 

Instructions: (pc=0x00007fff04d0a839)
0x00007fff04d0a739:   fe ff ff 4c 8d 05 a5 51 20 00 33 d2 8d 4a 02 e8
0x00007fff04d0a749:   b3 17 02 00 48 8b f8 48 89 44 24 58 e9 ef fd ff
0x00007fff04d0a759:   ff 45 33 c0 49 8b d7 48 83 c9 ff e8 37 f0 02 00
0x00007fff04d0a769:   e9 09 ff ff ff 48 8b 0d c3 0f 23 00 e8 06 f2 ff
0x00007fff04d0a779:   ff 48 8b cf e8 4e a2 fe ff e9 f9 fe ff ff 49 8b
0x00007fff04d0a789:   ce e8 41 a2 fe ff e9 f5 fe ff ff 48 8b ce e8 34
0x00007fff04d0a799:   a2 fe ff e9 f1 fe ff ff cc cc cc cc cc cc cc cc
0x00007fff04d0a7a9:   cc cc cc cc cc cc cc 65 48 8b 04 25 30 00 00 00
0x00007fff04d0a7b9:   8b 40 68 c3 cc cc cc cc cc cc cc cc cc cc cc cc
0x00007fff04d0a7c9:   cc cc cc cc cc cc cc 48 81 ec d8 00 00 00 48 8b
0x00007fff04d0a7d9:   05 52 e6 22 00 48 33 c4 48 89 84 24 c0 00 00 00
0x00007fff04d0a7e9:   48 83 64 24 28 00 48 8d 05 da ff ff ff 83 e2 01
0x00007fff04d0a7f9:   89 4c 24 20 89 54 24 24 48 89 44 24 30 4d 85 c9
0x00007fff04d0a809:   74 4b b8 0f 00 00 00 48 8d 4c 24 40 44 3b c0 49
0x00007fff04d0a819:   8b d1 44 0f 47 c0 44 89 44 24 38 49 c1 e0 03 e8
0x00007fff04d0a829:   ca 4c 05 00 48 8d 4c 24 20 48 ff 15 ef c3 16 00
0x00007fff04d0a839:   0f 1f 44 00 00 48 8b 8c 24 c0 00 00 00 48 33 cc
0x00007fff04d0a849:   e8 c2 ee 04 00 48 81 c4 d8 00 00 00 c3 83 64 24
0x00007fff04d0a859:   38 00 eb d0 cc cc cc cc cc cc cc 48 89 5c 24 08
0x00007fff04d0a869:   48 89 74 24 10 57 48 83 ec 20 8b da 48 8b f9 e8
0x00007fff04d0a879:   f3 d6 ff ff 33 f6 85 c0 0f 84 01 87 06 00 85 db
0x00007fff04d0a889:   0f 84 f9 86 06 00 44 8d 4e 02 ba 09 10 00 20 4c
0x00007fff04d0a899:   8d 44 24 40 48 8b cf e8 7b b5 ff ff 85 c0 0f 84
0x00007fff04d0a8a9:   db 86 06 00 39 5c 24 40 0f 85 d1 86 06 00 0f b7
0x00007fff04d0a8b9:   c3 48 8b 5c 24 30 48 8b 74 24 38 48 83 c4 20 5f
0x00007fff04d0a8c9:   c3 cc cc cc cc cc cc 48 89 5c 24 08 48 89 74 24
0x00007fff04d0a8d9:   10 57 48 83 ec 40 48 8b c2 48 8b f1 48 8b c8 33
0x00007fff04d0a8e9:   d2 49 8b d9 41 8b f8 e8 5b 6c ff ff 48 8b d0 48
0x00007fff04d0a8f9:   85 db 0f 85 bb 86 06 00 48 8b 44 24 78 44 8b c7
0x00007fff04d0a909:   44 8b 4c 24 70 48 8b ce 48 89 44 24 38 8d 43 01
0x00007fff04d0a919:   89 44 24 30 89 44 24 28 89 44 24 20 e8 16 00 00
0x00007fff04d0a929:   00 48 8b 5c 24 50 48 8b 74 24 58 48 83 c4 40 5f 


Stack slot to memory mapping:
stack at sp + 0 slots: 0x0000005400343000 is an unknown value
stack at sp + 1 slots: 0x00007ffebb05fb68 VkLayer_khronos_validation.dll
stack at sp + 2 slots: 0x000000549abfdeb0 is pointing into the stack for thread: 0x00000231f2e3ad10
stack at sp + 3 slots: 0x000000000000000f is an unknown value
stack at sp + 4 slots: 0x00000001e06d7363 is an unknown value
stack at sp + 5 slots: 0x0 is NULL
stack at sp + 6 slots: 0x00007fff04d0a839 KERNELBASE.dll
stack at sp + 7 slots: 0x0000005400000004 is an unknown value


---------------  P R O C E S S  ---------------

Threads class SMR info:
_java_thread_list=0x00000231ff720e10, length=15, elements={
0x00000231f2e3ad10, 0x00000231feba3370, 0x00000231feba3fe0, 0x00000231febb11f0,
0x00000231febba460, 0x00000231febbae10, 0x00000231febbb7c0, 0x00000231febc6340,
0x00000231febced40, 0x00000231febdae30, 0x00000231ff61bcf0, 0x00000231ff6a5550,
0x00000231ff6d5c60, 0x00000231ff6d6770, 0x00000231ff7206b0
}

Java Threads: ( => current thread )
=>0x00000231f2e3ad10 JavaThread "main" [_thread_in_native, id=14056, stack(0x000000549ab00000,0x000000549ac00000)]
  0x00000231feba3370 JavaThread "Reference Handler" daemon [_thread_blocked, id=15016, stack(0x000000549b200000,0x000000549b300000)]
  0x00000231feba3fe0 JavaThread "Finalizer" daemon [_thread_blocked, id=10260, stack(0x000000549b300000,0x000000549b400000)]
  0x00000231febb11f0 JavaThread "Signal Dispatcher" daemon [_thread_blocked, id=12880, stack(0x000000549b400000,0x000000549b500000)]
  0x00000231febba460 JavaThread "Attach Listener" daemon [_thread_blocked, id=14508, stack(0x000000549b500000,0x000000549b600000)]
  0x00000231febbae10 JavaThread "Service Thread" daemon [_thread_blocked, id=10700, stack(0x000000549b600000,0x000000549b700000)]
  0x00000231febbb7c0 JavaThread "Monitor Deflation Thread" daemon [_thread_blocked, id=12832, stack(0x000000549b700000,0x000000549b800000)]
  0x00000231febc6340 JavaThread "C2 CompilerThread0" daemon [_thread_blocked, id=12828, stack(0x000000549b800000,0x000000549b900000)]
  0x00000231febced40 JavaThread "C1 CompilerThread0" daemon [_thread_blocked, id=15352, stack(0x000000549b900000,0x000000549ba00000)]
  0x00000231febdae30 JavaThread "Sweeper thread" daemon [_thread_blocked, id=11672, stack(0x000000549ba00000,0x000000549bb00000)]
  0x00000231ff61bcf0 JavaThread "Common-Cleaner" daemon [_thread_blocked, id=8036, stack(0x000000549bb00000,0x000000549bc00000)]
  0x00000231ff6a5550 JavaThread "JDWP Transport Listener: dt_socket" daemon [_thread_blocked, id=10352, stack(0x000000549bc00000,0x000000549bd00000)]
  0x00000231ff6d5c60 JavaThread "JDWP Event Helper Thread" daemon [_thread_blocked, id=11124, stack(0x000000549bd00000,0x000000549be00000)]
  0x00000231ff6d6770 JavaThread "JDWP Command Reader" daemon [_thread_in_native, id=12072, stack(0x000000549be00000,0x000000549bf00000)]
  0x00000231ff7206b0 JavaThread "Notification Thread" daemon [_thread_blocked, id=14976, stack(0x000000549bf00000,0x000000549c000000)]

Other Threads:
  0x00000231feb9d870 VMThread "VM Thread" [stack: 0x000000549b100000,0x000000549b200000] [id=1816]
  0x00000231f2eb1410 WatcherThread [stack: 0x000000549c000000,0x000000549c100000] [id=11636]
  0x00000231f2e8a2f0 GCTaskThread "GC Thread#0" [stack: 0x000000549ac00000,0x000000549ad00000] [id=2208]
  0x00000231f2e9d1a0 ConcurrentGCThread "G1 Main Marker" [stack: 0x000000549ad00000,0x000000549ae00000] [id=6236]
  0x00000231f2e9f360 ConcurrentGCThread "G1 Conc#0" [stack: 0x000000549ae00000,0x000000549af00000] [id=3808]
  0x00000231f2ef8b40 ConcurrentGCThread "G1 Refine#0" [stack: 0x000000549af00000,0x000000549b000000] [id=12984]
  0x00000231fea62620 ConcurrentGCThread "G1 Service" [stack: 0x000000549b000000,0x000000549b100000] [id=14588]

Threads with active compile tasks:

VM state: not at safepoint (normal execution)

VM Mutex/Monitor currently owned by a thread: None

Heap address: 0x0000000700a00000, size: 4086 MB, Compressed Oops mode: Zero based, Oop shift amount: 3

CDS archive(s) mapped at: [0x0000000800000000-0x0000000800bc0000-0x0000000800bc0000), size 12320768, SharedBaseAddress: 0x0000000800000000, ArchiveRelocationMode: 0.
Compressed class space mapped at: 0x0000000800c00000-0x0000000840c00000, reserved size: 1073741824
Narrow klass base: 0x0000000800000000, Narrow klass shift: 0, Narrow klass range: 0x100000000

GC Precious Log:
 CPUs: 8 total, 8 available
 Memory: 16341M
 Large Page Support: Disabled
 NUMA Support: Disabled
 Compressed Oops: Enabled (Zero based)
 Heap Region Size: 2M
 Heap Min Capacity: 8M
 Heap Initial Capacity: 256M
 Heap Max Capacity: 4086M
 Pre-touch: Disabled
 Parallel Workers: 8
 Concurrent Workers: 2
 Concurrent Refinement Workers: 8
 Periodic GC: Disabled

Heap:
 garbage-first heap   total 262144K, used 12288K [0x0000000700a00000, 0x0000000800000000)
  region size 2048K, 7 young (14336K), 0 survivors (0K)
 Metaspace       used 3630K, committed 3776K, reserved 1056768K
  class space    used 259K, committed 320K, reserved 1048576K

Heap Regions: E=young(eden), S=young(survivor), O=old, HS=humongous(starts), HC=humongous(continues), CS=collection set, F=free, OA=open archive, CA=closed archive, TAMS=top-at-mark-start (previous, next)
|   0|0x0000000700a00000, 0x0000000700a00000, 0x0000000700c00000|  0%| F|  |TAMS 0x0000000700a00000, 0x0000000700a00000| Untracked 
|   1|0x0000000700c00000, 0x0000000700c00000, 0x0000000700e00000|  0%| F|  |TAMS 0x0000000700c00000, 0x0000000700c00000| Untracked 
|   2|0x0000000700e00000, 0x0000000700e00000, 0x0000000701000000|  0%| F|  |TAMS 0x0000000700e00000, 0x0000000700e00000| Untracked 
|   3|0x0000000701000000, 0x0000000701000000, 0x0000000701200000|  0%| F|  |TAMS 0x0000000701000000, 0x0000000701000000| Untracked 
|   4|0x0000000701200000, 0x0000000701200000, 0x0000000701400000|  0%| F|  |TAMS 0x0000000701200000, 0x0000000701200000| Untracked 
|   5|0x0000000701400000, 0x0000000701400000, 0x0000000701600000|  0%| F|  |TAMS 0x0000000701400000, 0x0000000701400000| Untracked 
|   6|0x0000000701600000, 0x0000000701600000, 0x0000000701800000|  0%| F|  |TAMS 0x0000000701600000, 0x0000000701600000| Untracked 
|   7|0x0000000701800000, 0x0000000701800000, 0x0000000701a00000|  0%| F|  |TAMS 0x0000000701800000, 0x0000000701800000| Untracked 
|   8|0x0000000701a00000, 0x0000000701a00000, 0x0000000701c00000|  0%| F|  |TAMS 0x0000000701a00000, 0x0000000701a00000| Untracked 
|   9|0x0000000701c00000, 0x0000000701c00000, 0x0000000701e00000|  0%| F|  |TAMS 0x0000000701c00000, 0x0000000701c00000| Untracked 
|  10|0x0000000701e00000, 0x0000000701e00000, 0x0000000702000000|  0%| F|  |TAMS 0x0000000701e00000, 0x0000000701e00000| Untracked 
|  11|0x0000000702000000, 0x0000000702000000, 0x0000000702200000|  0%| F|  |TAMS 0x0000000702000000, 0x0000000702000000| Untracked 
|  12|0x0000000702200000, 0x0000000702200000, 0x0000000702400000|  0%| F|  |TAMS 0x0000000702200000, 0x0000000702200000| Untracked 
|  13|0x0000000702400000, 0x0000000702400000, 0x0000000702600000|  0%| F|  |TAMS 0x0000000702400000, 0x0000000702400000| Untracked 
|  14|0x0000000702600000, 0x0000000702600000, 0x0000000702800000|  0%| F|  |TAMS 0x0000000702600000, 0x0000000702600000| Untracked 
|  15|0x0000000702800000, 0x0000000702800000, 0x0000000702a00000|  0%| F|  |TAMS 0x0000000702800000, 0x0000000702800000| Untracked 
|  16|0x0000000702a00000, 0x0000000702a00000, 0x0000000702c00000|  0%| F|  |TAMS 0x0000000702a00000, 0x0000000702a00000| Untracked 
|  17|0x0000000702c00000, 0x0000000702c00000, 0x0000000702e00000|  0%| F|  |TAMS 0x0000000702c00000, 0x0000000702c00000| Untracked 
|  18|0x0000000702e00000, 0x0000000702e00000, 0x0000000703000000|  0%| F|  |TAMS 0x0000000702e00000, 0x0000000702e00000| Untracked 
|  19|0x0000000703000000, 0x0000000703000000, 0x0000000703200000|  0%| F|  |TAMS 0x0000000703000000, 0x0000000703000000| Untracked 
|  20|0x0000000703200000, 0x0000000703200000, 0x0000000703400000|  0%| F|  |TAMS 0x0000000703200000, 0x0000000703200000| Untracked 
|  21|0x0000000703400000, 0x0000000703400000, 0x0000000703600000|  0%| F|  |TAMS 0x0000000703400000, 0x0000000703400000| Untracked 
|  22|0x0000000703600000, 0x0000000703600000, 0x0000000703800000|  0%| F|  |TAMS 0x0000000703600000, 0x0000000703600000| Untracked 
|  23|0x0000000703800000, 0x0000000703800000, 0x0000000703a00000|  0%| F|  |TAMS 0x0000000703800000, 0x0000000703800000| Untracked 
|  24|0x0000000703a00000, 0x0000000703a00000, 0x0000000703c00000|  0%| F|  |TAMS 0x0000000703a00000, 0x0000000703a00000| Untracked 
|  25|0x0000000703c00000, 0x0000000703c00000, 0x0000000703e00000|  0%| F|  |TAMS 0x0000000703c00000, 0x0000000703c00000| Untracked 
|  26|0x0000000703e00000, 0x0000000703e00000, 0x0000000704000000|  0%| F|  |TAMS 0x0000000703e00000, 0x0000000703e00000| Untracked 
|  27|0x0000000704000000, 0x0000000704000000, 0x0000000704200000|  0%| F|  |TAMS 0x0000000704000000, 0x0000000704000000| Untracked 
|  28|0x0000000704200000, 0x0000000704200000, 0x0000000704400000|  0%| F|  |TAMS 0x0000000704200000, 0x0000000704200000| Untracked 
|  29|0x0000000704400000, 0x0000000704400000, 0x0000000704600000|  0%| F|  |TAMS 0x0000000704400000, 0x0000000704400000| Untracked 
|  30|0x0000000704600000, 0x0000000704600000, 0x0000000704800000|  0%| F|  |TAMS 0x0000000704600000, 0x0000000704600000| Untracked 
|  31|0x0000000704800000, 0x0000000704800000, 0x0000000704a00000|  0%| F|  |TAMS 0x0000000704800000, 0x0000000704800000| Untracked 
|  32|0x0000000704a00000, 0x0000000704a00000, 0x0000000704c00000|  0%| F|  |TAMS 0x0000000704a00000, 0x0000000704a00000| Untracked 
|  33|0x0000000704c00000, 0x0000000704c00000, 0x0000000704e00000|  0%| F|  |TAMS 0x0000000704c00000, 0x0000000704c00000| Untracked 
|  34|0x0000000704e00000, 0x0000000704e00000, 0x0000000705000000|  0%| F|  |TAMS 0x0000000704e00000, 0x0000000704e00000| Untracked 
|  35|0x0000000705000000, 0x0000000705000000, 0x0000000705200000|  0%| F|  |TAMS 0x0000000705000000, 0x0000000705000000| Untracked 
|  36|0x0000000705200000, 0x0000000705200000, 0x0000000705400000|  0%| F|  |TAMS 0x0000000705200000, 0x0000000705200000| Untracked 
|  37|0x0000000705400000, 0x0000000705400000, 0x0000000705600000|  0%| F|  |TAMS 0x0000000705400000, 0x0000000705400000| Untracked 
|  38|0x0000000705600000, 0x0000000705600000, 0x0000000705800000|  0%| F|  |TAMS 0x0000000705600000, 0x0000000705600000| Untracked 
|  39|0x0000000705800000, 0x0000000705800000, 0x0000000705a00000|  0%| F|  |TAMS 0x0000000705800000, 0x0000000705800000| Untracked 
|  40|0x0000000705a00000, 0x0000000705a00000, 0x0000000705c00000|  0%| F|  |TAMS 0x0000000705a00000, 0x0000000705a00000| Untracked 
|  41|0x0000000705c00000, 0x0000000705c00000, 0x0000000705e00000|  0%| F|  |TAMS 0x0000000705c00000, 0x0000000705c00000| Untracked 
|  42|0x0000000705e00000, 0x0000000705e00000, 0x0000000706000000|  0%| F|  |TAMS 0x0000000705e00000, 0x0000000705e00000| Untracked 
|  43|0x0000000706000000, 0x0000000706000000, 0x0000000706200000|  0%| F|  |TAMS 0x0000000706000000, 0x0000000706000000| Untracked 
|  44|0x0000000706200000, 0x0000000706200000, 0x0000000706400000|  0%| F|  |TAMS 0x0000000706200000, 0x0000000706200000| Untracked 
|  45|0x0000000706400000, 0x0000000706400000, 0x0000000706600000|  0%| F|  |TAMS 0x0000000706400000, 0x0000000706400000| Untracked 
|  46|0x0000000706600000, 0x0000000706600000, 0x0000000706800000|  0%| F|  |TAMS 0x0000000706600000, 0x0000000706600000| Untracked 
|  47|0x0000000706800000, 0x0000000706800000, 0x0000000706a00000|  0%| F|  |TAMS 0x0000000706800000, 0x0000000706800000| Untracked 
|  48|0x0000000706a00000, 0x0000000706a00000, 0x0000000706c00000|  0%| F|  |TAMS 0x0000000706a00000, 0x0000000706a00000| Untracked 
|  49|0x0000000706c00000, 0x0000000706c00000, 0x0000000706e00000|  0%| F|  |TAMS 0x0000000706c00000, 0x0000000706c00000| Untracked 
|  50|0x0000000706e00000, 0x0000000706e00000, 0x0000000707000000|  0%| F|  |TAMS 0x0000000706e00000, 0x0000000706e00000| Untracked 
|  51|0x0000000707000000, 0x0000000707000000, 0x0000000707200000|  0%| F|  |TAMS 0x0000000707000000, 0x0000000707000000| Untracked 
|  52|0x0000000707200000, 0x0000000707200000, 0x0000000707400000|  0%| F|  |TAMS 0x0000000707200000, 0x0000000707200000| Untracked 
|  53|0x0000000707400000, 0x0000000707400000, 0x0000000707600000|  0%| F|  |TAMS 0x0000000707400000, 0x0000000707400000| Untracked 
|  54|0x0000000707600000, 0x0000000707600000, 0x0000000707800000|  0%| F|  |TAMS 0x0000000707600000, 0x0000000707600000| Untracked 
|  55|0x0000000707800000, 0x0000000707800000, 0x0000000707a00000|  0%| F|  |TAMS 0x0000000707800000, 0x0000000707800000| Untracked 
|  56|0x0000000707a00000, 0x0000000707a00000, 0x0000000707c00000|  0%| F|  |TAMS 0x0000000707a00000, 0x0000000707a00000| Untracked 
|  57|0x0000000707c00000, 0x0000000707c00000, 0x0000000707e00000|  0%| F|  |TAMS 0x0000000707c00000, 0x0000000707c00000| Untracked 
|  58|0x0000000707e00000, 0x0000000707e00000, 0x0000000708000000|  0%| F|  |TAMS 0x0000000707e00000, 0x0000000707e00000| Untracked 
|  59|0x0000000708000000, 0x0000000708000000, 0x0000000708200000|  0%| F|  |TAMS 0x0000000708000000, 0x0000000708000000| Untracked 
|  60|0x0000000708200000, 0x0000000708200000, 0x0000000708400000|  0%| F|  |TAMS 0x0000000708200000, 0x0000000708200000| Untracked 
|  61|0x0000000708400000, 0x0000000708400000, 0x0000000708600000|  0%| F|  |TAMS 0x0000000708400000, 0x0000000708400000| Untracked 
|  62|0x0000000708600000, 0x0000000708600000, 0x0000000708800000|  0%| F|  |TAMS 0x0000000708600000, 0x0000000708600000| Untracked 
|  63|0x0000000708800000, 0x0000000708800000, 0x0000000708a00000|  0%| F|  |TAMS 0x0000000708800000, 0x0000000708800000| Untracked 
|  64|0x0000000708a00000, 0x0000000708a00000, 0x0000000708c00000|  0%| F|  |TAMS 0x0000000708a00000, 0x0000000708a00000| Untracked 
|  65|0x0000000708c00000, 0x0000000708c00000, 0x0000000708e00000|  0%| F|  |TAMS 0x0000000708c00000, 0x0000000708c00000| Untracked 
|  66|0x0000000708e00000, 0x0000000708e00000, 0x0000000709000000|  0%| F|  |TAMS 0x0000000708e00000, 0x0000000708e00000| Untracked 
|  67|0x0000000709000000, 0x0000000709000000, 0x0000000709200000|  0%| F|  |TAMS 0x0000000709000000, 0x0000000709000000| Untracked 
|  68|0x0000000709200000, 0x0000000709200000, 0x0000000709400000|  0%| F|  |TAMS 0x0000000709200000, 0x0000000709200000| Untracked 
|  69|0x0000000709400000, 0x0000000709400000, 0x0000000709600000|  0%| F|  |TAMS 0x0000000709400000, 0x0000000709400000| Untracked 
|  70|0x0000000709600000, 0x0000000709600000, 0x0000000709800000|  0%| F|  |TAMS 0x0000000709600000, 0x0000000709600000| Untracked 
|  71|0x0000000709800000, 0x0000000709800000, 0x0000000709a00000|  0%| F|  |TAMS 0x0000000709800000, 0x0000000709800000| Untracked 
|  72|0x0000000709a00000, 0x0000000709a00000, 0x0000000709c00000|  0%| F|  |TAMS 0x0000000709a00000, 0x0000000709a00000| Untracked 
|  73|0x0000000709c00000, 0x0000000709c00000, 0x0000000709e00000|  0%| F|  |TAMS 0x0000000709c00000, 0x0000000709c00000| Untracked 
|  74|0x0000000709e00000, 0x0000000709e00000, 0x000000070a000000|  0%| F|  |TAMS 0x0000000709e00000, 0x0000000709e00000| Untracked 
|  75|0x000000070a000000, 0x000000070a000000, 0x000000070a200000|  0%| F|  |TAMS 0x000000070a000000, 0x000000070a000000| Untracked 
|  76|0x000000070a200000, 0x000000070a200000, 0x000000070a400000|  0%| F|  |TAMS 0x000000070a200000, 0x000000070a200000| Untracked 
|  77|0x000000070a400000, 0x000000070a400000, 0x000000070a600000|  0%| F|  |TAMS 0x000000070a400000, 0x000000070a400000| Untracked 
|  78|0x000000070a600000, 0x000000070a600000, 0x000000070a800000|  0%| F|  |TAMS 0x000000070a600000, 0x000000070a600000| Untracked 
|  79|0x000000070a800000, 0x000000070a800000, 0x000000070aa00000|  0%| F|  |TAMS 0x000000070a800000, 0x000000070a800000| Untracked 
|  80|0x000000070aa00000, 0x000000070aa00000, 0x000000070ac00000|  0%| F|  |TAMS 0x000000070aa00000, 0x000000070aa00000| Untracked 
|  81|0x000000070ac00000, 0x000000070ac00000, 0x000000070ae00000|  0%| F|  |TAMS 0x000000070ac00000, 0x000000070ac00000| Untracked 
|  82|0x000000070ae00000, 0x000000070ae00000, 0x000000070b000000|  0%| F|  |TAMS 0x000000070ae00000, 0x000000070ae00000| Untracked 
|  83|0x000000070b000000, 0x000000070b000000, 0x000000070b200000|  0%| F|  |TAMS 0x000000070b000000, 0x000000070b000000| Untracked 
|  84|0x000000070b200000, 0x000000070b200000, 0x000000070b400000|  0%| F|  |TAMS 0x000000070b200000, 0x000000070b200000| Untracked 
|  85|0x000000070b400000, 0x000000070b400000, 0x000000070b600000|  0%| F|  |TAMS 0x000000070b400000, 0x000000070b400000| Untracked 
|  86|0x000000070b600000, 0x000000070b600000, 0x000000070b800000|  0%| F|  |TAMS 0x000000070b600000, 0x000000070b600000| Untracked 
|  87|0x000000070b800000, 0x000000070b800000, 0x000000070ba00000|  0%| F|  |TAMS 0x000000070b800000, 0x000000070b800000| Untracked 
|  88|0x000000070ba00000, 0x000000070ba00000, 0x000000070bc00000|  0%| F|  |TAMS 0x000000070ba00000, 0x000000070ba00000| Untracked 
|  89|0x000000070bc00000, 0x000000070bc00000, 0x000000070be00000|  0%| F|  |TAMS 0x000000070bc00000, 0x000000070bc00000| Untracked 
|  90|0x000000070be00000, 0x000000070be00000, 0x000000070c000000|  0%| F|  |TAMS 0x000000070be00000, 0x000000070be00000| Untracked 
|  91|0x000000070c000000, 0x000000070c000000, 0x000000070c200000|  0%| F|  |TAMS 0x000000070c000000, 0x000000070c000000| Untracked 
|  92|0x000000070c200000, 0x000000070c200000, 0x000000070c400000|  0%| F|  |TAMS 0x000000070c200000, 0x000000070c200000| Untracked 
|  93|0x000000070c400000, 0x000000070c400000, 0x000000070c600000|  0%| F|  |TAMS 0x000000070c400000, 0x000000070c400000| Untracked 
|  94|0x000000070c600000, 0x000000070c600000, 0x000000070c800000|  0%| F|  |TAMS 0x000000070c600000, 0x000000070c600000| Untracked 
|  95|0x000000070c800000, 0x000000070c800000, 0x000000070ca00000|  0%| F|  |TAMS 0x000000070c800000, 0x000000070c800000| Untracked 
|  96|0x000000070ca00000, 0x000000070ca00000, 0x000000070cc00000|  0%| F|  |TAMS 0x000000070ca00000, 0x000000070ca00000| Untracked 
|  97|0x000000070cc00000, 0x000000070cc00000, 0x000000070ce00000|  0%| F|  |TAMS 0x000000070cc00000, 0x000000070cc00000| Untracked 
|  98|0x000000070ce00000, 0x000000070ce00000, 0x000000070d000000|  0%| F|  |TAMS 0x000000070ce00000, 0x000000070ce00000| Untracked 
|  99|0x000000070d000000, 0x000000070d000000, 0x000000070d200000|  0%| F|  |TAMS 0x000000070d000000, 0x000000070d000000| Untracked 
| 100|0x000000070d200000, 0x000000070d200000, 0x000000070d400000|  0%| F|  |TAMS 0x000000070d200000, 0x000000070d200000| Untracked 
| 101|0x000000070d400000, 0x000000070d400000, 0x000000070d600000|  0%| F|  |TAMS 0x000000070d400000, 0x000000070d400000| Untracked 
| 102|0x000000070d600000, 0x000000070d600000, 0x000000070d800000|  0%| F|  |TAMS 0x000000070d600000, 0x000000070d600000| Untracked 
| 103|0x000000070d800000, 0x000000070d800000, 0x000000070da00000|  0%| F|  |TAMS 0x000000070d800000, 0x000000070d800000| Untracked 
| 104|0x000000070da00000, 0x000000070da00000, 0x000000070dc00000|  0%| F|  |TAMS 0x000000070da00000, 0x000000070da00000| Untracked 
| 105|0x000000070dc00000, 0x000000070dc00000, 0x000000070de00000|  0%| F|  |TAMS 0x000000070dc00000, 0x000000070dc00000| Untracked 
| 106|0x000000070de00000, 0x000000070de00000, 0x000000070e000000|  0%| F|  |TAMS 0x000000070de00000, 0x000000070de00000| Untracked 
| 107|0x000000070e000000, 0x000000070e000000, 0x000000070e200000|  0%| F|  |TAMS 0x000000070e000000, 0x000000070e000000| Untracked 
| 108|0x000000070e200000, 0x000000070e200000, 0x000000070e400000|  0%| F|  |TAMS 0x000000070e200000, 0x000000070e200000| Untracked 
| 109|0x000000070e400000, 0x000000070e400000, 0x000000070e600000|  0%| F|  |TAMS 0x000000070e400000, 0x000000070e400000| Untracked 
| 110|0x000000070e600000, 0x000000070e600000, 0x000000070e800000|  0%| F|  |TAMS 0x000000070e600000, 0x000000070e600000| Untracked 
| 111|0x000000070e800000, 0x000000070e800000, 0x000000070ea00000|  0%| F|  |TAMS 0x000000070e800000, 0x000000070e800000| Untracked 
| 112|0x000000070ea00000, 0x000000070ea00000, 0x000000070ec00000|  0%| F|  |TAMS 0x000000070ea00000, 0x000000070ea00000| Untracked 
| 113|0x000000070ec00000, 0x000000070ec00000, 0x000000070ee00000|  0%| F|  |TAMS 0x000000070ec00000, 0x000000070ec00000| Untracked 
| 114|0x000000070ee00000, 0x000000070ee00000, 0x000000070f000000|  0%| F|  |TAMS 0x000000070ee00000, 0x000000070ee00000| Untracked 
| 115|0x000000070f000000, 0x000000070f000000, 0x000000070f200000|  0%| F|  |TAMS 0x000000070f000000, 0x000000070f000000| Untracked 
| 116|0x000000070f200000, 0x000000070f200000, 0x000000070f400000|  0%| F|  |TAMS 0x000000070f200000, 0x000000070f200000| Untracked 
| 117|0x000000070f400000, 0x000000070f400000, 0x000000070f600000|  0%| F|  |TAMS 0x000000070f400000, 0x000000070f400000| Untracked 
| 118|0x000000070f600000, 0x000000070f600000, 0x000000070f800000|  0%| F|  |TAMS 0x000000070f600000, 0x000000070f600000| Untracked 
| 119|0x000000070f800000, 0x000000070f800000, 0x000000070fa00000|  0%| F|  |TAMS 0x000000070f800000, 0x000000070f800000| Untracked 
| 120|0x000000070fa00000, 0x000000070fa00000, 0x000000070fc00000|  0%| F|  |TAMS 0x000000070fa00000, 0x000000070fa00000| Untracked 
| 121|0x000000070fc00000, 0x000000070fdcd988, 0x000000070fe00000| 90%| E|  |TAMS 0x000000070fc00000, 0x000000070fc00000| Complete 
| 122|0x000000070fe00000, 0x0000000710000000, 0x0000000710000000|100%| E|CS|TAMS 0x000000070fe00000, 0x000000070fe00000| Complete 
| 123|0x0000000710000000, 0x0000000710200000, 0x0000000710200000|100%| E|CS|TAMS 0x0000000710000000, 0x0000000710000000| Complete 
| 124|0x0000000710200000, 0x0000000710400000, 0x0000000710400000|100%| E|CS|TAMS 0x0000000710200000, 0x0000000710200000| Complete 
| 125|0x0000000710400000, 0x0000000710600000, 0x0000000710600000|100%| E|CS|TAMS 0x0000000710400000, 0x0000000710400000| Complete 
| 126|0x0000000710600000, 0x0000000710800000, 0x0000000710800000|100%| E|CS|TAMS 0x0000000710600000, 0x0000000710600000| Complete 
| 127|0x0000000710800000, 0x0000000710a00000, 0x0000000710a00000|100%| E|CS|TAMS 0x0000000710800000, 0x0000000710800000| Complete 

Card table byte_map: [0x00000231fb160000,0x00000231fb960000] _byte_map_base: 0x00000231f795b000

Marking Bits (Prev, Next): (CMBitMap*) 0x00000231f2e8a900, (CMBitMap*) 0x00000231f2e8a940
 Prev Bits: [0x000002318f000000, 0x0000023192fd8000)
 Next Bits: [0x0000023192fe0000, 0x0000023196fb8000)

Polling page: 0x00000231f0cf0000

Metaspace:

Usage:
  Non-class:      3.29 MB used.
      Class:    259.77 KB used.
       Both:      3.55 MB used.

Virtual space:
  Non-class space:        8.00 MB reserved,       3.38 MB ( 42%) committed,  1 nodes.
      Class space:        1.00 GB reserved,     320.00 KB ( <1%) committed,  1 nodes.
             Both:        1.01 GB reserved,       3.69 MB ( <1%) committed. 

Chunk freelists:
   Non-Class:  1.41 MB
       Class:  3.53 MB
        Both:  4.94 MB

MaxMetaspaceSize: unlimited
CompressedClassSpaceSize: 1.00 GB
Initial GC threshold: 21.00 MB
Current GC threshold: 21.00 MB
CDS: on
MetaspaceReclaimPolicy: balanced
 - commit_granule_bytes: 65536.
 - commit_granule_words: 8192.
 - virtual_space_node_default_size: 1048576.
 - enlarge_chunks_in_place: 1.
 - new_chunks_are_fully_committed: 0.
 - uncommit_free_chunks: 1.
 - use_allocation_guard: 0.
 - handle_deallocations: 1.


Internal statistics:

num_allocs_failed_limit: 0.
num_arena_births: 14.
num_arena_deaths: 0.
num_vsnodes_births: 2.
num_vsnodes_deaths: 0.
num_space_committed: 59.
num_space_uncommitted: 0.
num_chunks_returned_to_freelist: 0.
num_chunks_taken_from_freelist: 116.
num_chunk_merges: 0.
num_chunk_splits: 101.
num_chunks_enlarged: 92.
num_purges: 0.
num_inconsistent_stats: 0.

CodeHeap 'non-profiled nmethods': size=120000Kb used=150Kb max_used=150Kb free=119849Kb
 bounds [0x0000023187ad0000, 0x0000023187d40000, 0x000002318f000000]
CodeHeap 'profiled nmethods': size=120000Kb used=719Kb max_used=719Kb free=119280Kb
 bounds [0x00000231805a0000, 0x0000023180810000, 0x0000023187ad0000]
CodeHeap 'non-nmethods': size=5760Kb used=1267Kb max_used=1281Kb free=4492Kb
 bounds [0x0000023180000000, 0x0000023180270000, 0x00000231805a0000]
 total_blobs=924 nmethods=428 adapters=409
 compilation: enabled
              stopped_count=0, restarted_count=0
 full_count=0

Compilation events (20 events):
Event: 1.003 Thread 0x00000231febced40  418       1       kvb.window.input.InputButton::getCode (5 bytes)
Event: 1.003 Thread 0x00000231febced40 nmethod 418 0x0000023187af4f10 code [0x0000023187af50a0, 0x0000023187af5178]
Event: 1.003 Thread 0x00000231febced40  419       3       java.util.LinkedHashMap::newNode (23 bytes)
Event: 1.004 Thread 0x00000231febced40 nmethod 419 0x000002318064fc10 code [0x000002318064fde0, 0x0000023180650228]
Event: 1.004 Thread 0x00000231febced40  420       3       java.util.LinkedHashMap$Entry::<init> (10 bytes)
Event: 1.004 Thread 0x00000231febced40 nmethod 420 0x0000023180650390 code [0x0000023180650540, 0x0000023180650838]
Event: 1.005 Thread 0x00000231febced40  421       3       java.util.ArrayList$Itr::hasNext (20 bytes)
Event: 1.006 Thread 0x00000231febced40 nmethod 421 0x0000023180650910 code [0x0000023180650aa0, 0x0000023180650c18]
Event: 1.007 Thread 0x00000231febced40  423       3       jdk.internal.org.objectweb.asm.ByteVector::putByte (39 bytes)
Event: 1.008 Thread 0x00000231febced40 nmethod 423 0x0000023180650d10 code [0x0000023180650ec0, 0x00000231806510a8]
Event: 1.008 Thread 0x00000231febced40  424       3       jdk.internal.org.objectweb.asm.SymbolTable::addConstantUtf8 (98 bytes)
Event: 1.008 Thread 0x00000231febced40 nmethod 424 0x0000023180651210 code [0x0000023180651440, 0x0000023180651a58]
Event: 1.008 Thread 0x00000231febced40  425       3       java.lang.invoke.MethodType::checkSlotCount (33 bytes)
Event: 1.009 Thread 0x00000231febced40 nmethod 425 0x0000023180651d90 code [0x0000023180651fc0, 0x0000023180652678]
Event: 1.009 Thread 0x00000231febced40  427       3       jdk.internal.org.objectweb.asm.Symbol::<init> (38 bytes)
Event: 1.009 Thread 0x00000231febced40 nmethod 427 0x0000023180652910 code [0x0000023180652ac0, 0x0000023180652d78]
Event: 1.009 Thread 0x00000231febced40  428       3       jdk.internal.org.objectweb.asm.ByteVector::putShort (52 bytes)
Event: 1.009 Thread 0x00000231febced40 nmethod 428 0x0000023180652e90 code [0x0000023180653040, 0x0000023180653268]
Event: 1.012 Thread 0x00000231febced40  429       3       java.lang.String::encodeUTF8 (141 bytes)
Event: 1.012 Thread 0x00000231febced40 nmethod 429 0x0000023180653410 code [0x0000023180653620, 0x0000023180653c88]

GC Heap History (0 events):
No events

Deoptimization events (20 events):
Event: 0.702 Thread 0x00000231f2e3ad10 DEOPT PACKING pc=0x00000231805de6be sp=0x000000549abfd3e0
Event: 0.702 Thread 0x00000231f2e3ad10 DEOPT UNPACKING pc=0x0000023180052b43 sp=0x000000549abfc858 mode 0
Event: 0.781 Thread 0x00000231f2e3ad10 DEOPT PACKING pc=0x00000231805e5e06 sp=0x000000549abfc7e0
Event: 0.781 Thread 0x00000231f2e3ad10 DEOPT UNPACKING pc=0x0000023180052b43 sp=0x000000549abfbc50 mode 0
Event: 1.003 Thread 0x00000231f2e3ad10 Uncommon trap: trap_request=0xffffffde fr.pc=0x0000023187adc124 relative=0x0000000000000544
Event: 1.003 Thread 0x00000231f2e3ad10 Uncommon trap: reason=class_check action=maybe_recompile pc=0x0000023187adc124 method=java.util.HashMap.putVal(ILjava/lang/Object;Ljava/lang/Object;ZZ)Ljava/lang/Object; @ 253 c2
Event: 1.003 Thread 0x00000231f2e3ad10 DEOPT PACKING pc=0x0000023187adc124 sp=0x000000549abfe550
Event: 1.003 Thread 0x00000231f2e3ad10 DEOPT UNPACKING pc=0x00000231800523a3 sp=0x000000549abfe500 mode 2
Event: 1.003 Thread 0x00000231f2e3ad10 Uncommon trap: trap_request=0xffffffde fr.pc=0x0000023187adc124 relative=0x0000000000000544
Event: 1.003 Thread 0x00000231f2e3ad10 Uncommon trap: reason=class_check action=maybe_recompile pc=0x0000023187adc124 method=java.util.HashMap.putVal(ILjava/lang/Object;Ljava/lang/Object;ZZ)Ljava/lang/Object; @ 253 c2
Event: 1.003 Thread 0x00000231f2e3ad10 DEOPT PACKING pc=0x0000023187adc124 sp=0x000000549abfe550
Event: 1.003 Thread 0x00000231f2e3ad10 DEOPT UNPACKING pc=0x00000231800523a3 sp=0x000000549abfe500 mode 2
Event: 1.003 Thread 0x00000231f2e3ad10 Uncommon trap: trap_request=0xffffffde fr.pc=0x0000023187adc124 relative=0x0000000000000544
Event: 1.003 Thread 0x00000231f2e3ad10 Uncommon trap: reason=class_check action=maybe_recompile pc=0x0000023187adc124 method=java.util.HashMap.putVal(ILjava/lang/Object;Ljava/lang/Object;ZZ)Ljava/lang/Object; @ 253 c2
Event: 1.003 Thread 0x00000231f2e3ad10 DEOPT PACKING pc=0x0000023187adc124 sp=0x000000549abfe550
Event: 1.003 Thread 0x00000231f2e3ad10 DEOPT UNPACKING pc=0x00000231800523a3 sp=0x000000549abfe500 mode 2
Event: 1.003 Thread 0x00000231f2e3ad10 Uncommon trap: trap_request=0xffffffde fr.pc=0x0000023187adc124 relative=0x0000000000000544
Event: 1.003 Thread 0x00000231f2e3ad10 Uncommon trap: reason=class_check action=maybe_recompile pc=0x0000023187adc124 method=java.util.HashMap.putVal(ILjava/lang/Object;Ljava/lang/Object;ZZ)Ljava/lang/Object; @ 253 c2
Event: 1.003 Thread 0x00000231f2e3ad10 DEOPT PACKING pc=0x0000023187adc124 sp=0x000000549abfe550
Event: 1.003 Thread 0x00000231f2e3ad10 DEOPT UNPACKING pc=0x00000231800523a3 sp=0x000000549abfe500 mode 2

Classes unloaded (0 events):
No events

Classes redefined (0 events):
No events

Internal exceptions (5 events):
Event: 0.598 Thread 0x00000231f2e3ad10 Exception <a 'sun/nio/fs/WindowsException'{0x0000000710487610}> (0x0000000710487610) 
thrown [t:\workspace\open\src\hotspot\share\prims\jni.cpp, line 516]
Event: 0.601 Thread 0x00000231f2e3ad10 Exception <a 'java/lang/NoSuchMethodError'{0x00000007104923a8}: 'void java.lang.invoke.DirectMethodHandle$Holder.invokeVirtual(java.lang.Object, java.lang.Object)'> (0x00000007104923a8) 
thrown [t:\workspace\open\src\hotspot\share\interpreter\linkResolver.cpp, line 766]
Event: 0.604 Thread 0x00000231f2e3ad10 Exception <a 'java/lang/NoSuchMethodError'{0x00000007104aa658}: 'void java.lang.invoke.DirectMethodHandle$Holder.invokeStatic(java.lang.Object, java.lang.Object, java.lang.Object)'> (0x00000007104aa658) 
thrown [t:\workspace\open\src\hotspot\share\interpreter\linkResolver.cpp, line 766]
Event: 0.605 Thread 0x00000231f2e3ad10 Exception <a 'java/lang/NoSuchMethodError'{0x00000007104aded8}: 'void java.lang.invoke.DirectMethodHandle$Holder.invokeStaticInit(java.lang.Object, java.lang.Object, java.lang.Object)'> (0x00000007104aded8) 
thrown [t:\workspace\open\src\hotspot\share\interpreter\linkResolver.cpp, line 766]
Event: 0.623 Thread 0x00000231f2e3ad10 Exception <a 'java/lang/NoSuchMethodError'{0x00000007104f7ce0}: 'java.lang.Object java.lang.invoke.DirectMethodHandle$Holder.invokeStaticInit(java.lang.Object)'> (0x00000007104f7ce0) 
thrown [t:\workspace\open\src\hotspot\share\interpreter\linkResolver.cpp, line 766]

VM Operations (6 events):
Event: 0.076 Executing VM operation: ChangeBreakpoints
Event: 0.076 Executing VM operation: ChangeBreakpoints done
Event: 0.526 Executing VM operation: ChangeBreakpoints
Event: 0.526 Executing VM operation: ChangeBreakpoints done
Event: 0.526 Executing VM operation: ChangeBreakpoints
Event: 0.527 Executing VM operation: ChangeBreakpoints done

Events (20 events):
Event: 1.008 loading class java/util/stream/AbstractSpinedBuffer done
Event: 1.008 loading class java/util/stream/SpinedBuffer done
Event: 1.009 loading class java/util/stream/StreamSpliterators
Event: 1.009 loading class java/util/stream/StreamSpliterators done
Event: 1.009 loading class java/util/function/BooleanSupplier
Event: 1.009 loading class java/util/function/BooleanSupplier done
Event: 1.009 loading class kvb/vkwrapper/shader/ShaderCreation
Event: 1.009 loading class kvb/vkwrapper/shader/ShaderCreation done
Event: 1.010 loading class kvb/vulkan/ShaderStageFlags
Event: 1.010 loading class kvb/vulkan/ShaderStageFlags done
Event: 1.010 loading class kvb/vulkan/ShaderStageFlags$Companion
Event: 1.010 loading class kvb/vulkan/ShaderStageFlags$Companion done
Event: 1.011 loading class kvb/vkwrapper/shader/Shader
Event: 1.011 loading class kvb/vkwrapper/shader/Shader done
Event: 1.011 loading class kvb/core/FileUtils
Event: 1.011 loading class kvb/core/FileUtils done
Event: 1.012 loading class kvb/vkwrapper/shader/ShaderCreation$createFromFile$1
Event: 1.012 loading class kvb/vkwrapper/shader/ShaderCreation$createFromFile$1 done
Event: 1.012 loading class kvb/vulkan/ShaderModuleCreateInfo
Event: 1.012 loading class kvb/vulkan/ShaderModuleCreateInfo done


Dynamic libraries:
0x00007ff61f840000 - 0x00007ff61f850000 	C:\Program Files\Java\jdk-17\bin\java.exe
0x00007fff07a40000 - 0x00007fff07c30000 	C:\WINDOWS\SYSTEM32\ntdll.dll
0x00007fff07870000 - 0x00007fff07922000 	C:\WINDOWS\System32\KERNEL32.DLL
0x00007fff04cd0000 - 0x00007fff04f73000 	C:\WINDOWS\System32\KERNELBASE.dll
0x00007fff04b80000 - 0x00007fff04c7a000 	C:\WINDOWS\System32\ucrtbase.dll
0x00007ffef0190000 - 0x00007ffef01a8000 	C:\Program Files\Java\jdk-17\bin\jli.dll
0x00007ffef58b0000 - 0x00007ffef58ca000 	C:\Program Files\Java\jdk-17\bin\VCRUNTIME140.dll
0x00007fff066e0000 - 0x00007fff06783000 	C:\WINDOWS\System32\ADVAPI32.dll
0x00007fff07080000 - 0x00007fff0711e000 	C:\WINDOWS\System32\msvcrt.dll
0x00007fff06640000 - 0x00007fff066d7000 	C:\WINDOWS\System32\sechost.dll
0x00007fff05b00000 - 0x00007fff05c20000 	C:\WINDOWS\System32\RPCRT4.dll
0x00007fff05c80000 - 0x00007fff05e14000 	C:\WINDOWS\System32\USER32.dll
0x00007fff04b50000 - 0x00007fff04b71000 	C:\WINDOWS\System32\win32u.dll
0x00007ffef6400000 - 0x00007ffef6685000 	C:\WINDOWS\WinSxS\amd64_microsoft.windows.common-controls_6595b64144ccf1df_6.0.18362.657_none_e6c5b579130e3898\COMCTL32.dll
0x00007fff06790000 - 0x00007fff067b6000 	C:\WINDOWS\System32\GDI32.dll
0x00007fff06ce0000 - 0x00007fff07016000 	C:\WINDOWS\System32\combase.dll
0x00007fff05950000 - 0x00007fff05ae4000 	C:\WINDOWS\System32\gdi32full.dll
0x00007fff04ad0000 - 0x00007fff04b50000 	C:\WINDOWS\System32\bcryptPrimitives.dll
0x00007fff04fe0000 - 0x00007fff0507e000 	C:\WINDOWS\System32\msvcp_win.dll
0x00007ffeff6f0000 - 0x00007ffeff6fa000 	C:\WINDOWS\SYSTEM32\VERSION.dll
0x00007fff067c0000 - 0x00007fff067ee000 	C:\WINDOWS\System32\IMM32.DLL
0x00007fff01270000 - 0x00007fff0127c000 	C:\Program Files\Java\jdk-17\bin\vcruntime140_1.dll
0x00007ffee5600000 - 0x00007ffee568d000 	C:\Program Files\Java\jdk-17\bin\msvcp140.dll
0x00007ffec0c90000 - 0x00007ffec184e000 	C:\Program Files\Java\jdk-17\bin\server\jvm.dll
0x00007fff05af0000 - 0x00007fff05af8000 	C:\WINDOWS\System32\PSAPI.DLL
0x00007ffef5390000 - 0x00007ffef5399000 	C:\WINDOWS\SYSTEM32\WSOCK32.dll
0x00007fff01240000 - 0x00007fff01264000 	C:\WINDOWS\SYSTEM32\WINMM.dll
0x00007fff067f0000 - 0x00007fff0685f000 	C:\WINDOWS\System32\WS2_32.dll
0x00007fff01210000 - 0x00007fff0123d000 	C:\WINDOWS\SYSTEM32\winmmbase.dll
0x00007fff04c80000 - 0x00007fff04cca000 	C:\WINDOWS\System32\cfgmgr32.dll
0x00007fff04940000 - 0x00007fff04951000 	C:\WINDOWS\System32\kernel.appcore.dll
0x00007ffef58a0000 - 0x00007ffef58aa000 	C:\Program Files\Java\jdk-17\bin\jimage.dll
0x00007ffef2da0000 - 0x00007ffef2f94000 	C:\WINDOWS\SYSTEM32\DBGHELP.DLL
0x00007ffeedc90000 - 0x00007ffeedcba000 	C:\WINDOWS\SYSTEM32\dbgcore.DLL
0x00007ffee55c0000 - 0x00007ffee55fb000 	C:\Program Files\Java\jdk-17\bin\jdwp.dll
0x00007ffeef560000 - 0x00007ffeef56e000 	C:\Program Files\Java\jdk-17\bin\instrument.dll
0x00007ffef0160000 - 0x00007ffef0185000 	C:\Program Files\Java\jdk-17\bin\java.dll
0x00007ffeef580000 - 0x00007ffeef598000 	C:\Program Files\Java\jdk-17\bin\zip.dll
0x00007ffee3390000 - 0x00007ffee3466000 	C:\Program Files\Java\jdk-17\bin\svml.dll
0x00007fff05e20000 - 0x00007fff06505000 	C:\WINDOWS\System32\SHELL32.dll
0x00007fff06510000 - 0x00007fff065b9000 	C:\WINDOWS\System32\shcore.dll
0x00007fff051d0000 - 0x00007fff0594f000 	C:\WINDOWS\System32\windows.storage.dll
0x00007fff04960000 - 0x00007fff0497f000 	C:\WINDOWS\System32\profapi.dll
0x00007fff04980000 - 0x00007fff049ca000 	C:\WINDOWS\System32\powrprof.dll
0x00007fff04910000 - 0x00007fff04920000 	C:\WINDOWS\System32\UMPDC.dll
0x00007fff07930000 - 0x00007fff07982000 	C:\WINDOWS\System32\shlwapi.dll
0x00007fff049d0000 - 0x00007fff049e7000 	C:\WINDOWS\System32\cryptsp.dll
0x00007ffee8c70000 - 0x00007ffee8c7c000 	C:\Program Files\Java\jdk-17\bin\dt_socket.dll
0x00007fff03e90000 - 0x00007fff03eca000 	C:\WINDOWS\SYSTEM32\IPHLPAPI.DLL
0x00007fff04180000 - 0x00007fff041e7000 	C:\WINDOWS\system32\mswsock.dll
0x00007ffef00c0000 - 0x00007ffef00d9000 	C:\Program Files\Java\jdk-17\bin\net.dll
0x00007ffef62d0000 - 0x00007ffef63c0000 	C:\WINDOWS\SYSTEM32\WINHTTP.dll
0x00007ffef0080000 - 0x00007ffef0095000 	C:\Program Files\Java\jdk-17\bin\nio.dll
0x00000000707c0000 - 0x00000000707d4000 	C:\Users\Family\Desktop\IDEA Projects\cloned\Kotlin-Vulkan-Bindings\natives\windows\debug_utils.dll
0x000000006dd00000 - 0x000000006dd14000 	C:\Users\Family\Desktop\IDEA Projects\cloned\Kotlin-Vulkan-Bindings\natives\windows\file_utils.dll
0x0000000064940000 - 0x0000000064955000 	C:\Program Files\mingw-w64\x86_64-8.1.0-posix-seh-rt_v6-rev0\mingw64\bin\libwinpthread-1.dll
0x0000000061840000 - 0x000000006186f000 	C:\Users\Family\Desktop\IDEA Projects\cloned\Kotlin-Vulkan-Bindings\natives\windows\image_reading.dll
0x0000000061440000 - 0x000000006145a000 	C:\Program Files\mingw-w64\x86_64-8.1.0-posix-seh-rt_v6-rev0\mingw64\bin\libgcc_s_seh-1.dll
0x000000006acc0000 - 0x000000006acdb000 	C:\Users\Family\Desktop\IDEA Projects\cloned\Kotlin-Vulkan-Bindings\natives\windows\vk_commands.dll
0x00000000625c0000 - 0x00000000625d4000 	C:\Users\Family\Desktop\IDEA Projects\cloned\Kotlin-Vulkan-Bindings\natives\windows\winapi.dll
0x00007ffee0c90000 - 0x00007ffee0df1000 	C:\WINDOWS\SYSTEM32\vulkan-1.dll
0x00007fff035f0000 - 0x00007fff036db000 	C:\WINDOWS\system32\dxgi.dll
0x00007fff03560000 - 0x00007fff03580000 	C:\WINDOWS\SYSTEM32\dxcore.dll
0x00007fff02c70000 - 0x00007fff02d09000 	C:\WINDOWS\system32\uxtheme.dll
0x00007fff06860000 - 0x00007fff06995000 	C:\WINDOWS\System32\MSCTF.dll
0x00007fff07590000 - 0x00007fff07654000 	C:\WINDOWS\System32\OLEAUT32.dll
0x00007ffebb400000 - 0x00007ffebe427000 	C:\WINDOWS\System32\DriverStore\FileRepository\nvgbdi.inf_amd64_ecd61a280da83a79\nvoglv64.dll
0x00007fff07120000 - 0x00007fff07590000 	C:\WINDOWS\System32\SETUPAPI.dll
0x00007fff049f0000 - 0x00007fff04a16000 	C:\WINDOWS\System32\bcrypt.dll
0x00007fff076f0000 - 0x00007fff07846000 	C:\WINDOWS\System32\ole32.dll
0x00007fff00a90000 - 0x00007fff00aa3000 	C:\WINDOWS\SYSTEM32\WTSAPI32.dll
0x00007fff04350000 - 0x00007fff0435c000 	C:\WINDOWS\SYSTEM32\CRYPTBASE.DLL
0x00007fff04920000 - 0x00007fff04932000 	C:\WINDOWS\System32\msasn1.dll
0x00007ffeff6a0000 - 0x00007ffeff6cf000 	C:\WINDOWS\SYSTEM32\cryptnet.dll
0x00007fff05080000 - 0x00007fff051c9000 	C:\WINDOWS\System32\CRYPT32.dll
0x00007ffefdff0000 - 0x00007ffefe124000 	C:\WINDOWS\SYSTEM32\drvstore.dll
0x00007fff04710000 - 0x00007fff0473a000 	C:\WINDOWS\SYSTEM32\devobj.dll
0x00007fff043e0000 - 0x00007fff04409000 	C:\WINDOWS\SYSTEM32\wldp.dll
0x00007fff04f80000 - 0x00007fff04fdc000 	C:\WINDOWS\System32\WINTRUST.dll
0x00007fff03950000 - 0x00007fff03981000 	C:\WINDOWS\SYSTEM32\ntmarta.dll
0x00007ffeb9800000 - 0x00007ffebb3f7000 	C:\VulkanSDK\1.3.204.0\Bin\VkLayer_khronos_validation.dll
0x00007ffed4e20000 - 0x00007ffed50e5000 	C:\WINDOWS\system32\nvspcap64.dll
0x00007fff03090000 - 0x00007fff030bd000 	C:\WINDOWS\SYSTEM32\dwmapi.dll
0x00007ffef80f0000 - 0x00007ffef8858000 	C:\WINDOWS\SYSTEM32\nvapi64.dll
0x00007fff07850000 - 0x00007fff0786d000 	C:\WINDOWS\System32\imagehlp.dll
0x00007fff03c90000 - 0x00007fff03cc3000 	C:\WINDOWS\system32\rsaenh.dll
0x00007fff03510000 - 0x00007fff03532000 	C:\WINDOWS\SYSTEM32\gpapi.dll
0x00007ffee0be0000 - 0x00007ffee0c8e000 	C:\WINDOWS\System32\DriverStore\FileRepository\nvgbdi.inf_amd64_ecd61a280da83a79\NvCamera\NvCameraAllowlisting64.dll
0x00007ffed6880000 - 0x00007ffed69d6000 	C:\WINDOWS\SYSTEM32\opengl32.dll
0x00007ffed6d20000 - 0x00007ffed6d4c000 	C:\WINDOWS\SYSTEM32\GLU32.dll
0x00007fff03d30000 - 0x00007fff03d8c000 	C:\WINDOWS\SYSTEM32\WINSTA.dll

dbghelp: loaded successfully - version: 4.0.5 - missing functions: none
symbol engine: initialized successfully - sym options: 0x614 - pdb path: .;C:\Program Files\Java\jdk-17\bin;C:\WINDOWS\SYSTEM32;C:\WINDOWS\WinSxS\amd64_microsoft.windows.common-controls_6595b64144ccf1df_6.0.18362.657_none_e6c5b579130e3898;C:\Program Files\Java\jdk-17\bin\server;C:\Users\Family\Desktop\IDEA Projects\cloned\Kotlin-Vulkan-Bindings\natives\windows;C:\Program Files\mingw-w64\x86_64-8.1.0-posix-seh-rt_v6-rev0\mingw64\bin;C:\WINDOWS\System32\DriverStore\FileRepository\nvgbdi.inf_amd64_ecd61a280da83a79;C:\VulkanSDK\1.3.204.0\Bin;C:\WINDOWS\System32\DriverStore\FileRepository\nvgbdi.inf_amd64_ecd61a280da83a79\NvCamera

VM Arguments:
jvm_args: -agentlib:jdwp=transport=dt_socket,address=127.0.0.1:51374,suspend=y,server=n -javaagent:C:\Users\Family\AppData\Local\JetBrains\Toolbox\apps\IDEA-C\ch-0\213.7172.25\plugins\java\lib\rt\debugger-agent.jar -Dfile.encoding=UTF-8 
java_command: kvb.engine.EngineMainKt
java_class_path (initial): C:\Users\Family\Desktop\IDEA Projects\cloned\Kotlin-Vulkan-Bindings\module-app\build\classes\kotlin\main;C:\Users\Family\Desktop\IDEA Projects\cloned\Kotlin-Vulkan-Bindings\module-core\build\classes\kotlin\main;C:\Users\Family\Desktop\IDEA Projects\cloned\Kotlin-Vulkan-Bindings\module-vulkan\build\classes\kotlin\main;C:\Users\Family\Desktop\IDEA Projects\cloned\Kotlin-Vulkan-Bindings\module-vkwrapper\build\classes\kotlin\main;C:\Users\Family\Desktop\IDEA Projects\cloned\Kotlin-Vulkan-Bindings\module-window\build\classes\kotlin\main;C:\Users\Family\.gradle\caches\modules-2\files-2.1\org.jetbrains.kotlin\kotlin-stdlib-jdk8\1.6.10\e80fe6ac3c3573a80305f5ec43f86b829e8ab53d\kotlin-stdlib-jdk8-1.6.10.jar;C:\Users\Family\.gradle\caches\modules-2\files-2.1\org.jetbrains.kotlin\kotlin-stdlib-jdk7\1.6.10\e1c380673654a089c4f0c9f83d0ddfdc1efdb498\kotlin-stdlib-jdk7-1.6.10.jar;C:\Users\Family\.gradle\caches\modules-2\files-2.1\org.jetbrains.kotlin\kotlin-stdlib\1.6.10\b8af3fe6f1ca88526914929add63cf5e7c5049af\kotlin-stdlib-1.6.10.jar;C:\Users\Family\.gradle\caches\modules-2\files-2.1\org.jetbrains\annotations\13.0\919f0dfe192fb4e063e7dacadee7f8bb9a2672a9\annotations-13.0.jar;C:\Users\Family\.gradle\caches\modules-2\files-2.1\org.jetbrains.kotlin\kotlin-stdlib-common\1.6.10\c118700e3a33c8a0d9adc920e9dec0831171925\kotlin-stdlib-common-1.6.10.jar;C:\Users\Family\AppData\Local\JetBrains\Toolbox\apps\IDEA-C\ch-0\213.7172.25\lib\idea_rt.jar
Launcher Type: SUN_STANDARD

[Global flags]
     intx CICompilerCount                          = 4                                         {product} {ergonomic}
     uint ConcGCThreads                            = 2                                         {product} {ergonomic}
     uint G1ConcRefinementThreads                  = 8                                         {product} {ergonomic}
   size_t G1HeapRegionSize                         = 2097152                                   {product} {ergonomic}
    uintx GCDrainStackTargetSize                   = 64                                        {product} {ergonomic}
   size_t InitialHeapSize                          = 268435456                                 {product} {ergonomic}
   size_t MarkStackSize                            = 4194304                                   {product} {ergonomic}
   size_t MaxHeapSize                              = 4284481536                                {product} {ergonomic}
   size_t MaxNewSize                               = 2569011200                                {product} {ergonomic}
   size_t MinHeapDeltaBytes                        = 2097152                                   {product} {ergonomic}
   size_t MinHeapSize                              = 8388608                                   {product} {ergonomic}
    uintx NonNMethodCodeHeapSize                   = 5839372                                {pd product} {ergonomic}
    uintx NonProfiledCodeHeapSize                  = 122909434                              {pd product} {ergonomic}
    uintx ProfiledCodeHeapSize                     = 122909434                              {pd product} {ergonomic}
    uintx ReservedCodeCacheSize                    = 251658240                              {pd product} {ergonomic}
     bool SegmentedCodeCache                       = true                                      {product} {ergonomic}
   size_t SoftMaxHeapSize                          = 4284481536                             {manageable} {ergonomic}
     bool UseCompressedClassPointers               = true                           {product lp64_product} {ergonomic}
     bool UseCompressedOops                        = true                           {product lp64_product} {ergonomic}
     bool UseG1GC                                  = true                                      {product} {ergonomic}
     bool UseLargePagesIndividualAllocation        = false                                  {pd product} {ergonomic}

Logging:
Log output configuration:
 #0: stdout all=warning uptime,level,tags
 #1: stderr all=off uptime,level,tags

Environment Variables:
JAVA_HOME=C:\Program Files\Java\jdk-17
PATH=C:\VulkanSDK\1.3.204.0\Bin;C:\Program Files\Alacritty\;C:\Program Files (x86)\Razer\ChromaBroadcast\bin;C:\Program Files\Razer\ChromaBroadcast\bin;C:\Program Files\Java\jdk-17\bin;C:\Program Files (x86)\Intel\iCLS Client\;C:\Program Files\Intel\iCLS Client\;C:\Program Files (x86)\Razer Chroma SDK\bin;C:\Program Files\Razer Chroma SDK\bin;C:\Windows\system32;C:\Windows;C:\Windows\System32\Wbem;C:\Windows\System32\WindowsPowerShell\v1.0\;C:\Windows\system32\config\systemprofile\AppData\Local\Microsoft\WindowsApps;C:\Program Files (x86)\Intel\Intel(R) Management Engine Components\DAL;C:\Program Files\Intel\Intel(R) Management Engine Components\DAL;C:\Program Files (x86)\Intel\Intel(R) Management Engine Components\IPT;C:\Program Files\Intel\Intel(R) Management Engine Components\IPT;C:\Program Files\Common Files\Autodesk Shared\;C:\Program Files (x86)\Autodesk\Backburner\;C:\WINDOWS\system32;C:\WINDOWS;C:\WINDOWS\System32\Wbem;C:\WINDOWS\System32\WindowsPowerShell\v1.0\;C:\Program Files\Apache Software Foundation\apache-maven-3.5.0\bin;C:\Program Files\dotnet\;C:\Program Files (x86)\NVIDIA Corporation\PhysX\Common;C:\WINDOWS\System32\OpenSSH\;C:\Program Files\Dart\dart-sdk\bin;C:\Program Files\NVIDIA Corporation\NVIDIA NvDLISR;C:\Program Files\WorldPainter;C:\WINDOWS\system32;C:\WINDOWS;C:\WINDOWS\System32\Wbem;C:\WINDOWS\System32\WindowsPowerShell\v1.0\;C:\WINDOWS\System32\OpenSSH\;C:\WINDOWS\system32\config\systemprofile\AppData\Local\Microsoft\WindowsApps;C:\Program Files (x86)\Brackets\command;C:\Program Files\kotlinc\bin;C:\Program Files\NASM;C:\Program Files\PuTTY\;C:\Program Files\Git\cmd;C:\Program Files\CMake\cmake-3.21.1-windows-x86_64\bin;%GRADLE_USER_HOME%\bin;C:\Library\Developer\Toolchains\unknown-Asserts-development.xctoolchain\usr\bin;C:\Library\Swift-development\bin;C:\Library\icu-67\usr\bin;C:\Users\Family\.cargo\bin;C:\Users\Family\AppData\Local\Microsoft\WindowsApps;C:\Users\Family\AppData\Roaming\Dashlane\6.1907.0.17833\bin\Firefox_Extension\{44271
USERNAME=Family
OS=Windows_NT
PROCESSOR_IDENTIFIER=Intel64 Family 6 Model 158 Stepping 9, GenuineIntel



---------------  S Y S T E M  ---------------

OS:
 Windows 10 , 64 bit Build 18362 (10.0.18362.329)
OS uptime: 0 days 5:51 hours

CPU: total 8 (initial active 8) (4 cores per cpu, 2 threads per core) family 6 model 158 stepping 9 microcode 0x8e, cx8, cmov, fxsr, ht, mmx, 3dnowpref, sse, sse2, sse3, ssse3, sse4.1, sse4.2, popcnt, lzcnt, tsc, tscinvbit, avx, avx2, aes, erms, clmul, bmi1, bmi2, rtm, adx, fma, vzeroupper, clflush, clflushopt

Memory: 4k page, system-wide physical 16341M (7658M free)
TotalPageFile size 18773M (AvailPageFile size 7299M)
current process WorkingSet (physical memory assigned to process): 105M, peak: 105M
current process commit charge ("private bytes"): 418M, peak: 418M

vm_info: Java HotSpot(TM) 64-Bit Server VM (17+35-LTS-2724) for windows-amd64 JRE (17+35-LTS-2724), built on Aug  5 2021 23:28:28 by "mach5one" with MS VC++ 16.8 (VS2019)

END.
