#
# A fatal error has been detected by the Java Runtime Environment:
#
#  EXCEPTION_ACCESS_VIOLATION (0xc0000005) at pc=0x00000000625c16c5, pid=6132, tid=15868
#
# JRE version: Java(TM) SE Runtime Environment (17.0+35) (build 17+35-LTS-2724)
# Java VM: Java HotSpot(TM) 64-Bit Server VM (17+35-LTS-2724, mixed mode, sharing, tiered, compressed oops, compressed class ptrs, g1 gc, windows-amd64)
# Problematic frame:
# C  [winapi.dll+0x16c5]
#
# No core dump will be written. Minidumps are not enabled by default on client versions of Windows
#
# If you would like to submit a bug report, please visit:
#   https://bugreport.java.com/bugreport/crash.jsp
# The crash happened outside the Java Virtual Machine in native code.
# See problematic frame for where to report the bug.
#

---------------  S U M M A R Y ------------

Command Line: -javaagent:C:\Users\Family\AppData\Local\JetBrains\Toolbox\apps\IDEA-C\ch-0\213.6777.52\lib\idea_rt.jar=53662:C:\Users\Family\AppData\Local\JetBrains\Toolbox\apps\IDEA-C\ch-0\213.6777.52\bin -Dfile.encoding=UTF-8 kvb.engine.EngineMainKt

Host: Intel(R) Core(TM) i7-7700K CPU @ 4.20GHz, 8 cores, 15G,  Windows 10 , 64 bit Build 18362 (10.0.18362.329)
Time: Sun Mar  6 14:38:22 2022 AUS Eastern Summer Time elapsed time: 0.109178 seconds (0d 0h 0m 0s)

---------------  T H R E A D  ---------------

Current thread (0x000001a3fde7ca90):  JavaThread "main" [_thread_in_native, id=15868, stack(0x000000865e400000,0x000000865e500000)]

Stack: [0x000000865e400000,0x000000865e500000],  sp=0x000000865e4fefb0,  free space=1019k
Native frames: (J=compiled Java code, j=interpreted, Vv=VM code, C=native code)
C  [winapi.dll+0x16c5]

Java frames: (J=compiled Java code, j=interpreted, Vv=VM code)
j  kvb.window.winapi.WinApi.showWindow(JI)Z+0
j  kvb.window.winapi.WinApiWindow.show()V+13
j  kvb.engine.EngineMainKt.main()V+24
j  kvb.engine.EngineMainKt.main([Ljava/lang/String;)V+0
v  ~StubRoutines::call_stub

siginfo: EXCEPTION_ACCESS_VIOLATION (0xc0000005), reading address 0x0000000000000000


Register to memory mapping:

RIP=0x00000000625c16c5 winapi.dll
RAX=0x0 is NULL
RBX={method} {0x000001a3a14540d0} 'showWindow' '(JI)Z' in 'kvb/window/winapi/WinApi'
RCX=0x000001a3fde7cd38 points into unknown readable memory: 0x00007ffb05f83630 | 30 36 f8 05 fb 7f 00 00
RDX=0x000000865e4ff0a0 is pointing into the stack for thread: 0x000001a3fde7ca90
RSP=0x000000865e4fefb0 is pointing into the stack for thread: 0x000001a3fde7ca90
RBP=0x000000865e4fefd0 is pointing into the stack for thread: 0x000001a3fde7ca90
RSI=0x0000000000000120 is an unknown value
RDI=0x000001a3877394fe is at code_begin+1118 in an Interpreter codelet
return entry points  [0x000001a3877390a0, 0x000001a387739ba0]  2816 bytes
R8 =0x0 is NULL
R9 =0x0000000000000001 is an unknown value
R10=0x000001a38773d5f2 is at code_begin+946 in an Interpreter codelet
method entry point (kind = native)  [0x000001a38773d240, 0x000001a38773dbc0]  2432 bytes
R11=0x0000000000000111 is an unknown value
R12=0x0 is NULL
R13={method} {0x000001a3a14540d0} 'showWindow' '(JI)Z' in 'kvb/window/winapi/WinApi'
R14=0x000000865e4ff0a0 is pointing into the stack for thread: 0x000001a3fde7ca90
R15=0x000001a3fde7ca90 is a thread


Registers:
RAX=0x0000000000000000, RBX=0x000001a3a14540c8, RCX=0x000001a3fde7cd38, RDX=0x000000865e4ff0a0
RSP=0x000000865e4fefb0, RBP=0x000000865e4fefd0, RSI=0x0000000000000120, RDI=0x000001a3877394fe
R8 =0x0000000000000000, R9 =0x0000000000000001, R10=0x000001a38773d5f2, R11=0x0000000000000111
R12=0x0000000000000000, R13=0x000001a3a14540c8, R14=0x000000865e4ff0a0, R15=0x000001a3fde7ca90
RIP=0x00000000625c16c5, EFLAGS=0x0000000000010202

Top of Stack: (sp=0x000000865e4fefb0)
0x000000865e4fefb0:   000001a3a14540c8 000001a3a14540c8
0x000000865e4fefc0:   000001a3fde7ca90 00007ffb0587b7c1
0x000000865e4fefd0:   000000865e4ff068 000001a38773d621
0x000000865e4fefe0:   000001a3fde7cd38 000000865e4ff0a0
0x000000865e4feff0:   0000000000000000 0000000000000001
0x000000865e4ff000:   000001a3a1475a90 0000000000000120
0x000000865e4ff010:   0000000000000120 000001a38773d2f6
0x000000865e4ff020:   000000865e4ff020 000001a3a14540c8
0x000000865e4ff030:   000000865e4ff0a0 000001a3a1455cb0
0x000000865e4ff040:   0000000000000000 00000007107faa80
0x000000865e4ff050:   000001a3a14540c8 0000000000000000
0x000000865e4ff060:   000000865e4ff088 000000865e4ff0f0
0x000000865e4ff070:   000001a387739612 0000000000000000
0x000000865e4ff080:   000001a38773af60 0000000000000001
0x000000865e4ff090:   0000000000000000 0000000000000000
0x000000865e4ff0a0:   00000007107fabb8 000000865e4ff0a8 

Instructions: (pc=0x00000000625c16c5)
0x00000000625c15c5:   5d c3 55 48 89 e5 48 83 ec 30 48 89 4d 10 48 89
0x00000000625c15d5:   55 18 4c 89 45 20 4c 89 4d 28 48 8d 05 9a 73 00
0x00000000625c15e5:   00 48 8b 55 10 48 89 10 48 8b 45 10 48 8b 00 48
0x00000000625c15f5:   8b 80 f8 00 00 00 48 8b 55 18 48 8b 4d 10 ff d0
0x00000000625c1605:   48 89 c2 48 8d 05 61 73 00 00 48 89 10 48 8b 45
0x00000000625c1615:   10 48 8b 00 4c 8b 90 08 01 00 00 48 8d 05 49 73
0x00000000625c1625:   00 00 48 8b 00 4c 8d 0d e2 39 00 00 4c 8d 05 e3
0x00000000625c1635:   39 00 00 48 89 c2 48 8b 4d 10 41 ff d2 48 89 c2
0x00000000625c1645:   48 8d 05 2c 73 00 00 48 89 10 44 8b 4d 38 44 8b
0x00000000625c1655:   45 30 48 8b 55 28 48 8b 45 20 8b 4d 48 89 4c 24
0x00000000625c1665:   28 8b 4d 40 89 4c 24 20 48 89 c1 e8 0f fe ff ff
0x00000000625c1675:   90 48 83 c4 30 5d c3 55 48 89 e5 48 83 ec 20 48
0x00000000625c1685:   89 4d 10 48 89 55 18 4c 89 45 20 48 8b 45 20 48
0x00000000625c1695:   8b 00 48 89 c1 48 8b 05 c7 8c 00 00 ff d0 48 83
0x00000000625c16a5:   c4 20 5d c3 55 48 89 e5 48 83 ec 20 48 89 4d 10
0x00000000625c16b5:   48 89 55 18 4c 89 45 20 44 89 4d 28 48 8b 45 20
0x00000000625c16c5:   48 8b 00 8b 55 28 48 89 c1 48 8b 05 f3 8c 00 00
0x00000000625c16d5:   ff d0 48 83 c4 20 5d c3 55 48 89 e5 48 83 ec 20
0x00000000625c16e5:   48 89 4d 10 48 89 55 18 44 89 45 20 8b 45 20 89
0x00000000625c16f5:   c1 48 8b 05 9b 8c 00 00 ff d0 48 83 c4 20 5d c3
0x00000000625c1705:   55 48 89 e5 48 83 ec 30 48 89 4d 10 48 89 55 18
0x00000000625c1715:   4c 89 45 20 48 8b 45 20 c7 44 24 20 01 00 00 00
0x00000000625c1725:   41 b9 00 00 00 00 41 b8 00 00 00 00 ba 00 00 00
0x00000000625c1735:   00 48 89 c1 48 8b 05 70 8c 00 00 ff d0 48 83 c4
0x00000000625c1745:   30 5d c3 55 48 89 e5 48 83 ec 20 48 89 4d 10 48
0x00000000625c1755:   89 55 18 4c 89 45 20 48 8b 45 20 48 89 c1 48 8b
0x00000000625c1765:   05 66 8c 00 00 ff d0 48 83 c4 20 5d c3 55 48 89
0x00000000625c1775:   e5 48 83 ec 20 48 89 4d 10 48 89 55 18 4c 89 45
0x00000000625c1785:   20 48 8b 45 20 48 89 c1 48 8b 05 dc 8b 00 00 ff
0x00000000625c1795:   d0 48 83 c4 20 5d c3 55 48 89 e5 48 83 ec 20 48
0x00000000625c17a5:   89 4d 10 48 89 55 18 4c 89 45 20 48 8b 45 20 48
0x00000000625c17b5:   8d 50 08 48 8b 45 20 48 8b 00 48 89 c1 48 8b 05 


Stack slot to memory mapping:
stack at sp + 0 slots: {method} {0x000001a3a14540d0} 'showWindow' '(JI)Z' in 'kvb/window/winapi/WinApi'
stack at sp + 1 slots: {method} {0x000001a3a14540d0} 'showWindow' '(JI)Z' in 'kvb/window/winapi/WinApi'
stack at sp + 2 slots: 0x000001a3fde7ca90 is a thread
stack at sp + 3 slots: 0x00007ffb0587b7c1 jvm.dll
stack at sp + 4 slots: 0x000000865e4ff068 is pointing into the stack for thread: 0x000001a3fde7ca90
stack at sp + 5 slots: 0x000001a38773d621 is at code_begin+993 in an Interpreter codelet
method entry point (kind = native)  [0x000001a38773d240, 0x000001a38773dbc0]  2432 bytes
stack at sp + 6 slots: 0x000001a3fde7cd38 points into unknown readable memory: 0x00007ffb05f83630 | 30 36 f8 05 fb 7f 00 00
stack at sp + 7 slots: 0x000000865e4ff0a0 is pointing into the stack for thread: 0x000001a3fde7ca90


---------------  P R O C E S S  ---------------

Threads class SMR info:
_java_thread_list=0x000001a3a1953ee0, length=13, elements={
0x000001a3fde7ca90, 0x000001a3a0bddcb0, 0x000001a3a0bdf930, 0x000001a3a0bf3080,
0x000001a3a0bf3940, 0x000001a3a0bf42f0, 0x000001a3a0bf4ca0, 0x000001a3a0c06b90,
0x000001a3a0c09a20, 0x000001a3a0c0ea90, 0x000001a3a18b4a90, 0x000001a3a19ce580,
0x000001a3a19cea50
}

Java Threads: ( => current thread )
=>0x000001a3fde7ca90 JavaThread "main" [_thread_in_native, id=15868, stack(0x000000865e400000,0x000000865e500000)]
  0x000001a3a0bddcb0 JavaThread "Reference Handler" daemon [_thread_blocked, id=14624, stack(0x000000865eb00000,0x000000865ec00000)]
  0x000001a3a0bdf930 JavaThread "Finalizer" daemon [_thread_blocked, id=18168, stack(0x000000865ec00000,0x000000865ed00000)]
  0x000001a3a0bf3080 JavaThread "Signal Dispatcher" daemon [_thread_blocked, id=5100, stack(0x000000865ed00000,0x000000865ee00000)]
  0x000001a3a0bf3940 JavaThread "Attach Listener" daemon [_thread_blocked, id=12768, stack(0x000000865ee00000,0x000000865ef00000)]
  0x000001a3a0bf42f0 JavaThread "Service Thread" daemon [_thread_blocked, id=20432, stack(0x000000865ef00000,0x000000865f000000)]
  0x000001a3a0bf4ca0 JavaThread "Monitor Deflation Thread" daemon [_thread_blocked, id=8688, stack(0x000000865f000000,0x000000865f100000)]
  0x000001a3a0c06b90 JavaThread "C2 CompilerThread0" daemon [_thread_blocked, id=1092, stack(0x000000865f100000,0x000000865f200000)]
  0x000001a3a0c09a20 JavaThread "C1 CompilerThread0" daemon [_thread_blocked, id=18184, stack(0x000000865f200000,0x000000865f300000)]
  0x000001a3a0c0ea90 JavaThread "Sweeper thread" daemon [_thread_blocked, id=19468, stack(0x000000865f300000,0x000000865f400000)]
  0x000001a3a18b4a90 JavaThread "Common-Cleaner" daemon [_thread_blocked, id=12148, stack(0x000000865f400000,0x000000865f500000)]
  0x000001a3a19ce580 JavaThread "Monitor Ctrl-Break" daemon [_thread_in_native, id=14984, stack(0x000000865f500000,0x000000865f600000)]
  0x000001a3a19cea50 JavaThread "Notification Thread" daemon [_thread_blocked, id=10796, stack(0x000000865f600000,0x000000865f700000)]

Other Threads:
  0x000001a3a0bd9ed0 VMThread "VM Thread" [stack: 0x000000865ea00000,0x000000865eb00000] [id=17404]
  0x000001a3fdef7280 WatcherThread [stack: 0x000000865f700000,0x000000865f800000] [id=16492]
  0x000001a3fdecb2c0 GCTaskThread "GC Thread#0" [stack: 0x000000865e500000,0x000000865e600000] [id=17740]
  0x000001a3fded9080 ConcurrentGCThread "G1 Main Marker" [stack: 0x000000865e600000,0x000000865e700000] [id=10496]
  0x000001a3fded9990 ConcurrentGCThread "G1 Conc#0" [stack: 0x000000865e700000,0x000000865e800000] [id=16364]
  0x000001a3a0aa34e0 ConcurrentGCThread "G1 Refine#0" [stack: 0x000000865e800000,0x000000865e900000] [id=7308]
  0x000001a3a0aa3e00 ConcurrentGCThread "G1 Service" [stack: 0x000000865e900000,0x000000865ea00000] [id=3380]

Threads with active compile tasks:

VM state: not at safepoint (normal execution)

VM Mutex/Monitor currently owned by a thread: None

Heap address: 0x0000000700a00000, size: 4086 MB, Compressed Oops mode: Zero based, Oop shift amount: 3

CDS archive(s) mapped at: [0x0000000800000000-0x0000000800bc0000-0x0000000800bc0000), size 12320768, SharedBaseAddress: 0x0000000800000000, ArchiveRelocationMode: 0.
Compressed class space mapped at: 0x0000000800c00000-0x0000000840c00000, reserved size: 1073741824
Narrow klass base: 0x0000000800000000, Narrow klass shift: 0, Narrow klass range: 0x100000000

GC Precious Log:
 CPUs: 8 total, 8 available
 Memory: 16341M
 Large Page Support: Disabled
 NUMA Support: Disabled
 Compressed Oops: Enabled (Zero based)
 Heap Region Size: 2M
 Heap Min Capacity: 8M
 Heap Initial Capacity: 256M
 Heap Max Capacity: 4086M
 Pre-touch: Disabled
 Parallel Workers: 8
 Concurrent Workers: 2
 Concurrent Refinement Workers: 8
 Periodic GC: Disabled

Heap:
 garbage-first heap   total 262144K, used 4096K [0x0000000700a00000, 0x0000000800000000)
  region size 2048K, 3 young (6144K), 0 survivors (0K)
 Metaspace       used 1409K, committed 1536K, reserved 1056768K
  class space    used 114K, committed 192K, reserved 1048576K

Heap Regions: E=young(eden), S=young(survivor), O=old, HS=humongous(starts), HC=humongous(continues), CS=collection set, F=free, OA=open archive, CA=closed archive, TAMS=top-at-mark-start (previous, next)
|   0|0x0000000700a00000, 0x0000000700a00000, 0x0000000700c00000|  0%| F|  |TAMS 0x0000000700a00000, 0x0000000700a00000| Untracked 
|   1|0x0000000700c00000, 0x0000000700c00000, 0x0000000700e00000|  0%| F|  |TAMS 0x0000000700c00000, 0x0000000700c00000| Untracked 
|   2|0x0000000700e00000, 0x0000000700e00000, 0x0000000701000000|  0%| F|  |TAMS 0x0000000700e00000, 0x0000000700e00000| Untracked 
|   3|0x0000000701000000, 0x0000000701000000, 0x0000000701200000|  0%| F|  |TAMS 0x0000000701000000, 0x0000000701000000| Untracked 
|   4|0x0000000701200000, 0x0000000701200000, 0x0000000701400000|  0%| F|  |TAMS 0x0000000701200000, 0x0000000701200000| Untracked 
|   5|0x0000000701400000, 0x0000000701400000, 0x0000000701600000|  0%| F|  |TAMS 0x0000000701400000, 0x0000000701400000| Untracked 
|   6|0x0000000701600000, 0x0000000701600000, 0x0000000701800000|  0%| F|  |TAMS 0x0000000701600000, 0x0000000701600000| Untracked 
|   7|0x0000000701800000, 0x0000000701800000, 0x0000000701a00000|  0%| F|  |TAMS 0x0000000701800000, 0x0000000701800000| Untracked 
|   8|0x0000000701a00000, 0x0000000701a00000, 0x0000000701c00000|  0%| F|  |TAMS 0x0000000701a00000, 0x0000000701a00000| Untracked 
|   9|0x0000000701c00000, 0x0000000701c00000, 0x0000000701e00000|  0%| F|  |TAMS 0x0000000701c00000, 0x0000000701c00000| Untracked 
|  10|0x0000000701e00000, 0x0000000701e00000, 0x0000000702000000|  0%| F|  |TAMS 0x0000000701e00000, 0x0000000701e00000| Untracked 
|  11|0x0000000702000000, 0x0000000702000000, 0x0000000702200000|  0%| F|  |TAMS 0x0000000702000000, 0x0000000702000000| Untracked 
|  12|0x0000000702200000, 0x0000000702200000, 0x0000000702400000|  0%| F|  |TAMS 0x0000000702200000, 0x0000000702200000| Untracked 
|  13|0x0000000702400000, 0x0000000702400000, 0x0000000702600000|  0%| F|  |TAMS 0x0000000702400000, 0x0000000702400000| Untracked 
|  14|0x0000000702600000, 0x0000000702600000, 0x0000000702800000|  0%| F|  |TAMS 0x0000000702600000, 0x0000000702600000| Untracked 
|  15|0x0000000702800000, 0x0000000702800000, 0x0000000702a00000|  0%| F|  |TAMS 0x0000000702800000, 0x0000000702800000| Untracked 
|  16|0x0000000702a00000, 0x0000000702a00000, 0x0000000702c00000|  0%| F|  |TAMS 0x0000000702a00000, 0x0000000702a00000| Untracked 
|  17|0x0000000702c00000, 0x0000000702c00000, 0x0000000702e00000|  0%| F|  |TAMS 0x0000000702c00000, 0x0000000702c00000| Untracked 
|  18|0x0000000702e00000, 0x0000000702e00000, 0x0000000703000000|  0%| F|  |TAMS 0x0000000702e00000, 0x0000000702e00000| Untracked 
|  19|0x0000000703000000, 0x0000000703000000, 0x0000000703200000|  0%| F|  |TAMS 0x0000000703000000, 0x0000000703000000| Untracked 
|  20|0x0000000703200000, 0x0000000703200000, 0x0000000703400000|  0%| F|  |TAMS 0x0000000703200000, 0x0000000703200000| Untracked 
|  21|0x0000000703400000, 0x0000000703400000, 0x0000000703600000|  0%| F|  |TAMS 0x0000000703400000, 0x0000000703400000| Untracked 
|  22|0x0000000703600000, 0x0000000703600000, 0x0000000703800000|  0%| F|  |TAMS 0x0000000703600000, 0x0000000703600000| Untracked 
|  23|0x0000000703800000, 0x0000000703800000, 0x0000000703a00000|  0%| F|  |TAMS 0x0000000703800000, 0x0000000703800000| Untracked 
|  24|0x0000000703a00000, 0x0000000703a00000, 0x0000000703c00000|  0%| F|  |TAMS 0x0000000703a00000, 0x0000000703a00000| Untracked 
|  25|0x0000000703c00000, 0x0000000703c00000, 0x0000000703e00000|  0%| F|  |TAMS 0x0000000703c00000, 0x0000000703c00000| Untracked 
|  26|0x0000000703e00000, 0x0000000703e00000, 0x0000000704000000|  0%| F|  |TAMS 0x0000000703e00000, 0x0000000703e00000| Untracked 
|  27|0x0000000704000000, 0x0000000704000000, 0x0000000704200000|  0%| F|  |TAMS 0x0000000704000000, 0x0000000704000000| Untracked 
|  28|0x0000000704200000, 0x0000000704200000, 0x0000000704400000|  0%| F|  |TAMS 0x0000000704200000, 0x0000000704200000| Untracked 
|  29|0x0000000704400000, 0x0000000704400000, 0x0000000704600000|  0%| F|  |TAMS 0x0000000704400000, 0x0000000704400000| Untracked 
|  30|0x0000000704600000, 0x0000000704600000, 0x0000000704800000|  0%| F|  |TAMS 0x0000000704600000, 0x0000000704600000| Untracked 
|  31|0x0000000704800000, 0x0000000704800000, 0x0000000704a00000|  0%| F|  |TAMS 0x0000000704800000, 0x0000000704800000| Untracked 
|  32|0x0000000704a00000, 0x0000000704a00000, 0x0000000704c00000|  0%| F|  |TAMS 0x0000000704a00000, 0x0000000704a00000| Untracked 
|  33|0x0000000704c00000, 0x0000000704c00000, 0x0000000704e00000|  0%| F|  |TAMS 0x0000000704c00000, 0x0000000704c00000| Untracked 
|  34|0x0000000704e00000, 0x0000000704e00000, 0x0000000705000000|  0%| F|  |TAMS 0x0000000704e00000, 0x0000000704e00000| Untracked 
|  35|0x0000000705000000, 0x0000000705000000, 0x0000000705200000|  0%| F|  |TAMS 0x0000000705000000, 0x0000000705000000| Untracked 
|  36|0x0000000705200000, 0x0000000705200000, 0x0000000705400000|  0%| F|  |TAMS 0x0000000705200000, 0x0000000705200000| Untracked 
|  37|0x0000000705400000, 0x0000000705400000, 0x0000000705600000|  0%| F|  |TAMS 0x0000000705400000, 0x0000000705400000| Untracked 
|  38|0x0000000705600000, 0x0000000705600000, 0x0000000705800000|  0%| F|  |TAMS 0x0000000705600000, 0x0000000705600000| Untracked 
|  39|0x0000000705800000, 0x0000000705800000, 0x0000000705a00000|  0%| F|  |TAMS 0x0000000705800000, 0x0000000705800000| Untracked 
|  40|0x0000000705a00000, 0x0000000705a00000, 0x0000000705c00000|  0%| F|  |TAMS 0x0000000705a00000, 0x0000000705a00000| Untracked 
|  41|0x0000000705c00000, 0x0000000705c00000, 0x0000000705e00000|  0%| F|  |TAMS 0x0000000705c00000, 0x0000000705c00000| Untracked 
|  42|0x0000000705e00000, 0x0000000705e00000, 0x0000000706000000|  0%| F|  |TAMS 0x0000000705e00000, 0x0000000705e00000| Untracked 
|  43|0x0000000706000000, 0x0000000706000000, 0x0000000706200000|  0%| F|  |TAMS 0x0000000706000000, 0x0000000706000000| Untracked 
|  44|0x0000000706200000, 0x0000000706200000, 0x0000000706400000|  0%| F|  |TAMS 0x0000000706200000, 0x0000000706200000| Untracked 
|  45|0x0000000706400000, 0x0000000706400000, 0x0000000706600000|  0%| F|  |TAMS 0x0000000706400000, 0x0000000706400000| Untracked 
|  46|0x0000000706600000, 0x0000000706600000, 0x0000000706800000|  0%| F|  |TAMS 0x0000000706600000, 0x0000000706600000| Untracked 
|  47|0x0000000706800000, 0x0000000706800000, 0x0000000706a00000|  0%| F|  |TAMS 0x0000000706800000, 0x0000000706800000| Untracked 
|  48|0x0000000706a00000, 0x0000000706a00000, 0x0000000706c00000|  0%| F|  |TAMS 0x0000000706a00000, 0x0000000706a00000| Untracked 
|  49|0x0000000706c00000, 0x0000000706c00000, 0x0000000706e00000|  0%| F|  |TAMS 0x0000000706c00000, 0x0000000706c00000| Untracked 
|  50|0x0000000706e00000, 0x0000000706e00000, 0x0000000707000000|  0%| F|  |TAMS 0x0000000706e00000, 0x0000000706e00000| Untracked 
|  51|0x0000000707000000, 0x0000000707000000, 0x0000000707200000|  0%| F|  |TAMS 0x0000000707000000, 0x0000000707000000| Untracked 
|  52|0x0000000707200000, 0x0000000707200000, 0x0000000707400000|  0%| F|  |TAMS 0x0000000707200000, 0x0000000707200000| Untracked 
|  53|0x0000000707400000, 0x0000000707400000, 0x0000000707600000|  0%| F|  |TAMS 0x0000000707400000, 0x0000000707400000| Untracked 
|  54|0x0000000707600000, 0x0000000707600000, 0x0000000707800000|  0%| F|  |TAMS 0x0000000707600000, 0x0000000707600000| Untracked 
|  55|0x0000000707800000, 0x0000000707800000, 0x0000000707a00000|  0%| F|  |TAMS 0x0000000707800000, 0x0000000707800000| Untracked 
|  56|0x0000000707a00000, 0x0000000707a00000, 0x0000000707c00000|  0%| F|  |TAMS 0x0000000707a00000, 0x0000000707a00000| Untracked 
|  57|0x0000000707c00000, 0x0000000707c00000, 0x0000000707e00000|  0%| F|  |TAMS 0x0000000707c00000, 0x0000000707c00000| Untracked 
|  58|0x0000000707e00000, 0x0000000707e00000, 0x0000000708000000|  0%| F|  |TAMS 0x0000000707e00000, 0x0000000707e00000| Untracked 
|  59|0x0000000708000000, 0x0000000708000000, 0x0000000708200000|  0%| F|  |TAMS 0x0000000708000000, 0x0000000708000000| Untracked 
|  60|0x0000000708200000, 0x0000000708200000, 0x0000000708400000|  0%| F|  |TAMS 0x0000000708200000, 0x0000000708200000| Untracked 
|  61|0x0000000708400000, 0x0000000708400000, 0x0000000708600000|  0%| F|  |TAMS 0x0000000708400000, 0x0000000708400000| Untracked 
|  62|0x0000000708600000, 0x0000000708600000, 0x0000000708800000|  0%| F|  |TAMS 0x0000000708600000, 0x0000000708600000| Untracked 
|  63|0x0000000708800000, 0x0000000708800000, 0x0000000708a00000|  0%| F|  |TAMS 0x0000000708800000, 0x0000000708800000| Untracked 
|  64|0x0000000708a00000, 0x0000000708a00000, 0x0000000708c00000|  0%| F|  |TAMS 0x0000000708a00000, 0x0000000708a00000| Untracked 
|  65|0x0000000708c00000, 0x0000000708c00000, 0x0000000708e00000|  0%| F|  |TAMS 0x0000000708c00000, 0x0000000708c00000| Untracked 
|  66|0x0000000708e00000, 0x0000000708e00000, 0x0000000709000000|  0%| F|  |TAMS 0x0000000708e00000, 0x0000000708e00000| Untracked 
|  67|0x0000000709000000, 0x0000000709000000, 0x0000000709200000|  0%| F|  |TAMS 0x0000000709000000, 0x0000000709000000| Untracked 
|  68|0x0000000709200000, 0x0000000709200000, 0x0000000709400000|  0%| F|  |TAMS 0x0000000709200000, 0x0000000709200000| Untracked 
|  69|0x0000000709400000, 0x0000000709400000, 0x0000000709600000|  0%| F|  |TAMS 0x0000000709400000, 0x0000000709400000| Untracked 
|  70|0x0000000709600000, 0x0000000709600000, 0x0000000709800000|  0%| F|  |TAMS 0x0000000709600000, 0x0000000709600000| Untracked 
|  71|0x0000000709800000, 0x0000000709800000, 0x0000000709a00000|  0%| F|  |TAMS 0x0000000709800000, 0x0000000709800000| Untracked 
|  72|0x0000000709a00000, 0x0000000709a00000, 0x0000000709c00000|  0%| F|  |TAMS 0x0000000709a00000, 0x0000000709a00000| Untracked 
|  73|0x0000000709c00000, 0x0000000709c00000, 0x0000000709e00000|  0%| F|  |TAMS 0x0000000709c00000, 0x0000000709c00000| Untracked 
|  74|0x0000000709e00000, 0x0000000709e00000, 0x000000070a000000|  0%| F|  |TAMS 0x0000000709e00000, 0x0000000709e00000| Untracked 
|  75|0x000000070a000000, 0x000000070a000000, 0x000000070a200000|  0%| F|  |TAMS 0x000000070a000000, 0x000000070a000000| Untracked 
|  76|0x000000070a200000, 0x000000070a200000, 0x000000070a400000|  0%| F|  |TAMS 0x000000070a200000, 0x000000070a200000| Untracked 
|  77|0x000000070a400000, 0x000000070a400000, 0x000000070a600000|  0%| F|  |TAMS 0x000000070a400000, 0x000000070a400000| Untracked 
|  78|0x000000070a600000, 0x000000070a600000, 0x000000070a800000|  0%| F|  |TAMS 0x000000070a600000, 0x000000070a600000| Untracked 
|  79|0x000000070a800000, 0x000000070a800000, 0x000000070aa00000|  0%| F|  |TAMS 0x000000070a800000, 0x000000070a800000| Untracked 
|  80|0x000000070aa00000, 0x000000070aa00000, 0x000000070ac00000|  0%| F|  |TAMS 0x000000070aa00000, 0x000000070aa00000| Untracked 
|  81|0x000000070ac00000, 0x000000070ac00000, 0x000000070ae00000|  0%| F|  |TAMS 0x000000070ac00000, 0x000000070ac00000| Untracked 
|  82|0x000000070ae00000, 0x000000070ae00000, 0x000000070b000000|  0%| F|  |TAMS 0x000000070ae00000, 0x000000070ae00000| Untracked 
|  83|0x000000070b000000, 0x000000070b000000, 0x000000070b200000|  0%| F|  |TAMS 0x000000070b000000, 0x000000070b000000| Untracked 
|  84|0x000000070b200000, 0x000000070b200000, 0x000000070b400000|  0%| F|  |TAMS 0x000000070b200000, 0x000000070b200000| Untracked 
|  85|0x000000070b400000, 0x000000070b400000, 0x000000070b600000|  0%| F|  |TAMS 0x000000070b400000, 0x000000070b400000| Untracked 
|  86|0x000000070b600000, 0x000000070b600000, 0x000000070b800000|  0%| F|  |TAMS 0x000000070b600000, 0x000000070b600000| Untracked 
|  87|0x000000070b800000, 0x000000070b800000, 0x000000070ba00000|  0%| F|  |TAMS 0x000000070b800000, 0x000000070b800000| Untracked 
|  88|0x000000070ba00000, 0x000000070ba00000, 0x000000070bc00000|  0%| F|  |TAMS 0x000000070ba00000, 0x000000070ba00000| Untracked 
|  89|0x000000070bc00000, 0x000000070bc00000, 0x000000070be00000|  0%| F|  |TAMS 0x000000070bc00000, 0x000000070bc00000| Untracked 
|  90|0x000000070be00000, 0x000000070be00000, 0x000000070c000000|  0%| F|  |TAMS 0x000000070be00000, 0x000000070be00000| Untracked 
|  91|0x000000070c000000, 0x000000070c000000, 0x000000070c200000|  0%| F|  |TAMS 0x000000070c000000, 0x000000070c000000| Untracked 
|  92|0x000000070c200000, 0x000000070c200000, 0x000000070c400000|  0%| F|  |TAMS 0x000000070c200000, 0x000000070c200000| Untracked 
|  93|0x000000070c400000, 0x000000070c400000, 0x000000070c600000|  0%| F|  |TAMS 0x000000070c400000, 0x000000070c400000| Untracked 
|  94|0x000000070c600000, 0x000000070c600000, 0x000000070c800000|  0%| F|  |TAMS 0x000000070c600000, 0x000000070c600000| Untracked 
|  95|0x000000070c800000, 0x000000070c800000, 0x000000070ca00000|  0%| F|  |TAMS 0x000000070c800000, 0x000000070c800000| Untracked 
|  96|0x000000070ca00000, 0x000000070ca00000, 0x000000070cc00000|  0%| F|  |TAMS 0x000000070ca00000, 0x000000070ca00000| Untracked 
|  97|0x000000070cc00000, 0x000000070cc00000, 0x000000070ce00000|  0%| F|  |TAMS 0x000000070cc00000, 0x000000070cc00000| Untracked 
|  98|0x000000070ce00000, 0x000000070ce00000, 0x000000070d000000|  0%| F|  |TAMS 0x000000070ce00000, 0x000000070ce00000| Untracked 
|  99|0x000000070d000000, 0x000000070d000000, 0x000000070d200000|  0%| F|  |TAMS 0x000000070d000000, 0x000000070d000000| Untracked 
| 100|0x000000070d200000, 0x000000070d200000, 0x000000070d400000|  0%| F|  |TAMS 0x000000070d200000, 0x000000070d200000| Untracked 
| 101|0x000000070d400000, 0x000000070d400000, 0x000000070d600000|  0%| F|  |TAMS 0x000000070d400000, 0x000000070d400000| Untracked 
| 102|0x000000070d600000, 0x000000070d600000, 0x000000070d800000|  0%| F|  |TAMS 0x000000070d600000, 0x000000070d600000| Untracked 
| 103|0x000000070d800000, 0x000000070d800000, 0x000000070da00000|  0%| F|  |TAMS 0x000000070d800000, 0x000000070d800000| Untracked 
| 104|0x000000070da00000, 0x000000070da00000, 0x000000070dc00000|  0%| F|  |TAMS 0x000000070da00000, 0x000000070da00000| Untracked 
| 105|0x000000070dc00000, 0x000000070dc00000, 0x000000070de00000|  0%| F|  |TAMS 0x000000070dc00000, 0x000000070dc00000| Untracked 
| 106|0x000000070de00000, 0x000000070de00000, 0x000000070e000000|  0%| F|  |TAMS 0x000000070de00000, 0x000000070de00000| Untracked 
| 107|0x000000070e000000, 0x000000070e000000, 0x000000070e200000|  0%| F|  |TAMS 0x000000070e000000, 0x000000070e000000| Untracked 
| 108|0x000000070e200000, 0x000000070e200000, 0x000000070e400000|  0%| F|  |TAMS 0x000000070e200000, 0x000000070e200000| Untracked 
| 109|0x000000070e400000, 0x000000070e400000, 0x000000070e600000|  0%| F|  |TAMS 0x000000070e400000, 0x000000070e400000| Untracked 
| 110|0x000000070e600000, 0x000000070e600000, 0x000000070e800000|  0%| F|  |TAMS 0x000000070e600000, 0x000000070e600000| Untracked 
| 111|0x000000070e800000, 0x000000070e800000, 0x000000070ea00000|  0%| F|  |TAMS 0x000000070e800000, 0x000000070e800000| Untracked 
| 112|0x000000070ea00000, 0x000000070ea00000, 0x000000070ec00000|  0%| F|  |TAMS 0x000000070ea00000, 0x000000070ea00000| Untracked 
| 113|0x000000070ec00000, 0x000000070ec00000, 0x000000070ee00000|  0%| F|  |TAMS 0x000000070ec00000, 0x000000070ec00000| Untracked 
| 114|0x000000070ee00000, 0x000000070ee00000, 0x000000070f000000|  0%| F|  |TAMS 0x000000070ee00000, 0x000000070ee00000| Untracked 
| 115|0x000000070f000000, 0x000000070f000000, 0x000000070f200000|  0%| F|  |TAMS 0x000000070f000000, 0x000000070f000000| Untracked 
| 116|0x000000070f200000, 0x000000070f200000, 0x000000070f400000|  0%| F|  |TAMS 0x000000070f200000, 0x000000070f200000| Untracked 
| 117|0x000000070f400000, 0x000000070f400000, 0x000000070f600000|  0%| F|  |TAMS 0x000000070f400000, 0x000000070f400000| Untracked 
| 118|0x000000070f600000, 0x000000070f600000, 0x000000070f800000|  0%| F|  |TAMS 0x000000070f600000, 0x000000070f600000| Untracked 
| 119|0x000000070f800000, 0x000000070f800000, 0x000000070fa00000|  0%| F|  |TAMS 0x000000070f800000, 0x000000070f800000| Untracked 
| 120|0x000000070fa00000, 0x000000070fa00000, 0x000000070fc00000|  0%| F|  |TAMS 0x000000070fa00000, 0x000000070fa00000| Untracked 
| 121|0x000000070fc00000, 0x000000070fc00000, 0x000000070fe00000|  0%| F|  |TAMS 0x000000070fc00000, 0x000000070fc00000| Untracked 
| 122|0x000000070fe00000, 0x000000070fe00000, 0x0000000710000000|  0%| F|  |TAMS 0x000000070fe00000, 0x000000070fe00000| Untracked 
| 123|0x0000000710000000, 0x0000000710000000, 0x0000000710200000|  0%| F|  |TAMS 0x0000000710000000, 0x0000000710000000| Untracked 
| 124|0x0000000710200000, 0x0000000710200000, 0x0000000710400000|  0%| F|  |TAMS 0x0000000710200000, 0x0000000710200000| Untracked 
| 125|0x0000000710400000, 0x00000007104e1d88, 0x0000000710600000| 44%| E|  |TAMS 0x0000000710400000, 0x0000000710400000| Complete 
| 126|0x0000000710600000, 0x0000000710800000, 0x0000000710800000|100%| E|CS|TAMS 0x0000000710600000, 0x0000000710600000| Complete 
| 127|0x0000000710800000, 0x0000000710a00000, 0x0000000710a00000|100%| E|CS|TAMS 0x0000000710800000, 0x0000000710800000| Complete 

Card table byte_map: [0x000001a3fea70000,0x000001a3ff270000] _byte_map_base: 0x000001a3fb26b000

Marking Bits (Prev, Next): (CMBitMap*) 0x000001a3fdecc7e0, (CMBitMap*) 0x000001a3fdecc820
 Prev Bits: [0x000001a396730000, 0x000001a39a708000)
 Next Bits: [0x000001a39a710000, 0x000001a39e6e8000)

Polling page: 0x000001a3fbbf0000

Metaspace:

Usage:
  Non-class:      1.26 MB used.
      Class:    114.34 KB used.
       Both:      1.38 MB used.

Virtual space:
  Non-class space:        8.00 MB reserved,       1.31 MB ( 16%) committed,  1 nodes.
      Class space:        1.00 GB reserved,     192.00 KB ( <1%) committed,  1 nodes.
             Both:        1.01 GB reserved,       1.50 MB ( <1%) committed. 

Chunk freelists:
   Non-Class:  3.53 MB
       Class:  3.70 MB
        Both:  7.23 MB

MaxMetaspaceSize: unlimited
CompressedClassSpaceSize: 1.00 GB
Initial GC threshold: 21.00 MB
Current GC threshold: 21.00 MB
CDS: on
MetaspaceReclaimPolicy: balanced
 - commit_granule_bytes: 65536.
 - commit_granule_words: 8192.
 - virtual_space_node_default_size: 1048576.
 - enlarge_chunks_in_place: 1.
 - new_chunks_are_fully_committed: 0.
 - uncommit_free_chunks: 1.
 - use_allocation_guard: 0.
 - handle_deallocations: 1.


Internal statistics:

num_allocs_failed_limit: 0.
num_arena_births: 16.
num_arena_deaths: 0.
num_vsnodes_births: 2.
num_vsnodes_deaths: 0.
num_space_committed: 24.
num_space_uncommitted: 0.
num_chunks_returned_to_freelist: 0.
num_chunks_taken_from_freelist: 48.
num_chunk_merges: 0.
num_chunk_splits: 27.
num_chunks_enlarged: 19.
num_purges: 0.
num_inconsistent_stats: 0.

CodeHeap 'non-profiled nmethods': size=120000Kb used=91Kb max_used=91Kb free=119908Kb
 bounds [0x000001a38f200000, 0x000001a38f470000, 0x000001a396730000]
CodeHeap 'profiled nmethods': size=120000Kb used=429Kb max_used=429Kb free=119570Kb
 bounds [0x000001a387cd0000, 0x000001a387f40000, 0x000001a38f200000]
CodeHeap 'non-nmethods': size=5760Kb used=1125Kb max_used=1140Kb free=4634Kb
 bounds [0x000001a387730000, 0x000001a3879a0000, 0x000001a387cd0000]
 total_blobs=705 nmethods=299 adapters=319
 compilation: enabled
              stopped_count=0, restarted_count=0
 full_count=0

Compilation events (20 events):
Event: 0.093 Thread 0x000001a3a0c09a20  289       3       sun.net.util.IPAddressUtil::checkHostString (53 bytes)
Event: 0.093 Thread 0x000001a3a0c09a20 nmethod 289 0x000001a387d22d90 code [0x000001a387d23040, 0x000001a387d23bc8]
Event: 0.093 Thread 0x000001a3a0c09a20  290       3       sun.net.util.IPAddressUtil::scan (92 bytes)
Event: 0.093 Thread 0x000001a3a0c06b90 nmethod 277 0x000001a38f215890 code [0x000001a38f215a20, 0x000001a38f215ed8]
Event: 0.093 Thread 0x000001a3a0c06b90  288       4       java.lang.AbstractStringBuilder::ensureCapacityInternal (39 bytes)
Event: 0.093 Thread 0x000001a3a0c09a20 nmethod 290 0x000001a387d24010 code [0x000001a387d24280, 0x000001a387d24db8]
Event: 0.093 Thread 0x000001a3a0c09a20  291  s!   3       jdk.internal.loader.URLClassPath::getLoader (194 bytes)
Event: 0.094 Thread 0x000001a3a0c09a20 nmethod 291 0x000001a387d25310 code [0x000001a387d25620, 0x000001a387d26a48]
Event: 0.094 Thread 0x000001a3a0c09a20  293       3       java.lang.String::checkBoundsOffCount (64 bytes)
Event: 0.095 Thread 0x000001a3a0c09a20 nmethod 293 0x000001a387d27210 code [0x000001a387d274a0, 0x000001a387d27d98]
Event: 0.095 Thread 0x000001a3a0c09a20  292       3       java.lang.String::indexOf (113 bytes)
Event: 0.095 Thread 0x000001a3a0c09a20 nmethod 292 0x000001a387d28110 code [0x000001a387d28340, 0x000001a387d28968]
Event: 0.095 Thread 0x000001a3a0c09a20  294       3       java.net.URLStreamHandler::setURL (73 bytes)
Event: 0.095 Thread 0x000001a3a0c09a20 nmethod 294 0x000001a387d28b10 code [0x000001a387d28de0, 0x000001a387d29c18]
Event: 0.095 Thread 0x000001a3a0c09a20  295   !   3       java.net.URL::set (114 bytes)
Event: 0.096 Thread 0x000001a3a0c06b90 nmethod 288 0x000001a38f216190 code [0x000001a38f216320, 0x000001a38f2167e8]
Event: 0.096 Thread 0x000001a3a0c09a20 nmethod 295 0x000001a387d2a110 code [0x000001a387d2a360, 0x000001a387d2ae58]
Event: 0.096 Thread 0x000001a3a0c09a20  296       3       sun.net.www.protocol.file.Handler::parseURL (18 bytes)
Event: 0.096 Thread 0x000001a3a0c09a20 nmethod 296 0x000001a387d2b210 code [0x000001a387d2b3c0, 0x000001a387d2b578]
Event: 0.096 Thread 0x000001a3a0c09a20  297       3       java.net.URLStreamHandler::parseURL (1201 bytes)

GC Heap History (0 events):
No events

Deoptimization events (14 events):
Event: 0.060 Thread 0x000001a3fde7ca90 Uncommon trap: trap_request=0xffffff45 fr.pc=0x000001a38f20cf80 relative=0x0000000000000080
Event: 0.060 Thread 0x000001a3fde7ca90 Uncommon trap: reason=unstable_if action=reinterpret pc=0x000001a38f20cf80 method=java.lang.String.isLatin1()Z @ 10 c2
Event: 0.060 Thread 0x000001a3fde7ca90 DEOPT PACKING pc=0x000001a38f20cf80 sp=0x000000865e4fec10
Event: 0.060 Thread 0x000001a3fde7ca90 DEOPT UNPACKING pc=0x000001a3877823a3 sp=0x000000865e4feb50 mode 2
Event: 0.072 Thread 0x000001a3fde7ca90 DEOPT PACKING pc=0x000001a387cf4f67 sp=0x000000865e4ea950
Event: 0.072 Thread 0x000001a3fde7ca90 DEOPT UNPACKING pc=0x000001a387782b43 sp=0x000000865e4e9d70 mode 0
Event: 0.087 Thread 0x000001a3fde7ca90 DEOPT PACKING pc=0x000001a387d08665 sp=0x000000865e4fbc80
Event: 0.087 Thread 0x000001a3fde7ca90 DEOPT UNPACKING pc=0x000001a387782b43 sp=0x000000865e4fb0f8 mode 0
Event: 0.090 Thread 0x000001a3fde7ca90 DEOPT PACKING pc=0x000001a387d08665 sp=0x000000865e4fc510
Event: 0.090 Thread 0x000001a3fde7ca90 DEOPT UNPACKING pc=0x000001a387782b43 sp=0x000000865e4fb960 mode 0
Event: 0.091 Thread 0x000001a3fde7ca90 DEOPT PACKING pc=0x000001a387d08665 sp=0x000000865e4fbfe0
Event: 0.091 Thread 0x000001a3fde7ca90 DEOPT UNPACKING pc=0x000001a387782b43 sp=0x000000865e4fb458 mode 0
Event: 0.093 Thread 0x000001a3fde7ca90 DEOPT PACKING pc=0x000001a387d08665 sp=0x000000865e4fdaf0
Event: 0.093 Thread 0x000001a3fde7ca90 DEOPT UNPACKING pc=0x000001a387782b43 sp=0x000000865e4fcf68 mode 0

Classes unloaded (0 events):
No events

Classes redefined (0 events):
No events

Internal exceptions (6 events):
Event: 0.061 Thread 0x000001a3a19ce580 Exception <a 'java/lang/NoSuchMethodError'{0x0000000710675648}: 'java.lang.Object java.lang.invoke.DirectMethodHandle$Holder.invokeStaticInit(java.lang.Object)'> (0x0000000710675648) 
thrown [t:\workspace\open\src\hotspot\share\interpreter\linkResolver.cpp, line 766]
Event: 0.065 Thread 0x000001a3a19ce580 Exception <a 'java/lang/NoSuchMethodError'{0x0000000710683308}: 'void java.lang.invoke.DirectMethodHandle$Holder.invokeStatic(java.lang.Object, java.lang.Object)'> (0x0000000710683308) 
thrown [t:\workspace\open\src\hotspot\share\interpreter\linkResolver.cpp, line 766]
Event: 0.076 Thread 0x000001a3fde7ca90 Exception <a 'sun/nio/fs/WindowsException'{0x00000007107d3548}> (0x00000007107d3548) 
thrown [t:\workspace\open\src\hotspot\share\prims\jni.cpp, line 516]
Event: 0.077 Thread 0x000001a3fde7ca90 Exception <a 'java/lang/NoSuchMethodError'{0x00000007107d7008}: 'void java.lang.invoke.DirectMethodHandle$Holder.invokeVirtual(java.lang.Object, java.lang.Object)'> (0x00000007107d7008) 
thrown [t:\workspace\open\src\hotspot\share\interpreter\linkResolver.cpp, line 766]
Event: 0.078 Thread 0x000001a3fde7ca90 Exception <a 'java/lang/NoSuchMethodError'{0x00000007107dfc38}: 'void java.lang.invoke.DirectMethodHandle$Holder.invokeStatic(java.lang.Object, java.lang.Object, java.lang.Object)'> (0x00000007107dfc38) 
thrown [t:\workspace\open\src\hotspot\share\interpreter\linkResolver.cpp, line 766]
Event: 0.078 Thread 0x000001a3fde7ca90 Exception <a 'java/lang/NoSuchMethodError'{0x00000007107e33e0}: 'void java.lang.invoke.DirectMethodHandle$Holder.invokeStaticInit(java.lang.Object, java.lang.Object, java.lang.Object)'> (0x00000007107e33e0) 
thrown [t:\workspace\open\src\hotspot\share\interpreter\linkResolver.cpp, line 766]

VM Operations (4 events):
Event: 0.035 Executing VM operation: HandshakeAllThreads
Event: 0.035 Executing VM operation: HandshakeAllThreads done
Event: 0.061 Executing VM operation: HandshakeAllThreads
Event: 0.061 Executing VM operation: HandshakeAllThreads done

Events (20 events):
Event: 0.082 Loaded shared library C:\Users\Family\Desktop\IDEA Projects\cloned\Kotlin-Vulkan-Bindings\natives\windows\file_utils.dll
Event: 0.083 Loaded shared library C:\Users\Family\Desktop\IDEA Projects\cloned\Kotlin-Vulkan-Bindings\natives\windows\image_reading.dll
Event: 0.084 Loaded shared library C:\Users\Family\Desktop\IDEA Projects\cloned\Kotlin-Vulkan-Bindings\natives\windows\vk_commands.dll
Event: 0.085 Loaded shared library C:\Users\Family\Desktop\IDEA Projects\cloned\Kotlin-Vulkan-Bindings\natives\windows\winapi.dll
Event: 0.097 loading class java/lang/IllegalAccessException
Event: 0.097 loading class java/lang/IllegalAccessException done
Event: 0.098 loading class java/lang/ThreadLocal$SuppliedThreadLocal
Event: 0.098 loading class java/lang/ThreadLocal$SuppliedThreadLocal done
Event: 0.099 loading class sun/nio/cs/UTF_16LE$Encoder
Event: 0.099 loading class sun/nio/cs/UnicodeEncoder
Event: 0.099 loading class sun/nio/cs/UnicodeEncoder done
Event: 0.099 loading class sun/nio/cs/UTF_16LE$Encoder done
Event: 0.099 loading class sun/nio/cs/UTF_16LE$Decoder
Event: 0.099 loading class sun/nio/cs/UnicodeDecoder
Event: 0.099 loading class sun/nio/cs/UnicodeDecoder done
Event: 0.099 loading class sun/nio/cs/UTF_16LE$Decoder done
Event: 0.099 loading class sun/nio/cs/Surrogate$Parser
Event: 0.099 loading class sun/nio/cs/Surrogate$Parser done
Event: 0.099 loading class sun/nio/cs/Surrogate
Event: 0.099 loading class sun/nio/cs/Surrogate done


Dynamic libraries:
0x00007ff7d7190000 - 0x00007ff7d71a0000 	C:\Program Files\Java\jdk-17\bin\java.exe
0x00007ffb576a0000 - 0x00007ffb57890000 	C:\WINDOWS\SYSTEM32\ntdll.dll
0x00007ffb568c0000 - 0x00007ffb56972000 	C:\WINDOWS\System32\KERNEL32.DLL
0x00007ffb54730000 - 0x00007ffb549d3000 	C:\WINDOWS\System32\KERNELBASE.dll
0x00007ffb54630000 - 0x00007ffb5472a000 	C:\WINDOWS\System32\ucrtbase.dll
0x00007ffb2a1f0000 - 0x00007ffb2a208000 	C:\Program Files\Java\jdk-17\bin\jli.dll
0x00007ffb2aaa0000 - 0x00007ffb2aaba000 	C:\Program Files\Java\jdk-17\bin\VCRUNTIME140.dll
0x00007ffb57420000 - 0x00007ffb574c3000 	C:\WINDOWS\System32\ADVAPI32.dll
0x00007ffb564b0000 - 0x00007ffb5654e000 	C:\WINDOWS\System32\msvcrt.dll
0x00007ffb55750000 - 0x00007ffb557e7000 	C:\WINDOWS\System32\sechost.dll
0x00007ffb56360000 - 0x00007ffb56480000 	C:\WINDOWS\System32\RPCRT4.dll
0x00007ffb56ef0000 - 0x00007ffb57084000 	C:\WINDOWS\System32\USER32.dll
0x00007ffb549e0000 - 0x00007ffb54a01000 	C:\WINDOWS\System32\win32u.dll
0x00007ffb45fe0000 - 0x00007ffb46265000 	C:\WINDOWS\WinSxS\amd64_microsoft.windows.common-controls_6595b64144ccf1df_6.0.18362.657_none_e6c5b579130e3898\COMCTL32.dll
0x00007ffb56550000 - 0x00007ffb56576000 	C:\WINDOWS\System32\GDI32.dll
0x00007ffb56580000 - 0x00007ffb568b6000 	C:\WINDOWS\System32\combase.dll
0x00007ffb54d40000 - 0x00007ffb54ed4000 	C:\WINDOWS\System32\gdi32full.dll
0x00007ffb54c40000 - 0x00007ffb54cc0000 	C:\WINDOWS\System32\bcryptPrimitives.dll
0x00007ffb54f30000 - 0x00007ffb54fce000 	C:\WINDOWS\System32\msvcp_win.dll
0x00007ffb4f400000 - 0x00007ffb4f40a000 	C:\WINDOWS\SYSTEM32\VERSION.dll
0x00007ffb56480000 - 0x00007ffb564ae000 	C:\WINDOWS\System32\IMM32.DLL
0x00007ffb38f00000 - 0x00007ffb38f0c000 	C:\Program Files\Java\jdk-17\bin\vcruntime140_1.dll
0x00007ffb251f0000 - 0x00007ffb2527d000 	C:\Program Files\Java\jdk-17\bin\msvcp140.dll
0x00007ffb05500000 - 0x00007ffb060be000 	C:\Program Files\Java\jdk-17\bin\server\jvm.dll
0x00007ffb56ed0000 - 0x00007ffb56ed8000 	C:\WINDOWS\System32\PSAPI.DLL
0x00007ffb50ea0000 - 0x00007ffb50ec4000 	C:\WINDOWS\SYSTEM32\WINMM.dll
0x00007ffb44ac0000 - 0x00007ffb44ac9000 	C:\WINDOWS\SYSTEM32\WSOCK32.dll
0x00007ffb56130000 - 0x00007ffb5619f000 	C:\WINDOWS\System32\WS2_32.dll
0x00007ffb50e70000 - 0x00007ffb50e9d000 	C:\WINDOWS\SYSTEM32\WINMMBASE.dll
0x00007ffb54ee0000 - 0x00007ffb54f2a000 	C:\WINDOWS\System32\cfgmgr32.dll
0x00007ffb54580000 - 0x00007ffb54591000 	C:\WINDOWS\System32\kernel.appcore.dll
0x00007ffb38400000 - 0x00007ffb3840a000 	C:\Program Files\Java\jdk-17\bin\jimage.dll
0x00007ffb446a0000 - 0x00007ffb44894000 	C:\WINDOWS\SYSTEM32\DBGHELP.DLL
0x00007ffb3db30000 - 0x00007ffb3db5a000 	C:\WINDOWS\SYSTEM32\dbgcore.DLL
0x00007ffb44df0000 - 0x00007ffb44dfe000 	C:\Program Files\Java\jdk-17\bin\instrument.dll
0x00007ffb29a00000 - 0x00007ffb29a25000 	C:\Program Files\Java\jdk-17\bin\java.dll
0x00007ffb24c70000 - 0x00007ffb24d46000 	C:\Program Files\Java\jdk-17\bin\svml.dll
0x00007ffb55a20000 - 0x00007ffb56105000 	C:\WINDOWS\System32\SHELL32.dll
0x00007ffb57140000 - 0x00007ffb571e9000 	C:\WINDOWS\System32\shcore.dll
0x00007ffb54fd0000 - 0x00007ffb5574f000 	C:\WINDOWS\System32\windows.storage.dll
0x00007ffb545a0000 - 0x00007ffb545bf000 	C:\WINDOWS\System32\profapi.dll
0x00007ffb545e0000 - 0x00007ffb5462a000 	C:\WINDOWS\System32\powrprof.dll
0x00007ffb54570000 - 0x00007ffb54580000 	C:\WINDOWS\System32\UMPDC.dll
0x00007ffb56980000 - 0x00007ffb569d2000 	C:\WINDOWS\System32\shlwapi.dll
0x00007ffb54d20000 - 0x00007ffb54d37000 	C:\WINDOWS\System32\cryptsp.dll
0x00007ffb26e30000 - 0x00007ffb26e48000 	C:\Program Files\Java\jdk-17\bin\zip.dll
0x00007ffb273d0000 - 0x00007ffb273e9000 	C:\Program Files\Java\jdk-17\bin\net.dll
0x00007ffb462c0000 - 0x00007ffb463b0000 	C:\WINDOWS\SYSTEM32\WINHTTP.dll
0x00007ffb53de0000 - 0x00007ffb53e47000 	C:\WINDOWS\system32\mswsock.dll
0x00007ffb26e50000 - 0x00007ffb26e65000 	C:\Program Files\Java\jdk-17\bin\nio.dll
0x00007ffb44be0000 - 0x00007ffb44bfa000 	C:\Users\Family\AppData\Local\JetBrains\Toolbox\apps\IDEA-C\ch-0\213.6777.52\bin\breakgen64.dll
0x00000000707c0000 - 0x00000000707d4000 	C:\Users\Family\Desktop\IDEA Projects\cloned\Kotlin-Vulkan-Bindings\natives\windows\debug_utils.dll
0x000000006dd00000 - 0x000000006dd14000 	C:\Users\Family\Desktop\IDEA Projects\cloned\Kotlin-Vulkan-Bindings\natives\windows\file_utils.dll
0x0000000064940000 - 0x0000000064955000 	C:\Program Files\mingw-w64\x86_64-8.1.0-posix-seh-rt_v6-rev0\mingw64\bin\libwinpthread-1.dll
0x0000000061840000 - 0x000000006186f000 	C:\Users\Family\Desktop\IDEA Projects\cloned\Kotlin-Vulkan-Bindings\natives\windows\image_reading.dll
0x0000000061440000 - 0x000000006145a000 	C:\Program Files\mingw-w64\x86_64-8.1.0-posix-seh-rt_v6-rev0\mingw64\bin\libgcc_s_seh-1.dll
0x000000006acc0000 - 0x000000006acdb000 	C:\Users\Family\Desktop\IDEA Projects\cloned\Kotlin-Vulkan-Bindings\natives\windows\vk_commands.dll
0x00000000625c0000 - 0x00000000625d5000 	C:\Users\Family\Desktop\IDEA Projects\cloned\Kotlin-Vulkan-Bindings\natives\windows\winapi.dll
0x00007ffb528d0000 - 0x00007ffb52969000 	C:\WINDOWS\system32\uxtheme.dll
0x00007ffb561a0000 - 0x00007ffb562d5000 	C:\WINDOWS\System32\MSCTF.dll
0x00007ffb57530000 - 0x00007ffb575f4000 	C:\WINDOWS\System32\OLEAUT32.dll

dbghelp: loaded successfully - version: 4.0.5 - missing functions: none
symbol engine: initialized successfully - sym options: 0x614 - pdb path: .;C:\Program Files\Java\jdk-17\bin;C:\WINDOWS\SYSTEM32;C:\WINDOWS\WinSxS\amd64_microsoft.windows.common-controls_6595b64144ccf1df_6.0.18362.657_none_e6c5b579130e3898;C:\Program Files\Java\jdk-17\bin\server;C:\Users\Family\AppData\Local\JetBrains\Toolbox\apps\IDEA-C\ch-0\213.6777.52\bin;C:\Users\Family\Desktop\IDEA Projects\cloned\Kotlin-Vulkan-Bindings\natives\windows;C:\Program Files\mingw-w64\x86_64-8.1.0-posix-seh-rt_v6-rev0\mingw64\bin

VM Arguments:
jvm_args: -javaagent:C:\Users\Family\AppData\Local\JetBrains\Toolbox\apps\IDEA-C\ch-0\213.6777.52\lib\idea_rt.jar=53662:C:\Users\Family\AppData\Local\JetBrains\Toolbox\apps\IDEA-C\ch-0\213.6777.52\bin -Dfile.encoding=UTF-8 
java_command: kvb.engine.EngineMainKt
java_class_path (initial): C:\Users\Family\Desktop\IDEA Projects\cloned\Kotlin-Vulkan-Bindings\module-app\build\classes\kotlin\main;C:\Users\Family\Desktop\IDEA Projects\cloned\Kotlin-Vulkan-Bindings\module-core\build\classes\kotlin\main;C:\Users\Family\Desktop\IDEA Projects\cloned\Kotlin-Vulkan-Bindings\module-vulkan\build\classes\kotlin\main;C:\Users\Family\Desktop\IDEA Projects\cloned\Kotlin-Vulkan-Bindings\module-vkwrapper\build\classes\kotlin\main;C:\Users\Family\Desktop\IDEA Projects\cloned\Kotlin-Vulkan-Bindings\module-window\build\classes\kotlin\main;C:\Users\Family\.gradle\caches\modules-2\files-2.1\org.jetbrains.kotlin\kotlin-stdlib-jdk8\1.6.10\e80fe6ac3c3573a80305f5ec43f86b829e8ab53d\kotlin-stdlib-jdk8-1.6.10.jar;C:\Users\Family\.gradle\caches\modules-2\files-2.1\org.jetbrains.kotlin\kotlin-stdlib-jdk7\1.6.10\e1c380673654a089c4f0c9f83d0ddfdc1efdb498\kotlin-stdlib-jdk7-1.6.10.jar;C:\Users\Family\.gradle\caches\modules-2\files-2.1\org.jetbrains.kotlin\kotlin-stdlib\1.6.10\b8af3fe6f1ca88526914929add63cf5e7c5049af\kotlin-stdlib-1.6.10.jar;C:\Users\Family\.gradle\caches\modules-2\files-2.1\org.jetbrains\annotations\13.0\919f0dfe192fb4e063e7dacadee7f8bb9a2672a9\annotations-13.0.jar;C:\Users\Family\.gradle\caches\modules-2\files-2.1\org.jetbrains.kotlin\kotlin-stdlib-common\1.6.10\c118700e3a33c8a0d9adc920e9dec0831171925\kotlin-stdlib-common-1.6.10.jar
Launcher Type: SUN_STANDARD

[Global flags]
     intx CICompilerCount                          = 4                                         {product} {ergonomic}
     uint ConcGCThreads                            = 2                                         {product} {ergonomic}
     uint G1ConcRefinementThreads                  = 8                                         {product} {ergonomic}
   size_t G1HeapRegionSize                         = 2097152                                   {product} {ergonomic}
    uintx GCDrainStackTargetSize                   = 64                                        {product} {ergonomic}
   size_t InitialHeapSize                          = 268435456                                 {product} {ergonomic}
   size_t MarkStackSize                            = 4194304                                   {product} {ergonomic}
   size_t MaxHeapSize                              = 4284481536                                {product} {ergonomic}
   size_t MaxNewSize                               = 2569011200                                {product} {ergonomic}
   size_t MinHeapDeltaBytes                        = 2097152                                   {product} {ergonomic}
   size_t MinHeapSize                              = 8388608                                   {product} {ergonomic}
    uintx NonNMethodCodeHeapSize                   = 5839372                                {pd product} {ergonomic}
    uintx NonProfiledCodeHeapSize                  = 122909434                              {pd product} {ergonomic}
    uintx ProfiledCodeHeapSize                     = 122909434                              {pd product} {ergonomic}
    uintx ReservedCodeCacheSize                    = 251658240                              {pd product} {ergonomic}
     bool SegmentedCodeCache                       = true                                      {product} {ergonomic}
   size_t SoftMaxHeapSize                          = 4284481536                             {manageable} {ergonomic}
     bool UseCompressedClassPointers               = true                           {product lp64_product} {ergonomic}
     bool UseCompressedOops                        = true                           {product lp64_product} {ergonomic}
     bool UseG1GC                                  = true                                      {product} {ergonomic}
     bool UseLargePagesIndividualAllocation        = false                                  {pd product} {ergonomic}

Logging:
Log output configuration:
 #0: stdout all=warning uptime,level,tags
 #1: stderr all=off uptime,level,tags

Environment Variables:
JAVA_HOME=C:\Program Files\Java\jdk-17
PATH=C:\VulkanSDK\1.3.204.0\Bin;C:\Program Files\Alacritty\;C:\Program Files (x86)\Razer\ChromaBroadcast\bin;C:\Program Files\Razer\ChromaBroadcast\bin;C:\Program Files\Java\jdk-17\bin;C:\Program Files (x86)\Intel\iCLS Client\;C:\Program Files\Intel\iCLS Client\;C:\Program Files (x86)\Razer Chroma SDK\bin;C:\Program Files\Razer Chroma SDK\bin;C:\Windows\system32;C:\Windows;C:\Windows\System32\Wbem;C:\Windows\System32\WindowsPowerShell\v1.0\;C:\Windows\system32\config\systemprofile\AppData\Local\Microsoft\WindowsApps;C:\Program Files (x86)\Intel\Intel(R) Management Engine Components\DAL;C:\Program Files\Intel\Intel(R) Management Engine Components\DAL;C:\Program Files (x86)\Intel\Intel(R) Management Engine Components\IPT;C:\Program Files\Intel\Intel(R) Management Engine Components\IPT;C:\Program Files\Common Files\Autodesk Shared\;C:\Program Files (x86)\Autodesk\Backburner\;C:\WINDOWS\system32;C:\WINDOWS;C:\WINDOWS\System32\Wbem;C:\WINDOWS\System32\WindowsPowerShell\v1.0\;C:\Program Files\Apache Software Foundation\apache-maven-3.5.0\bin;C:\Program Files\dotnet\;C:\Program Files (x86)\NVIDIA Corporation\PhysX\Common;C:\WINDOWS\System32\OpenSSH\;C:\Program Files\Dart\dart-sdk\bin;C:\Program Files\NVIDIA Corporation\NVIDIA NvDLISR;C:\Program Files\WorldPainter;C:\WINDOWS\system32;C:\WINDOWS;C:\WINDOWS\System32\Wbem;C:\WINDOWS\System32\WindowsPowerShell\v1.0\;C:\WINDOWS\System32\OpenSSH\;C:\WINDOWS\system32\config\systemprofile\AppData\Local\Microsoft\WindowsApps;C:\Program Files (x86)\Brackets\command;C:\Program Files\kotlinc\bin;C:\Program Files\NASM;C:\Program Files\PuTTY\;C:\Program Files\Git\cmd;C:\Program Files\CMake\cmake-3.21.1-windows-x86_64\bin;%GRADLE_USER_HOME%\bin;C:\Library\Developer\Toolchains\unknown-Asserts-development.xctoolchain\usr\bin;C:\Library\Swift-development\bin;C:\Library\icu-67\usr\bin;C:\Users\Family\.cargo\bin;C:\Users\Family\AppData\Local\Microsoft\WindowsApps;C:\Users\Family\AppData\Roaming\Dashlane\6.1907.0.17833\bin\Firefox_Extension\{44271
USERNAME=Family
OS=Windows_NT
PROCESSOR_IDENTIFIER=Intel64 Family 6 Model 158 Stepping 9, GenuineIntel



---------------  S Y S T E M  ---------------

OS:
 Windows 10 , 64 bit Build 18362 (10.0.18362.329)
OS uptime: 0 days 2:46 hours

CPU: total 8 (initial active 8) (4 cores per cpu, 2 threads per core) family 6 model 158 stepping 9 microcode 0x8e, cx8, cmov, fxsr, ht, mmx, 3dnowpref, sse, sse2, sse3, ssse3, sse4.1, sse4.2, popcnt, lzcnt, tsc, tscinvbit, avx, avx2, aes, erms, clmul, bmi1, bmi2, rtm, adx, fma, vzeroupper, clflush, clflushopt

Memory: 4k page, system-wide physical 16341M (7902M free)
TotalPageFile size 18773M (AvailPageFile size 6019M)
current process WorkingSet (physical memory assigned to process): 42M, peak: 42M
current process commit charge ("private bytes"): 350M, peak: 350M

vm_info: Java HotSpot(TM) 64-Bit Server VM (17+35-LTS-2724) for windows-amd64 JRE (17+35-LTS-2724), built on Aug  5 2021 23:28:28 by "mach5one" with MS VC++ 16.8 (VS2019)

END.
